[2025-04-06T07:27:56.111+0000] {processor.py:186} INFO - Started process (PID=71) to work on /home/airflow/.local/lib/python3.12/site-packages/airflow/example_dags/example_dataset_alias.py
[2025-04-06T07:27:56.111+0000] {processor.py:914} INFO - Processing file /home/airflow/.local/lib/python3.12/site-packages/airflow/example_dags/example_dataset_alias.py for tasks to queue
[2025-04-06T07:27:56.112+0000] {logging_mixin.py:190} INFO - [2025-04-06T07:27:56.112+0000] {dagbag.py:588} INFO - Filling up the DagBag from /home/airflow/.local/lib/python3.12/site-packages/airflow/example_dags/example_dataset_alias.py
[2025-04-06T07:27:56.497+0000] {processor.py:925} INFO - DAG(s) 'dataset_alias_example_alias_consumer', 'dataset_s3_bucket_consumer', 'dataset_alias_example_alias_producer', 'dataset_s3_bucket_producer' retrieved from /home/airflow/.local/lib/python3.12/site-packages/airflow/example_dags/example_dataset_alias.py
[2025-04-06T07:27:56.551+0000] {logging_mixin.py:190} INFO - [2025-04-06T07:27:56.551+0000] {override.py:1912} INFO - Created Permission View: can delete on DAG:dataset_alias_example_alias_consumer
[2025-04-06T07:27:56.557+0000] {logging_mixin.py:190} INFO - [2025-04-06T07:27:56.556+0000] {override.py:1912} INFO - Created Permission View: can read on DAG:dataset_alias_example_alias_consumer
[2025-04-06T07:27:56.561+0000] {logging_mixin.py:190} INFO - [2025-04-06T07:27:56.560+0000] {override.py:1912} INFO - Created Permission View: can edit on DAG:dataset_alias_example_alias_consumer
[2025-04-06T07:27:56.565+0000] {logging_mixin.py:190} INFO - [2025-04-06T07:27:56.565+0000] {override.py:1912} INFO - Created Permission View: can delete on DAG Run:dataset_alias_example_alias_consumer
[2025-04-06T07:27:56.570+0000] {logging_mixin.py:190} INFO - [2025-04-06T07:27:56.569+0000] {override.py:1912} INFO - Created Permission View: can read on DAG Run:dataset_alias_example_alias_consumer
[2025-04-06T07:27:56.576+0000] {logging_mixin.py:190} INFO - [2025-04-06T07:27:56.576+0000] {override.py:1912} INFO - Created Permission View: can create on DAG Run:dataset_alias_example_alias_consumer
[2025-04-06T07:27:56.580+0000] {logging_mixin.py:190} INFO - [2025-04-06T07:27:56.579+0000] {override.py:1912} INFO - Created Permission View: menu access on DAG Run:dataset_alias_example_alias_consumer
[2025-04-06T07:27:56.587+0000] {logging_mixin.py:190} INFO - [2025-04-06T07:27:56.587+0000] {override.py:1912} INFO - Created Permission View: can delete on DAG:dataset_s3_bucket_consumer
[2025-04-06T07:27:56.591+0000] {logging_mixin.py:190} INFO - [2025-04-06T07:27:56.591+0000] {override.py:1912} INFO - Created Permission View: can read on DAG:dataset_s3_bucket_consumer
[2025-04-06T07:27:56.594+0000] {logging_mixin.py:190} INFO - [2025-04-06T07:27:56.594+0000] {override.py:1912} INFO - Created Permission View: can edit on DAG:dataset_s3_bucket_consumer
[2025-04-06T07:27:56.600+0000] {logging_mixin.py:190} INFO - [2025-04-06T07:27:56.600+0000] {override.py:1912} INFO - Created Permission View: can delete on DAG Run:dataset_s3_bucket_consumer
[2025-04-06T07:27:56.604+0000] {logging_mixin.py:190} INFO - [2025-04-06T07:27:56.604+0000] {override.py:1912} INFO - Created Permission View: can read on DAG Run:dataset_s3_bucket_consumer
[2025-04-06T07:27:56.608+0000] {logging_mixin.py:190} INFO - [2025-04-06T07:27:56.607+0000] {override.py:1912} INFO - Created Permission View: can create on DAG Run:dataset_s3_bucket_consumer
[2025-04-06T07:27:56.612+0000] {logging_mixin.py:190} INFO - [2025-04-06T07:27:56.612+0000] {override.py:1912} INFO - Created Permission View: menu access on DAG Run:dataset_s3_bucket_consumer
[2025-04-06T07:27:56.620+0000] {logging_mixin.py:190} INFO - [2025-04-06T07:27:56.620+0000] {override.py:1912} INFO - Created Permission View: can delete on DAG:dataset_alias_example_alias_producer
[2025-04-06T07:27:56.623+0000] {logging_mixin.py:190} INFO - [2025-04-06T07:27:56.623+0000] {override.py:1912} INFO - Created Permission View: can read on DAG:dataset_alias_example_alias_producer
[2025-04-06T07:27:56.627+0000] {logging_mixin.py:190} INFO - [2025-04-06T07:27:56.627+0000] {override.py:1912} INFO - Created Permission View: can edit on DAG:dataset_alias_example_alias_producer
[2025-04-06T07:27:56.632+0000] {logging_mixin.py:190} INFO - [2025-04-06T07:27:56.632+0000] {override.py:1912} INFO - Created Permission View: can delete on DAG Run:dataset_alias_example_alias_producer
[2025-04-06T07:27:56.635+0000] {logging_mixin.py:190} INFO - [2025-04-06T07:27:56.635+0000] {override.py:1912} INFO - Created Permission View: can read on DAG Run:dataset_alias_example_alias_producer
[2025-04-06T07:27:56.639+0000] {logging_mixin.py:190} INFO - [2025-04-06T07:27:56.639+0000] {override.py:1912} INFO - Created Permission View: can create on DAG Run:dataset_alias_example_alias_producer
[2025-04-06T07:27:56.643+0000] {logging_mixin.py:190} INFO - [2025-04-06T07:27:56.643+0000] {override.py:1912} INFO - Created Permission View: menu access on DAG Run:dataset_alias_example_alias_producer
[2025-04-06T07:27:56.650+0000] {logging_mixin.py:190} INFO - [2025-04-06T07:27:56.650+0000] {override.py:1912} INFO - Created Permission View: can delete on DAG:dataset_s3_bucket_producer
[2025-04-06T07:27:56.654+0000] {logging_mixin.py:190} INFO - [2025-04-06T07:27:56.654+0000] {override.py:1912} INFO - Created Permission View: can read on DAG:dataset_s3_bucket_producer
[2025-04-06T07:27:56.658+0000] {logging_mixin.py:190} INFO - [2025-04-06T07:27:56.658+0000] {override.py:1912} INFO - Created Permission View: can edit on DAG:dataset_s3_bucket_producer
[2025-04-06T07:27:56.662+0000] {logging_mixin.py:190} INFO - [2025-04-06T07:27:56.662+0000] {override.py:1912} INFO - Created Permission View: can delete on DAG Run:dataset_s3_bucket_producer
[2025-04-06T07:27:56.667+0000] {logging_mixin.py:190} INFO - [2025-04-06T07:27:56.667+0000] {override.py:1912} INFO - Created Permission View: can read on DAG Run:dataset_s3_bucket_producer
[2025-04-06T07:27:56.671+0000] {logging_mixin.py:190} INFO - [2025-04-06T07:27:56.671+0000] {override.py:1912} INFO - Created Permission View: can create on DAG Run:dataset_s3_bucket_producer
[2025-04-06T07:27:56.675+0000] {logging_mixin.py:190} INFO - [2025-04-06T07:27:56.675+0000] {override.py:1912} INFO - Created Permission View: menu access on DAG Run:dataset_s3_bucket_producer
[2025-04-06T07:27:56.676+0000] {logging_mixin.py:190} INFO - [2025-04-06T07:27:56.676+0000] {dag.py:3239} INFO - Sync 4 DAGs
[2025-04-06T07:27:56.683+0000] {logging_mixin.py:190} INFO - [2025-04-06T07:27:56.682+0000] {dag.py:3262} INFO - Creating ORM DAG for dataset_s3_bucket_producer
[2025-04-06T07:27:56.683+0000] {logging_mixin.py:190} INFO - [2025-04-06T07:27:56.683+0000] {dag.py:3262} INFO - Creating ORM DAG for dataset_alias_example_alias_producer
[2025-04-06T07:27:56.683+0000] {logging_mixin.py:190} INFO - [2025-04-06T07:27:56.683+0000] {dag.py:3262} INFO - Creating ORM DAG for dataset_s3_bucket_consumer
[2025-04-06T07:27:56.684+0000] {logging_mixin.py:190} INFO - [2025-04-06T07:27:56.683+0000] {dag.py:3262} INFO - Creating ORM DAG for dataset_alias_example_alias_consumer
[2025-04-06T07:27:56.689+0000] {logging_mixin.py:190} INFO - [2025-04-06T07:27:56.689+0000] {dag.py:4180} INFO - Setting next_dagrun for dataset_alias_example_alias_consumer to None, run_after=None
[2025-04-06T07:27:56.689+0000] {logging_mixin.py:190} INFO - [2025-04-06T07:27:56.689+0000] {dag.py:4180} INFO - Setting next_dagrun for dataset_alias_example_alias_producer to None, run_after=None
[2025-04-06T07:27:56.690+0000] {logging_mixin.py:190} INFO - [2025-04-06T07:27:56.690+0000] {dag.py:4180} INFO - Setting next_dagrun for dataset_s3_bucket_consumer to None, run_after=None
[2025-04-06T07:27:56.690+0000] {logging_mixin.py:190} INFO - [2025-04-06T07:27:56.690+0000] {dag.py:4180} INFO - Setting next_dagrun for dataset_s3_bucket_producer to None, run_after=None
[2025-04-06T07:27:56.704+0000] {processor.py:208} INFO - Processing /home/airflow/.local/lib/python3.12/site-packages/airflow/example_dags/example_dataset_alias.py took 0.596 seconds
[2025-04-06T07:28:26.997+0000] {processor.py:186} INFO - Started process (PID=140) to work on /home/airflow/.local/lib/python3.12/site-packages/airflow/example_dags/example_dataset_alias.py
[2025-04-06T07:28:26.998+0000] {processor.py:914} INFO - Processing file /home/airflow/.local/lib/python3.12/site-packages/airflow/example_dags/example_dataset_alias.py for tasks to queue
[2025-04-06T07:28:26.999+0000] {logging_mixin.py:190} INFO - [2025-04-06T07:28:26.999+0000] {dagbag.py:588} INFO - Filling up the DagBag from /home/airflow/.local/lib/python3.12/site-packages/airflow/example_dags/example_dataset_alias.py
[2025-04-06T07:28:27.376+0000] {processor.py:925} INFO - DAG(s) 'dataset_s3_bucket_consumer', 'dataset_alias_example_alias_consumer', 'dataset_alias_example_alias_producer', 'dataset_s3_bucket_producer' retrieved from /home/airflow/.local/lib/python3.12/site-packages/airflow/example_dags/example_dataset_alias.py
[2025-04-06T07:28:27.386+0000] {logging_mixin.py:190} INFO - [2025-04-06T07:28:27.386+0000] {dag.py:3239} INFO - Sync 4 DAGs
[2025-04-06T07:28:27.397+0000] {logging_mixin.py:190} INFO - [2025-04-06T07:28:27.397+0000] {dag.py:4180} INFO - Setting next_dagrun for dataset_alias_example_alias_consumer to None, run_after=None
[2025-04-06T07:28:27.399+0000] {logging_mixin.py:190} INFO - [2025-04-06T07:28:27.399+0000] {dag.py:4180} INFO - Setting next_dagrun for dataset_alias_example_alias_producer to None, run_after=None
[2025-04-06T07:28:27.400+0000] {logging_mixin.py:190} INFO - [2025-04-06T07:28:27.400+0000] {dag.py:4180} INFO - Setting next_dagrun for dataset_s3_bucket_consumer to None, run_after=None
[2025-04-06T07:28:27.400+0000] {logging_mixin.py:190} INFO - [2025-04-06T07:28:27.400+0000] {dag.py:4180} INFO - Setting next_dagrun for dataset_s3_bucket_producer to None, run_after=None
[2025-04-06T07:28:27.412+0000] {processor.py:208} INFO - Processing /home/airflow/.local/lib/python3.12/site-packages/airflow/example_dags/example_dataset_alias.py took 0.418 seconds
[2025-04-06T07:28:58.284+0000] {processor.py:186} INFO - Started process (PID=203) to work on /home/airflow/.local/lib/python3.12/site-packages/airflow/example_dags/example_dataset_alias.py
[2025-04-06T07:28:58.285+0000] {processor.py:914} INFO - Processing file /home/airflow/.local/lib/python3.12/site-packages/airflow/example_dags/example_dataset_alias.py for tasks to queue
[2025-04-06T07:28:58.287+0000] {logging_mixin.py:190} INFO - [2025-04-06T07:28:58.286+0000] {dagbag.py:588} INFO - Filling up the DagBag from /home/airflow/.local/lib/python3.12/site-packages/airflow/example_dags/example_dataset_alias.py
[2025-04-06T07:28:58.743+0000] {processor.py:925} INFO - DAG(s) 'dataset_s3_bucket_producer', 'dataset_s3_bucket_consumer', 'dataset_alias_example_alias_consumer', 'dataset_alias_example_alias_producer' retrieved from /home/airflow/.local/lib/python3.12/site-packages/airflow/example_dags/example_dataset_alias.py
[2025-04-06T07:28:58.755+0000] {logging_mixin.py:190} INFO - [2025-04-06T07:28:58.755+0000] {dag.py:3239} INFO - Sync 4 DAGs
[2025-04-06T07:28:58.767+0000] {logging_mixin.py:190} INFO - [2025-04-06T07:28:58.767+0000] {dag.py:4180} INFO - Setting next_dagrun for dataset_alias_example_alias_consumer to None, run_after=None
[2025-04-06T07:28:58.769+0000] {logging_mixin.py:190} INFO - [2025-04-06T07:28:58.769+0000] {dag.py:4180} INFO - Setting next_dagrun for dataset_alias_example_alias_producer to None, run_after=None
[2025-04-06T07:28:58.769+0000] {logging_mixin.py:190} INFO - [2025-04-06T07:28:58.769+0000] {dag.py:4180} INFO - Setting next_dagrun for dataset_s3_bucket_consumer to None, run_after=None
[2025-04-06T07:28:58.770+0000] {logging_mixin.py:190} INFO - [2025-04-06T07:28:58.770+0000] {dag.py:4180} INFO - Setting next_dagrun for dataset_s3_bucket_producer to None, run_after=None
[2025-04-06T07:28:58.787+0000] {processor.py:208} INFO - Processing /home/airflow/.local/lib/python3.12/site-packages/airflow/example_dags/example_dataset_alias.py took 0.506 seconds
[2025-04-06T07:29:29.722+0000] {processor.py:186} INFO - Started process (PID=266) to work on /home/airflow/.local/lib/python3.12/site-packages/airflow/example_dags/example_dataset_alias.py
[2025-04-06T07:29:29.724+0000] {processor.py:914} INFO - Processing file /home/airflow/.local/lib/python3.12/site-packages/airflow/example_dags/example_dataset_alias.py for tasks to queue
[2025-04-06T07:29:29.725+0000] {logging_mixin.py:190} INFO - [2025-04-06T07:29:29.725+0000] {dagbag.py:588} INFO - Filling up the DagBag from /home/airflow/.local/lib/python3.12/site-packages/airflow/example_dags/example_dataset_alias.py
[2025-04-06T07:29:30.094+0000] {processor.py:925} INFO - DAG(s) 'dataset_alias_example_alias_consumer', 'dataset_s3_bucket_producer', 'dataset_alias_example_alias_producer', 'dataset_s3_bucket_consumer' retrieved from /home/airflow/.local/lib/python3.12/site-packages/airflow/example_dags/example_dataset_alias.py
[2025-04-06T07:29:30.106+0000] {logging_mixin.py:190} INFO - [2025-04-06T07:29:30.106+0000] {dag.py:3239} INFO - Sync 4 DAGs
[2025-04-06T07:29:30.118+0000] {logging_mixin.py:190} INFO - [2025-04-06T07:29:30.118+0000] {dag.py:4180} INFO - Setting next_dagrun for dataset_alias_example_alias_consumer to None, run_after=None
[2025-04-06T07:29:30.119+0000] {logging_mixin.py:190} INFO - [2025-04-06T07:29:30.119+0000] {dag.py:4180} INFO - Setting next_dagrun for dataset_alias_example_alias_producer to None, run_after=None
[2025-04-06T07:29:30.120+0000] {logging_mixin.py:190} INFO - [2025-04-06T07:29:30.120+0000] {dag.py:4180} INFO - Setting next_dagrun for dataset_s3_bucket_consumer to None, run_after=None
[2025-04-06T07:29:30.120+0000] {logging_mixin.py:190} INFO - [2025-04-06T07:29:30.120+0000] {dag.py:4180} INFO - Setting next_dagrun for dataset_s3_bucket_producer to None, run_after=None
[2025-04-06T07:29:30.136+0000] {processor.py:208} INFO - Processing /home/airflow/.local/lib/python3.12/site-packages/airflow/example_dags/example_dataset_alias.py took 0.417 seconds
[2025-04-06T07:30:00.631+0000] {processor.py:186} INFO - Started process (PID=329) to work on /home/airflow/.local/lib/python3.12/site-packages/airflow/example_dags/example_dataset_alias.py
[2025-04-06T07:30:00.631+0000] {processor.py:914} INFO - Processing file /home/airflow/.local/lib/python3.12/site-packages/airflow/example_dags/example_dataset_alias.py for tasks to queue
[2025-04-06T07:30:00.632+0000] {logging_mixin.py:190} INFO - [2025-04-06T07:30:00.632+0000] {dagbag.py:588} INFO - Filling up the DagBag from /home/airflow/.local/lib/python3.12/site-packages/airflow/example_dags/example_dataset_alias.py
[2025-04-06T07:30:00.980+0000] {processor.py:925} INFO - DAG(s) 'dataset_alias_example_alias_producer', 'dataset_s3_bucket_consumer', 'dataset_alias_example_alias_consumer', 'dataset_s3_bucket_producer' retrieved from /home/airflow/.local/lib/python3.12/site-packages/airflow/example_dags/example_dataset_alias.py
[2025-04-06T07:30:00.992+0000] {logging_mixin.py:190} INFO - [2025-04-06T07:30:00.991+0000] {dag.py:3239} INFO - Sync 4 DAGs
[2025-04-06T07:30:01.003+0000] {logging_mixin.py:190} INFO - [2025-04-06T07:30:01.003+0000] {dag.py:4180} INFO - Setting next_dagrun for dataset_alias_example_alias_consumer to None, run_after=None
[2025-04-06T07:30:01.005+0000] {logging_mixin.py:190} INFO - [2025-04-06T07:30:01.004+0000] {dag.py:4180} INFO - Setting next_dagrun for dataset_alias_example_alias_producer to None, run_after=None
[2025-04-06T07:30:01.005+0000] {logging_mixin.py:190} INFO - [2025-04-06T07:30:01.005+0000] {dag.py:4180} INFO - Setting next_dagrun for dataset_s3_bucket_consumer to None, run_after=None
[2025-04-06T07:30:01.006+0000] {logging_mixin.py:190} INFO - [2025-04-06T07:30:01.006+0000] {dag.py:4180} INFO - Setting next_dagrun for dataset_s3_bucket_producer to None, run_after=None
[2025-04-06T07:30:01.018+0000] {processor.py:208} INFO - Processing /home/airflow/.local/lib/python3.12/site-packages/airflow/example_dags/example_dataset_alias.py took 0.390 seconds
[2025-04-06T07:30:31.221+0000] {processor.py:186} INFO - Started process (PID=392) to work on /home/airflow/.local/lib/python3.12/site-packages/airflow/example_dags/example_dataset_alias.py
[2025-04-06T07:30:31.223+0000] {processor.py:914} INFO - Processing file /home/airflow/.local/lib/python3.12/site-packages/airflow/example_dags/example_dataset_alias.py for tasks to queue
[2025-04-06T07:30:31.224+0000] {logging_mixin.py:190} INFO - [2025-04-06T07:30:31.224+0000] {dagbag.py:588} INFO - Filling up the DagBag from /home/airflow/.local/lib/python3.12/site-packages/airflow/example_dags/example_dataset_alias.py
[2025-04-06T07:30:31.555+0000] {processor.py:925} INFO - DAG(s) 'dataset_alias_example_alias_producer', 'dataset_alias_example_alias_consumer', 'dataset_s3_bucket_producer', 'dataset_s3_bucket_consumer' retrieved from /home/airflow/.local/lib/python3.12/site-packages/airflow/example_dags/example_dataset_alias.py
[2025-04-06T07:30:31.566+0000] {logging_mixin.py:190} INFO - [2025-04-06T07:30:31.566+0000] {dag.py:3239} INFO - Sync 4 DAGs
[2025-04-06T07:30:31.578+0000] {logging_mixin.py:190} INFO - [2025-04-06T07:30:31.578+0000] {dag.py:4180} INFO - Setting next_dagrun for dataset_alias_example_alias_consumer to None, run_after=None
[2025-04-06T07:30:31.580+0000] {logging_mixin.py:190} INFO - [2025-04-06T07:30:31.580+0000] {dag.py:4180} INFO - Setting next_dagrun for dataset_alias_example_alias_producer to None, run_after=None
[2025-04-06T07:30:31.581+0000] {logging_mixin.py:190} INFO - [2025-04-06T07:30:31.580+0000] {dag.py:4180} INFO - Setting next_dagrun for dataset_s3_bucket_consumer to None, run_after=None
[2025-04-06T07:30:31.581+0000] {logging_mixin.py:190} INFO - [2025-04-06T07:30:31.581+0000] {dag.py:4180} INFO - Setting next_dagrun for dataset_s3_bucket_producer to None, run_after=None
[2025-04-06T07:30:31.597+0000] {processor.py:208} INFO - Processing /home/airflow/.local/lib/python3.12/site-packages/airflow/example_dags/example_dataset_alias.py took 0.379 seconds
[2025-04-06T07:31:02.120+0000] {processor.py:186} INFO - Started process (PID=455) to work on /home/airflow/.local/lib/python3.12/site-packages/airflow/example_dags/example_dataset_alias.py
[2025-04-06T07:31:02.121+0000] {processor.py:914} INFO - Processing file /home/airflow/.local/lib/python3.12/site-packages/airflow/example_dags/example_dataset_alias.py for tasks to queue
[2025-04-06T07:31:02.122+0000] {logging_mixin.py:190} INFO - [2025-04-06T07:31:02.122+0000] {dagbag.py:588} INFO - Filling up the DagBag from /home/airflow/.local/lib/python3.12/site-packages/airflow/example_dags/example_dataset_alias.py
[2025-04-06T07:31:02.488+0000] {processor.py:925} INFO - DAG(s) 'dataset_alias_example_alias_producer', 'dataset_s3_bucket_producer', 'dataset_alias_example_alias_consumer', 'dataset_s3_bucket_consumer' retrieved from /home/airflow/.local/lib/python3.12/site-packages/airflow/example_dags/example_dataset_alias.py
[2025-04-06T07:31:02.499+0000] {logging_mixin.py:190} INFO - [2025-04-06T07:31:02.499+0000] {dag.py:3239} INFO - Sync 4 DAGs
[2025-04-06T07:31:02.511+0000] {logging_mixin.py:190} INFO - [2025-04-06T07:31:02.511+0000] {dag.py:4180} INFO - Setting next_dagrun for dataset_alias_example_alias_consumer to None, run_after=None
[2025-04-06T07:31:02.512+0000] {logging_mixin.py:190} INFO - [2025-04-06T07:31:02.512+0000] {dag.py:4180} INFO - Setting next_dagrun for dataset_alias_example_alias_producer to None, run_after=None
[2025-04-06T07:31:02.513+0000] {logging_mixin.py:190} INFO - [2025-04-06T07:31:02.513+0000] {dag.py:4180} INFO - Setting next_dagrun for dataset_s3_bucket_consumer to None, run_after=None
[2025-04-06T07:31:02.513+0000] {logging_mixin.py:190} INFO - [2025-04-06T07:31:02.513+0000] {dag.py:4180} INFO - Setting next_dagrun for dataset_s3_bucket_producer to None, run_after=None
[2025-04-06T07:31:02.525+0000] {processor.py:208} INFO - Processing /home/airflow/.local/lib/python3.12/site-packages/airflow/example_dags/example_dataset_alias.py took 0.408 seconds
[2025-04-06T07:31:32.917+0000] {processor.py:186} INFO - Started process (PID=518) to work on /home/airflow/.local/lib/python3.12/site-packages/airflow/example_dags/example_dataset_alias.py
[2025-04-06T07:31:32.918+0000] {processor.py:914} INFO - Processing file /home/airflow/.local/lib/python3.12/site-packages/airflow/example_dags/example_dataset_alias.py for tasks to queue
[2025-04-06T07:31:32.919+0000] {logging_mixin.py:190} INFO - [2025-04-06T07:31:32.919+0000] {dagbag.py:588} INFO - Filling up the DagBag from /home/airflow/.local/lib/python3.12/site-packages/airflow/example_dags/example_dataset_alias.py
[2025-04-06T07:31:33.256+0000] {processor.py:925} INFO - DAG(s) 'dataset_alias_example_alias_consumer', 'dataset_s3_bucket_producer', 'dataset_s3_bucket_consumer', 'dataset_alias_example_alias_producer' retrieved from /home/airflow/.local/lib/python3.12/site-packages/airflow/example_dags/example_dataset_alias.py
[2025-04-06T07:31:33.268+0000] {logging_mixin.py:190} INFO - [2025-04-06T07:31:33.268+0000] {dag.py:3239} INFO - Sync 4 DAGs
[2025-04-06T07:31:33.280+0000] {logging_mixin.py:190} INFO - [2025-04-06T07:31:33.280+0000] {dag.py:4180} INFO - Setting next_dagrun for dataset_alias_example_alias_consumer to None, run_after=None
[2025-04-06T07:31:33.282+0000] {logging_mixin.py:190} INFO - [2025-04-06T07:31:33.282+0000] {dag.py:4180} INFO - Setting next_dagrun for dataset_alias_example_alias_producer to None, run_after=None
[2025-04-06T07:31:33.283+0000] {logging_mixin.py:190} INFO - [2025-04-06T07:31:33.282+0000] {dag.py:4180} INFO - Setting next_dagrun for dataset_s3_bucket_consumer to None, run_after=None
[2025-04-06T07:31:33.283+0000] {logging_mixin.py:190} INFO - [2025-04-06T07:31:33.283+0000] {dag.py:4180} INFO - Setting next_dagrun for dataset_s3_bucket_producer to None, run_after=None
[2025-04-06T07:31:33.294+0000] {processor.py:208} INFO - Processing /home/airflow/.local/lib/python3.12/site-packages/airflow/example_dags/example_dataset_alias.py took 0.381 seconds
[2025-04-06T07:32:03.534+0000] {processor.py:186} INFO - Started process (PID=581) to work on /home/airflow/.local/lib/python3.12/site-packages/airflow/example_dags/example_dataset_alias.py
[2025-04-06T07:32:03.534+0000] {processor.py:914} INFO - Processing file /home/airflow/.local/lib/python3.12/site-packages/airflow/example_dags/example_dataset_alias.py for tasks to queue
[2025-04-06T07:32:03.536+0000] {logging_mixin.py:190} INFO - [2025-04-06T07:32:03.535+0000] {dagbag.py:588} INFO - Filling up the DagBag from /home/airflow/.local/lib/python3.12/site-packages/airflow/example_dags/example_dataset_alias.py
[2025-04-06T07:32:03.906+0000] {processor.py:925} INFO - DAG(s) 'dataset_alias_example_alias_producer', 'dataset_s3_bucket_producer', 'dataset_alias_example_alias_consumer', 'dataset_s3_bucket_consumer' retrieved from /home/airflow/.local/lib/python3.12/site-packages/airflow/example_dags/example_dataset_alias.py
[2025-04-06T07:32:03.918+0000] {logging_mixin.py:190} INFO - [2025-04-06T07:32:03.918+0000] {dag.py:3239} INFO - Sync 4 DAGs
[2025-04-06T07:32:03.930+0000] {logging_mixin.py:190} INFO - [2025-04-06T07:32:03.930+0000] {dag.py:4180} INFO - Setting next_dagrun for dataset_alias_example_alias_consumer to None, run_after=None
[2025-04-06T07:32:03.931+0000] {logging_mixin.py:190} INFO - [2025-04-06T07:32:03.931+0000] {dag.py:4180} INFO - Setting next_dagrun for dataset_alias_example_alias_producer to None, run_after=None
[2025-04-06T07:32:03.932+0000] {logging_mixin.py:190} INFO - [2025-04-06T07:32:03.931+0000] {dag.py:4180} INFO - Setting next_dagrun for dataset_s3_bucket_consumer to None, run_after=None
[2025-04-06T07:32:03.932+0000] {logging_mixin.py:190} INFO - [2025-04-06T07:32:03.932+0000] {dag.py:4180} INFO - Setting next_dagrun for dataset_s3_bucket_producer to None, run_after=None
[2025-04-06T07:32:03.948+0000] {processor.py:208} INFO - Processing /home/airflow/.local/lib/python3.12/site-packages/airflow/example_dags/example_dataset_alias.py took 0.417 seconds
[2025-04-06T07:32:34.301+0000] {processor.py:186} INFO - Started process (PID=644) to work on /home/airflow/.local/lib/python3.12/site-packages/airflow/example_dags/example_dataset_alias.py
[2025-04-06T07:32:34.303+0000] {processor.py:914} INFO - Processing file /home/airflow/.local/lib/python3.12/site-packages/airflow/example_dags/example_dataset_alias.py for tasks to queue
[2025-04-06T07:32:34.304+0000] {logging_mixin.py:190} INFO - [2025-04-06T07:32:34.304+0000] {dagbag.py:588} INFO - Filling up the DagBag from /home/airflow/.local/lib/python3.12/site-packages/airflow/example_dags/example_dataset_alias.py
[2025-04-06T07:32:34.651+0000] {processor.py:925} INFO - DAG(s) 'dataset_alias_example_alias_producer', 'dataset_alias_example_alias_consumer', 'dataset_s3_bucket_producer', 'dataset_s3_bucket_consumer' retrieved from /home/airflow/.local/lib/python3.12/site-packages/airflow/example_dags/example_dataset_alias.py
[2025-04-06T07:32:34.664+0000] {logging_mixin.py:190} INFO - [2025-04-06T07:32:34.663+0000] {dag.py:3239} INFO - Sync 4 DAGs
[2025-04-06T07:32:34.676+0000] {logging_mixin.py:190} INFO - [2025-04-06T07:32:34.676+0000] {dag.py:4180} INFO - Setting next_dagrun for dataset_alias_example_alias_consumer to None, run_after=None
[2025-04-06T07:32:34.677+0000] {logging_mixin.py:190} INFO - [2025-04-06T07:32:34.677+0000] {dag.py:4180} INFO - Setting next_dagrun for dataset_alias_example_alias_producer to None, run_after=None
[2025-04-06T07:32:34.678+0000] {logging_mixin.py:190} INFO - [2025-04-06T07:32:34.678+0000] {dag.py:4180} INFO - Setting next_dagrun for dataset_s3_bucket_consumer to None, run_after=None
[2025-04-06T07:32:34.679+0000] {logging_mixin.py:190} INFO - [2025-04-06T07:32:34.679+0000] {dag.py:4180} INFO - Setting next_dagrun for dataset_s3_bucket_producer to None, run_after=None
[2025-04-06T07:32:34.691+0000] {processor.py:208} INFO - Processing /home/airflow/.local/lib/python3.12/site-packages/airflow/example_dags/example_dataset_alias.py took 0.393 seconds
[2025-04-06T07:33:04.822+0000] {processor.py:186} INFO - Started process (PID=707) to work on /home/airflow/.local/lib/python3.12/site-packages/airflow/example_dags/example_dataset_alias.py
[2025-04-06T07:33:04.824+0000] {processor.py:914} INFO - Processing file /home/airflow/.local/lib/python3.12/site-packages/airflow/example_dags/example_dataset_alias.py for tasks to queue
[2025-04-06T07:33:04.825+0000] {logging_mixin.py:190} INFO - [2025-04-06T07:33:04.825+0000] {dagbag.py:588} INFO - Filling up the DagBag from /home/airflow/.local/lib/python3.12/site-packages/airflow/example_dags/example_dataset_alias.py
[2025-04-06T07:33:05.191+0000] {processor.py:925} INFO - DAG(s) 'dataset_s3_bucket_producer', 'dataset_alias_example_alias_producer', 'dataset_alias_example_alias_consumer', 'dataset_s3_bucket_consumer' retrieved from /home/airflow/.local/lib/python3.12/site-packages/airflow/example_dags/example_dataset_alias.py
[2025-04-06T07:33:05.202+0000] {logging_mixin.py:190} INFO - [2025-04-06T07:33:05.202+0000] {dag.py:3239} INFO - Sync 4 DAGs
[2025-04-06T07:33:05.214+0000] {logging_mixin.py:190} INFO - [2025-04-06T07:33:05.214+0000] {dag.py:4180} INFO - Setting next_dagrun for dataset_alias_example_alias_consumer to None, run_after=None
[2025-04-06T07:33:05.216+0000] {logging_mixin.py:190} INFO - [2025-04-06T07:33:05.216+0000] {dag.py:4180} INFO - Setting next_dagrun for dataset_alias_example_alias_producer to None, run_after=None
[2025-04-06T07:33:05.216+0000] {logging_mixin.py:190} INFO - [2025-04-06T07:33:05.216+0000] {dag.py:4180} INFO - Setting next_dagrun for dataset_s3_bucket_consumer to None, run_after=None
[2025-04-06T07:33:05.217+0000] {logging_mixin.py:190} INFO - [2025-04-06T07:33:05.217+0000] {dag.py:4180} INFO - Setting next_dagrun for dataset_s3_bucket_producer to None, run_after=None
[2025-04-06T07:33:05.229+0000] {processor.py:208} INFO - Processing /home/airflow/.local/lib/python3.12/site-packages/airflow/example_dags/example_dataset_alias.py took 0.409 seconds
[2025-04-06T07:33:35.466+0000] {processor.py:186} INFO - Started process (PID=770) to work on /home/airflow/.local/lib/python3.12/site-packages/airflow/example_dags/example_dataset_alias.py
[2025-04-06T07:33:35.468+0000] {processor.py:914} INFO - Processing file /home/airflow/.local/lib/python3.12/site-packages/airflow/example_dags/example_dataset_alias.py for tasks to queue
[2025-04-06T07:33:35.469+0000] {logging_mixin.py:190} INFO - [2025-04-06T07:33:35.469+0000] {dagbag.py:588} INFO - Filling up the DagBag from /home/airflow/.local/lib/python3.12/site-packages/airflow/example_dags/example_dataset_alias.py
[2025-04-06T07:33:35.841+0000] {processor.py:925} INFO - DAG(s) 'dataset_s3_bucket_consumer', 'dataset_alias_example_alias_producer', 'dataset_alias_example_alias_consumer', 'dataset_s3_bucket_producer' retrieved from /home/airflow/.local/lib/python3.12/site-packages/airflow/example_dags/example_dataset_alias.py
[2025-04-06T07:33:35.852+0000] {logging_mixin.py:190} INFO - [2025-04-06T07:33:35.852+0000] {dag.py:3239} INFO - Sync 4 DAGs
[2025-04-06T07:33:35.865+0000] {logging_mixin.py:190} INFO - [2025-04-06T07:33:35.865+0000] {dag.py:4180} INFO - Setting next_dagrun for dataset_alias_example_alias_consumer to None, run_after=None
[2025-04-06T07:33:35.867+0000] {logging_mixin.py:190} INFO - [2025-04-06T07:33:35.866+0000] {dag.py:4180} INFO - Setting next_dagrun for dataset_alias_example_alias_producer to None, run_after=None
[2025-04-06T07:33:35.867+0000] {logging_mixin.py:190} INFO - [2025-04-06T07:33:35.867+0000] {dag.py:4180} INFO - Setting next_dagrun for dataset_s3_bucket_consumer to None, run_after=None
[2025-04-06T07:33:35.868+0000] {logging_mixin.py:190} INFO - [2025-04-06T07:33:35.868+0000] {dag.py:4180} INFO - Setting next_dagrun for dataset_s3_bucket_producer to None, run_after=None
[2025-04-06T07:33:35.879+0000] {processor.py:208} INFO - Processing /home/airflow/.local/lib/python3.12/site-packages/airflow/example_dags/example_dataset_alias.py took 0.416 seconds
[2025-04-06T07:34:06.068+0000] {processor.py:186} INFO - Started process (PID=839) to work on /home/airflow/.local/lib/python3.12/site-packages/airflow/example_dags/example_dataset_alias.py
[2025-04-06T07:34:06.069+0000] {processor.py:914} INFO - Processing file /home/airflow/.local/lib/python3.12/site-packages/airflow/example_dags/example_dataset_alias.py for tasks to queue
[2025-04-06T07:34:06.070+0000] {logging_mixin.py:190} INFO - [2025-04-06T07:34:06.070+0000] {dagbag.py:588} INFO - Filling up the DagBag from /home/airflow/.local/lib/python3.12/site-packages/airflow/example_dags/example_dataset_alias.py
[2025-04-06T07:34:06.442+0000] {processor.py:925} INFO - DAG(s) 'dataset_s3_bucket_consumer', 'dataset_alias_example_alias_consumer', 'dataset_s3_bucket_producer', 'dataset_alias_example_alias_producer' retrieved from /home/airflow/.local/lib/python3.12/site-packages/airflow/example_dags/example_dataset_alias.py
[2025-04-06T07:34:06.453+0000] {logging_mixin.py:190} INFO - [2025-04-06T07:34:06.453+0000] {dag.py:3239} INFO - Sync 4 DAGs
[2025-04-06T07:34:06.466+0000] {logging_mixin.py:190} INFO - [2025-04-06T07:34:06.466+0000] {dag.py:4180} INFO - Setting next_dagrun for dataset_alias_example_alias_consumer to None, run_after=None
[2025-04-06T07:34:06.468+0000] {logging_mixin.py:190} INFO - [2025-04-06T07:34:06.468+0000] {dag.py:4180} INFO - Setting next_dagrun for dataset_alias_example_alias_producer to None, run_after=None
[2025-04-06T07:34:06.469+0000] {logging_mixin.py:190} INFO - [2025-04-06T07:34:06.469+0000] {dag.py:4180} INFO - Setting next_dagrun for dataset_s3_bucket_consumer to None, run_after=None
[2025-04-06T07:34:06.469+0000] {logging_mixin.py:190} INFO - [2025-04-06T07:34:06.469+0000] {dag.py:4180} INFO - Setting next_dagrun for dataset_s3_bucket_producer to None, run_after=None
[2025-04-06T07:34:06.480+0000] {processor.py:208} INFO - Processing /home/airflow/.local/lib/python3.12/site-packages/airflow/example_dags/example_dataset_alias.py took 0.415 seconds
[2025-04-06T07:34:36.657+0000] {processor.py:186} INFO - Started process (PID=902) to work on /home/airflow/.local/lib/python3.12/site-packages/airflow/example_dags/example_dataset_alias.py
[2025-04-06T07:34:36.658+0000] {processor.py:914} INFO - Processing file /home/airflow/.local/lib/python3.12/site-packages/airflow/example_dags/example_dataset_alias.py for tasks to queue
[2025-04-06T07:34:36.659+0000] {logging_mixin.py:190} INFO - [2025-04-06T07:34:36.658+0000] {dagbag.py:588} INFO - Filling up the DagBag from /home/airflow/.local/lib/python3.12/site-packages/airflow/example_dags/example_dataset_alias.py
[2025-04-06T07:34:37.034+0000] {processor.py:925} INFO - DAG(s) 'dataset_s3_bucket_producer', 'dataset_alias_example_alias_consumer', 'dataset_s3_bucket_consumer', 'dataset_alias_example_alias_producer' retrieved from /home/airflow/.local/lib/python3.12/site-packages/airflow/example_dags/example_dataset_alias.py
[2025-04-06T07:34:37.044+0000] {logging_mixin.py:190} INFO - [2025-04-06T07:34:37.044+0000] {dag.py:3239} INFO - Sync 4 DAGs
[2025-04-06T07:34:37.057+0000] {logging_mixin.py:190} INFO - [2025-04-06T07:34:37.057+0000] {dag.py:4180} INFO - Setting next_dagrun for dataset_alias_example_alias_consumer to None, run_after=None
[2025-04-06T07:34:37.058+0000] {logging_mixin.py:190} INFO - [2025-04-06T07:34:37.058+0000] {dag.py:4180} INFO - Setting next_dagrun for dataset_alias_example_alias_producer to None, run_after=None
[2025-04-06T07:34:37.059+0000] {logging_mixin.py:190} INFO - [2025-04-06T07:34:37.059+0000] {dag.py:4180} INFO - Setting next_dagrun for dataset_s3_bucket_consumer to None, run_after=None
[2025-04-06T07:34:37.060+0000] {logging_mixin.py:190} INFO - [2025-04-06T07:34:37.060+0000] {dag.py:4180} INFO - Setting next_dagrun for dataset_s3_bucket_producer to None, run_after=None
[2025-04-06T07:34:37.071+0000] {processor.py:208} INFO - Processing /home/airflow/.local/lib/python3.12/site-packages/airflow/example_dags/example_dataset_alias.py took 0.417 seconds
[2025-04-06T07:35:07.243+0000] {processor.py:186} INFO - Started process (PID=965) to work on /home/airflow/.local/lib/python3.12/site-packages/airflow/example_dags/example_dataset_alias.py
[2025-04-06T07:35:07.244+0000] {processor.py:914} INFO - Processing file /home/airflow/.local/lib/python3.12/site-packages/airflow/example_dags/example_dataset_alias.py for tasks to queue
[2025-04-06T07:35:07.245+0000] {logging_mixin.py:190} INFO - [2025-04-06T07:35:07.245+0000] {dagbag.py:588} INFO - Filling up the DagBag from /home/airflow/.local/lib/python3.12/site-packages/airflow/example_dags/example_dataset_alias.py
[2025-04-06T07:35:07.592+0000] {processor.py:925} INFO - DAG(s) 'dataset_alias_example_alias_producer', 'dataset_s3_bucket_producer', 'dataset_alias_example_alias_consumer', 'dataset_s3_bucket_consumer' retrieved from /home/airflow/.local/lib/python3.12/site-packages/airflow/example_dags/example_dataset_alias.py
[2025-04-06T07:35:07.603+0000] {logging_mixin.py:190} INFO - [2025-04-06T07:35:07.603+0000] {dag.py:3239} INFO - Sync 4 DAGs
[2025-04-06T07:35:07.616+0000] {logging_mixin.py:190} INFO - [2025-04-06T07:35:07.616+0000] {dag.py:4180} INFO - Setting next_dagrun for dataset_alias_example_alias_consumer to None, run_after=None
[2025-04-06T07:35:07.617+0000] {logging_mixin.py:190} INFO - [2025-04-06T07:35:07.617+0000] {dag.py:4180} INFO - Setting next_dagrun for dataset_alias_example_alias_producer to None, run_after=None
[2025-04-06T07:35:07.618+0000] {logging_mixin.py:190} INFO - [2025-04-06T07:35:07.618+0000] {dag.py:4180} INFO - Setting next_dagrun for dataset_s3_bucket_consumer to None, run_after=None
[2025-04-06T07:35:07.618+0000] {logging_mixin.py:190} INFO - [2025-04-06T07:35:07.618+0000] {dag.py:4180} INFO - Setting next_dagrun for dataset_s3_bucket_producer to None, run_after=None
[2025-04-06T07:35:07.634+0000] {processor.py:208} INFO - Processing /home/airflow/.local/lib/python3.12/site-packages/airflow/example_dags/example_dataset_alias.py took 0.393 seconds
[2025-04-06T07:35:37.682+0000] {processor.py:186} INFO - Started process (PID=1028) to work on /home/airflow/.local/lib/python3.12/site-packages/airflow/example_dags/example_dataset_alias.py
[2025-04-06T07:35:37.683+0000] {processor.py:914} INFO - Processing file /home/airflow/.local/lib/python3.12/site-packages/airflow/example_dags/example_dataset_alias.py for tasks to queue
[2025-04-06T07:35:37.684+0000] {logging_mixin.py:190} INFO - [2025-04-06T07:35:37.684+0000] {dagbag.py:588} INFO - Filling up the DagBag from /home/airflow/.local/lib/python3.12/site-packages/airflow/example_dags/example_dataset_alias.py
[2025-04-06T07:35:38.059+0000] {processor.py:925} INFO - DAG(s) 'dataset_alias_example_alias_producer', 'dataset_s3_bucket_consumer', 'dataset_s3_bucket_producer', 'dataset_alias_example_alias_consumer' retrieved from /home/airflow/.local/lib/python3.12/site-packages/airflow/example_dags/example_dataset_alias.py
[2025-04-06T07:35:38.072+0000] {logging_mixin.py:190} INFO - [2025-04-06T07:35:38.071+0000] {dag.py:3239} INFO - Sync 4 DAGs
[2025-04-06T07:35:38.086+0000] {logging_mixin.py:190} INFO - [2025-04-06T07:35:38.086+0000] {dag.py:4180} INFO - Setting next_dagrun for dataset_alias_example_alias_consumer to None, run_after=None
[2025-04-06T07:35:38.087+0000] {logging_mixin.py:190} INFO - [2025-04-06T07:35:38.087+0000] {dag.py:4180} INFO - Setting next_dagrun for dataset_alias_example_alias_producer to None, run_after=None
[2025-04-06T07:35:38.088+0000] {logging_mixin.py:190} INFO - [2025-04-06T07:35:38.088+0000] {dag.py:4180} INFO - Setting next_dagrun for dataset_s3_bucket_consumer to None, run_after=None
[2025-04-06T07:35:38.089+0000] {logging_mixin.py:190} INFO - [2025-04-06T07:35:38.089+0000] {dag.py:4180} INFO - Setting next_dagrun for dataset_s3_bucket_producer to None, run_after=None
[2025-04-06T07:35:38.101+0000] {processor.py:208} INFO - Processing /home/airflow/.local/lib/python3.12/site-packages/airflow/example_dags/example_dataset_alias.py took 0.422 seconds
[2025-04-06T07:36:08.149+0000] {processor.py:186} INFO - Started process (PID=1091) to work on /home/airflow/.local/lib/python3.12/site-packages/airflow/example_dags/example_dataset_alias.py
[2025-04-06T07:36:08.150+0000] {processor.py:914} INFO - Processing file /home/airflow/.local/lib/python3.12/site-packages/airflow/example_dags/example_dataset_alias.py for tasks to queue
[2025-04-06T07:36:08.151+0000] {logging_mixin.py:190} INFO - [2025-04-06T07:36:08.151+0000] {dagbag.py:588} INFO - Filling up the DagBag from /home/airflow/.local/lib/python3.12/site-packages/airflow/example_dags/example_dataset_alias.py
[2025-04-06T07:36:08.495+0000] {processor.py:925} INFO - DAG(s) 'dataset_s3_bucket_consumer', 'dataset_s3_bucket_producer', 'dataset_alias_example_alias_producer', 'dataset_alias_example_alias_consumer' retrieved from /home/airflow/.local/lib/python3.12/site-packages/airflow/example_dags/example_dataset_alias.py
[2025-04-06T07:36:08.507+0000] {logging_mixin.py:190} INFO - [2025-04-06T07:36:08.507+0000] {dag.py:3239} INFO - Sync 4 DAGs
[2025-04-06T07:36:08.520+0000] {logging_mixin.py:190} INFO - [2025-04-06T07:36:08.520+0000] {dag.py:4180} INFO - Setting next_dagrun for dataset_alias_example_alias_consumer to None, run_after=None
[2025-04-06T07:36:08.521+0000] {logging_mixin.py:190} INFO - [2025-04-06T07:36:08.521+0000] {dag.py:4180} INFO - Setting next_dagrun for dataset_alias_example_alias_producer to None, run_after=None
[2025-04-06T07:36:08.522+0000] {logging_mixin.py:190} INFO - [2025-04-06T07:36:08.522+0000] {dag.py:4180} INFO - Setting next_dagrun for dataset_s3_bucket_consumer to None, run_after=None
[2025-04-06T07:36:08.522+0000] {logging_mixin.py:190} INFO - [2025-04-06T07:36:08.522+0000] {dag.py:4180} INFO - Setting next_dagrun for dataset_s3_bucket_producer to None, run_after=None
[2025-04-06T07:36:08.538+0000] {processor.py:208} INFO - Processing /home/airflow/.local/lib/python3.12/site-packages/airflow/example_dags/example_dataset_alias.py took 0.392 seconds
[2025-04-06T07:36:38.826+0000] {processor.py:186} INFO - Started process (PID=1154) to work on /home/airflow/.local/lib/python3.12/site-packages/airflow/example_dags/example_dataset_alias.py
[2025-04-06T07:36:38.826+0000] {processor.py:914} INFO - Processing file /home/airflow/.local/lib/python3.12/site-packages/airflow/example_dags/example_dataset_alias.py for tasks to queue
[2025-04-06T07:36:38.827+0000] {logging_mixin.py:190} INFO - [2025-04-06T07:36:38.827+0000] {dagbag.py:588} INFO - Filling up the DagBag from /home/airflow/.local/lib/python3.12/site-packages/airflow/example_dags/example_dataset_alias.py
[2025-04-06T07:36:39.201+0000] {processor.py:925} INFO - DAG(s) 'dataset_s3_bucket_consumer', 'dataset_alias_example_alias_producer', 'dataset_s3_bucket_producer', 'dataset_alias_example_alias_consumer' retrieved from /home/airflow/.local/lib/python3.12/site-packages/airflow/example_dags/example_dataset_alias.py
[2025-04-06T07:36:39.214+0000] {logging_mixin.py:190} INFO - [2025-04-06T07:36:39.213+0000] {dag.py:3239} INFO - Sync 4 DAGs
[2025-04-06T07:36:39.230+0000] {logging_mixin.py:190} INFO - [2025-04-06T07:36:39.230+0000] {dag.py:4180} INFO - Setting next_dagrun for dataset_alias_example_alias_consumer to None, run_after=None
[2025-04-06T07:36:39.231+0000] {logging_mixin.py:190} INFO - [2025-04-06T07:36:39.231+0000] {dag.py:4180} INFO - Setting next_dagrun for dataset_alias_example_alias_producer to None, run_after=None
[2025-04-06T07:36:39.232+0000] {logging_mixin.py:190} INFO - [2025-04-06T07:36:39.232+0000] {dag.py:4180} INFO - Setting next_dagrun for dataset_s3_bucket_consumer to None, run_after=None
[2025-04-06T07:36:39.233+0000] {logging_mixin.py:190} INFO - [2025-04-06T07:36:39.233+0000] {dag.py:4180} INFO - Setting next_dagrun for dataset_s3_bucket_producer to None, run_after=None
[2025-04-06T07:36:39.246+0000] {processor.py:208} INFO - Processing /home/airflow/.local/lib/python3.12/site-packages/airflow/example_dags/example_dataset_alias.py took 0.423 seconds
[2025-04-06T07:37:09.791+0000] {processor.py:186} INFO - Started process (PID=1217) to work on /home/airflow/.local/lib/python3.12/site-packages/airflow/example_dags/example_dataset_alias.py
[2025-04-06T07:37:09.792+0000] {processor.py:914} INFO - Processing file /home/airflow/.local/lib/python3.12/site-packages/airflow/example_dags/example_dataset_alias.py for tasks to queue
[2025-04-06T07:37:09.793+0000] {logging_mixin.py:190} INFO - [2025-04-06T07:37:09.793+0000] {dagbag.py:588} INFO - Filling up the DagBag from /home/airflow/.local/lib/python3.12/site-packages/airflow/example_dags/example_dataset_alias.py
[2025-04-06T07:37:10.129+0000] {processor.py:925} INFO - DAG(s) 'dataset_alias_example_alias_producer', 'dataset_s3_bucket_consumer', 'dataset_alias_example_alias_consumer', 'dataset_s3_bucket_producer' retrieved from /home/airflow/.local/lib/python3.12/site-packages/airflow/example_dags/example_dataset_alias.py
[2025-04-06T07:37:10.140+0000] {logging_mixin.py:190} INFO - [2025-04-06T07:37:10.140+0000] {dag.py:3239} INFO - Sync 4 DAGs
[2025-04-06T07:37:10.152+0000] {logging_mixin.py:190} INFO - [2025-04-06T07:37:10.152+0000] {dag.py:4180} INFO - Setting next_dagrun for dataset_alias_example_alias_consumer to None, run_after=None
[2025-04-06T07:37:10.154+0000] {logging_mixin.py:190} INFO - [2025-04-06T07:37:10.154+0000] {dag.py:4180} INFO - Setting next_dagrun for dataset_alias_example_alias_producer to None, run_after=None
[2025-04-06T07:37:10.154+0000] {logging_mixin.py:190} INFO - [2025-04-06T07:37:10.154+0000] {dag.py:4180} INFO - Setting next_dagrun for dataset_s3_bucket_consumer to None, run_after=None
[2025-04-06T07:37:10.155+0000] {logging_mixin.py:190} INFO - [2025-04-06T07:37:10.155+0000] {dag.py:4180} INFO - Setting next_dagrun for dataset_s3_bucket_producer to None, run_after=None
[2025-04-06T07:37:10.166+0000] {processor.py:208} INFO - Processing /home/airflow/.local/lib/python3.12/site-packages/airflow/example_dags/example_dataset_alias.py took 0.378 seconds
[2025-04-06T07:37:40.479+0000] {processor.py:186} INFO - Started process (PID=1280) to work on /home/airflow/.local/lib/python3.12/site-packages/airflow/example_dags/example_dataset_alias.py
[2025-04-06T07:37:40.480+0000] {processor.py:914} INFO - Processing file /home/airflow/.local/lib/python3.12/site-packages/airflow/example_dags/example_dataset_alias.py for tasks to queue
[2025-04-06T07:37:40.481+0000] {logging_mixin.py:190} INFO - [2025-04-06T07:37:40.481+0000] {dagbag.py:588} INFO - Filling up the DagBag from /home/airflow/.local/lib/python3.12/site-packages/airflow/example_dags/example_dataset_alias.py
[2025-04-06T07:37:40.817+0000] {processor.py:925} INFO - DAG(s) 'dataset_alias_example_alias_consumer', 'dataset_alias_example_alias_producer', 'dataset_s3_bucket_producer', 'dataset_s3_bucket_consumer' retrieved from /home/airflow/.local/lib/python3.12/site-packages/airflow/example_dags/example_dataset_alias.py
[2025-04-06T07:37:40.829+0000] {logging_mixin.py:190} INFO - [2025-04-06T07:37:40.829+0000] {dag.py:3239} INFO - Sync 4 DAGs
[2025-04-06T07:37:40.842+0000] {logging_mixin.py:190} INFO - [2025-04-06T07:37:40.842+0000] {dag.py:4180} INFO - Setting next_dagrun for dataset_alias_example_alias_consumer to None, run_after=None
[2025-04-06T07:37:40.843+0000] {logging_mixin.py:190} INFO - [2025-04-06T07:37:40.843+0000] {dag.py:4180} INFO - Setting next_dagrun for dataset_alias_example_alias_producer to None, run_after=None
[2025-04-06T07:37:40.844+0000] {logging_mixin.py:190} INFO - [2025-04-06T07:37:40.844+0000] {dag.py:4180} INFO - Setting next_dagrun for dataset_s3_bucket_consumer to None, run_after=None
[2025-04-06T07:37:40.844+0000] {logging_mixin.py:190} INFO - [2025-04-06T07:37:40.844+0000] {dag.py:4180} INFO - Setting next_dagrun for dataset_s3_bucket_producer to None, run_after=None
[2025-04-06T07:37:40.857+0000] {processor.py:208} INFO - Processing /home/airflow/.local/lib/python3.12/site-packages/airflow/example_dags/example_dataset_alias.py took 0.381 seconds
[2025-04-06T07:38:11.505+0000] {processor.py:186} INFO - Started process (PID=1343) to work on /home/airflow/.local/lib/python3.12/site-packages/airflow/example_dags/example_dataset_alias.py
[2025-04-06T07:38:11.506+0000] {processor.py:914} INFO - Processing file /home/airflow/.local/lib/python3.12/site-packages/airflow/example_dags/example_dataset_alias.py for tasks to queue
[2025-04-06T07:38:11.507+0000] {logging_mixin.py:190} INFO - [2025-04-06T07:38:11.507+0000] {dagbag.py:588} INFO - Filling up the DagBag from /home/airflow/.local/lib/python3.12/site-packages/airflow/example_dags/example_dataset_alias.py
[2025-04-06T07:38:11.862+0000] {processor.py:925} INFO - DAG(s) 'dataset_s3_bucket_consumer', 'dataset_alias_example_alias_producer', 'dataset_alias_example_alias_consumer', 'dataset_s3_bucket_producer' retrieved from /home/airflow/.local/lib/python3.12/site-packages/airflow/example_dags/example_dataset_alias.py
[2025-04-06T07:38:11.873+0000] {logging_mixin.py:190} INFO - [2025-04-06T07:38:11.872+0000] {dag.py:3239} INFO - Sync 4 DAGs
[2025-04-06T07:38:11.885+0000] {logging_mixin.py:190} INFO - [2025-04-06T07:38:11.885+0000] {dag.py:4180} INFO - Setting next_dagrun for dataset_alias_example_alias_consumer to None, run_after=None
[2025-04-06T07:38:11.887+0000] {logging_mixin.py:190} INFO - [2025-04-06T07:38:11.887+0000] {dag.py:4180} INFO - Setting next_dagrun for dataset_alias_example_alias_producer to None, run_after=None
[2025-04-06T07:38:11.887+0000] {logging_mixin.py:190} INFO - [2025-04-06T07:38:11.887+0000] {dag.py:4180} INFO - Setting next_dagrun for dataset_s3_bucket_consumer to None, run_after=None
[2025-04-06T07:38:11.888+0000] {logging_mixin.py:190} INFO - [2025-04-06T07:38:11.888+0000] {dag.py:4180} INFO - Setting next_dagrun for dataset_s3_bucket_producer to None, run_after=None
[2025-04-06T07:38:11.900+0000] {processor.py:208} INFO - Processing /home/airflow/.local/lib/python3.12/site-packages/airflow/example_dags/example_dataset_alias.py took 0.397 seconds
[2025-04-06T07:38:42.227+0000] {processor.py:186} INFO - Started process (PID=1406) to work on /home/airflow/.local/lib/python3.12/site-packages/airflow/example_dags/example_dataset_alias.py
[2025-04-06T07:38:42.228+0000] {processor.py:914} INFO - Processing file /home/airflow/.local/lib/python3.12/site-packages/airflow/example_dags/example_dataset_alias.py for tasks to queue
[2025-04-06T07:38:42.229+0000] {logging_mixin.py:190} INFO - [2025-04-06T07:38:42.229+0000] {dagbag.py:588} INFO - Filling up the DagBag from /home/airflow/.local/lib/python3.12/site-packages/airflow/example_dags/example_dataset_alias.py
[2025-04-06T07:38:42.605+0000] {processor.py:925} INFO - DAG(s) 'dataset_alias_example_alias_producer', 'dataset_s3_bucket_producer', 'dataset_s3_bucket_consumer', 'dataset_alias_example_alias_consumer' retrieved from /home/airflow/.local/lib/python3.12/site-packages/airflow/example_dags/example_dataset_alias.py
[2025-04-06T07:38:42.616+0000] {logging_mixin.py:190} INFO - [2025-04-06T07:38:42.616+0000] {dag.py:3239} INFO - Sync 4 DAGs
[2025-04-06T07:38:42.629+0000] {logging_mixin.py:190} INFO - [2025-04-06T07:38:42.629+0000] {dag.py:4180} INFO - Setting next_dagrun for dataset_alias_example_alias_consumer to None, run_after=None
[2025-04-06T07:38:42.631+0000] {logging_mixin.py:190} INFO - [2025-04-06T07:38:42.631+0000] {dag.py:4180} INFO - Setting next_dagrun for dataset_alias_example_alias_producer to None, run_after=None
[2025-04-06T07:38:42.631+0000] {logging_mixin.py:190} INFO - [2025-04-06T07:38:42.631+0000] {dag.py:4180} INFO - Setting next_dagrun for dataset_s3_bucket_consumer to None, run_after=None
[2025-04-06T07:38:42.632+0000] {logging_mixin.py:190} INFO - [2025-04-06T07:38:42.632+0000] {dag.py:4180} INFO - Setting next_dagrun for dataset_s3_bucket_producer to None, run_after=None
[2025-04-06T07:38:42.644+0000] {processor.py:208} INFO - Processing /home/airflow/.local/lib/python3.12/site-packages/airflow/example_dags/example_dataset_alias.py took 0.420 seconds
[2025-04-06T07:39:13.177+0000] {processor.py:186} INFO - Started process (PID=1469) to work on /home/airflow/.local/lib/python3.12/site-packages/airflow/example_dags/example_dataset_alias.py
[2025-04-06T07:39:13.177+0000] {processor.py:914} INFO - Processing file /home/airflow/.local/lib/python3.12/site-packages/airflow/example_dags/example_dataset_alias.py for tasks to queue
[2025-04-06T07:39:13.178+0000] {logging_mixin.py:190} INFO - [2025-04-06T07:39:13.178+0000] {dagbag.py:588} INFO - Filling up the DagBag from /home/airflow/.local/lib/python3.12/site-packages/airflow/example_dags/example_dataset_alias.py
[2025-04-06T07:39:13.525+0000] {processor.py:925} INFO - DAG(s) 'dataset_s3_bucket_producer', 'dataset_alias_example_alias_producer', 'dataset_alias_example_alias_consumer', 'dataset_s3_bucket_consumer' retrieved from /home/airflow/.local/lib/python3.12/site-packages/airflow/example_dags/example_dataset_alias.py
[2025-04-06T07:39:13.537+0000] {logging_mixin.py:190} INFO - [2025-04-06T07:39:13.536+0000] {dag.py:3239} INFO - Sync 4 DAGs
[2025-04-06T07:39:13.549+0000] {logging_mixin.py:190} INFO - [2025-04-06T07:39:13.549+0000] {dag.py:4180} INFO - Setting next_dagrun for dataset_alias_example_alias_consumer to None, run_after=None
[2025-04-06T07:39:13.550+0000] {logging_mixin.py:190} INFO - [2025-04-06T07:39:13.550+0000] {dag.py:4180} INFO - Setting next_dagrun for dataset_alias_example_alias_producer to None, run_after=None
[2025-04-06T07:39:13.551+0000] {logging_mixin.py:190} INFO - [2025-04-06T07:39:13.551+0000] {dag.py:4180} INFO - Setting next_dagrun for dataset_s3_bucket_consumer to None, run_after=None
[2025-04-06T07:39:13.552+0000] {logging_mixin.py:190} INFO - [2025-04-06T07:39:13.552+0000] {dag.py:4180} INFO - Setting next_dagrun for dataset_s3_bucket_producer to None, run_after=None
[2025-04-06T07:39:13.563+0000] {processor.py:208} INFO - Processing /home/airflow/.local/lib/python3.12/site-packages/airflow/example_dags/example_dataset_alias.py took 0.389 seconds
[2025-04-06T07:39:44.330+0000] {processor.py:186} INFO - Started process (PID=1538) to work on /home/airflow/.local/lib/python3.12/site-packages/airflow/example_dags/example_dataset_alias.py
[2025-04-06T07:39:44.331+0000] {processor.py:914} INFO - Processing file /home/airflow/.local/lib/python3.12/site-packages/airflow/example_dags/example_dataset_alias.py for tasks to queue
[2025-04-06T07:39:44.332+0000] {logging_mixin.py:190} INFO - [2025-04-06T07:39:44.332+0000] {dagbag.py:588} INFO - Filling up the DagBag from /home/airflow/.local/lib/python3.12/site-packages/airflow/example_dags/example_dataset_alias.py
[2025-04-06T07:39:44.681+0000] {processor.py:925} INFO - DAG(s) 'dataset_alias_example_alias_consumer', 'dataset_s3_bucket_producer', 'dataset_alias_example_alias_producer', 'dataset_s3_bucket_consumer' retrieved from /home/airflow/.local/lib/python3.12/site-packages/airflow/example_dags/example_dataset_alias.py
[2025-04-06T07:39:44.693+0000] {logging_mixin.py:190} INFO - [2025-04-06T07:39:44.692+0000] {dag.py:3239} INFO - Sync 4 DAGs
[2025-04-06T07:39:44.706+0000] {logging_mixin.py:190} INFO - [2025-04-06T07:39:44.706+0000] {dag.py:4180} INFO - Setting next_dagrun for dataset_alias_example_alias_consumer to None, run_after=None
[2025-04-06T07:39:44.707+0000] {logging_mixin.py:190} INFO - [2025-04-06T07:39:44.707+0000] {dag.py:4180} INFO - Setting next_dagrun for dataset_alias_example_alias_producer to None, run_after=None
[2025-04-06T07:39:44.708+0000] {logging_mixin.py:190} INFO - [2025-04-06T07:39:44.708+0000] {dag.py:4180} INFO - Setting next_dagrun for dataset_s3_bucket_consumer to None, run_after=None
[2025-04-06T07:39:44.709+0000] {logging_mixin.py:190} INFO - [2025-04-06T07:39:44.709+0000] {dag.py:4180} INFO - Setting next_dagrun for dataset_s3_bucket_producer to None, run_after=None
[2025-04-06T07:39:44.720+0000] {processor.py:208} INFO - Processing /home/airflow/.local/lib/python3.12/site-packages/airflow/example_dags/example_dataset_alias.py took 0.393 seconds
[2025-04-06T07:40:14.980+0000] {processor.py:186} INFO - Started process (PID=1601) to work on /home/airflow/.local/lib/python3.12/site-packages/airflow/example_dags/example_dataset_alias.py
[2025-04-06T07:40:14.980+0000] {processor.py:914} INFO - Processing file /home/airflow/.local/lib/python3.12/site-packages/airflow/example_dags/example_dataset_alias.py for tasks to queue
[2025-04-06T07:40:14.981+0000] {logging_mixin.py:190} INFO - [2025-04-06T07:40:14.981+0000] {dagbag.py:588} INFO - Filling up the DagBag from /home/airflow/.local/lib/python3.12/site-packages/airflow/example_dags/example_dataset_alias.py
[2025-04-06T07:40:15.319+0000] {processor.py:925} INFO - DAG(s) 'dataset_alias_example_alias_consumer', 'dataset_alias_example_alias_producer', 'dataset_s3_bucket_consumer', 'dataset_s3_bucket_producer' retrieved from /home/airflow/.local/lib/python3.12/site-packages/airflow/example_dags/example_dataset_alias.py
[2025-04-06T07:40:15.331+0000] {logging_mixin.py:190} INFO - [2025-04-06T07:40:15.330+0000] {dag.py:3239} INFO - Sync 4 DAGs
[2025-04-06T07:40:15.344+0000] {logging_mixin.py:190} INFO - [2025-04-06T07:40:15.344+0000] {dag.py:4180} INFO - Setting next_dagrun for dataset_alias_example_alias_consumer to None, run_after=None
[2025-04-06T07:40:15.345+0000] {logging_mixin.py:190} INFO - [2025-04-06T07:40:15.345+0000] {dag.py:4180} INFO - Setting next_dagrun for dataset_alias_example_alias_producer to None, run_after=None
[2025-04-06T07:40:15.346+0000] {logging_mixin.py:190} INFO - [2025-04-06T07:40:15.346+0000] {dag.py:4180} INFO - Setting next_dagrun for dataset_s3_bucket_consumer to None, run_after=None
[2025-04-06T07:40:15.347+0000] {logging_mixin.py:190} INFO - [2025-04-06T07:40:15.346+0000] {dag.py:4180} INFO - Setting next_dagrun for dataset_s3_bucket_producer to None, run_after=None
[2025-04-06T07:40:15.358+0000] {processor.py:208} INFO - Processing /home/airflow/.local/lib/python3.12/site-packages/airflow/example_dags/example_dataset_alias.py took 0.381 seconds
[2025-04-06T07:40:45.805+0000] {processor.py:186} INFO - Started process (PID=1664) to work on /home/airflow/.local/lib/python3.12/site-packages/airflow/example_dags/example_dataset_alias.py
[2025-04-06T07:40:45.806+0000] {processor.py:914} INFO - Processing file /home/airflow/.local/lib/python3.12/site-packages/airflow/example_dags/example_dataset_alias.py for tasks to queue
[2025-04-06T07:40:45.807+0000] {logging_mixin.py:190} INFO - [2025-04-06T07:40:45.807+0000] {dagbag.py:588} INFO - Filling up the DagBag from /home/airflow/.local/lib/python3.12/site-packages/airflow/example_dags/example_dataset_alias.py
[2025-04-06T07:40:46.158+0000] {processor.py:925} INFO - DAG(s) 'dataset_s3_bucket_consumer', 'dataset_s3_bucket_producer', 'dataset_alias_example_alias_consumer', 'dataset_alias_example_alias_producer' retrieved from /home/airflow/.local/lib/python3.12/site-packages/airflow/example_dags/example_dataset_alias.py
[2025-04-06T07:40:46.169+0000] {logging_mixin.py:190} INFO - [2025-04-06T07:40:46.169+0000] {dag.py:3239} INFO - Sync 4 DAGs
[2025-04-06T07:40:46.182+0000] {logging_mixin.py:190} INFO - [2025-04-06T07:40:46.182+0000] {dag.py:4180} INFO - Setting next_dagrun for dataset_alias_example_alias_consumer to None, run_after=None
[2025-04-06T07:40:46.183+0000] {logging_mixin.py:190} INFO - [2025-04-06T07:40:46.183+0000] {dag.py:4180} INFO - Setting next_dagrun for dataset_alias_example_alias_producer to None, run_after=None
[2025-04-06T07:40:46.184+0000] {logging_mixin.py:190} INFO - [2025-04-06T07:40:46.183+0000] {dag.py:4180} INFO - Setting next_dagrun for dataset_s3_bucket_consumer to None, run_after=None
[2025-04-06T07:40:46.184+0000] {logging_mixin.py:190} INFO - [2025-04-06T07:40:46.184+0000] {dag.py:4180} INFO - Setting next_dagrun for dataset_s3_bucket_producer to None, run_after=None
[2025-04-06T07:40:46.195+0000] {processor.py:208} INFO - Processing /home/airflow/.local/lib/python3.12/site-packages/airflow/example_dags/example_dataset_alias.py took 0.393 seconds
[2025-04-06T07:41:17.079+0000] {processor.py:186} INFO - Started process (PID=1727) to work on /home/airflow/.local/lib/python3.12/site-packages/airflow/example_dags/example_dataset_alias.py
[2025-04-06T07:41:17.080+0000] {processor.py:914} INFO - Processing file /home/airflow/.local/lib/python3.12/site-packages/airflow/example_dags/example_dataset_alias.py for tasks to queue
[2025-04-06T07:41:17.081+0000] {logging_mixin.py:190} INFO - [2025-04-06T07:41:17.081+0000] {dagbag.py:588} INFO - Filling up the DagBag from /home/airflow/.local/lib/python3.12/site-packages/airflow/example_dags/example_dataset_alias.py
[2025-04-06T07:41:17.423+0000] {processor.py:925} INFO - DAG(s) 'dataset_alias_example_alias_consumer', 'dataset_s3_bucket_consumer', 'dataset_s3_bucket_producer', 'dataset_alias_example_alias_producer' retrieved from /home/airflow/.local/lib/python3.12/site-packages/airflow/example_dags/example_dataset_alias.py
[2025-04-06T07:41:17.434+0000] {logging_mixin.py:190} INFO - [2025-04-06T07:41:17.434+0000] {dag.py:3239} INFO - Sync 4 DAGs
[2025-04-06T07:41:17.446+0000] {logging_mixin.py:190} INFO - [2025-04-06T07:41:17.446+0000] {dag.py:4180} INFO - Setting next_dagrun for dataset_alias_example_alias_consumer to None, run_after=None
[2025-04-06T07:41:17.447+0000] {logging_mixin.py:190} INFO - [2025-04-06T07:41:17.447+0000] {dag.py:4180} INFO - Setting next_dagrun for dataset_alias_example_alias_producer to None, run_after=None
[2025-04-06T07:41:17.448+0000] {logging_mixin.py:190} INFO - [2025-04-06T07:41:17.448+0000] {dag.py:4180} INFO - Setting next_dagrun for dataset_s3_bucket_consumer to None, run_after=None
[2025-04-06T07:41:17.449+0000] {logging_mixin.py:190} INFO - [2025-04-06T07:41:17.449+0000] {dag.py:4180} INFO - Setting next_dagrun for dataset_s3_bucket_producer to None, run_after=None
[2025-04-06T07:41:17.466+0000] {processor.py:208} INFO - Processing /home/airflow/.local/lib/python3.12/site-packages/airflow/example_dags/example_dataset_alias.py took 0.390 seconds
[2025-04-06T07:41:48.142+0000] {processor.py:186} INFO - Started process (PID=1790) to work on /home/airflow/.local/lib/python3.12/site-packages/airflow/example_dags/example_dataset_alias.py
[2025-04-06T07:41:48.143+0000] {processor.py:914} INFO - Processing file /home/airflow/.local/lib/python3.12/site-packages/airflow/example_dags/example_dataset_alias.py for tasks to queue
[2025-04-06T07:41:48.144+0000] {logging_mixin.py:190} INFO - [2025-04-06T07:41:48.144+0000] {dagbag.py:588} INFO - Filling up the DagBag from /home/airflow/.local/lib/python3.12/site-packages/airflow/example_dags/example_dataset_alias.py
[2025-04-06T07:41:48.521+0000] {processor.py:925} INFO - DAG(s) 'dataset_alias_example_alias_producer', 'dataset_s3_bucket_consumer', 'dataset_alias_example_alias_consumer', 'dataset_s3_bucket_producer' retrieved from /home/airflow/.local/lib/python3.12/site-packages/airflow/example_dags/example_dataset_alias.py
[2025-04-06T07:41:48.533+0000] {logging_mixin.py:190} INFO - [2025-04-06T07:41:48.532+0000] {dag.py:3239} INFO - Sync 4 DAGs
[2025-04-06T07:41:48.547+0000] {logging_mixin.py:190} INFO - [2025-04-06T07:41:48.547+0000] {dag.py:4180} INFO - Setting next_dagrun for dataset_alias_example_alias_consumer to None, run_after=None
[2025-04-06T07:41:48.549+0000] {logging_mixin.py:190} INFO - [2025-04-06T07:41:48.549+0000] {dag.py:4180} INFO - Setting next_dagrun for dataset_alias_example_alias_producer to None, run_after=None
[2025-04-06T07:41:48.549+0000] {logging_mixin.py:190} INFO - [2025-04-06T07:41:48.549+0000] {dag.py:4180} INFO - Setting next_dagrun for dataset_s3_bucket_consumer to None, run_after=None
[2025-04-06T07:41:48.550+0000] {logging_mixin.py:190} INFO - [2025-04-06T07:41:48.550+0000] {dag.py:4180} INFO - Setting next_dagrun for dataset_s3_bucket_producer to None, run_after=None
[2025-04-06T07:41:48.562+0000] {processor.py:208} INFO - Processing /home/airflow/.local/lib/python3.12/site-packages/airflow/example_dags/example_dataset_alias.py took 0.423 seconds
[2025-04-06T07:42:19.080+0000] {processor.py:186} INFO - Started process (PID=1853) to work on /home/airflow/.local/lib/python3.12/site-packages/airflow/example_dags/example_dataset_alias.py
[2025-04-06T07:42:19.080+0000] {processor.py:914} INFO - Processing file /home/airflow/.local/lib/python3.12/site-packages/airflow/example_dags/example_dataset_alias.py for tasks to queue
[2025-04-06T07:42:19.081+0000] {logging_mixin.py:190} INFO - [2025-04-06T07:42:19.081+0000] {dagbag.py:588} INFO - Filling up the DagBag from /home/airflow/.local/lib/python3.12/site-packages/airflow/example_dags/example_dataset_alias.py
[2025-04-06T07:42:19.415+0000] {processor.py:925} INFO - DAG(s) 'dataset_alias_example_alias_consumer', 'dataset_alias_example_alias_producer', 'dataset_s3_bucket_consumer', 'dataset_s3_bucket_producer' retrieved from /home/airflow/.local/lib/python3.12/site-packages/airflow/example_dags/example_dataset_alias.py
[2025-04-06T07:42:19.426+0000] {logging_mixin.py:190} INFO - [2025-04-06T07:42:19.425+0000] {dag.py:3239} INFO - Sync 4 DAGs
[2025-04-06T07:42:19.438+0000] {logging_mixin.py:190} INFO - [2025-04-06T07:42:19.438+0000] {dag.py:4180} INFO - Setting next_dagrun for dataset_alias_example_alias_consumer to None, run_after=None
[2025-04-06T07:42:19.439+0000] {logging_mixin.py:190} INFO - [2025-04-06T07:42:19.439+0000] {dag.py:4180} INFO - Setting next_dagrun for dataset_alias_example_alias_producer to None, run_after=None
[2025-04-06T07:42:19.440+0000] {logging_mixin.py:190} INFO - [2025-04-06T07:42:19.440+0000] {dag.py:4180} INFO - Setting next_dagrun for dataset_s3_bucket_consumer to None, run_after=None
[2025-04-06T07:42:19.440+0000] {logging_mixin.py:190} INFO - [2025-04-06T07:42:19.440+0000] {dag.py:4180} INFO - Setting next_dagrun for dataset_s3_bucket_producer to None, run_after=None
[2025-04-06T07:42:19.456+0000] {processor.py:208} INFO - Processing /home/airflow/.local/lib/python3.12/site-packages/airflow/example_dags/example_dataset_alias.py took 0.379 seconds
[2025-04-06T07:42:50.448+0000] {processor.py:186} INFO - Started process (PID=1916) to work on /home/airflow/.local/lib/python3.12/site-packages/airflow/example_dags/example_dataset_alias.py
[2025-04-06T07:42:50.450+0000] {processor.py:914} INFO - Processing file /home/airflow/.local/lib/python3.12/site-packages/airflow/example_dags/example_dataset_alias.py for tasks to queue
[2025-04-06T07:42:50.452+0000] {logging_mixin.py:190} INFO - [2025-04-06T07:42:50.452+0000] {dagbag.py:588} INFO - Filling up the DagBag from /home/airflow/.local/lib/python3.12/site-packages/airflow/example_dags/example_dataset_alias.py
[2025-04-06T07:42:50.797+0000] {processor.py:925} INFO - DAG(s) 'dataset_alias_example_alias_consumer', 'dataset_s3_bucket_producer', 'dataset_s3_bucket_consumer', 'dataset_alias_example_alias_producer' retrieved from /home/airflow/.local/lib/python3.12/site-packages/airflow/example_dags/example_dataset_alias.py
[2025-04-06T07:42:50.809+0000] {logging_mixin.py:190} INFO - [2025-04-06T07:42:50.808+0000] {dag.py:3239} INFO - Sync 4 DAGs
[2025-04-06T07:42:50.822+0000] {logging_mixin.py:190} INFO - [2025-04-06T07:42:50.822+0000] {dag.py:4180} INFO - Setting next_dagrun for dataset_alias_example_alias_consumer to None, run_after=None
[2025-04-06T07:42:50.824+0000] {logging_mixin.py:190} INFO - [2025-04-06T07:42:50.824+0000] {dag.py:4180} INFO - Setting next_dagrun for dataset_alias_example_alias_producer to None, run_after=None
[2025-04-06T07:42:50.824+0000] {logging_mixin.py:190} INFO - [2025-04-06T07:42:50.824+0000] {dag.py:4180} INFO - Setting next_dagrun for dataset_s3_bucket_consumer to None, run_after=None
[2025-04-06T07:42:50.825+0000] {logging_mixin.py:190} INFO - [2025-04-06T07:42:50.825+0000] {dag.py:4180} INFO - Setting next_dagrun for dataset_s3_bucket_producer to None, run_after=None
[2025-04-06T07:42:50.841+0000] {processor.py:208} INFO - Processing /home/airflow/.local/lib/python3.12/site-packages/airflow/example_dags/example_dataset_alias.py took 0.395 seconds
[2025-04-06T07:43:21.422+0000] {processor.py:186} INFO - Started process (PID=1979) to work on /home/airflow/.local/lib/python3.12/site-packages/airflow/example_dags/example_dataset_alias.py
[2025-04-06T07:43:21.422+0000] {processor.py:914} INFO - Processing file /home/airflow/.local/lib/python3.12/site-packages/airflow/example_dags/example_dataset_alias.py for tasks to queue
[2025-04-06T07:43:21.423+0000] {logging_mixin.py:190} INFO - [2025-04-06T07:43:21.423+0000] {dagbag.py:588} INFO - Filling up the DagBag from /home/airflow/.local/lib/python3.12/site-packages/airflow/example_dags/example_dataset_alias.py
[2025-04-06T07:43:21.747+0000] {processor.py:925} INFO - DAG(s) 'dataset_s3_bucket_producer', 'dataset_s3_bucket_consumer', 'dataset_alias_example_alias_consumer', 'dataset_alias_example_alias_producer' retrieved from /home/airflow/.local/lib/python3.12/site-packages/airflow/example_dags/example_dataset_alias.py
[2025-04-06T07:43:21.759+0000] {logging_mixin.py:190} INFO - [2025-04-06T07:43:21.759+0000] {dag.py:3239} INFO - Sync 4 DAGs
[2025-04-06T07:43:21.771+0000] {logging_mixin.py:190} INFO - [2025-04-06T07:43:21.771+0000] {dag.py:4180} INFO - Setting next_dagrun for dataset_alias_example_alias_consumer to None, run_after=None
[2025-04-06T07:43:21.773+0000] {logging_mixin.py:190} INFO - [2025-04-06T07:43:21.773+0000] {dag.py:4180} INFO - Setting next_dagrun for dataset_alias_example_alias_producer to None, run_after=None
[2025-04-06T07:43:21.773+0000] {logging_mixin.py:190} INFO - [2025-04-06T07:43:21.773+0000] {dag.py:4180} INFO - Setting next_dagrun for dataset_s3_bucket_consumer to None, run_after=None
[2025-04-06T07:43:21.774+0000] {logging_mixin.py:190} INFO - [2025-04-06T07:43:21.774+0000] {dag.py:4180} INFO - Setting next_dagrun for dataset_s3_bucket_producer to None, run_after=None
[2025-04-06T07:43:21.786+0000] {processor.py:208} INFO - Processing /home/airflow/.local/lib/python3.12/site-packages/airflow/example_dags/example_dataset_alias.py took 0.367 seconds
[2025-04-06T07:43:52.317+0000] {processor.py:186} INFO - Started process (PID=2042) to work on /home/airflow/.local/lib/python3.12/site-packages/airflow/example_dags/example_dataset_alias.py
[2025-04-06T07:43:52.318+0000] {processor.py:914} INFO - Processing file /home/airflow/.local/lib/python3.12/site-packages/airflow/example_dags/example_dataset_alias.py for tasks to queue
[2025-04-06T07:43:52.320+0000] {logging_mixin.py:190} INFO - [2025-04-06T07:43:52.320+0000] {dagbag.py:588} INFO - Filling up the DagBag from /home/airflow/.local/lib/python3.12/site-packages/airflow/example_dags/example_dataset_alias.py
[2025-04-06T07:43:52.687+0000] {processor.py:925} INFO - DAG(s) 'dataset_s3_bucket_producer', 'dataset_alias_example_alias_consumer', 'dataset_alias_example_alias_producer', 'dataset_s3_bucket_consumer' retrieved from /home/airflow/.local/lib/python3.12/site-packages/airflow/example_dags/example_dataset_alias.py
[2025-04-06T07:43:52.699+0000] {logging_mixin.py:190} INFO - [2025-04-06T07:43:52.698+0000] {dag.py:3239} INFO - Sync 4 DAGs
[2025-04-06T07:43:52.711+0000] {logging_mixin.py:190} INFO - [2025-04-06T07:43:52.711+0000] {dag.py:4180} INFO - Setting next_dagrun for dataset_alias_example_alias_consumer to None, run_after=None
[2025-04-06T07:43:52.712+0000] {logging_mixin.py:190} INFO - [2025-04-06T07:43:52.712+0000] {dag.py:4180} INFO - Setting next_dagrun for dataset_alias_example_alias_producer to None, run_after=None
[2025-04-06T07:43:52.713+0000] {logging_mixin.py:190} INFO - [2025-04-06T07:43:52.713+0000] {dag.py:4180} INFO - Setting next_dagrun for dataset_s3_bucket_consumer to None, run_after=None
[2025-04-06T07:43:52.713+0000] {logging_mixin.py:190} INFO - [2025-04-06T07:43:52.713+0000] {dag.py:4180} INFO - Setting next_dagrun for dataset_s3_bucket_producer to None, run_after=None
[2025-04-06T07:43:52.726+0000] {processor.py:208} INFO - Processing /home/airflow/.local/lib/python3.12/site-packages/airflow/example_dags/example_dataset_alias.py took 0.412 seconds
