[2025-04-06T07:27:56.853+0000] {processor.py:186} INFO - Started process (PID=75) to work on /home/airflow/.local/lib/python3.12/site-packages/airflow/example_dags/example_bash_operator.py
[2025-04-06T07:27:56.853+0000] {processor.py:914} INFO - Processing file /home/airflow/.local/lib/python3.12/site-packages/airflow/example_dags/example_bash_operator.py for tasks to queue
[2025-04-06T07:27:56.854+0000] {logging_mixin.py:190} INFO - [2025-04-06T07:27:56.854+0000] {dagbag.py:588} INFO - Filling up the DagBag from /home/airflow/.local/lib/python3.12/site-packages/airflow/example_dags/example_bash_operator.py
[2025-04-06T07:27:56.862+0000] {processor.py:925} INFO - DAG(s) 'example_bash_operator' retrieved from /home/airflow/.local/lib/python3.12/site-packages/airflow/example_dags/example_bash_operator.py
[2025-04-06T07:27:56.922+0000] {logging_mixin.py:190} INFO - [2025-04-06T07:27:56.921+0000] {override.py:1912} INFO - Created Permission View: can delete on DAG:example_bash_operator
[2025-04-06T07:27:56.927+0000] {logging_mixin.py:190} INFO - [2025-04-06T07:27:56.927+0000] {override.py:1912} INFO - Created Permission View: can read on DAG:example_bash_operator
[2025-04-06T07:27:56.931+0000] {logging_mixin.py:190} INFO - [2025-04-06T07:27:56.931+0000] {override.py:1912} INFO - Created Permission View: can edit on DAG:example_bash_operator
[2025-04-06T07:27:56.936+0000] {logging_mixin.py:190} INFO - [2025-04-06T07:27:56.935+0000] {override.py:1912} INFO - Created Permission View: can delete on DAG Run:example_bash_operator
[2025-04-06T07:27:56.939+0000] {logging_mixin.py:190} INFO - [2025-04-06T07:27:56.939+0000] {override.py:1912} INFO - Created Permission View: can read on DAG Run:example_bash_operator
[2025-04-06T07:27:56.943+0000] {logging_mixin.py:190} INFO - [2025-04-06T07:27:56.943+0000] {override.py:1912} INFO - Created Permission View: can create on DAG Run:example_bash_operator
[2025-04-06T07:27:56.947+0000] {logging_mixin.py:190} INFO - [2025-04-06T07:27:56.947+0000] {override.py:1912} INFO - Created Permission View: menu access on DAG Run:example_bash_operator
[2025-04-06T07:27:56.947+0000] {logging_mixin.py:190} INFO - [2025-04-06T07:27:56.947+0000] {dag.py:3239} INFO - Sync 1 DAGs
[2025-04-06T07:27:56.954+0000] {logging_mixin.py:190} INFO - [2025-04-06T07:27:56.954+0000] {dag.py:3262} INFO - Creating ORM DAG for example_bash_operator
[2025-04-06T07:27:56.959+0000] {logging_mixin.py:190} INFO - [2025-04-06T07:27:56.959+0000] {dag.py:4180} INFO - Setting next_dagrun for example_bash_operator to 2025-04-05 00:00:00+00:00, run_after=2025-04-06 00:00:00+00:00
[2025-04-06T07:27:56.968+0000] {processor.py:208} INFO - Processing /home/airflow/.local/lib/python3.12/site-packages/airflow/example_dags/example_bash_operator.py took 0.118 seconds
[2025-04-06T07:28:27.464+0000] {processor.py:186} INFO - Started process (PID=144) to work on /home/airflow/.local/lib/python3.12/site-packages/airflow/example_dags/example_bash_operator.py
[2025-04-06T07:28:27.465+0000] {processor.py:914} INFO - Processing file /home/airflow/.local/lib/python3.12/site-packages/airflow/example_dags/example_bash_operator.py for tasks to queue
[2025-04-06T07:28:27.466+0000] {logging_mixin.py:190} INFO - [2025-04-06T07:28:27.465+0000] {dagbag.py:588} INFO - Filling up the DagBag from /home/airflow/.local/lib/python3.12/site-packages/airflow/example_dags/example_bash_operator.py
[2025-04-06T07:28:27.472+0000] {processor.py:925} INFO - DAG(s) 'example_bash_operator' retrieved from /home/airflow/.local/lib/python3.12/site-packages/airflow/example_dags/example_bash_operator.py
[2025-04-06T07:28:27.486+0000] {logging_mixin.py:190} INFO - [2025-04-06T07:28:27.486+0000] {dag.py:3239} INFO - Sync 1 DAGs
[2025-04-06T07:28:27.498+0000] {logging_mixin.py:190} INFO - [2025-04-06T07:28:27.498+0000] {dag.py:4180} INFO - Setting next_dagrun for example_bash_operator to 2025-04-05 00:00:00+00:00, run_after=2025-04-06 00:00:00+00:00
[2025-04-06T07:28:27.508+0000] {processor.py:208} INFO - Processing /home/airflow/.local/lib/python3.12/site-packages/airflow/example_dags/example_bash_operator.py took 0.047 seconds
[2025-04-06T07:28:58.880+0000] {processor.py:186} INFO - Started process (PID=207) to work on /home/airflow/.local/lib/python3.12/site-packages/airflow/example_dags/example_bash_operator.py
[2025-04-06T07:28:58.881+0000] {processor.py:914} INFO - Processing file /home/airflow/.local/lib/python3.12/site-packages/airflow/example_dags/example_bash_operator.py for tasks to queue
[2025-04-06T07:28:58.882+0000] {logging_mixin.py:190} INFO - [2025-04-06T07:28:58.882+0000] {dagbag.py:588} INFO - Filling up the DagBag from /home/airflow/.local/lib/python3.12/site-packages/airflow/example_dags/example_bash_operator.py
[2025-04-06T07:28:58.889+0000] {processor.py:925} INFO - DAG(s) 'example_bash_operator' retrieved from /home/airflow/.local/lib/python3.12/site-packages/airflow/example_dags/example_bash_operator.py
[2025-04-06T07:28:58.903+0000] {logging_mixin.py:190} INFO - [2025-04-06T07:28:58.903+0000] {dag.py:3239} INFO - Sync 1 DAGs
[2025-04-06T07:28:58.916+0000] {logging_mixin.py:190} INFO - [2025-04-06T07:28:58.916+0000] {dag.py:4180} INFO - Setting next_dagrun for example_bash_operator to 2025-04-05 00:00:00+00:00, run_after=2025-04-06 00:00:00+00:00
[2025-04-06T07:28:58.926+0000] {processor.py:208} INFO - Processing /home/airflow/.local/lib/python3.12/site-packages/airflow/example_dags/example_bash_operator.py took 0.050 seconds
[2025-04-06T07:29:30.283+0000] {processor.py:186} INFO - Started process (PID=270) to work on /home/airflow/.local/lib/python3.12/site-packages/airflow/example_dags/example_bash_operator.py
[2025-04-06T07:29:30.284+0000] {processor.py:914} INFO - Processing file /home/airflow/.local/lib/python3.12/site-packages/airflow/example_dags/example_bash_operator.py for tasks to queue
[2025-04-06T07:29:30.285+0000] {logging_mixin.py:190} INFO - [2025-04-06T07:29:30.285+0000] {dagbag.py:588} INFO - Filling up the DagBag from /home/airflow/.local/lib/python3.12/site-packages/airflow/example_dags/example_bash_operator.py
[2025-04-06T07:29:30.291+0000] {processor.py:925} INFO - DAG(s) 'example_bash_operator' retrieved from /home/airflow/.local/lib/python3.12/site-packages/airflow/example_dags/example_bash_operator.py
[2025-04-06T07:29:30.305+0000] {logging_mixin.py:190} INFO - [2025-04-06T07:29:30.305+0000] {dag.py:3239} INFO - Sync 1 DAGs
[2025-04-06T07:29:30.317+0000] {logging_mixin.py:190} INFO - [2025-04-06T07:29:30.317+0000] {dag.py:4180} INFO - Setting next_dagrun for example_bash_operator to 2025-04-05 00:00:00+00:00, run_after=2025-04-06 00:00:00+00:00
[2025-04-06T07:29:30.327+0000] {processor.py:208} INFO - Processing /home/airflow/.local/lib/python3.12/site-packages/airflow/example_dags/example_bash_operator.py took 0.047 seconds
[2025-04-06T07:30:01.153+0000] {processor.py:186} INFO - Started process (PID=333) to work on /home/airflow/.local/lib/python3.12/site-packages/airflow/example_dags/example_bash_operator.py
[2025-04-06T07:30:01.154+0000] {processor.py:914} INFO - Processing file /home/airflow/.local/lib/python3.12/site-packages/airflow/example_dags/example_bash_operator.py for tasks to queue
[2025-04-06T07:30:01.155+0000] {logging_mixin.py:190} INFO - [2025-04-06T07:30:01.155+0000] {dagbag.py:588} INFO - Filling up the DagBag from /home/airflow/.local/lib/python3.12/site-packages/airflow/example_dags/example_bash_operator.py
[2025-04-06T07:30:01.161+0000] {processor.py:925} INFO - DAG(s) 'example_bash_operator' retrieved from /home/airflow/.local/lib/python3.12/site-packages/airflow/example_dags/example_bash_operator.py
[2025-04-06T07:30:01.175+0000] {logging_mixin.py:190} INFO - [2025-04-06T07:30:01.175+0000] {dag.py:3239} INFO - Sync 1 DAGs
[2025-04-06T07:30:01.186+0000] {logging_mixin.py:190} INFO - [2025-04-06T07:30:01.186+0000] {dag.py:4180} INFO - Setting next_dagrun for example_bash_operator to 2025-04-05 00:00:00+00:00, run_after=2025-04-06 00:00:00+00:00
[2025-04-06T07:30:01.197+0000] {processor.py:208} INFO - Processing /home/airflow/.local/lib/python3.12/site-packages/airflow/example_dags/example_bash_operator.py took 0.046 seconds
[2025-04-06T07:30:31.745+0000] {processor.py:186} INFO - Started process (PID=396) to work on /home/airflow/.local/lib/python3.12/site-packages/airflow/example_dags/example_bash_operator.py
[2025-04-06T07:30:31.746+0000] {processor.py:914} INFO - Processing file /home/airflow/.local/lib/python3.12/site-packages/airflow/example_dags/example_bash_operator.py for tasks to queue
[2025-04-06T07:30:31.747+0000] {logging_mixin.py:190} INFO - [2025-04-06T07:30:31.747+0000] {dagbag.py:588} INFO - Filling up the DagBag from /home/airflow/.local/lib/python3.12/site-packages/airflow/example_dags/example_bash_operator.py
[2025-04-06T07:30:31.755+0000] {processor.py:925} INFO - DAG(s) 'example_bash_operator' retrieved from /home/airflow/.local/lib/python3.12/site-packages/airflow/example_dags/example_bash_operator.py
[2025-04-06T07:30:31.768+0000] {logging_mixin.py:190} INFO - [2025-04-06T07:30:31.768+0000] {dag.py:3239} INFO - Sync 1 DAGs
[2025-04-06T07:30:31.781+0000] {logging_mixin.py:190} INFO - [2025-04-06T07:30:31.781+0000] {dag.py:4180} INFO - Setting next_dagrun for example_bash_operator to 2025-04-05 00:00:00+00:00, run_after=2025-04-06 00:00:00+00:00
[2025-04-06T07:30:31.791+0000] {processor.py:208} INFO - Processing /home/airflow/.local/lib/python3.12/site-packages/airflow/example_dags/example_bash_operator.py took 0.048 seconds
[2025-04-06T07:31:02.662+0000] {processor.py:186} INFO - Started process (PID=459) to work on /home/airflow/.local/lib/python3.12/site-packages/airflow/example_dags/example_bash_operator.py
[2025-04-06T07:31:02.662+0000] {processor.py:914} INFO - Processing file /home/airflow/.local/lib/python3.12/site-packages/airflow/example_dags/example_bash_operator.py for tasks to queue
[2025-04-06T07:31:02.663+0000] {logging_mixin.py:190} INFO - [2025-04-06T07:31:02.663+0000] {dagbag.py:588} INFO - Filling up the DagBag from /home/airflow/.local/lib/python3.12/site-packages/airflow/example_dags/example_bash_operator.py
[2025-04-06T07:31:02.670+0000] {processor.py:925} INFO - DAG(s) 'example_bash_operator' retrieved from /home/airflow/.local/lib/python3.12/site-packages/airflow/example_dags/example_bash_operator.py
[2025-04-06T07:31:02.682+0000] {logging_mixin.py:190} INFO - [2025-04-06T07:31:02.682+0000] {dag.py:3239} INFO - Sync 1 DAGs
[2025-04-06T07:31:02.693+0000] {logging_mixin.py:190} INFO - [2025-04-06T07:31:02.693+0000] {dag.py:4180} INFO - Setting next_dagrun for example_bash_operator to 2025-04-05 00:00:00+00:00, run_after=2025-04-06 00:00:00+00:00
[2025-04-06T07:31:02.703+0000] {processor.py:208} INFO - Processing /home/airflow/.local/lib/python3.12/site-packages/airflow/example_dags/example_bash_operator.py took 0.044 seconds
[2025-04-06T07:31:33.391+0000] {processor.py:186} INFO - Started process (PID=522) to work on /home/airflow/.local/lib/python3.12/site-packages/airflow/example_dags/example_bash_operator.py
[2025-04-06T07:31:33.392+0000] {processor.py:914} INFO - Processing file /home/airflow/.local/lib/python3.12/site-packages/airflow/example_dags/example_bash_operator.py for tasks to queue
[2025-04-06T07:31:33.393+0000] {logging_mixin.py:190} INFO - [2025-04-06T07:31:33.393+0000] {dagbag.py:588} INFO - Filling up the DagBag from /home/airflow/.local/lib/python3.12/site-packages/airflow/example_dags/example_bash_operator.py
[2025-04-06T07:31:33.399+0000] {processor.py:925} INFO - DAG(s) 'example_bash_operator' retrieved from /home/airflow/.local/lib/python3.12/site-packages/airflow/example_dags/example_bash_operator.py
[2025-04-06T07:31:33.412+0000] {logging_mixin.py:190} INFO - [2025-04-06T07:31:33.412+0000] {dag.py:3239} INFO - Sync 1 DAGs
[2025-04-06T07:31:33.424+0000] {logging_mixin.py:190} INFO - [2025-04-06T07:31:33.424+0000] {dag.py:4180} INFO - Setting next_dagrun for example_bash_operator to 2025-04-05 00:00:00+00:00, run_after=2025-04-06 00:00:00+00:00
[2025-04-06T07:31:33.433+0000] {processor.py:208} INFO - Processing /home/airflow/.local/lib/python3.12/site-packages/airflow/example_dags/example_bash_operator.py took 0.045 seconds
[2025-04-06T07:32:04.090+0000] {processor.py:186} INFO - Started process (PID=585) to work on /home/airflow/.local/lib/python3.12/site-packages/airflow/example_dags/example_bash_operator.py
[2025-04-06T07:32:04.091+0000] {processor.py:914} INFO - Processing file /home/airflow/.local/lib/python3.12/site-packages/airflow/example_dags/example_bash_operator.py for tasks to queue
[2025-04-06T07:32:04.092+0000] {logging_mixin.py:190} INFO - [2025-04-06T07:32:04.092+0000] {dagbag.py:588} INFO - Filling up the DagBag from /home/airflow/.local/lib/python3.12/site-packages/airflow/example_dags/example_bash_operator.py
[2025-04-06T07:32:04.098+0000] {processor.py:925} INFO - DAG(s) 'example_bash_operator' retrieved from /home/airflow/.local/lib/python3.12/site-packages/airflow/example_dags/example_bash_operator.py
[2025-04-06T07:32:04.111+0000] {logging_mixin.py:190} INFO - [2025-04-06T07:32:04.111+0000] {dag.py:3239} INFO - Sync 1 DAGs
[2025-04-06T07:32:04.122+0000] {logging_mixin.py:190} INFO - [2025-04-06T07:32:04.122+0000] {dag.py:4180} INFO - Setting next_dagrun for example_bash_operator to 2025-04-05 00:00:00+00:00, run_after=2025-04-06 00:00:00+00:00
[2025-04-06T07:32:04.132+0000] {processor.py:208} INFO - Processing /home/airflow/.local/lib/python3.12/site-packages/airflow/example_dags/example_bash_operator.py took 0.045 seconds
[2025-04-06T07:32:34.847+0000] {processor.py:186} INFO - Started process (PID=648) to work on /home/airflow/.local/lib/python3.12/site-packages/airflow/example_dags/example_bash_operator.py
[2025-04-06T07:32:34.848+0000] {processor.py:914} INFO - Processing file /home/airflow/.local/lib/python3.12/site-packages/airflow/example_dags/example_bash_operator.py for tasks to queue
[2025-04-06T07:32:34.849+0000] {logging_mixin.py:190} INFO - [2025-04-06T07:32:34.848+0000] {dagbag.py:588} INFO - Filling up the DagBag from /home/airflow/.local/lib/python3.12/site-packages/airflow/example_dags/example_bash_operator.py
[2025-04-06T07:32:34.855+0000] {processor.py:925} INFO - DAG(s) 'example_bash_operator' retrieved from /home/airflow/.local/lib/python3.12/site-packages/airflow/example_dags/example_bash_operator.py
[2025-04-06T07:32:34.869+0000] {logging_mixin.py:190} INFO - [2025-04-06T07:32:34.869+0000] {dag.py:3239} INFO - Sync 1 DAGs
[2025-04-06T07:32:34.880+0000] {logging_mixin.py:190} INFO - [2025-04-06T07:32:34.880+0000] {dag.py:4180} INFO - Setting next_dagrun for example_bash_operator to 2025-04-05 00:00:00+00:00, run_after=2025-04-06 00:00:00+00:00
[2025-04-06T07:32:34.890+0000] {processor.py:208} INFO - Processing /home/airflow/.local/lib/python3.12/site-packages/airflow/example_dags/example_bash_operator.py took 0.046 seconds
[2025-04-06T07:33:05.369+0000] {processor.py:186} INFO - Started process (PID=711) to work on /home/airflow/.local/lib/python3.12/site-packages/airflow/example_dags/example_bash_operator.py
[2025-04-06T07:33:05.369+0000] {processor.py:914} INFO - Processing file /home/airflow/.local/lib/python3.12/site-packages/airflow/example_dags/example_bash_operator.py for tasks to queue
[2025-04-06T07:33:05.371+0000] {logging_mixin.py:190} INFO - [2025-04-06T07:33:05.370+0000] {dagbag.py:588} INFO - Filling up the DagBag from /home/airflow/.local/lib/python3.12/site-packages/airflow/example_dags/example_bash_operator.py
[2025-04-06T07:33:05.377+0000] {processor.py:925} INFO - DAG(s) 'example_bash_operator' retrieved from /home/airflow/.local/lib/python3.12/site-packages/airflow/example_dags/example_bash_operator.py
[2025-04-06T07:33:05.390+0000] {logging_mixin.py:190} INFO - [2025-04-06T07:33:05.390+0000] {dag.py:3239} INFO - Sync 1 DAGs
[2025-04-06T07:33:05.402+0000] {logging_mixin.py:190} INFO - [2025-04-06T07:33:05.402+0000] {dag.py:4180} INFO - Setting next_dagrun for example_bash_operator to 2025-04-05 00:00:00+00:00, run_after=2025-04-06 00:00:00+00:00
[2025-04-06T07:33:05.412+0000] {processor.py:208} INFO - Processing /home/airflow/.local/lib/python3.12/site-packages/airflow/example_dags/example_bash_operator.py took 0.046 seconds
[2025-04-06T07:33:36.014+0000] {processor.py:186} INFO - Started process (PID=774) to work on /home/airflow/.local/lib/python3.12/site-packages/airflow/example_dags/example_bash_operator.py
[2025-04-06T07:33:36.014+0000] {processor.py:914} INFO - Processing file /home/airflow/.local/lib/python3.12/site-packages/airflow/example_dags/example_bash_operator.py for tasks to queue
[2025-04-06T07:33:36.015+0000] {logging_mixin.py:190} INFO - [2025-04-06T07:33:36.015+0000] {dagbag.py:588} INFO - Filling up the DagBag from /home/airflow/.local/lib/python3.12/site-packages/airflow/example_dags/example_bash_operator.py
[2025-04-06T07:33:36.021+0000] {processor.py:925} INFO - DAG(s) 'example_bash_operator' retrieved from /home/airflow/.local/lib/python3.12/site-packages/airflow/example_dags/example_bash_operator.py
[2025-04-06T07:33:36.034+0000] {logging_mixin.py:190} INFO - [2025-04-06T07:33:36.034+0000] {dag.py:3239} INFO - Sync 1 DAGs
[2025-04-06T07:33:36.047+0000] {logging_mixin.py:190} INFO - [2025-04-06T07:33:36.047+0000] {dag.py:4180} INFO - Setting next_dagrun for example_bash_operator to 2025-04-05 00:00:00+00:00, run_after=2025-04-06 00:00:00+00:00
[2025-04-06T07:33:36.057+0000] {processor.py:208} INFO - Processing /home/airflow/.local/lib/python3.12/site-packages/airflow/example_dags/example_bash_operator.py took 0.047 seconds
[2025-04-06T07:34:06.622+0000] {processor.py:186} INFO - Started process (PID=843) to work on /home/airflow/.local/lib/python3.12/site-packages/airflow/example_dags/example_bash_operator.py
[2025-04-06T07:34:06.622+0000] {processor.py:914} INFO - Processing file /home/airflow/.local/lib/python3.12/site-packages/airflow/example_dags/example_bash_operator.py for tasks to queue
[2025-04-06T07:34:06.623+0000] {logging_mixin.py:190} INFO - [2025-04-06T07:34:06.623+0000] {dagbag.py:588} INFO - Filling up the DagBag from /home/airflow/.local/lib/python3.12/site-packages/airflow/example_dags/example_bash_operator.py
[2025-04-06T07:34:06.630+0000] {processor.py:925} INFO - DAG(s) 'example_bash_operator' retrieved from /home/airflow/.local/lib/python3.12/site-packages/airflow/example_dags/example_bash_operator.py
[2025-04-06T07:34:06.644+0000] {logging_mixin.py:190} INFO - [2025-04-06T07:34:06.643+0000] {dag.py:3239} INFO - Sync 1 DAGs
[2025-04-06T07:34:06.655+0000] {logging_mixin.py:190} INFO - [2025-04-06T07:34:06.655+0000] {dag.py:4180} INFO - Setting next_dagrun for example_bash_operator to 2025-04-05 00:00:00+00:00, run_after=2025-04-06 00:00:00+00:00
[2025-04-06T07:34:06.664+0000] {processor.py:208} INFO - Processing /home/airflow/.local/lib/python3.12/site-packages/airflow/example_dags/example_bash_operator.py took 0.045 seconds
[2025-04-06T07:34:37.208+0000] {processor.py:186} INFO - Started process (PID=906) to work on /home/airflow/.local/lib/python3.12/site-packages/airflow/example_dags/example_bash_operator.py
[2025-04-06T07:34:37.209+0000] {processor.py:914} INFO - Processing file /home/airflow/.local/lib/python3.12/site-packages/airflow/example_dags/example_bash_operator.py for tasks to queue
[2025-04-06T07:34:37.210+0000] {logging_mixin.py:190} INFO - [2025-04-06T07:34:37.210+0000] {dagbag.py:588} INFO - Filling up the DagBag from /home/airflow/.local/lib/python3.12/site-packages/airflow/example_dags/example_bash_operator.py
[2025-04-06T07:34:37.217+0000] {processor.py:925} INFO - DAG(s) 'example_bash_operator' retrieved from /home/airflow/.local/lib/python3.12/site-packages/airflow/example_dags/example_bash_operator.py
[2025-04-06T07:34:37.229+0000] {logging_mixin.py:190} INFO - [2025-04-06T07:34:37.229+0000] {dag.py:3239} INFO - Sync 1 DAGs
[2025-04-06T07:34:37.241+0000] {logging_mixin.py:190} INFO - [2025-04-06T07:34:37.241+0000] {dag.py:4180} INFO - Setting next_dagrun for example_bash_operator to 2025-04-05 00:00:00+00:00, run_after=2025-04-06 00:00:00+00:00
[2025-04-06T07:34:37.251+0000] {processor.py:208} INFO - Processing /home/airflow/.local/lib/python3.12/site-packages/airflow/example_dags/example_bash_operator.py took 0.046 seconds
[2025-04-06T07:35:07.772+0000] {processor.py:186} INFO - Started process (PID=969) to work on /home/airflow/.local/lib/python3.12/site-packages/airflow/example_dags/example_bash_operator.py
[2025-04-06T07:35:07.773+0000] {processor.py:914} INFO - Processing file /home/airflow/.local/lib/python3.12/site-packages/airflow/example_dags/example_bash_operator.py for tasks to queue
[2025-04-06T07:35:07.774+0000] {logging_mixin.py:190} INFO - [2025-04-06T07:35:07.773+0000] {dagbag.py:588} INFO - Filling up the DagBag from /home/airflow/.local/lib/python3.12/site-packages/airflow/example_dags/example_bash_operator.py
[2025-04-06T07:35:07.780+0000] {processor.py:925} INFO - DAG(s) 'example_bash_operator' retrieved from /home/airflow/.local/lib/python3.12/site-packages/airflow/example_dags/example_bash_operator.py
[2025-04-06T07:35:07.792+0000] {logging_mixin.py:190} INFO - [2025-04-06T07:35:07.792+0000] {dag.py:3239} INFO - Sync 1 DAGs
[2025-04-06T07:35:07.804+0000] {logging_mixin.py:190} INFO - [2025-04-06T07:35:07.804+0000] {dag.py:4180} INFO - Setting next_dagrun for example_bash_operator to 2025-04-05 00:00:00+00:00, run_after=2025-04-06 00:00:00+00:00
[2025-04-06T07:35:07.813+0000] {processor.py:208} INFO - Processing /home/airflow/.local/lib/python3.12/site-packages/airflow/example_dags/example_bash_operator.py took 0.044 seconds
[2025-04-06T07:35:38.241+0000] {processor.py:186} INFO - Started process (PID=1032) to work on /home/airflow/.local/lib/python3.12/site-packages/airflow/example_dags/example_bash_operator.py
[2025-04-06T07:35:38.242+0000] {processor.py:914} INFO - Processing file /home/airflow/.local/lib/python3.12/site-packages/airflow/example_dags/example_bash_operator.py for tasks to queue
[2025-04-06T07:35:38.243+0000] {logging_mixin.py:190} INFO - [2025-04-06T07:35:38.243+0000] {dagbag.py:588} INFO - Filling up the DagBag from /home/airflow/.local/lib/python3.12/site-packages/airflow/example_dags/example_bash_operator.py
[2025-04-06T07:35:38.249+0000] {processor.py:925} INFO - DAG(s) 'example_bash_operator' retrieved from /home/airflow/.local/lib/python3.12/site-packages/airflow/example_dags/example_bash_operator.py
[2025-04-06T07:35:38.263+0000] {logging_mixin.py:190} INFO - [2025-04-06T07:35:38.263+0000] {dag.py:3239} INFO - Sync 1 DAGs
[2025-04-06T07:35:38.275+0000] {logging_mixin.py:190} INFO - [2025-04-06T07:35:38.275+0000] {dag.py:4180} INFO - Setting next_dagrun for example_bash_operator to 2025-04-05 00:00:00+00:00, run_after=2025-04-06 00:00:00+00:00
[2025-04-06T07:35:38.284+0000] {processor.py:208} INFO - Processing /home/airflow/.local/lib/python3.12/site-packages/airflow/example_dags/example_bash_operator.py took 0.046 seconds
[2025-04-06T07:36:08.692+0000] {processor.py:186} INFO - Started process (PID=1095) to work on /home/airflow/.local/lib/python3.12/site-packages/airflow/example_dags/example_bash_operator.py
[2025-04-06T07:36:08.693+0000] {processor.py:914} INFO - Processing file /home/airflow/.local/lib/python3.12/site-packages/airflow/example_dags/example_bash_operator.py for tasks to queue
[2025-04-06T07:36:08.695+0000] {logging_mixin.py:190} INFO - [2025-04-06T07:36:08.694+0000] {dagbag.py:588} INFO - Filling up the DagBag from /home/airflow/.local/lib/python3.12/site-packages/airflow/example_dags/example_bash_operator.py
[2025-04-06T07:36:08.702+0000] {processor.py:925} INFO - DAG(s) 'example_bash_operator' retrieved from /home/airflow/.local/lib/python3.12/site-packages/airflow/example_dags/example_bash_operator.py
[2025-04-06T07:36:08.717+0000] {logging_mixin.py:190} INFO - [2025-04-06T07:36:08.717+0000] {dag.py:3239} INFO - Sync 1 DAGs
[2025-04-06T07:36:08.731+0000] {logging_mixin.py:190} INFO - [2025-04-06T07:36:08.731+0000] {dag.py:4180} INFO - Setting next_dagrun for example_bash_operator to 2025-04-05 00:00:00+00:00, run_after=2025-04-06 00:00:00+00:00
[2025-04-06T07:36:08.742+0000] {processor.py:208} INFO - Processing /home/airflow/.local/lib/python3.12/site-packages/airflow/example_dags/example_bash_operator.py took 0.053 seconds
[2025-04-06T07:36:39.386+0000] {processor.py:186} INFO - Started process (PID=1158) to work on /home/airflow/.local/lib/python3.12/site-packages/airflow/example_dags/example_bash_operator.py
[2025-04-06T07:36:39.386+0000] {processor.py:914} INFO - Processing file /home/airflow/.local/lib/python3.12/site-packages/airflow/example_dags/example_bash_operator.py for tasks to queue
[2025-04-06T07:36:39.387+0000] {logging_mixin.py:190} INFO - [2025-04-06T07:36:39.387+0000] {dagbag.py:588} INFO - Filling up the DagBag from /home/airflow/.local/lib/python3.12/site-packages/airflow/example_dags/example_bash_operator.py
[2025-04-06T07:36:39.394+0000] {processor.py:925} INFO - DAG(s) 'example_bash_operator' retrieved from /home/airflow/.local/lib/python3.12/site-packages/airflow/example_dags/example_bash_operator.py
[2025-04-06T07:36:39.407+0000] {logging_mixin.py:190} INFO - [2025-04-06T07:36:39.407+0000] {dag.py:3239} INFO - Sync 1 DAGs
[2025-04-06T07:36:39.418+0000] {logging_mixin.py:190} INFO - [2025-04-06T07:36:39.418+0000] {dag.py:4180} INFO - Setting next_dagrun for example_bash_operator to 2025-04-05 00:00:00+00:00, run_after=2025-04-06 00:00:00+00:00
[2025-04-06T07:36:39.429+0000] {processor.py:208} INFO - Processing /home/airflow/.local/lib/python3.12/site-packages/airflow/example_dags/example_bash_operator.py took 0.046 seconds
[2025-04-06T07:37:10.306+0000] {processor.py:186} INFO - Started process (PID=1221) to work on /home/airflow/.local/lib/python3.12/site-packages/airflow/example_dags/example_bash_operator.py
[2025-04-06T07:37:10.307+0000] {processor.py:914} INFO - Processing file /home/airflow/.local/lib/python3.12/site-packages/airflow/example_dags/example_bash_operator.py for tasks to queue
[2025-04-06T07:37:10.308+0000] {logging_mixin.py:190} INFO - [2025-04-06T07:37:10.308+0000] {dagbag.py:588} INFO - Filling up the DagBag from /home/airflow/.local/lib/python3.12/site-packages/airflow/example_dags/example_bash_operator.py
[2025-04-06T07:37:10.315+0000] {processor.py:925} INFO - DAG(s) 'example_bash_operator' retrieved from /home/airflow/.local/lib/python3.12/site-packages/airflow/example_dags/example_bash_operator.py
[2025-04-06T07:37:10.329+0000] {logging_mixin.py:190} INFO - [2025-04-06T07:37:10.328+0000] {dag.py:3239} INFO - Sync 1 DAGs
[2025-04-06T07:37:10.341+0000] {logging_mixin.py:190} INFO - [2025-04-06T07:37:10.341+0000] {dag.py:4180} INFO - Setting next_dagrun for example_bash_operator to 2025-04-05 00:00:00+00:00, run_after=2025-04-06 00:00:00+00:00
[2025-04-06T07:37:10.351+0000] {processor.py:208} INFO - Processing /home/airflow/.local/lib/python3.12/site-packages/airflow/example_dags/example_bash_operator.py took 0.048 seconds
[2025-04-06T07:37:40.994+0000] {processor.py:186} INFO - Started process (PID=1284) to work on /home/airflow/.local/lib/python3.12/site-packages/airflow/example_dags/example_bash_operator.py
[2025-04-06T07:37:40.995+0000] {processor.py:914} INFO - Processing file /home/airflow/.local/lib/python3.12/site-packages/airflow/example_dags/example_bash_operator.py for tasks to queue
[2025-04-06T07:37:40.996+0000] {logging_mixin.py:190} INFO - [2025-04-06T07:37:40.996+0000] {dagbag.py:588} INFO - Filling up the DagBag from /home/airflow/.local/lib/python3.12/site-packages/airflow/example_dags/example_bash_operator.py
[2025-04-06T07:37:41.003+0000] {processor.py:925} INFO - DAG(s) 'example_bash_operator' retrieved from /home/airflow/.local/lib/python3.12/site-packages/airflow/example_dags/example_bash_operator.py
[2025-04-06T07:37:41.016+0000] {logging_mixin.py:190} INFO - [2025-04-06T07:37:41.016+0000] {dag.py:3239} INFO - Sync 1 DAGs
[2025-04-06T07:37:41.028+0000] {logging_mixin.py:190} INFO - [2025-04-06T07:37:41.028+0000] {dag.py:4180} INFO - Setting next_dagrun for example_bash_operator to 2025-04-05 00:00:00+00:00, run_after=2025-04-06 00:00:00+00:00
[2025-04-06T07:37:41.037+0000] {processor.py:208} INFO - Processing /home/airflow/.local/lib/python3.12/site-packages/airflow/example_dags/example_bash_operator.py took 0.046 seconds
[2025-04-06T07:38:12.037+0000] {processor.py:186} INFO - Started process (PID=1347) to work on /home/airflow/.local/lib/python3.12/site-packages/airflow/example_dags/example_bash_operator.py
[2025-04-06T07:38:12.038+0000] {processor.py:914} INFO - Processing file /home/airflow/.local/lib/python3.12/site-packages/airflow/example_dags/example_bash_operator.py for tasks to queue
[2025-04-06T07:38:12.039+0000] {logging_mixin.py:190} INFO - [2025-04-06T07:38:12.039+0000] {dagbag.py:588} INFO - Filling up the DagBag from /home/airflow/.local/lib/python3.12/site-packages/airflow/example_dags/example_bash_operator.py
[2025-04-06T07:38:12.046+0000] {processor.py:925} INFO - DAG(s) 'example_bash_operator' retrieved from /home/airflow/.local/lib/python3.12/site-packages/airflow/example_dags/example_bash_operator.py
[2025-04-06T07:38:12.059+0000] {logging_mixin.py:190} INFO - [2025-04-06T07:38:12.059+0000] {dag.py:3239} INFO - Sync 1 DAGs
[2025-04-06T07:38:12.071+0000] {logging_mixin.py:190} INFO - [2025-04-06T07:38:12.071+0000] {dag.py:4180} INFO - Setting next_dagrun for example_bash_operator to 2025-04-05 00:00:00+00:00, run_after=2025-04-06 00:00:00+00:00
[2025-04-06T07:38:12.082+0000] {processor.py:208} INFO - Processing /home/airflow/.local/lib/python3.12/site-packages/airflow/example_dags/example_bash_operator.py took 0.048 seconds
[2025-04-06T07:38:42.795+0000] {processor.py:186} INFO - Started process (PID=1410) to work on /home/airflow/.local/lib/python3.12/site-packages/airflow/example_dags/example_bash_operator.py
[2025-04-06T07:38:42.795+0000] {processor.py:914} INFO - Processing file /home/airflow/.local/lib/python3.12/site-packages/airflow/example_dags/example_bash_operator.py for tasks to queue
[2025-04-06T07:38:42.797+0000] {logging_mixin.py:190} INFO - [2025-04-06T07:38:42.796+0000] {dagbag.py:588} INFO - Filling up the DagBag from /home/airflow/.local/lib/python3.12/site-packages/airflow/example_dags/example_bash_operator.py
[2025-04-06T07:38:42.804+0000] {processor.py:925} INFO - DAG(s) 'example_bash_operator' retrieved from /home/airflow/.local/lib/python3.12/site-packages/airflow/example_dags/example_bash_operator.py
[2025-04-06T07:38:42.817+0000] {logging_mixin.py:190} INFO - [2025-04-06T07:38:42.817+0000] {dag.py:3239} INFO - Sync 1 DAGs
[2025-04-06T07:38:42.830+0000] {logging_mixin.py:190} INFO - [2025-04-06T07:38:42.830+0000] {dag.py:4180} INFO - Setting next_dagrun for example_bash_operator to 2025-04-05 00:00:00+00:00, run_after=2025-04-06 00:00:00+00:00
[2025-04-06T07:38:42.840+0000] {processor.py:208} INFO - Processing /home/airflow/.local/lib/python3.12/site-packages/airflow/example_dags/example_bash_operator.py took 0.048 seconds
[2025-04-06T07:39:13.706+0000] {processor.py:186} INFO - Started process (PID=1473) to work on /home/airflow/.local/lib/python3.12/site-packages/airflow/example_dags/example_bash_operator.py
[2025-04-06T07:39:13.708+0000] {processor.py:914} INFO - Processing file /home/airflow/.local/lib/python3.12/site-packages/airflow/example_dags/example_bash_operator.py for tasks to queue
[2025-04-06T07:39:13.709+0000] {logging_mixin.py:190} INFO - [2025-04-06T07:39:13.709+0000] {dagbag.py:588} INFO - Filling up the DagBag from /home/airflow/.local/lib/python3.12/site-packages/airflow/example_dags/example_bash_operator.py
[2025-04-06T07:39:13.716+0000] {processor.py:925} INFO - DAG(s) 'example_bash_operator' retrieved from /home/airflow/.local/lib/python3.12/site-packages/airflow/example_dags/example_bash_operator.py
[2025-04-06T07:39:13.731+0000] {logging_mixin.py:190} INFO - [2025-04-06T07:39:13.731+0000] {dag.py:3239} INFO - Sync 1 DAGs
[2025-04-06T07:39:13.743+0000] {logging_mixin.py:190} INFO - [2025-04-06T07:39:13.743+0000] {dag.py:4180} INFO - Setting next_dagrun for example_bash_operator to 2025-04-05 00:00:00+00:00, run_after=2025-04-06 00:00:00+00:00
[2025-04-06T07:39:13.753+0000] {processor.py:208} INFO - Processing /home/airflow/.local/lib/python3.12/site-packages/airflow/example_dags/example_bash_operator.py took 0.050 seconds
[2025-04-06T07:39:44.857+0000] {processor.py:186} INFO - Started process (PID=1542) to work on /home/airflow/.local/lib/python3.12/site-packages/airflow/example_dags/example_bash_operator.py
[2025-04-06T07:39:44.857+0000] {processor.py:914} INFO - Processing file /home/airflow/.local/lib/python3.12/site-packages/airflow/example_dags/example_bash_operator.py for tasks to queue
[2025-04-06T07:39:44.858+0000] {logging_mixin.py:190} INFO - [2025-04-06T07:39:44.858+0000] {dagbag.py:588} INFO - Filling up the DagBag from /home/airflow/.local/lib/python3.12/site-packages/airflow/example_dags/example_bash_operator.py
[2025-04-06T07:39:44.865+0000] {processor.py:925} INFO - DAG(s) 'example_bash_operator' retrieved from /home/airflow/.local/lib/python3.12/site-packages/airflow/example_dags/example_bash_operator.py
[2025-04-06T07:39:44.878+0000] {logging_mixin.py:190} INFO - [2025-04-06T07:39:44.877+0000] {dag.py:3239} INFO - Sync 1 DAGs
[2025-04-06T07:39:44.889+0000] {logging_mixin.py:190} INFO - [2025-04-06T07:39:44.889+0000] {dag.py:4180} INFO - Setting next_dagrun for example_bash_operator to 2025-04-05 00:00:00+00:00, run_after=2025-04-06 00:00:00+00:00
[2025-04-06T07:39:44.899+0000] {processor.py:208} INFO - Processing /home/airflow/.local/lib/python3.12/site-packages/airflow/example_dags/example_bash_operator.py took 0.045 seconds
[2025-04-06T07:40:15.492+0000] {processor.py:186} INFO - Started process (PID=1605) to work on /home/airflow/.local/lib/python3.12/site-packages/airflow/example_dags/example_bash_operator.py
[2025-04-06T07:40:15.492+0000] {processor.py:914} INFO - Processing file /home/airflow/.local/lib/python3.12/site-packages/airflow/example_dags/example_bash_operator.py for tasks to queue
[2025-04-06T07:40:15.493+0000] {logging_mixin.py:190} INFO - [2025-04-06T07:40:15.493+0000] {dagbag.py:588} INFO - Filling up the DagBag from /home/airflow/.local/lib/python3.12/site-packages/airflow/example_dags/example_bash_operator.py
[2025-04-06T07:40:15.500+0000] {processor.py:925} INFO - DAG(s) 'example_bash_operator' retrieved from /home/airflow/.local/lib/python3.12/site-packages/airflow/example_dags/example_bash_operator.py
[2025-04-06T07:40:15.514+0000] {logging_mixin.py:190} INFO - [2025-04-06T07:40:15.514+0000] {dag.py:3239} INFO - Sync 1 DAGs
[2025-04-06T07:40:15.527+0000] {logging_mixin.py:190} INFO - [2025-04-06T07:40:15.527+0000] {dag.py:4180} INFO - Setting next_dagrun for example_bash_operator to 2025-04-05 00:00:00+00:00, run_after=2025-04-06 00:00:00+00:00
[2025-04-06T07:40:15.537+0000] {processor.py:208} INFO - Processing /home/airflow/.local/lib/python3.12/site-packages/airflow/example_dags/example_bash_operator.py took 0.048 seconds
[2025-04-06T07:40:46.333+0000] {processor.py:186} INFO - Started process (PID=1668) to work on /home/airflow/.local/lib/python3.12/site-packages/airflow/example_dags/example_bash_operator.py
[2025-04-06T07:40:46.334+0000] {processor.py:914} INFO - Processing file /home/airflow/.local/lib/python3.12/site-packages/airflow/example_dags/example_bash_operator.py for tasks to queue
[2025-04-06T07:40:46.335+0000] {logging_mixin.py:190} INFO - [2025-04-06T07:40:46.335+0000] {dagbag.py:588} INFO - Filling up the DagBag from /home/airflow/.local/lib/python3.12/site-packages/airflow/example_dags/example_bash_operator.py
[2025-04-06T07:40:46.342+0000] {processor.py:925} INFO - DAG(s) 'example_bash_operator' retrieved from /home/airflow/.local/lib/python3.12/site-packages/airflow/example_dags/example_bash_operator.py
[2025-04-06T07:40:46.355+0000] {logging_mixin.py:190} INFO - [2025-04-06T07:40:46.355+0000] {dag.py:3239} INFO - Sync 1 DAGs
[2025-04-06T07:40:46.367+0000] {logging_mixin.py:190} INFO - [2025-04-06T07:40:46.367+0000] {dag.py:4180} INFO - Setting next_dagrun for example_bash_operator to 2025-04-05 00:00:00+00:00, run_after=2025-04-06 00:00:00+00:00
[2025-04-06T07:40:46.376+0000] {processor.py:208} INFO - Processing /home/airflow/.local/lib/python3.12/site-packages/airflow/example_dags/example_bash_operator.py took 0.046 seconds
[2025-04-06T07:41:17.615+0000] {processor.py:186} INFO - Started process (PID=1731) to work on /home/airflow/.local/lib/python3.12/site-packages/airflow/example_dags/example_bash_operator.py
[2025-04-06T07:41:17.616+0000] {processor.py:914} INFO - Processing file /home/airflow/.local/lib/python3.12/site-packages/airflow/example_dags/example_bash_operator.py for tasks to queue
[2025-04-06T07:41:17.617+0000] {logging_mixin.py:190} INFO - [2025-04-06T07:41:17.617+0000] {dagbag.py:588} INFO - Filling up the DagBag from /home/airflow/.local/lib/python3.12/site-packages/airflow/example_dags/example_bash_operator.py
[2025-04-06T07:41:17.624+0000] {processor.py:925} INFO - DAG(s) 'example_bash_operator' retrieved from /home/airflow/.local/lib/python3.12/site-packages/airflow/example_dags/example_bash_operator.py
[2025-04-06T07:41:17.638+0000] {logging_mixin.py:190} INFO - [2025-04-06T07:41:17.638+0000] {dag.py:3239} INFO - Sync 1 DAGs
[2025-04-06T07:41:17.649+0000] {logging_mixin.py:190} INFO - [2025-04-06T07:41:17.649+0000] {dag.py:4180} INFO - Setting next_dagrun for example_bash_operator to 2025-04-05 00:00:00+00:00, run_after=2025-04-06 00:00:00+00:00
[2025-04-06T07:41:17.659+0000] {processor.py:208} INFO - Processing /home/airflow/.local/lib/python3.12/site-packages/airflow/example_dags/example_bash_operator.py took 0.046 seconds
[2025-04-06T07:41:48.712+0000] {processor.py:186} INFO - Started process (PID=1794) to work on /home/airflow/.local/lib/python3.12/site-packages/airflow/example_dags/example_bash_operator.py
[2025-04-06T07:41:48.712+0000] {processor.py:914} INFO - Processing file /home/airflow/.local/lib/python3.12/site-packages/airflow/example_dags/example_bash_operator.py for tasks to queue
[2025-04-06T07:41:48.713+0000] {logging_mixin.py:190} INFO - [2025-04-06T07:41:48.713+0000] {dagbag.py:588} INFO - Filling up the DagBag from /home/airflow/.local/lib/python3.12/site-packages/airflow/example_dags/example_bash_operator.py
[2025-04-06T07:41:48.721+0000] {processor.py:925} INFO - DAG(s) 'example_bash_operator' retrieved from /home/airflow/.local/lib/python3.12/site-packages/airflow/example_dags/example_bash_operator.py
[2025-04-06T07:41:48.735+0000] {logging_mixin.py:190} INFO - [2025-04-06T07:41:48.735+0000] {dag.py:3239} INFO - Sync 1 DAGs
[2025-04-06T07:41:48.747+0000] {logging_mixin.py:190} INFO - [2025-04-06T07:41:48.747+0000] {dag.py:4180} INFO - Setting next_dagrun for example_bash_operator to 2025-04-05 00:00:00+00:00, run_after=2025-04-06 00:00:00+00:00
[2025-04-06T07:41:48.757+0000] {processor.py:208} INFO - Processing /home/airflow/.local/lib/python3.12/site-packages/airflow/example_dags/example_bash_operator.py took 0.048 seconds
[2025-04-06T07:42:19.593+0000] {processor.py:186} INFO - Started process (PID=1857) to work on /home/airflow/.local/lib/python3.12/site-packages/airflow/example_dags/example_bash_operator.py
[2025-04-06T07:42:19.593+0000] {processor.py:914} INFO - Processing file /home/airflow/.local/lib/python3.12/site-packages/airflow/example_dags/example_bash_operator.py for tasks to queue
[2025-04-06T07:42:19.594+0000] {logging_mixin.py:190} INFO - [2025-04-06T07:42:19.594+0000] {dagbag.py:588} INFO - Filling up the DagBag from /home/airflow/.local/lib/python3.12/site-packages/airflow/example_dags/example_bash_operator.py
[2025-04-06T07:42:19.601+0000] {processor.py:925} INFO - DAG(s) 'example_bash_operator' retrieved from /home/airflow/.local/lib/python3.12/site-packages/airflow/example_dags/example_bash_operator.py
[2025-04-06T07:42:19.614+0000] {logging_mixin.py:190} INFO - [2025-04-06T07:42:19.614+0000] {dag.py:3239} INFO - Sync 1 DAGs
[2025-04-06T07:42:19.626+0000] {logging_mixin.py:190} INFO - [2025-04-06T07:42:19.626+0000] {dag.py:4180} INFO - Setting next_dagrun for example_bash_operator to 2025-04-05 00:00:00+00:00, run_after=2025-04-06 00:00:00+00:00
[2025-04-06T07:42:19.636+0000] {processor.py:208} INFO - Processing /home/airflow/.local/lib/python3.12/site-packages/airflow/example_dags/example_bash_operator.py took 0.046 seconds
[2025-04-06T07:42:50.991+0000] {processor.py:186} INFO - Started process (PID=1920) to work on /home/airflow/.local/lib/python3.12/site-packages/airflow/example_dags/example_bash_operator.py
[2025-04-06T07:42:50.991+0000] {processor.py:914} INFO - Processing file /home/airflow/.local/lib/python3.12/site-packages/airflow/example_dags/example_bash_operator.py for tasks to queue
[2025-04-06T07:42:50.993+0000] {logging_mixin.py:190} INFO - [2025-04-06T07:42:50.992+0000] {dagbag.py:588} INFO - Filling up the DagBag from /home/airflow/.local/lib/python3.12/site-packages/airflow/example_dags/example_bash_operator.py
[2025-04-06T07:42:51.000+0000] {processor.py:925} INFO - DAG(s) 'example_bash_operator' retrieved from /home/airflow/.local/lib/python3.12/site-packages/airflow/example_dags/example_bash_operator.py
[2025-04-06T07:42:51.014+0000] {logging_mixin.py:190} INFO - [2025-04-06T07:42:51.014+0000] {dag.py:3239} INFO - Sync 1 DAGs
[2025-04-06T07:42:51.026+0000] {logging_mixin.py:190} INFO - [2025-04-06T07:42:51.026+0000] {dag.py:4180} INFO - Setting next_dagrun for example_bash_operator to 2025-04-05 00:00:00+00:00, run_after=2025-04-06 00:00:00+00:00
[2025-04-06T07:42:51.035+0000] {processor.py:208} INFO - Processing /home/airflow/.local/lib/python3.12/site-packages/airflow/example_dags/example_bash_operator.py took 0.047 seconds
[2025-04-06T07:43:21.883+0000] {processor.py:186} INFO - Started process (PID=1983) to work on /home/airflow/.local/lib/python3.12/site-packages/airflow/example_dags/example_bash_operator.py
[2025-04-06T07:43:21.883+0000] {processor.py:914} INFO - Processing file /home/airflow/.local/lib/python3.12/site-packages/airflow/example_dags/example_bash_operator.py for tasks to queue
[2025-04-06T07:43:21.885+0000] {logging_mixin.py:190} INFO - [2025-04-06T07:43:21.884+0000] {dagbag.py:588} INFO - Filling up the DagBag from /home/airflow/.local/lib/python3.12/site-packages/airflow/example_dags/example_bash_operator.py
[2025-04-06T07:43:21.893+0000] {processor.py:925} INFO - DAG(s) 'example_bash_operator' retrieved from /home/airflow/.local/lib/python3.12/site-packages/airflow/example_dags/example_bash_operator.py
[2025-04-06T07:43:21.906+0000] {logging_mixin.py:190} INFO - [2025-04-06T07:43:21.906+0000] {dag.py:3239} INFO - Sync 1 DAGs
[2025-04-06T07:43:21.918+0000] {logging_mixin.py:190} INFO - [2025-04-06T07:43:21.918+0000] {dag.py:4180} INFO - Setting next_dagrun for example_bash_operator to 2025-04-05 00:00:00+00:00, run_after=2025-04-06 00:00:00+00:00
[2025-04-06T07:43:21.927+0000] {processor.py:208} INFO - Processing /home/airflow/.local/lib/python3.12/site-packages/airflow/example_dags/example_bash_operator.py took 0.048 seconds
[2025-04-06T07:43:52.861+0000] {processor.py:186} INFO - Started process (PID=2046) to work on /home/airflow/.local/lib/python3.12/site-packages/airflow/example_dags/example_bash_operator.py
[2025-04-06T07:43:52.862+0000] {processor.py:914} INFO - Processing file /home/airflow/.local/lib/python3.12/site-packages/airflow/example_dags/example_bash_operator.py for tasks to queue
[2025-04-06T07:43:52.863+0000] {logging_mixin.py:190} INFO - [2025-04-06T07:43:52.862+0000] {dagbag.py:588} INFO - Filling up the DagBag from /home/airflow/.local/lib/python3.12/site-packages/airflow/example_dags/example_bash_operator.py
[2025-04-06T07:43:52.869+0000] {processor.py:925} INFO - DAG(s) 'example_bash_operator' retrieved from /home/airflow/.local/lib/python3.12/site-packages/airflow/example_dags/example_bash_operator.py
[2025-04-06T07:43:52.882+0000] {logging_mixin.py:190} INFO - [2025-04-06T07:43:52.882+0000] {dag.py:3239} INFO - Sync 1 DAGs
[2025-04-06T07:43:52.894+0000] {logging_mixin.py:190} INFO - [2025-04-06T07:43:52.894+0000] {dag.py:4180} INFO - Setting next_dagrun for example_bash_operator to 2025-04-05 00:00:00+00:00, run_after=2025-04-06 00:00:00+00:00
[2025-04-06T07:43:52.904+0000] {processor.py:208} INFO - Processing /home/airflow/.local/lib/python3.12/site-packages/airflow/example_dags/example_bash_operator.py took 0.046 seconds
