[2025-04-06T07:27:59.817+0000] {processor.py:186} INFO - Started process (PID=110) to work on /home/airflow/.local/lib/python3.12/site-packages/airflow/example_dags/example_sla_dag.py
[2025-04-06T07:27:59.817+0000] {processor.py:914} INFO - Processing file /home/airflow/.local/lib/python3.12/site-packages/airflow/example_dags/example_sla_dag.py for tasks to queue
[2025-04-06T07:27:59.819+0000] {logging_mixin.py:190} INFO - [2025-04-06T07:27:59.818+0000] {dagbag.py:588} INFO - Filling up the DagBag from /home/airflow/.local/lib/python3.12/site-packages/airflow/example_dags/example_sla_dag.py
[2025-04-06T07:27:59.824+0000] {processor.py:925} INFO - DAG(s) 'example_sla_dag' retrieved from /home/airflow/.local/lib/python3.12/site-packages/airflow/example_dags/example_sla_dag.py
[2025-04-06T07:27:59.879+0000] {logging_mixin.py:190} INFO - [2025-04-06T07:27:59.879+0000] {override.py:1912} INFO - Created Permission View: can delete on DAG:example_sla_dag
[2025-04-06T07:27:59.885+0000] {logging_mixin.py:190} INFO - [2025-04-06T07:27:59.884+0000] {override.py:1912} INFO - Created Permission View: can read on DAG:example_sla_dag
[2025-04-06T07:27:59.888+0000] {logging_mixin.py:190} INFO - [2025-04-06T07:27:59.888+0000] {override.py:1912} INFO - Created Permission View: can edit on DAG:example_sla_dag
[2025-04-06T07:27:59.893+0000] {logging_mixin.py:190} INFO - [2025-04-06T07:27:59.893+0000] {override.py:1912} INFO - Created Permission View: can delete on DAG Run:example_sla_dag
[2025-04-06T07:27:59.897+0000] {logging_mixin.py:190} INFO - [2025-04-06T07:27:59.897+0000] {override.py:1912} INFO - Created Permission View: can read on DAG Run:example_sla_dag
[2025-04-06T07:27:59.901+0000] {logging_mixin.py:190} INFO - [2025-04-06T07:27:59.900+0000] {override.py:1912} INFO - Created Permission View: can create on DAG Run:example_sla_dag
[2025-04-06T07:27:59.904+0000] {logging_mixin.py:190} INFO - [2025-04-06T07:27:59.904+0000] {override.py:1912} INFO - Created Permission View: menu access on DAG Run:example_sla_dag
[2025-04-06T07:27:59.904+0000] {logging_mixin.py:190} INFO - [2025-04-06T07:27:59.904+0000] {dag.py:3239} INFO - Sync 1 DAGs
[2025-04-06T07:27:59.910+0000] {logging_mixin.py:190} INFO - [2025-04-06T07:27:59.910+0000] {dag.py:3262} INFO - Creating ORM DAG for example_sla_dag
[2025-04-06T07:27:59.916+0000] {logging_mixin.py:190} INFO - [2025-04-06T07:27:59.916+0000] {dag.py:4180} INFO - Setting next_dagrun for example_sla_dag to 2025-04-06 07:24:00+00:00, run_after=2025-04-06 07:26:00+00:00
[2025-04-06T07:27:59.924+0000] {processor.py:208} INFO - Processing /home/airflow/.local/lib/python3.12/site-packages/airflow/example_dags/example_sla_dag.py took 0.109 seconds
[2025-04-06T07:28:30.115+0000] {processor.py:186} INFO - Started process (PID=173) to work on /home/airflow/.local/lib/python3.12/site-packages/airflow/example_dags/example_sla_dag.py
[2025-04-06T07:28:30.116+0000] {processor.py:914} INFO - Processing file /home/airflow/.local/lib/python3.12/site-packages/airflow/example_dags/example_sla_dag.py for tasks to queue
[2025-04-06T07:28:30.117+0000] {logging_mixin.py:190} INFO - [2025-04-06T07:28:30.117+0000] {dagbag.py:588} INFO - Filling up the DagBag from /home/airflow/.local/lib/python3.12/site-packages/airflow/example_dags/example_sla_dag.py
[2025-04-06T07:28:30.122+0000] {processor.py:925} INFO - DAG(s) 'example_sla_dag' retrieved from /home/airflow/.local/lib/python3.12/site-packages/airflow/example_dags/example_sla_dag.py
[2025-04-06T07:28:30.132+0000] {logging_mixin.py:190} INFO - [2025-04-06T07:28:30.131+0000] {dag.py:3239} INFO - Sync 1 DAGs
[2025-04-06T07:28:30.144+0000] {logging_mixin.py:190} INFO - [2025-04-06T07:28:30.144+0000] {dag.py:4180} INFO - Setting next_dagrun for example_sla_dag to 2025-04-06 07:26:00+00:00, run_after=2025-04-06 07:28:00+00:00
[2025-04-06T07:28:30.153+0000] {processor.py:208} INFO - Processing /home/airflow/.local/lib/python3.12/site-packages/airflow/example_dags/example_sla_dag.py took 0.041 seconds
[2025-04-06T07:29:00.221+0000] {processor.py:186} INFO - Started process (PID=236) to work on /home/airflow/.local/lib/python3.12/site-packages/airflow/example_dags/example_sla_dag.py
[2025-04-06T07:29:00.222+0000] {processor.py:914} INFO - Processing file /home/airflow/.local/lib/python3.12/site-packages/airflow/example_dags/example_sla_dag.py for tasks to queue
[2025-04-06T07:29:00.223+0000] {logging_mixin.py:190} INFO - [2025-04-06T07:29:00.223+0000] {dagbag.py:588} INFO - Filling up the DagBag from /home/airflow/.local/lib/python3.12/site-packages/airflow/example_dags/example_sla_dag.py
[2025-04-06T07:29:00.228+0000] {processor.py:925} INFO - DAG(s) 'example_sla_dag' retrieved from /home/airflow/.local/lib/python3.12/site-packages/airflow/example_dags/example_sla_dag.py
[2025-04-06T07:29:00.239+0000] {logging_mixin.py:190} INFO - [2025-04-06T07:29:00.238+0000] {dag.py:3239} INFO - Sync 1 DAGs
[2025-04-06T07:29:00.252+0000] {logging_mixin.py:190} INFO - [2025-04-06T07:29:00.252+0000] {dag.py:4180} INFO - Setting next_dagrun for example_sla_dag to 2025-04-06 07:26:00+00:00, run_after=2025-04-06 07:28:00+00:00
[2025-04-06T07:29:00.262+0000] {processor.py:208} INFO - Processing /home/airflow/.local/lib/python3.12/site-packages/airflow/example_dags/example_sla_dag.py took 0.044 seconds
[2025-04-06T07:29:31.575+0000] {processor.py:186} INFO - Started process (PID=299) to work on /home/airflow/.local/lib/python3.12/site-packages/airflow/example_dags/example_sla_dag.py
[2025-04-06T07:29:31.576+0000] {processor.py:914} INFO - Processing file /home/airflow/.local/lib/python3.12/site-packages/airflow/example_dags/example_sla_dag.py for tasks to queue
[2025-04-06T07:29:31.577+0000] {logging_mixin.py:190} INFO - [2025-04-06T07:29:31.576+0000] {dagbag.py:588} INFO - Filling up the DagBag from /home/airflow/.local/lib/python3.12/site-packages/airflow/example_dags/example_sla_dag.py
[2025-04-06T07:29:31.582+0000] {processor.py:925} INFO - DAG(s) 'example_sla_dag' retrieved from /home/airflow/.local/lib/python3.12/site-packages/airflow/example_dags/example_sla_dag.py
[2025-04-06T07:29:31.592+0000] {logging_mixin.py:190} INFO - [2025-04-06T07:29:31.592+0000] {dag.py:3239} INFO - Sync 1 DAGs
[2025-04-06T07:29:31.606+0000] {logging_mixin.py:190} INFO - [2025-04-06T07:29:31.606+0000] {dag.py:4180} INFO - Setting next_dagrun for example_sla_dag to 2025-04-06 07:26:00+00:00, run_after=2025-04-06 07:28:00+00:00
[2025-04-06T07:29:31.615+0000] {processor.py:208} INFO - Processing /home/airflow/.local/lib/python3.12/site-packages/airflow/example_dags/example_sla_dag.py took 0.043 seconds
[2025-04-06T07:30:02.383+0000] {processor.py:186} INFO - Started process (PID=362) to work on /home/airflow/.local/lib/python3.12/site-packages/airflow/example_dags/example_sla_dag.py
[2025-04-06T07:30:02.383+0000] {processor.py:914} INFO - Processing file /home/airflow/.local/lib/python3.12/site-packages/airflow/example_dags/example_sla_dag.py for tasks to queue
[2025-04-06T07:30:02.385+0000] {logging_mixin.py:190} INFO - [2025-04-06T07:30:02.384+0000] {dagbag.py:588} INFO - Filling up the DagBag from /home/airflow/.local/lib/python3.12/site-packages/airflow/example_dags/example_sla_dag.py
[2025-04-06T07:30:02.390+0000] {processor.py:925} INFO - DAG(s) 'example_sla_dag' retrieved from /home/airflow/.local/lib/python3.12/site-packages/airflow/example_dags/example_sla_dag.py
[2025-04-06T07:30:02.401+0000] {logging_mixin.py:190} INFO - [2025-04-06T07:30:02.401+0000] {dag.py:3239} INFO - Sync 1 DAGs
[2025-04-06T07:30:02.414+0000] {logging_mixin.py:190} INFO - [2025-04-06T07:30:02.414+0000] {dag.py:4180} INFO - Setting next_dagrun for example_sla_dag to 2025-04-06 07:28:00+00:00, run_after=2025-04-06 07:30:00+00:00
[2025-04-06T07:30:02.423+0000] {processor.py:208} INFO - Processing /home/airflow/.local/lib/python3.12/site-packages/airflow/example_dags/example_sla_dag.py took 0.043 seconds
[2025-04-06T07:30:33.272+0000] {processor.py:186} INFO - Started process (PID=425) to work on /home/airflow/.local/lib/python3.12/site-packages/airflow/example_dags/example_sla_dag.py
[2025-04-06T07:30:33.272+0000] {processor.py:914} INFO - Processing file /home/airflow/.local/lib/python3.12/site-packages/airflow/example_dags/example_sla_dag.py for tasks to queue
[2025-04-06T07:30:33.274+0000] {logging_mixin.py:190} INFO - [2025-04-06T07:30:33.274+0000] {dagbag.py:588} INFO - Filling up the DagBag from /home/airflow/.local/lib/python3.12/site-packages/airflow/example_dags/example_sla_dag.py
[2025-04-06T07:30:33.280+0000] {processor.py:925} INFO - DAG(s) 'example_sla_dag' retrieved from /home/airflow/.local/lib/python3.12/site-packages/airflow/example_dags/example_sla_dag.py
[2025-04-06T07:30:33.291+0000] {logging_mixin.py:190} INFO - [2025-04-06T07:30:33.291+0000] {dag.py:3239} INFO - Sync 1 DAGs
[2025-04-06T07:30:33.305+0000] {logging_mixin.py:190} INFO - [2025-04-06T07:30:33.305+0000] {dag.py:4180} INFO - Setting next_dagrun for example_sla_dag to 2025-04-06 07:28:00+00:00, run_after=2025-04-06 07:30:00+00:00
[2025-04-06T07:30:33.315+0000] {processor.py:208} INFO - Processing /home/airflow/.local/lib/python3.12/site-packages/airflow/example_dags/example_sla_dag.py took 0.046 seconds
[2025-04-06T07:31:03.821+0000] {processor.py:186} INFO - Started process (PID=488) to work on /home/airflow/.local/lib/python3.12/site-packages/airflow/example_dags/example_sla_dag.py
[2025-04-06T07:31:03.822+0000] {processor.py:914} INFO - Processing file /home/airflow/.local/lib/python3.12/site-packages/airflow/example_dags/example_sla_dag.py for tasks to queue
[2025-04-06T07:31:03.823+0000] {logging_mixin.py:190} INFO - [2025-04-06T07:31:03.823+0000] {dagbag.py:588} INFO - Filling up the DagBag from /home/airflow/.local/lib/python3.12/site-packages/airflow/example_dags/example_sla_dag.py
[2025-04-06T07:31:03.828+0000] {processor.py:925} INFO - DAG(s) 'example_sla_dag' retrieved from /home/airflow/.local/lib/python3.12/site-packages/airflow/example_dags/example_sla_dag.py
[2025-04-06T07:31:03.838+0000] {logging_mixin.py:190} INFO - [2025-04-06T07:31:03.838+0000] {dag.py:3239} INFO - Sync 1 DAGs
[2025-04-06T07:31:03.851+0000] {logging_mixin.py:190} INFO - [2025-04-06T07:31:03.851+0000] {dag.py:4180} INFO - Setting next_dagrun for example_sla_dag to 2025-04-06 07:28:00+00:00, run_after=2025-04-06 07:30:00+00:00
[2025-04-06T07:31:03.861+0000] {processor.py:208} INFO - Processing /home/airflow/.local/lib/python3.12/site-packages/airflow/example_dags/example_sla_dag.py took 0.043 seconds
[2025-04-06T07:31:34.746+0000] {processor.py:186} INFO - Started process (PID=551) to work on /home/airflow/.local/lib/python3.12/site-packages/airflow/example_dags/example_sla_dag.py
[2025-04-06T07:31:34.747+0000] {processor.py:914} INFO - Processing file /home/airflow/.local/lib/python3.12/site-packages/airflow/example_dags/example_sla_dag.py for tasks to queue
[2025-04-06T07:31:34.748+0000] {logging_mixin.py:190} INFO - [2025-04-06T07:31:34.748+0000] {dagbag.py:588} INFO - Filling up the DagBag from /home/airflow/.local/lib/python3.12/site-packages/airflow/example_dags/example_sla_dag.py
[2025-04-06T07:31:34.754+0000] {processor.py:925} INFO - DAG(s) 'example_sla_dag' retrieved from /home/airflow/.local/lib/python3.12/site-packages/airflow/example_dags/example_sla_dag.py
[2025-04-06T07:31:34.764+0000] {logging_mixin.py:190} INFO - [2025-04-06T07:31:34.764+0000] {dag.py:3239} INFO - Sync 1 DAGs
[2025-04-06T07:31:34.777+0000] {logging_mixin.py:190} INFO - [2025-04-06T07:31:34.777+0000] {dag.py:4180} INFO - Setting next_dagrun for example_sla_dag to 2025-04-06 07:28:00+00:00, run_after=2025-04-06 07:30:00+00:00
[2025-04-06T07:31:34.788+0000] {processor.py:208} INFO - Processing /home/airflow/.local/lib/python3.12/site-packages/airflow/example_dags/example_sla_dag.py took 0.045 seconds
[2025-04-06T07:32:05.307+0000] {processor.py:186} INFO - Started process (PID=614) to work on /home/airflow/.local/lib/python3.12/site-packages/airflow/example_dags/example_sla_dag.py
[2025-04-06T07:32:05.308+0000] {processor.py:914} INFO - Processing file /home/airflow/.local/lib/python3.12/site-packages/airflow/example_dags/example_sla_dag.py for tasks to queue
[2025-04-06T07:32:05.309+0000] {logging_mixin.py:190} INFO - [2025-04-06T07:32:05.309+0000] {dagbag.py:588} INFO - Filling up the DagBag from /home/airflow/.local/lib/python3.12/site-packages/airflow/example_dags/example_sla_dag.py
[2025-04-06T07:32:05.314+0000] {processor.py:925} INFO - DAG(s) 'example_sla_dag' retrieved from /home/airflow/.local/lib/python3.12/site-packages/airflow/example_dags/example_sla_dag.py
[2025-04-06T07:32:05.325+0000] {logging_mixin.py:190} INFO - [2025-04-06T07:32:05.325+0000] {dag.py:3239} INFO - Sync 1 DAGs
[2025-04-06T07:32:05.338+0000] {logging_mixin.py:190} INFO - [2025-04-06T07:32:05.337+0000] {dag.py:4180} INFO - Setting next_dagrun for example_sla_dag to 2025-04-06 07:30:00+00:00, run_after=2025-04-06 07:32:00+00:00
[2025-04-06T07:32:05.347+0000] {processor.py:208} INFO - Processing /home/airflow/.local/lib/python3.12/site-packages/airflow/example_dags/example_sla_dag.py took 0.043 seconds
[2025-04-06T07:32:35.986+0000] {processor.py:186} INFO - Started process (PID=676) to work on /home/airflow/.local/lib/python3.12/site-packages/airflow/example_dags/example_sla_dag.py
[2025-04-06T07:32:35.986+0000] {processor.py:914} INFO - Processing file /home/airflow/.local/lib/python3.12/site-packages/airflow/example_dags/example_sla_dag.py for tasks to queue
[2025-04-06T07:32:35.987+0000] {logging_mixin.py:190} INFO - [2025-04-06T07:32:35.987+0000] {dagbag.py:588} INFO - Filling up the DagBag from /home/airflow/.local/lib/python3.12/site-packages/airflow/example_dags/example_sla_dag.py
[2025-04-06T07:32:35.992+0000] {processor.py:925} INFO - DAG(s) 'example_sla_dag' retrieved from /home/airflow/.local/lib/python3.12/site-packages/airflow/example_dags/example_sla_dag.py
[2025-04-06T07:32:36.002+0000] {logging_mixin.py:190} INFO - [2025-04-06T07:32:36.002+0000] {dag.py:3239} INFO - Sync 1 DAGs
[2025-04-06T07:32:36.014+0000] {logging_mixin.py:190} INFO - [2025-04-06T07:32:36.014+0000] {dag.py:4180} INFO - Setting next_dagrun for example_sla_dag to 2025-04-06 07:30:00+00:00, run_after=2025-04-06 07:32:00+00:00
[2025-04-06T07:32:36.023+0000] {processor.py:208} INFO - Processing /home/airflow/.local/lib/python3.12/site-packages/airflow/example_dags/example_sla_dag.py took 0.040 seconds
[2025-04-06T07:33:06.471+0000] {processor.py:186} INFO - Started process (PID=739) to work on /home/airflow/.local/lib/python3.12/site-packages/airflow/example_dags/example_sla_dag.py
[2025-04-06T07:33:06.472+0000] {processor.py:914} INFO - Processing file /home/airflow/.local/lib/python3.12/site-packages/airflow/example_dags/example_sla_dag.py for tasks to queue
[2025-04-06T07:33:06.473+0000] {logging_mixin.py:190} INFO - [2025-04-06T07:33:06.472+0000] {dagbag.py:588} INFO - Filling up the DagBag from /home/airflow/.local/lib/python3.12/site-packages/airflow/example_dags/example_sla_dag.py
[2025-04-06T07:33:06.478+0000] {processor.py:925} INFO - DAG(s) 'example_sla_dag' retrieved from /home/airflow/.local/lib/python3.12/site-packages/airflow/example_dags/example_sla_dag.py
[2025-04-06T07:33:06.487+0000] {logging_mixin.py:190} INFO - [2025-04-06T07:33:06.487+0000] {dag.py:3239} INFO - Sync 1 DAGs
[2025-04-06T07:33:06.499+0000] {logging_mixin.py:190} INFO - [2025-04-06T07:33:06.499+0000] {dag.py:4180} INFO - Setting next_dagrun for example_sla_dag to 2025-04-06 07:30:00+00:00, run_after=2025-04-06 07:32:00+00:00
[2025-04-06T07:33:06.509+0000] {processor.py:208} INFO - Processing /home/airflow/.local/lib/python3.12/site-packages/airflow/example_dags/example_sla_dag.py took 0.040 seconds
[2025-04-06T07:33:37.133+0000] {processor.py:186} INFO - Started process (PID=808) to work on /home/airflow/.local/lib/python3.12/site-packages/airflow/example_dags/example_sla_dag.py
[2025-04-06T07:33:37.134+0000] {processor.py:914} INFO - Processing file /home/airflow/.local/lib/python3.12/site-packages/airflow/example_dags/example_sla_dag.py for tasks to queue
[2025-04-06T07:33:37.135+0000] {logging_mixin.py:190} INFO - [2025-04-06T07:33:37.135+0000] {dagbag.py:588} INFO - Filling up the DagBag from /home/airflow/.local/lib/python3.12/site-packages/airflow/example_dags/example_sla_dag.py
[2025-04-06T07:33:37.140+0000] {processor.py:925} INFO - DAG(s) 'example_sla_dag' retrieved from /home/airflow/.local/lib/python3.12/site-packages/airflow/example_dags/example_sla_dag.py
[2025-04-06T07:33:37.149+0000] {logging_mixin.py:190} INFO - [2025-04-06T07:33:37.149+0000] {dag.py:3239} INFO - Sync 1 DAGs
[2025-04-06T07:33:37.161+0000] {logging_mixin.py:190} INFO - [2025-04-06T07:33:37.161+0000] {dag.py:4180} INFO - Setting next_dagrun for example_sla_dag to 2025-04-06 07:30:00+00:00, run_after=2025-04-06 07:32:00+00:00
[2025-04-06T07:33:37.170+0000] {processor.py:208} INFO - Processing /home/airflow/.local/lib/python3.12/site-packages/airflow/example_dags/example_sla_dag.py took 0.040 seconds
[2025-04-06T07:34:07.774+0000] {processor.py:186} INFO - Started process (PID=871) to work on /home/airflow/.local/lib/python3.12/site-packages/airflow/example_dags/example_sla_dag.py
[2025-04-06T07:34:07.775+0000] {processor.py:914} INFO - Processing file /home/airflow/.local/lib/python3.12/site-packages/airflow/example_dags/example_sla_dag.py for tasks to queue
[2025-04-06T07:34:07.776+0000] {logging_mixin.py:190} INFO - [2025-04-06T07:34:07.776+0000] {dagbag.py:588} INFO - Filling up the DagBag from /home/airflow/.local/lib/python3.12/site-packages/airflow/example_dags/example_sla_dag.py
[2025-04-06T07:34:07.781+0000] {processor.py:925} INFO - DAG(s) 'example_sla_dag' retrieved from /home/airflow/.local/lib/python3.12/site-packages/airflow/example_dags/example_sla_dag.py
[2025-04-06T07:34:07.791+0000] {logging_mixin.py:190} INFO - [2025-04-06T07:34:07.791+0000] {dag.py:3239} INFO - Sync 1 DAGs
[2025-04-06T07:34:07.803+0000] {logging_mixin.py:190} INFO - [2025-04-06T07:34:07.803+0000] {dag.py:4180} INFO - Setting next_dagrun for example_sla_dag to 2025-04-06 07:32:00+00:00, run_after=2025-04-06 07:34:00+00:00
[2025-04-06T07:34:07.813+0000] {processor.py:208} INFO - Processing /home/airflow/.local/lib/python3.12/site-packages/airflow/example_dags/example_sla_dag.py took 0.042 seconds
[2025-04-06T07:34:38.354+0000] {processor.py:186} INFO - Started process (PID=934) to work on /home/airflow/.local/lib/python3.12/site-packages/airflow/example_dags/example_sla_dag.py
[2025-04-06T07:34:38.354+0000] {processor.py:914} INFO - Processing file /home/airflow/.local/lib/python3.12/site-packages/airflow/example_dags/example_sla_dag.py for tasks to queue
[2025-04-06T07:34:38.355+0000] {logging_mixin.py:190} INFO - [2025-04-06T07:34:38.355+0000] {dagbag.py:588} INFO - Filling up the DagBag from /home/airflow/.local/lib/python3.12/site-packages/airflow/example_dags/example_sla_dag.py
[2025-04-06T07:34:38.362+0000] {processor.py:925} INFO - DAG(s) 'example_sla_dag' retrieved from /home/airflow/.local/lib/python3.12/site-packages/airflow/example_dags/example_sla_dag.py
[2025-04-06T07:34:38.374+0000] {logging_mixin.py:190} INFO - [2025-04-06T07:34:38.373+0000] {dag.py:3239} INFO - Sync 1 DAGs
[2025-04-06T07:34:38.387+0000] {logging_mixin.py:190} INFO - [2025-04-06T07:34:38.387+0000] {dag.py:4180} INFO - Setting next_dagrun for example_sla_dag to 2025-04-06 07:32:00+00:00, run_after=2025-04-06 07:34:00+00:00
[2025-04-06T07:34:38.398+0000] {processor.py:208} INFO - Processing /home/airflow/.local/lib/python3.12/site-packages/airflow/example_dags/example_sla_dag.py took 0.048 seconds
[2025-04-06T07:35:08.911+0000] {processor.py:186} INFO - Started process (PID=997) to work on /home/airflow/.local/lib/python3.12/site-packages/airflow/example_dags/example_sla_dag.py
[2025-04-06T07:35:08.911+0000] {processor.py:914} INFO - Processing file /home/airflow/.local/lib/python3.12/site-packages/airflow/example_dags/example_sla_dag.py for tasks to queue
[2025-04-06T07:35:08.912+0000] {logging_mixin.py:190} INFO - [2025-04-06T07:35:08.912+0000] {dagbag.py:588} INFO - Filling up the DagBag from /home/airflow/.local/lib/python3.12/site-packages/airflow/example_dags/example_sla_dag.py
[2025-04-06T07:35:08.917+0000] {processor.py:925} INFO - DAG(s) 'example_sla_dag' retrieved from /home/airflow/.local/lib/python3.12/site-packages/airflow/example_dags/example_sla_dag.py
[2025-04-06T07:35:08.926+0000] {logging_mixin.py:190} INFO - [2025-04-06T07:35:08.926+0000] {dag.py:3239} INFO - Sync 1 DAGs
[2025-04-06T07:35:08.938+0000] {logging_mixin.py:190} INFO - [2025-04-06T07:35:08.938+0000] {dag.py:4180} INFO - Setting next_dagrun for example_sla_dag to 2025-04-06 07:32:00+00:00, run_after=2025-04-06 07:34:00+00:00
[2025-04-06T07:35:08.947+0000] {processor.py:208} INFO - Processing /home/airflow/.local/lib/python3.12/site-packages/airflow/example_dags/example_sla_dag.py took 0.040 seconds
[2025-04-06T07:35:39.370+0000] {processor.py:186} INFO - Started process (PID=1060) to work on /home/airflow/.local/lib/python3.12/site-packages/airflow/example_dags/example_sla_dag.py
[2025-04-06T07:35:39.371+0000] {processor.py:914} INFO - Processing file /home/airflow/.local/lib/python3.12/site-packages/airflow/example_dags/example_sla_dag.py for tasks to queue
[2025-04-06T07:35:39.372+0000] {logging_mixin.py:190} INFO - [2025-04-06T07:35:39.372+0000] {dagbag.py:588} INFO - Filling up the DagBag from /home/airflow/.local/lib/python3.12/site-packages/airflow/example_dags/example_sla_dag.py
[2025-04-06T07:35:39.377+0000] {processor.py:925} INFO - DAG(s) 'example_sla_dag' retrieved from /home/airflow/.local/lib/python3.12/site-packages/airflow/example_dags/example_sla_dag.py
[2025-04-06T07:35:39.387+0000] {logging_mixin.py:190} INFO - [2025-04-06T07:35:39.386+0000] {dag.py:3239} INFO - Sync 1 DAGs
[2025-04-06T07:35:39.399+0000] {logging_mixin.py:190} INFO - [2025-04-06T07:35:39.399+0000] {dag.py:4180} INFO - Setting next_dagrun for example_sla_dag to 2025-04-06 07:32:00+00:00, run_after=2025-04-06 07:34:00+00:00
[2025-04-06T07:35:39.408+0000] {processor.py:208} INFO - Processing /home/airflow/.local/lib/python3.12/site-packages/airflow/example_dags/example_sla_dag.py took 0.041 seconds
[2025-04-06T07:36:09.956+0000] {processor.py:186} INFO - Started process (PID=1123) to work on /home/airflow/.local/lib/python3.12/site-packages/airflow/example_dags/example_sla_dag.py
[2025-04-06T07:36:09.957+0000] {processor.py:914} INFO - Processing file /home/airflow/.local/lib/python3.12/site-packages/airflow/example_dags/example_sla_dag.py for tasks to queue
[2025-04-06T07:36:09.958+0000] {logging_mixin.py:190} INFO - [2025-04-06T07:36:09.958+0000] {dagbag.py:588} INFO - Filling up the DagBag from /home/airflow/.local/lib/python3.12/site-packages/airflow/example_dags/example_sla_dag.py
[2025-04-06T07:36:09.963+0000] {processor.py:925} INFO - DAG(s) 'example_sla_dag' retrieved from /home/airflow/.local/lib/python3.12/site-packages/airflow/example_dags/example_sla_dag.py
[2025-04-06T07:36:09.974+0000] {logging_mixin.py:190} INFO - [2025-04-06T07:36:09.973+0000] {dag.py:3239} INFO - Sync 1 DAGs
[2025-04-06T07:36:09.986+0000] {logging_mixin.py:190} INFO - [2025-04-06T07:36:09.986+0000] {dag.py:4180} INFO - Setting next_dagrun for example_sla_dag to 2025-04-06 07:34:00+00:00, run_after=2025-04-06 07:36:00+00:00
[2025-04-06T07:36:09.996+0000] {processor.py:208} INFO - Processing /home/airflow/.local/lib/python3.12/site-packages/airflow/example_dags/example_sla_dag.py took 0.042 seconds
[2025-04-06T07:36:40.542+0000] {processor.py:186} INFO - Started process (PID=1187) to work on /home/airflow/.local/lib/python3.12/site-packages/airflow/example_dags/example_sla_dag.py
[2025-04-06T07:36:40.543+0000] {processor.py:914} INFO - Processing file /home/airflow/.local/lib/python3.12/site-packages/airflow/example_dags/example_sla_dag.py for tasks to queue
[2025-04-06T07:36:40.544+0000] {logging_mixin.py:190} INFO - [2025-04-06T07:36:40.544+0000] {dagbag.py:588} INFO - Filling up the DagBag from /home/airflow/.local/lib/python3.12/site-packages/airflow/example_dags/example_sla_dag.py
[2025-04-06T07:36:40.550+0000] {processor.py:925} INFO - DAG(s) 'example_sla_dag' retrieved from /home/airflow/.local/lib/python3.12/site-packages/airflow/example_dags/example_sla_dag.py
[2025-04-06T07:36:40.560+0000] {logging_mixin.py:190} INFO - [2025-04-06T07:36:40.560+0000] {dag.py:3239} INFO - Sync 1 DAGs
[2025-04-06T07:36:40.573+0000] {logging_mixin.py:190} INFO - [2025-04-06T07:36:40.573+0000] {dag.py:4180} INFO - Setting next_dagrun for example_sla_dag to 2025-04-06 07:34:00+00:00, run_after=2025-04-06 07:36:00+00:00
[2025-04-06T07:36:40.584+0000] {processor.py:208} INFO - Processing /home/airflow/.local/lib/python3.12/site-packages/airflow/example_dags/example_sla_dag.py took 0.044 seconds
[2025-04-06T07:37:11.596+0000] {processor.py:186} INFO - Started process (PID=1250) to work on /home/airflow/.local/lib/python3.12/site-packages/airflow/example_dags/example_sla_dag.py
[2025-04-06T07:37:11.596+0000] {processor.py:914} INFO - Processing file /home/airflow/.local/lib/python3.12/site-packages/airflow/example_dags/example_sla_dag.py for tasks to queue
[2025-04-06T07:37:11.598+0000] {logging_mixin.py:190} INFO - [2025-04-06T07:37:11.598+0000] {dagbag.py:588} INFO - Filling up the DagBag from /home/airflow/.local/lib/python3.12/site-packages/airflow/example_dags/example_sla_dag.py
[2025-04-06T07:37:11.605+0000] {processor.py:925} INFO - DAG(s) 'example_sla_dag' retrieved from /home/airflow/.local/lib/python3.12/site-packages/airflow/example_dags/example_sla_dag.py
[2025-04-06T07:37:11.618+0000] {logging_mixin.py:190} INFO - [2025-04-06T07:37:11.618+0000] {dag.py:3239} INFO - Sync 1 DAGs
[2025-04-06T07:37:11.632+0000] {logging_mixin.py:190} INFO - [2025-04-06T07:37:11.632+0000] {dag.py:4180} INFO - Setting next_dagrun for example_sla_dag to 2025-04-06 07:34:00+00:00, run_after=2025-04-06 07:36:00+00:00
[2025-04-06T07:37:11.642+0000] {processor.py:208} INFO - Processing /home/airflow/.local/lib/python3.12/site-packages/airflow/example_dags/example_sla_dag.py took 0.051 seconds
[2025-04-06T07:37:42.631+0000] {processor.py:186} INFO - Started process (PID=1313) to work on /home/airflow/.local/lib/python3.12/site-packages/airflow/example_dags/example_sla_dag.py
[2025-04-06T07:37:42.632+0000] {processor.py:914} INFO - Processing file /home/airflow/.local/lib/python3.12/site-packages/airflow/example_dags/example_sla_dag.py for tasks to queue
[2025-04-06T07:37:42.633+0000] {logging_mixin.py:190} INFO - [2025-04-06T07:37:42.633+0000] {dagbag.py:588} INFO - Filling up the DagBag from /home/airflow/.local/lib/python3.12/site-packages/airflow/example_dags/example_sla_dag.py
[2025-04-06T07:37:42.638+0000] {processor.py:925} INFO - DAG(s) 'example_sla_dag' retrieved from /home/airflow/.local/lib/python3.12/site-packages/airflow/example_dags/example_sla_dag.py
[2025-04-06T07:37:42.649+0000] {logging_mixin.py:190} INFO - [2025-04-06T07:37:42.649+0000] {dag.py:3239} INFO - Sync 1 DAGs
[2025-04-06T07:37:42.661+0000] {logging_mixin.py:190} INFO - [2025-04-06T07:37:42.661+0000] {dag.py:4180} INFO - Setting next_dagrun for example_sla_dag to 2025-04-06 07:34:00+00:00, run_after=2025-04-06 07:36:00+00:00
[2025-04-06T07:37:42.671+0000] {processor.py:208} INFO - Processing /home/airflow/.local/lib/python3.12/site-packages/airflow/example_dags/example_sla_dag.py took 0.043 seconds
[2025-04-06T07:38:13.218+0000] {processor.py:186} INFO - Started process (PID=1376) to work on /home/airflow/.local/lib/python3.12/site-packages/airflow/example_dags/example_sla_dag.py
[2025-04-06T07:38:13.218+0000] {processor.py:914} INFO - Processing file /home/airflow/.local/lib/python3.12/site-packages/airflow/example_dags/example_sla_dag.py for tasks to queue
[2025-04-06T07:38:13.220+0000] {logging_mixin.py:190} INFO - [2025-04-06T07:38:13.219+0000] {dagbag.py:588} INFO - Filling up the DagBag from /home/airflow/.local/lib/python3.12/site-packages/airflow/example_dags/example_sla_dag.py
[2025-04-06T07:38:13.225+0000] {processor.py:925} INFO - DAG(s) 'example_sla_dag' retrieved from /home/airflow/.local/lib/python3.12/site-packages/airflow/example_dags/example_sla_dag.py
[2025-04-06T07:38:13.235+0000] {logging_mixin.py:190} INFO - [2025-04-06T07:38:13.235+0000] {dag.py:3239} INFO - Sync 1 DAGs
[2025-04-06T07:38:13.248+0000] {logging_mixin.py:190} INFO - [2025-04-06T07:38:13.248+0000] {dag.py:4180} INFO - Setting next_dagrun for example_sla_dag to 2025-04-06 07:36:00+00:00, run_after=2025-04-06 07:38:00+00:00
[2025-04-06T07:38:13.259+0000] {processor.py:208} INFO - Processing /home/airflow/.local/lib/python3.12/site-packages/airflow/example_dags/example_sla_dag.py took 0.044 seconds
[2025-04-06T07:38:44.198+0000] {processor.py:186} INFO - Started process (PID=1439) to work on /home/airflow/.local/lib/python3.12/site-packages/airflow/example_dags/example_sla_dag.py
[2025-04-06T07:38:44.199+0000] {processor.py:914} INFO - Processing file /home/airflow/.local/lib/python3.12/site-packages/airflow/example_dags/example_sla_dag.py for tasks to queue
[2025-04-06T07:38:44.200+0000] {logging_mixin.py:190} INFO - [2025-04-06T07:38:44.199+0000] {dagbag.py:588} INFO - Filling up the DagBag from /home/airflow/.local/lib/python3.12/site-packages/airflow/example_dags/example_sla_dag.py
[2025-04-06T07:38:44.205+0000] {processor.py:925} INFO - DAG(s) 'example_sla_dag' retrieved from /home/airflow/.local/lib/python3.12/site-packages/airflow/example_dags/example_sla_dag.py
[2025-04-06T07:38:44.215+0000] {logging_mixin.py:190} INFO - [2025-04-06T07:38:44.215+0000] {dag.py:3239} INFO - Sync 1 DAGs
[2025-04-06T07:38:44.227+0000] {logging_mixin.py:190} INFO - [2025-04-06T07:38:44.227+0000] {dag.py:4180} INFO - Setting next_dagrun for example_sla_dag to 2025-04-06 07:36:00+00:00, run_after=2025-04-06 07:38:00+00:00
[2025-04-06T07:38:44.238+0000] {processor.py:208} INFO - Processing /home/airflow/.local/lib/python3.12/site-packages/airflow/example_dags/example_sla_dag.py took 0.042 seconds
[2025-04-06T07:39:15.395+0000] {processor.py:186} INFO - Started process (PID=1508) to work on /home/airflow/.local/lib/python3.12/site-packages/airflow/example_dags/example_sla_dag.py
[2025-04-06T07:39:15.396+0000] {processor.py:914} INFO - Processing file /home/airflow/.local/lib/python3.12/site-packages/airflow/example_dags/example_sla_dag.py for tasks to queue
[2025-04-06T07:39:15.397+0000] {logging_mixin.py:190} INFO - [2025-04-06T07:39:15.397+0000] {dagbag.py:588} INFO - Filling up the DagBag from /home/airflow/.local/lib/python3.12/site-packages/airflow/example_dags/example_sla_dag.py
[2025-04-06T07:39:15.402+0000] {processor.py:925} INFO - DAG(s) 'example_sla_dag' retrieved from /home/airflow/.local/lib/python3.12/site-packages/airflow/example_dags/example_sla_dag.py
[2025-04-06T07:39:15.412+0000] {logging_mixin.py:190} INFO - [2025-04-06T07:39:15.412+0000] {dag.py:3239} INFO - Sync 1 DAGs
[2025-04-06T07:39:15.424+0000] {logging_mixin.py:190} INFO - [2025-04-06T07:39:15.424+0000] {dag.py:4180} INFO - Setting next_dagrun for example_sla_dag to 2025-04-06 07:36:00+00:00, run_after=2025-04-06 07:38:00+00:00
[2025-04-06T07:39:15.435+0000] {processor.py:208} INFO - Processing /home/airflow/.local/lib/python3.12/site-packages/airflow/example_dags/example_sla_dag.py took 0.042 seconds
[2025-04-06T07:39:46.061+0000] {processor.py:186} INFO - Started process (PID=1571) to work on /home/airflow/.local/lib/python3.12/site-packages/airflow/example_dags/example_sla_dag.py
[2025-04-06T07:39:46.061+0000] {processor.py:914} INFO - Processing file /home/airflow/.local/lib/python3.12/site-packages/airflow/example_dags/example_sla_dag.py for tasks to queue
[2025-04-06T07:39:46.063+0000] {logging_mixin.py:190} INFO - [2025-04-06T07:39:46.062+0000] {dagbag.py:588} INFO - Filling up the DagBag from /home/airflow/.local/lib/python3.12/site-packages/airflow/example_dags/example_sla_dag.py
[2025-04-06T07:39:46.068+0000] {processor.py:925} INFO - DAG(s) 'example_sla_dag' retrieved from /home/airflow/.local/lib/python3.12/site-packages/airflow/example_dags/example_sla_dag.py
[2025-04-06T07:39:46.079+0000] {logging_mixin.py:190} INFO - [2025-04-06T07:39:46.079+0000] {dag.py:3239} INFO - Sync 1 DAGs
[2025-04-06T07:39:46.092+0000] {logging_mixin.py:190} INFO - [2025-04-06T07:39:46.092+0000] {dag.py:4180} INFO - Setting next_dagrun for example_sla_dag to 2025-04-06 07:36:00+00:00, run_after=2025-04-06 07:38:00+00:00
[2025-04-06T07:39:46.103+0000] {processor.py:208} INFO - Processing /home/airflow/.local/lib/python3.12/site-packages/airflow/example_dags/example_sla_dag.py took 0.045 seconds
[2025-04-06T07:40:16.626+0000] {processor.py:186} INFO - Started process (PID=1633) to work on /home/airflow/.local/lib/python3.12/site-packages/airflow/example_dags/example_sla_dag.py
[2025-04-06T07:40:16.627+0000] {processor.py:914} INFO - Processing file /home/airflow/.local/lib/python3.12/site-packages/airflow/example_dags/example_sla_dag.py for tasks to queue
[2025-04-06T07:40:16.628+0000] {logging_mixin.py:190} INFO - [2025-04-06T07:40:16.628+0000] {dagbag.py:588} INFO - Filling up the DagBag from /home/airflow/.local/lib/python3.12/site-packages/airflow/example_dags/example_sla_dag.py
[2025-04-06T07:40:16.634+0000] {processor.py:925} INFO - DAG(s) 'example_sla_dag' retrieved from /home/airflow/.local/lib/python3.12/site-packages/airflow/example_dags/example_sla_dag.py
[2025-04-06T07:40:16.643+0000] {logging_mixin.py:190} INFO - [2025-04-06T07:40:16.643+0000] {dag.py:3239} INFO - Sync 1 DAGs
[2025-04-06T07:40:16.655+0000] {logging_mixin.py:190} INFO - [2025-04-06T07:40:16.655+0000] {dag.py:4180} INFO - Setting next_dagrun for example_sla_dag to 2025-04-06 07:38:00+00:00, run_after=2025-04-06 07:40:00+00:00
[2025-04-06T07:40:16.665+0000] {processor.py:208} INFO - Processing /home/airflow/.local/lib/python3.12/site-packages/airflow/example_dags/example_sla_dag.py took 0.042 seconds
[2025-04-06T07:40:47.994+0000] {processor.py:186} INFO - Started process (PID=1697) to work on /home/airflow/.local/lib/python3.12/site-packages/airflow/example_dags/example_sla_dag.py
[2025-04-06T07:40:47.994+0000] {processor.py:914} INFO - Processing file /home/airflow/.local/lib/python3.12/site-packages/airflow/example_dags/example_sla_dag.py for tasks to queue
[2025-04-06T07:40:47.996+0000] {logging_mixin.py:190} INFO - [2025-04-06T07:40:47.995+0000] {dagbag.py:588} INFO - Filling up the DagBag from /home/airflow/.local/lib/python3.12/site-packages/airflow/example_dags/example_sla_dag.py
[2025-04-06T07:40:48.001+0000] {processor.py:925} INFO - DAG(s) 'example_sla_dag' retrieved from /home/airflow/.local/lib/python3.12/site-packages/airflow/example_dags/example_sla_dag.py
[2025-04-06T07:40:48.011+0000] {logging_mixin.py:190} INFO - [2025-04-06T07:40:48.011+0000] {dag.py:3239} INFO - Sync 1 DAGs
[2025-04-06T07:40:48.024+0000] {logging_mixin.py:190} INFO - [2025-04-06T07:40:48.024+0000] {dag.py:4180} INFO - Setting next_dagrun for example_sla_dag to 2025-04-06 07:38:00+00:00, run_after=2025-04-06 07:40:00+00:00
[2025-04-06T07:40:48.033+0000] {processor.py:208} INFO - Processing /home/airflow/.local/lib/python3.12/site-packages/airflow/example_dags/example_sla_dag.py took 0.043 seconds
[2025-04-06T07:41:19.322+0000] {processor.py:186} INFO - Started process (PID=1760) to work on /home/airflow/.local/lib/python3.12/site-packages/airflow/example_dags/example_sla_dag.py
[2025-04-06T07:41:19.322+0000] {processor.py:914} INFO - Processing file /home/airflow/.local/lib/python3.12/site-packages/airflow/example_dags/example_sla_dag.py for tasks to queue
[2025-04-06T07:41:19.323+0000] {logging_mixin.py:190} INFO - [2025-04-06T07:41:19.323+0000] {dagbag.py:588} INFO - Filling up the DagBag from /home/airflow/.local/lib/python3.12/site-packages/airflow/example_dags/example_sla_dag.py
[2025-04-06T07:41:19.329+0000] {processor.py:925} INFO - DAG(s) 'example_sla_dag' retrieved from /home/airflow/.local/lib/python3.12/site-packages/airflow/example_dags/example_sla_dag.py
[2025-04-06T07:41:19.339+0000] {logging_mixin.py:190} INFO - [2025-04-06T07:41:19.339+0000] {dag.py:3239} INFO - Sync 1 DAGs
[2025-04-06T07:41:19.351+0000] {logging_mixin.py:190} INFO - [2025-04-06T07:41:19.351+0000] {dag.py:4180} INFO - Setting next_dagrun for example_sla_dag to 2025-04-06 07:38:00+00:00, run_after=2025-04-06 07:40:00+00:00
[2025-04-06T07:41:19.361+0000] {processor.py:208} INFO - Processing /home/airflow/.local/lib/python3.12/site-packages/airflow/example_dags/example_sla_dag.py took 0.042 seconds
[2025-04-06T07:41:49.941+0000] {processor.py:186} INFO - Started process (PID=1823) to work on /home/airflow/.local/lib/python3.12/site-packages/airflow/example_dags/example_sla_dag.py
[2025-04-06T07:41:49.942+0000] {processor.py:914} INFO - Processing file /home/airflow/.local/lib/python3.12/site-packages/airflow/example_dags/example_sla_dag.py for tasks to queue
[2025-04-06T07:41:49.943+0000] {logging_mixin.py:190} INFO - [2025-04-06T07:41:49.943+0000] {dagbag.py:588} INFO - Filling up the DagBag from /home/airflow/.local/lib/python3.12/site-packages/airflow/example_dags/example_sla_dag.py
[2025-04-06T07:41:49.950+0000] {processor.py:925} INFO - DAG(s) 'example_sla_dag' retrieved from /home/airflow/.local/lib/python3.12/site-packages/airflow/example_dags/example_sla_dag.py
[2025-04-06T07:41:49.960+0000] {logging_mixin.py:190} INFO - [2025-04-06T07:41:49.960+0000] {dag.py:3239} INFO - Sync 1 DAGs
[2025-04-06T07:41:49.973+0000] {logging_mixin.py:190} INFO - [2025-04-06T07:41:49.973+0000] {dag.py:4180} INFO - Setting next_dagrun for example_sla_dag to 2025-04-06 07:38:00+00:00, run_after=2025-04-06 07:40:00+00:00
[2025-04-06T07:41:49.982+0000] {processor.py:208} INFO - Processing /home/airflow/.local/lib/python3.12/site-packages/airflow/example_dags/example_sla_dag.py took 0.044 seconds
[2025-04-06T07:42:20.889+0000] {processor.py:186} INFO - Started process (PID=1886) to work on /home/airflow/.local/lib/python3.12/site-packages/airflow/example_dags/example_sla_dag.py
[2025-04-06T07:42:20.889+0000] {processor.py:914} INFO - Processing file /home/airflow/.local/lib/python3.12/site-packages/airflow/example_dags/example_sla_dag.py for tasks to queue
[2025-04-06T07:42:20.890+0000] {logging_mixin.py:190} INFO - [2025-04-06T07:42:20.890+0000] {dagbag.py:588} INFO - Filling up the DagBag from /home/airflow/.local/lib/python3.12/site-packages/airflow/example_dags/example_sla_dag.py
[2025-04-06T07:42:20.896+0000] {processor.py:925} INFO - DAG(s) 'example_sla_dag' retrieved from /home/airflow/.local/lib/python3.12/site-packages/airflow/example_dags/example_sla_dag.py
[2025-04-06T07:42:20.907+0000] {logging_mixin.py:190} INFO - [2025-04-06T07:42:20.906+0000] {dag.py:3239} INFO - Sync 1 DAGs
[2025-04-06T07:42:20.922+0000] {logging_mixin.py:190} INFO - [2025-04-06T07:42:20.922+0000] {dag.py:4180} INFO - Setting next_dagrun for example_sla_dag to 2025-04-06 07:40:00+00:00, run_after=2025-04-06 07:42:00+00:00
[2025-04-06T07:42:20.935+0000] {processor.py:208} INFO - Processing /home/airflow/.local/lib/python3.12/site-packages/airflow/example_dags/example_sla_dag.py took 0.049 seconds
[2025-04-06T07:42:52.325+0000] {processor.py:186} INFO - Started process (PID=1949) to work on /home/airflow/.local/lib/python3.12/site-packages/airflow/example_dags/example_sla_dag.py
[2025-04-06T07:42:52.325+0000] {processor.py:914} INFO - Processing file /home/airflow/.local/lib/python3.12/site-packages/airflow/example_dags/example_sla_dag.py for tasks to queue
[2025-04-06T07:42:52.327+0000] {logging_mixin.py:190} INFO - [2025-04-06T07:42:52.326+0000] {dagbag.py:588} INFO - Filling up the DagBag from /home/airflow/.local/lib/python3.12/site-packages/airflow/example_dags/example_sla_dag.py
[2025-04-06T07:42:52.332+0000] {processor.py:925} INFO - DAG(s) 'example_sla_dag' retrieved from /home/airflow/.local/lib/python3.12/site-packages/airflow/example_dags/example_sla_dag.py
[2025-04-06T07:42:52.344+0000] {logging_mixin.py:190} INFO - [2025-04-06T07:42:52.344+0000] {dag.py:3239} INFO - Sync 1 DAGs
[2025-04-06T07:42:52.357+0000] {logging_mixin.py:190} INFO - [2025-04-06T07:42:52.357+0000] {dag.py:4180} INFO - Setting next_dagrun for example_sla_dag to 2025-04-06 07:40:00+00:00, run_after=2025-04-06 07:42:00+00:00
[2025-04-06T07:42:52.368+0000] {processor.py:208} INFO - Processing /home/airflow/.local/lib/python3.12/site-packages/airflow/example_dags/example_sla_dag.py took 0.047 seconds
[2025-04-06T07:43:23.232+0000] {processor.py:186} INFO - Started process (PID=2012) to work on /home/airflow/.local/lib/python3.12/site-packages/airflow/example_dags/example_sla_dag.py
[2025-04-06T07:43:23.232+0000] {processor.py:914} INFO - Processing file /home/airflow/.local/lib/python3.12/site-packages/airflow/example_dags/example_sla_dag.py for tasks to queue
[2025-04-06T07:43:23.233+0000] {logging_mixin.py:190} INFO - [2025-04-06T07:43:23.233+0000] {dagbag.py:588} INFO - Filling up the DagBag from /home/airflow/.local/lib/python3.12/site-packages/airflow/example_dags/example_sla_dag.py
[2025-04-06T07:43:23.239+0000] {processor.py:925} INFO - DAG(s) 'example_sla_dag' retrieved from /home/airflow/.local/lib/python3.12/site-packages/airflow/example_dags/example_sla_dag.py
[2025-04-06T07:43:23.249+0000] {logging_mixin.py:190} INFO - [2025-04-06T07:43:23.249+0000] {dag.py:3239} INFO - Sync 1 DAGs
[2025-04-06T07:43:23.261+0000] {logging_mixin.py:190} INFO - [2025-04-06T07:43:23.261+0000] {dag.py:4180} INFO - Setting next_dagrun for example_sla_dag to 2025-04-06 07:40:00+00:00, run_after=2025-04-06 07:42:00+00:00
[2025-04-06T07:43:23.272+0000] {processor.py:208} INFO - Processing /home/airflow/.local/lib/python3.12/site-packages/airflow/example_dags/example_sla_dag.py took 0.043 seconds
[2025-04-06T07:43:52.583+0000] {processor.py:186} INFO - Started process (PID=2075) to work on /home/airflow/.local/lib/python3.12/site-packages/airflow/example_dags/example_sla_dag.py
[2025-04-06T07:43:52.584+0000] {processor.py:914} INFO - Processing file /home/airflow/.local/lib/python3.12/site-packages/airflow/example_dags/example_sla_dag.py for tasks to queue
[2025-04-06T07:43:52.585+0000] {logging_mixin.py:190} INFO - [2025-04-06T07:43:52.585+0000] {dagbag.py:588} INFO - Filling up the DagBag from /home/airflow/.local/lib/python3.12/site-packages/airflow/example_dags/example_sla_dag.py
[2025-04-06T07:43:52.590+0000] {processor.py:925} INFO - DAG(s) 'example_sla_dag' retrieved from /home/airflow/.local/lib/python3.12/site-packages/airflow/example_dags/example_sla_dag.py
[2025-04-06T07:43:52.599+0000] {logging_mixin.py:190} INFO - [2025-04-06T07:43:52.599+0000] {dag.py:3239} INFO - Sync 1 DAGs
[2025-04-06T07:43:52.612+0000] {logging_mixin.py:190} INFO - [2025-04-06T07:43:52.612+0000] {dag.py:4180} INFO - Setting next_dagrun for example_sla_dag to 2025-04-06 07:40:00+00:00, run_after=2025-04-06 07:42:00+00:00
[2025-04-06T07:43:52.621+0000] {processor.py:208} INFO - Processing /home/airflow/.local/lib/python3.12/site-packages/airflow/example_dags/example_sla_dag.py took 0.041 seconds
