[2025-04-06T07:27:55.193+0000] {processor.py:186} INFO - Started process (PID=62) to work on /home/airflow/.local/lib/python3.12/site-packages/airflow/example_dags/example_bash_decorator.py
[2025-04-06T07:27:55.193+0000] {processor.py:914} INFO - Processing file /home/airflow/.local/lib/python3.12/site-packages/airflow/example_dags/example_bash_decorator.py for tasks to queue
[2025-04-06T07:27:55.195+0000] {logging_mixin.py:190} INFO - [2025-04-06T07:27:55.194+0000] {dagbag.py:588} INFO - Filling up the DagBag from /home/airflow/.local/lib/python3.12/site-packages/airflow/example_dags/example_bash_decorator.py
[2025-04-06T07:27:55.208+0000] {processor.py:925} INFO - DAG(s) 'example_bash_decorator' retrieved from /home/airflow/.local/lib/python3.12/site-packages/airflow/example_dags/example_bash_decorator.py
[2025-04-06T07:27:55.276+0000] {logging_mixin.py:190} INFO - [2025-04-06T07:27:55.275+0000] {override.py:1912} INFO - Created Permission View: can delete on DAG:example_bash_decorator
[2025-04-06T07:27:55.281+0000] {logging_mixin.py:190} INFO - [2025-04-06T07:27:55.281+0000] {override.py:1912} INFO - Created Permission View: can read on DAG:example_bash_decorator
[2025-04-06T07:27:55.285+0000] {logging_mixin.py:190} INFO - [2025-04-06T07:27:55.285+0000] {override.py:1912} INFO - Created Permission View: can edit on DAG:example_bash_decorator
[2025-04-06T07:27:55.289+0000] {logging_mixin.py:190} INFO - [2025-04-06T07:27:55.289+0000] {override.py:1912} INFO - Created Permission View: can delete on DAG Run:example_bash_decorator
[2025-04-06T07:27:55.293+0000] {logging_mixin.py:190} INFO - [2025-04-06T07:27:55.293+0000] {override.py:1912} INFO - Created Permission View: can read on DAG Run:example_bash_decorator
[2025-04-06T07:27:55.297+0000] {logging_mixin.py:190} INFO - [2025-04-06T07:27:55.297+0000] {override.py:1912} INFO - Created Permission View: can create on DAG Run:example_bash_decorator
[2025-04-06T07:27:55.301+0000] {logging_mixin.py:190} INFO - [2025-04-06T07:27:55.300+0000] {override.py:1912} INFO - Created Permission View: menu access on DAG Run:example_bash_decorator
[2025-04-06T07:27:55.301+0000] {logging_mixin.py:190} INFO - [2025-04-06T07:27:55.301+0000] {dag.py:3239} INFO - Sync 1 DAGs
[2025-04-06T07:27:55.307+0000] {logging_mixin.py:190} INFO - [2025-04-06T07:27:55.307+0000] {dag.py:3262} INFO - Creating ORM DAG for example_bash_decorator
[2025-04-06T07:27:55.307+0000] {logging_mixin.py:190} INFO - [2025-04-06T07:27:55.307+0000] {dag.py:4180} INFO - Setting next_dagrun for example_bash_decorator to None, run_after=None
[2025-04-06T07:27:55.316+0000] {processor.py:208} INFO - Processing /home/airflow/.local/lib/python3.12/site-packages/airflow/example_dags/example_bash_decorator.py took 0.127 seconds
[2025-04-06T07:28:25.625+0000] {processor.py:186} INFO - Started process (PID=125) to work on /home/airflow/.local/lib/python3.12/site-packages/airflow/example_dags/example_bash_decorator.py
[2025-04-06T07:28:25.626+0000] {processor.py:914} INFO - Processing file /home/airflow/.local/lib/python3.12/site-packages/airflow/example_dags/example_bash_decorator.py for tasks to queue
[2025-04-06T07:28:25.627+0000] {logging_mixin.py:190} INFO - [2025-04-06T07:28:25.627+0000] {dagbag.py:588} INFO - Filling up the DagBag from /home/airflow/.local/lib/python3.12/site-packages/airflow/example_dags/example_bash_decorator.py
[2025-04-06T07:28:25.635+0000] {processor.py:925} INFO - DAG(s) 'example_bash_decorator' retrieved from /home/airflow/.local/lib/python3.12/site-packages/airflow/example_dags/example_bash_decorator.py
[2025-04-06T07:28:25.648+0000] {logging_mixin.py:190} INFO - [2025-04-06T07:28:25.648+0000] {dag.py:3239} INFO - Sync 1 DAGs
[2025-04-06T07:28:25.658+0000] {logging_mixin.py:190} INFO - [2025-04-06T07:28:25.657+0000] {dag.py:4180} INFO - Setting next_dagrun for example_bash_decorator to None, run_after=None
[2025-04-06T07:28:25.670+0000] {processor.py:208} INFO - Processing /home/airflow/.local/lib/python3.12/site-packages/airflow/example_dags/example_bash_decorator.py took 0.049 seconds
[2025-04-06T07:28:56.061+0000] {processor.py:186} INFO - Started process (PID=194) to work on /home/airflow/.local/lib/python3.12/site-packages/airflow/example_dags/example_bash_decorator.py
[2025-04-06T07:28:56.061+0000] {processor.py:914} INFO - Processing file /home/airflow/.local/lib/python3.12/site-packages/airflow/example_dags/example_bash_decorator.py for tasks to queue
[2025-04-06T07:28:56.062+0000] {logging_mixin.py:190} INFO - [2025-04-06T07:28:56.062+0000] {dagbag.py:588} INFO - Filling up the DagBag from /home/airflow/.local/lib/python3.12/site-packages/airflow/example_dags/example_bash_decorator.py
[2025-04-06T07:28:56.069+0000] {processor.py:925} INFO - DAG(s) 'example_bash_decorator' retrieved from /home/airflow/.local/lib/python3.12/site-packages/airflow/example_dags/example_bash_decorator.py
[2025-04-06T07:28:56.081+0000] {logging_mixin.py:190} INFO - [2025-04-06T07:28:56.081+0000] {dag.py:3239} INFO - Sync 1 DAGs
[2025-04-06T07:28:56.088+0000] {logging_mixin.py:190} INFO - [2025-04-06T07:28:56.088+0000] {dag.py:4180} INFO - Setting next_dagrun for example_bash_decorator to None, run_after=None
[2025-04-06T07:28:56.097+0000] {processor.py:208} INFO - Processing /home/airflow/.local/lib/python3.12/site-packages/airflow/example_dags/example_bash_decorator.py took 0.040 seconds
[2025-04-06T07:29:26.504+0000] {processor.py:186} INFO - Started process (PID=257) to work on /home/airflow/.local/lib/python3.12/site-packages/airflow/example_dags/example_bash_decorator.py
[2025-04-06T07:29:26.504+0000] {processor.py:914} INFO - Processing file /home/airflow/.local/lib/python3.12/site-packages/airflow/example_dags/example_bash_decorator.py for tasks to queue
[2025-04-06T07:29:26.505+0000] {logging_mixin.py:190} INFO - [2025-04-06T07:29:26.505+0000] {dagbag.py:588} INFO - Filling up the DagBag from /home/airflow/.local/lib/python3.12/site-packages/airflow/example_dags/example_bash_decorator.py
[2025-04-06T07:29:26.512+0000] {processor.py:925} INFO - DAG(s) 'example_bash_decorator' retrieved from /home/airflow/.local/lib/python3.12/site-packages/airflow/example_dags/example_bash_decorator.py
[2025-04-06T07:29:26.524+0000] {logging_mixin.py:190} INFO - [2025-04-06T07:29:26.524+0000] {dag.py:3239} INFO - Sync 1 DAGs
[2025-04-06T07:29:26.531+0000] {logging_mixin.py:190} INFO - [2025-04-06T07:29:26.531+0000] {dag.py:4180} INFO - Setting next_dagrun for example_bash_decorator to None, run_after=None
[2025-04-06T07:29:26.541+0000] {processor.py:208} INFO - Processing /home/airflow/.local/lib/python3.12/site-packages/airflow/example_dags/example_bash_decorator.py took 0.040 seconds
[2025-04-06T07:29:57.425+0000] {processor.py:186} INFO - Started process (PID=320) to work on /home/airflow/.local/lib/python3.12/site-packages/airflow/example_dags/example_bash_decorator.py
[2025-04-06T07:29:57.426+0000] {processor.py:914} INFO - Processing file /home/airflow/.local/lib/python3.12/site-packages/airflow/example_dags/example_bash_decorator.py for tasks to queue
[2025-04-06T07:29:57.427+0000] {logging_mixin.py:190} INFO - [2025-04-06T07:29:57.427+0000] {dagbag.py:588} INFO - Filling up the DagBag from /home/airflow/.local/lib/python3.12/site-packages/airflow/example_dags/example_bash_decorator.py
[2025-04-06T07:29:57.434+0000] {processor.py:925} INFO - DAG(s) 'example_bash_decorator' retrieved from /home/airflow/.local/lib/python3.12/site-packages/airflow/example_dags/example_bash_decorator.py
[2025-04-06T07:29:57.445+0000] {logging_mixin.py:190} INFO - [2025-04-06T07:29:57.445+0000] {dag.py:3239} INFO - Sync 1 DAGs
[2025-04-06T07:29:57.452+0000] {logging_mixin.py:190} INFO - [2025-04-06T07:29:57.451+0000] {dag.py:4180} INFO - Setting next_dagrun for example_bash_decorator to None, run_after=None
[2025-04-06T07:29:57.461+0000] {processor.py:208} INFO - Processing /home/airflow/.local/lib/python3.12/site-packages/airflow/example_dags/example_bash_decorator.py took 0.039 seconds
[2025-04-06T07:30:28.054+0000] {processor.py:186} INFO - Started process (PID=383) to work on /home/airflow/.local/lib/python3.12/site-packages/airflow/example_dags/example_bash_decorator.py
[2025-04-06T07:30:28.055+0000] {processor.py:914} INFO - Processing file /home/airflow/.local/lib/python3.12/site-packages/airflow/example_dags/example_bash_decorator.py for tasks to queue
[2025-04-06T07:30:28.056+0000] {logging_mixin.py:190} INFO - [2025-04-06T07:30:28.056+0000] {dagbag.py:588} INFO - Filling up the DagBag from /home/airflow/.local/lib/python3.12/site-packages/airflow/example_dags/example_bash_decorator.py
[2025-04-06T07:30:28.063+0000] {processor.py:925} INFO - DAG(s) 'example_bash_decorator' retrieved from /home/airflow/.local/lib/python3.12/site-packages/airflow/example_dags/example_bash_decorator.py
[2025-04-06T07:30:28.075+0000] {logging_mixin.py:190} INFO - [2025-04-06T07:30:28.075+0000] {dag.py:3239} INFO - Sync 1 DAGs
[2025-04-06T07:30:28.083+0000] {logging_mixin.py:190} INFO - [2025-04-06T07:30:28.083+0000] {dag.py:4180} INFO - Setting next_dagrun for example_bash_decorator to None, run_after=None
[2025-04-06T07:30:28.092+0000] {processor.py:208} INFO - Processing /home/airflow/.local/lib/python3.12/site-packages/airflow/example_dags/example_bash_decorator.py took 0.040 seconds
[2025-04-06T07:30:58.919+0000] {processor.py:186} INFO - Started process (PID=446) to work on /home/airflow/.local/lib/python3.12/site-packages/airflow/example_dags/example_bash_decorator.py
[2025-04-06T07:30:58.920+0000] {processor.py:914} INFO - Processing file /home/airflow/.local/lib/python3.12/site-packages/airflow/example_dags/example_bash_decorator.py for tasks to queue
[2025-04-06T07:30:58.921+0000] {logging_mixin.py:190} INFO - [2025-04-06T07:30:58.921+0000] {dagbag.py:588} INFO - Filling up the DagBag from /home/airflow/.local/lib/python3.12/site-packages/airflow/example_dags/example_bash_decorator.py
[2025-04-06T07:30:58.928+0000] {processor.py:925} INFO - DAG(s) 'example_bash_decorator' retrieved from /home/airflow/.local/lib/python3.12/site-packages/airflow/example_dags/example_bash_decorator.py
[2025-04-06T07:30:58.940+0000] {logging_mixin.py:190} INFO - [2025-04-06T07:30:58.939+0000] {dag.py:3239} INFO - Sync 1 DAGs
[2025-04-06T07:30:58.946+0000] {logging_mixin.py:190} INFO - [2025-04-06T07:30:58.946+0000] {dag.py:4180} INFO - Setting next_dagrun for example_bash_decorator to None, run_after=None
[2025-04-06T07:30:58.955+0000] {processor.py:208} INFO - Processing /home/airflow/.local/lib/python3.12/site-packages/airflow/example_dags/example_bash_decorator.py took 0.039 seconds
[2025-04-06T07:31:29.696+0000] {processor.py:186} INFO - Started process (PID=509) to work on /home/airflow/.local/lib/python3.12/site-packages/airflow/example_dags/example_bash_decorator.py
[2025-04-06T07:31:29.697+0000] {processor.py:914} INFO - Processing file /home/airflow/.local/lib/python3.12/site-packages/airflow/example_dags/example_bash_decorator.py for tasks to queue
[2025-04-06T07:31:29.698+0000] {logging_mixin.py:190} INFO - [2025-04-06T07:31:29.697+0000] {dagbag.py:588} INFO - Filling up the DagBag from /home/airflow/.local/lib/python3.12/site-packages/airflow/example_dags/example_bash_decorator.py
[2025-04-06T07:31:29.705+0000] {processor.py:925} INFO - DAG(s) 'example_bash_decorator' retrieved from /home/airflow/.local/lib/python3.12/site-packages/airflow/example_dags/example_bash_decorator.py
[2025-04-06T07:31:29.716+0000] {logging_mixin.py:190} INFO - [2025-04-06T07:31:29.716+0000] {dag.py:3239} INFO - Sync 1 DAGs
[2025-04-06T07:31:29.723+0000] {logging_mixin.py:190} INFO - [2025-04-06T07:31:29.723+0000] {dag.py:4180} INFO - Setting next_dagrun for example_bash_decorator to None, run_after=None
[2025-04-06T07:31:29.733+0000] {processor.py:208} INFO - Processing /home/airflow/.local/lib/python3.12/site-packages/airflow/example_dags/example_bash_decorator.py took 0.041 seconds
[2025-04-06T07:32:00.320+0000] {processor.py:186} INFO - Started process (PID=572) to work on /home/airflow/.local/lib/python3.12/site-packages/airflow/example_dags/example_bash_decorator.py
[2025-04-06T07:32:00.321+0000] {processor.py:914} INFO - Processing file /home/airflow/.local/lib/python3.12/site-packages/airflow/example_dags/example_bash_decorator.py for tasks to queue
[2025-04-06T07:32:00.322+0000] {logging_mixin.py:190} INFO - [2025-04-06T07:32:00.322+0000] {dagbag.py:588} INFO - Filling up the DagBag from /home/airflow/.local/lib/python3.12/site-packages/airflow/example_dags/example_bash_decorator.py
[2025-04-06T07:32:00.329+0000] {processor.py:925} INFO - DAG(s) 'example_bash_decorator' retrieved from /home/airflow/.local/lib/python3.12/site-packages/airflow/example_dags/example_bash_decorator.py
[2025-04-06T07:32:00.340+0000] {logging_mixin.py:190} INFO - [2025-04-06T07:32:00.340+0000] {dag.py:3239} INFO - Sync 1 DAGs
[2025-04-06T07:32:00.346+0000] {logging_mixin.py:190} INFO - [2025-04-06T07:32:00.346+0000] {dag.py:4180} INFO - Setting next_dagrun for example_bash_decorator to None, run_after=None
[2025-04-06T07:32:00.356+0000] {processor.py:208} INFO - Processing /home/airflow/.local/lib/python3.12/site-packages/airflow/example_dags/example_bash_decorator.py took 0.038 seconds
[2025-04-06T07:32:31.056+0000] {processor.py:186} INFO - Started process (PID=635) to work on /home/airflow/.local/lib/python3.12/site-packages/airflow/example_dags/example_bash_decorator.py
[2025-04-06T07:32:31.057+0000] {processor.py:914} INFO - Processing file /home/airflow/.local/lib/python3.12/site-packages/airflow/example_dags/example_bash_decorator.py for tasks to queue
[2025-04-06T07:32:31.058+0000] {logging_mixin.py:190} INFO - [2025-04-06T07:32:31.058+0000] {dagbag.py:588} INFO - Filling up the DagBag from /home/airflow/.local/lib/python3.12/site-packages/airflow/example_dags/example_bash_decorator.py
[2025-04-06T07:32:31.066+0000] {processor.py:925} INFO - DAG(s) 'example_bash_decorator' retrieved from /home/airflow/.local/lib/python3.12/site-packages/airflow/example_dags/example_bash_decorator.py
[2025-04-06T07:32:31.078+0000] {logging_mixin.py:190} INFO - [2025-04-06T07:32:31.078+0000] {dag.py:3239} INFO - Sync 1 DAGs
[2025-04-06T07:32:31.085+0000] {logging_mixin.py:190} INFO - [2025-04-06T07:32:31.085+0000] {dag.py:4180} INFO - Setting next_dagrun for example_bash_decorator to None, run_after=None
[2025-04-06T07:32:31.094+0000] {processor.py:208} INFO - Processing /home/airflow/.local/lib/python3.12/site-packages/airflow/example_dags/example_bash_decorator.py took 0.041 seconds
[2025-04-06T07:33:01.610+0000] {processor.py:186} INFO - Started process (PID=698) to work on /home/airflow/.local/lib/python3.12/site-packages/airflow/example_dags/example_bash_decorator.py
[2025-04-06T07:33:01.611+0000] {processor.py:914} INFO - Processing file /home/airflow/.local/lib/python3.12/site-packages/airflow/example_dags/example_bash_decorator.py for tasks to queue
[2025-04-06T07:33:01.612+0000] {logging_mixin.py:190} INFO - [2025-04-06T07:33:01.612+0000] {dagbag.py:588} INFO - Filling up the DagBag from /home/airflow/.local/lib/python3.12/site-packages/airflow/example_dags/example_bash_decorator.py
[2025-04-06T07:33:01.619+0000] {processor.py:925} INFO - DAG(s) 'example_bash_decorator' retrieved from /home/airflow/.local/lib/python3.12/site-packages/airflow/example_dags/example_bash_decorator.py
[2025-04-06T07:33:01.630+0000] {logging_mixin.py:190} INFO - [2025-04-06T07:33:01.630+0000] {dag.py:3239} INFO - Sync 1 DAGs
[2025-04-06T07:33:01.636+0000] {logging_mixin.py:190} INFO - [2025-04-06T07:33:01.636+0000] {dag.py:4180} INFO - Setting next_dagrun for example_bash_decorator to None, run_after=None
[2025-04-06T07:33:01.646+0000] {processor.py:208} INFO - Processing /home/airflow/.local/lib/python3.12/site-packages/airflow/example_dags/example_bash_decorator.py took 0.038 seconds
[2025-04-06T07:33:32.263+0000] {processor.py:186} INFO - Started process (PID=761) to work on /home/airflow/.local/lib/python3.12/site-packages/airflow/example_dags/example_bash_decorator.py
[2025-04-06T07:33:32.264+0000] {processor.py:914} INFO - Processing file /home/airflow/.local/lib/python3.12/site-packages/airflow/example_dags/example_bash_decorator.py for tasks to queue
[2025-04-06T07:33:32.265+0000] {logging_mixin.py:190} INFO - [2025-04-06T07:33:32.265+0000] {dagbag.py:588} INFO - Filling up the DagBag from /home/airflow/.local/lib/python3.12/site-packages/airflow/example_dags/example_bash_decorator.py
[2025-04-06T07:33:32.272+0000] {processor.py:925} INFO - DAG(s) 'example_bash_decorator' retrieved from /home/airflow/.local/lib/python3.12/site-packages/airflow/example_dags/example_bash_decorator.py
[2025-04-06T07:33:32.284+0000] {logging_mixin.py:190} INFO - [2025-04-06T07:33:32.284+0000] {dag.py:3239} INFO - Sync 1 DAGs
[2025-04-06T07:33:32.292+0000] {logging_mixin.py:190} INFO - [2025-04-06T07:33:32.292+0000] {dag.py:4180} INFO - Setting next_dagrun for example_bash_decorator to None, run_after=None
[2025-04-06T07:33:32.302+0000] {processor.py:208} INFO - Processing /home/airflow/.local/lib/python3.12/site-packages/airflow/example_dags/example_bash_decorator.py took 0.042 seconds
[2025-04-06T07:34:02.825+0000] {processor.py:186} INFO - Started process (PID=824) to work on /home/airflow/.local/lib/python3.12/site-packages/airflow/example_dags/example_bash_decorator.py
[2025-04-06T07:34:02.825+0000] {processor.py:914} INFO - Processing file /home/airflow/.local/lib/python3.12/site-packages/airflow/example_dags/example_bash_decorator.py for tasks to queue
[2025-04-06T07:34:02.826+0000] {logging_mixin.py:190} INFO - [2025-04-06T07:34:02.826+0000] {dagbag.py:588} INFO - Filling up the DagBag from /home/airflow/.local/lib/python3.12/site-packages/airflow/example_dags/example_bash_decorator.py
[2025-04-06T07:34:02.834+0000] {processor.py:925} INFO - DAG(s) 'example_bash_decorator' retrieved from /home/airflow/.local/lib/python3.12/site-packages/airflow/example_dags/example_bash_decorator.py
[2025-04-06T07:34:02.848+0000] {logging_mixin.py:190} INFO - [2025-04-06T07:34:02.847+0000] {dag.py:3239} INFO - Sync 1 DAGs
[2025-04-06T07:34:02.855+0000] {logging_mixin.py:190} INFO - [2025-04-06T07:34:02.855+0000] {dag.py:4180} INFO - Setting next_dagrun for example_bash_decorator to None, run_after=None
[2025-04-06T07:34:02.865+0000] {processor.py:208} INFO - Processing /home/airflow/.local/lib/python3.12/site-packages/airflow/example_dags/example_bash_decorator.py took 0.044 seconds
[2025-04-06T07:34:33.436+0000] {processor.py:186} INFO - Started process (PID=893) to work on /home/airflow/.local/lib/python3.12/site-packages/airflow/example_dags/example_bash_decorator.py
[2025-04-06T07:34:33.436+0000] {processor.py:914} INFO - Processing file /home/airflow/.local/lib/python3.12/site-packages/airflow/example_dags/example_bash_decorator.py for tasks to queue
[2025-04-06T07:34:33.437+0000] {logging_mixin.py:190} INFO - [2025-04-06T07:34:33.437+0000] {dagbag.py:588} INFO - Filling up the DagBag from /home/airflow/.local/lib/python3.12/site-packages/airflow/example_dags/example_bash_decorator.py
[2025-04-06T07:34:33.445+0000] {processor.py:925} INFO - DAG(s) 'example_bash_decorator' retrieved from /home/airflow/.local/lib/python3.12/site-packages/airflow/example_dags/example_bash_decorator.py
[2025-04-06T07:34:33.456+0000] {logging_mixin.py:190} INFO - [2025-04-06T07:34:33.456+0000] {dag.py:3239} INFO - Sync 1 DAGs
[2025-04-06T07:34:33.463+0000] {logging_mixin.py:190} INFO - [2025-04-06T07:34:33.463+0000] {dag.py:4180} INFO - Setting next_dagrun for example_bash_decorator to None, run_after=None
[2025-04-06T07:34:33.472+0000] {processor.py:208} INFO - Processing /home/airflow/.local/lib/python3.12/site-packages/airflow/example_dags/example_bash_decorator.py took 0.039 seconds
[2025-04-06T07:35:04.029+0000] {processor.py:186} INFO - Started process (PID=956) to work on /home/airflow/.local/lib/python3.12/site-packages/airflow/example_dags/example_bash_decorator.py
[2025-04-06T07:35:04.029+0000] {processor.py:914} INFO - Processing file /home/airflow/.local/lib/python3.12/site-packages/airflow/example_dags/example_bash_decorator.py for tasks to queue
[2025-04-06T07:35:04.031+0000] {logging_mixin.py:190} INFO - [2025-04-06T07:35:04.030+0000] {dagbag.py:588} INFO - Filling up the DagBag from /home/airflow/.local/lib/python3.12/site-packages/airflow/example_dags/example_bash_decorator.py
[2025-04-06T07:35:04.038+0000] {processor.py:925} INFO - DAG(s) 'example_bash_decorator' retrieved from /home/airflow/.local/lib/python3.12/site-packages/airflow/example_dags/example_bash_decorator.py
[2025-04-06T07:35:04.049+0000] {logging_mixin.py:190} INFO - [2025-04-06T07:35:04.049+0000] {dag.py:3239} INFO - Sync 1 DAGs
[2025-04-06T07:35:04.056+0000] {logging_mixin.py:190} INFO - [2025-04-06T07:35:04.056+0000] {dag.py:4180} INFO - Setting next_dagrun for example_bash_decorator to None, run_after=None
[2025-04-06T07:35:04.065+0000] {processor.py:208} INFO - Processing /home/airflow/.local/lib/python3.12/site-packages/airflow/example_dags/example_bash_decorator.py took 0.039 seconds
[2025-04-06T07:35:34.474+0000] {processor.py:186} INFO - Started process (PID=1019) to work on /home/airflow/.local/lib/python3.12/site-packages/airflow/example_dags/example_bash_decorator.py
[2025-04-06T07:35:34.475+0000] {processor.py:914} INFO - Processing file /home/airflow/.local/lib/python3.12/site-packages/airflow/example_dags/example_bash_decorator.py for tasks to queue
[2025-04-06T07:35:34.476+0000] {logging_mixin.py:190} INFO - [2025-04-06T07:35:34.476+0000] {dagbag.py:588} INFO - Filling up the DagBag from /home/airflow/.local/lib/python3.12/site-packages/airflow/example_dags/example_bash_decorator.py
[2025-04-06T07:35:34.484+0000] {processor.py:925} INFO - DAG(s) 'example_bash_decorator' retrieved from /home/airflow/.local/lib/python3.12/site-packages/airflow/example_dags/example_bash_decorator.py
[2025-04-06T07:35:34.495+0000] {logging_mixin.py:190} INFO - [2025-04-06T07:35:34.495+0000] {dag.py:3239} INFO - Sync 1 DAGs
[2025-04-06T07:35:34.502+0000] {logging_mixin.py:190} INFO - [2025-04-06T07:35:34.502+0000] {dag.py:4180} INFO - Setting next_dagrun for example_bash_decorator to None, run_after=None
[2025-04-06T07:35:34.512+0000] {processor.py:208} INFO - Processing /home/airflow/.local/lib/python3.12/site-packages/airflow/example_dags/example_bash_decorator.py took 0.040 seconds
[2025-04-06T07:36:04.913+0000] {processor.py:186} INFO - Started process (PID=1082) to work on /home/airflow/.local/lib/python3.12/site-packages/airflow/example_dags/example_bash_decorator.py
[2025-04-06T07:36:04.913+0000] {processor.py:914} INFO - Processing file /home/airflow/.local/lib/python3.12/site-packages/airflow/example_dags/example_bash_decorator.py for tasks to queue
[2025-04-06T07:36:04.915+0000] {logging_mixin.py:190} INFO - [2025-04-06T07:36:04.914+0000] {dagbag.py:588} INFO - Filling up the DagBag from /home/airflow/.local/lib/python3.12/site-packages/airflow/example_dags/example_bash_decorator.py
[2025-04-06T07:36:04.921+0000] {processor.py:925} INFO - DAG(s) 'example_bash_decorator' retrieved from /home/airflow/.local/lib/python3.12/site-packages/airflow/example_dags/example_bash_decorator.py
[2025-04-06T07:36:04.933+0000] {logging_mixin.py:190} INFO - [2025-04-06T07:36:04.933+0000] {dag.py:3239} INFO - Sync 1 DAGs
[2025-04-06T07:36:04.940+0000] {logging_mixin.py:190} INFO - [2025-04-06T07:36:04.940+0000] {dag.py:4180} INFO - Setting next_dagrun for example_bash_decorator to None, run_after=None
[2025-04-06T07:36:04.950+0000] {processor.py:208} INFO - Processing /home/airflow/.local/lib/python3.12/site-packages/airflow/example_dags/example_bash_decorator.py took 0.040 seconds
[2025-04-06T07:36:35.617+0000] {processor.py:186} INFO - Started process (PID=1145) to work on /home/airflow/.local/lib/python3.12/site-packages/airflow/example_dags/example_bash_decorator.py
[2025-04-06T07:36:35.618+0000] {processor.py:914} INFO - Processing file /home/airflow/.local/lib/python3.12/site-packages/airflow/example_dags/example_bash_decorator.py for tasks to queue
[2025-04-06T07:36:35.619+0000] {logging_mixin.py:190} INFO - [2025-04-06T07:36:35.619+0000] {dagbag.py:588} INFO - Filling up the DagBag from /home/airflow/.local/lib/python3.12/site-packages/airflow/example_dags/example_bash_decorator.py
[2025-04-06T07:36:35.626+0000] {processor.py:925} INFO - DAG(s) 'example_bash_decorator' retrieved from /home/airflow/.local/lib/python3.12/site-packages/airflow/example_dags/example_bash_decorator.py
[2025-04-06T07:36:35.638+0000] {logging_mixin.py:190} INFO - [2025-04-06T07:36:35.638+0000] {dag.py:3239} INFO - Sync 1 DAGs
[2025-04-06T07:36:35.645+0000] {logging_mixin.py:190} INFO - [2025-04-06T07:36:35.645+0000] {dag.py:4180} INFO - Setting next_dagrun for example_bash_decorator to None, run_after=None
[2025-04-06T07:36:35.655+0000] {processor.py:208} INFO - Processing /home/airflow/.local/lib/python3.12/site-packages/airflow/example_dags/example_bash_decorator.py took 0.040 seconds
[2025-04-06T07:37:06.540+0000] {processor.py:186} INFO - Started process (PID=1208) to work on /home/airflow/.local/lib/python3.12/site-packages/airflow/example_dags/example_bash_decorator.py
[2025-04-06T07:37:06.540+0000] {processor.py:914} INFO - Processing file /home/airflow/.local/lib/python3.12/site-packages/airflow/example_dags/example_bash_decorator.py for tasks to queue
[2025-04-06T07:37:06.541+0000] {logging_mixin.py:190} INFO - [2025-04-06T07:37:06.541+0000] {dagbag.py:588} INFO - Filling up the DagBag from /home/airflow/.local/lib/python3.12/site-packages/airflow/example_dags/example_bash_decorator.py
[2025-04-06T07:37:06.548+0000] {processor.py:925} INFO - DAG(s) 'example_bash_decorator' retrieved from /home/airflow/.local/lib/python3.12/site-packages/airflow/example_dags/example_bash_decorator.py
[2025-04-06T07:37:06.560+0000] {logging_mixin.py:190} INFO - [2025-04-06T07:37:06.560+0000] {dag.py:3239} INFO - Sync 1 DAGs
[2025-04-06T07:37:06.567+0000] {logging_mixin.py:190} INFO - [2025-04-06T07:37:06.567+0000] {dag.py:4180} INFO - Setting next_dagrun for example_bash_decorator to None, run_after=None
[2025-04-06T07:37:06.576+0000] {processor.py:208} INFO - Processing /home/airflow/.local/lib/python3.12/site-packages/airflow/example_dags/example_bash_decorator.py took 0.040 seconds
[2025-04-06T07:37:37.252+0000] {processor.py:186} INFO - Started process (PID=1271) to work on /home/airflow/.local/lib/python3.12/site-packages/airflow/example_dags/example_bash_decorator.py
[2025-04-06T07:37:37.252+0000] {processor.py:914} INFO - Processing file /home/airflow/.local/lib/python3.12/site-packages/airflow/example_dags/example_bash_decorator.py for tasks to queue
[2025-04-06T07:37:37.253+0000] {logging_mixin.py:190} INFO - [2025-04-06T07:37:37.253+0000] {dagbag.py:588} INFO - Filling up the DagBag from /home/airflow/.local/lib/python3.12/site-packages/airflow/example_dags/example_bash_decorator.py
[2025-04-06T07:37:37.260+0000] {processor.py:925} INFO - DAG(s) 'example_bash_decorator' retrieved from /home/airflow/.local/lib/python3.12/site-packages/airflow/example_dags/example_bash_decorator.py
[2025-04-06T07:37:37.272+0000] {logging_mixin.py:190} INFO - [2025-04-06T07:37:37.272+0000] {dag.py:3239} INFO - Sync 1 DAGs
[2025-04-06T07:37:37.279+0000] {logging_mixin.py:190} INFO - [2025-04-06T07:37:37.279+0000] {dag.py:4180} INFO - Setting next_dagrun for example_bash_decorator to None, run_after=None
[2025-04-06T07:37:37.288+0000] {processor.py:208} INFO - Processing /home/airflow/.local/lib/python3.12/site-packages/airflow/example_dags/example_bash_decorator.py took 0.039 seconds
[2025-04-06T07:38:08.293+0000] {processor.py:186} INFO - Started process (PID=1334) to work on /home/airflow/.local/lib/python3.12/site-packages/airflow/example_dags/example_bash_decorator.py
[2025-04-06T07:38:08.293+0000] {processor.py:914} INFO - Processing file /home/airflow/.local/lib/python3.12/site-packages/airflow/example_dags/example_bash_decorator.py for tasks to queue
[2025-04-06T07:38:08.295+0000] {logging_mixin.py:190} INFO - [2025-04-06T07:38:08.294+0000] {dagbag.py:588} INFO - Filling up the DagBag from /home/airflow/.local/lib/python3.12/site-packages/airflow/example_dags/example_bash_decorator.py
[2025-04-06T07:38:08.302+0000] {processor.py:925} INFO - DAG(s) 'example_bash_decorator' retrieved from /home/airflow/.local/lib/python3.12/site-packages/airflow/example_dags/example_bash_decorator.py
[2025-04-06T07:38:08.313+0000] {logging_mixin.py:190} INFO - [2025-04-06T07:38:08.313+0000] {dag.py:3239} INFO - Sync 1 DAGs
[2025-04-06T07:38:08.320+0000] {logging_mixin.py:190} INFO - [2025-04-06T07:38:08.320+0000] {dag.py:4180} INFO - Setting next_dagrun for example_bash_decorator to None, run_after=None
[2025-04-06T07:38:08.330+0000] {processor.py:208} INFO - Processing /home/airflow/.local/lib/python3.12/site-packages/airflow/example_dags/example_bash_decorator.py took 0.039 seconds
[2025-04-06T07:38:39.000+0000] {processor.py:186} INFO - Started process (PID=1397) to work on /home/airflow/.local/lib/python3.12/site-packages/airflow/example_dags/example_bash_decorator.py
[2025-04-06T07:38:39.000+0000] {processor.py:914} INFO - Processing file /home/airflow/.local/lib/python3.12/site-packages/airflow/example_dags/example_bash_decorator.py for tasks to queue
[2025-04-06T07:38:39.001+0000] {logging_mixin.py:190} INFO - [2025-04-06T07:38:39.001+0000] {dagbag.py:588} INFO - Filling up the DagBag from /home/airflow/.local/lib/python3.12/site-packages/airflow/example_dags/example_bash_decorator.py
[2025-04-06T07:38:39.008+0000] {processor.py:925} INFO - DAG(s) 'example_bash_decorator' retrieved from /home/airflow/.local/lib/python3.12/site-packages/airflow/example_dags/example_bash_decorator.py
[2025-04-06T07:38:39.021+0000] {logging_mixin.py:190} INFO - [2025-04-06T07:38:39.021+0000] {dag.py:3239} INFO - Sync 1 DAGs
[2025-04-06T07:38:39.028+0000] {logging_mixin.py:190} INFO - [2025-04-06T07:38:39.027+0000] {dag.py:4180} INFO - Setting next_dagrun for example_bash_decorator to None, run_after=None
[2025-04-06T07:38:39.037+0000] {processor.py:208} INFO - Processing /home/airflow/.local/lib/python3.12/site-packages/airflow/example_dags/example_bash_decorator.py took 0.040 seconds
[2025-04-06T07:39:09.918+0000] {processor.py:186} INFO - Started process (PID=1460) to work on /home/airflow/.local/lib/python3.12/site-packages/airflow/example_dags/example_bash_decorator.py
[2025-04-06T07:39:09.918+0000] {processor.py:914} INFO - Processing file /home/airflow/.local/lib/python3.12/site-packages/airflow/example_dags/example_bash_decorator.py for tasks to queue
[2025-04-06T07:39:09.919+0000] {logging_mixin.py:190} INFO - [2025-04-06T07:39:09.919+0000] {dagbag.py:588} INFO - Filling up the DagBag from /home/airflow/.local/lib/python3.12/site-packages/airflow/example_dags/example_bash_decorator.py
[2025-04-06T07:39:09.927+0000] {processor.py:925} INFO - DAG(s) 'example_bash_decorator' retrieved from /home/airflow/.local/lib/python3.12/site-packages/airflow/example_dags/example_bash_decorator.py
[2025-04-06T07:39:09.938+0000] {logging_mixin.py:190} INFO - [2025-04-06T07:39:09.938+0000] {dag.py:3239} INFO - Sync 1 DAGs
[2025-04-06T07:39:09.946+0000] {logging_mixin.py:190} INFO - [2025-04-06T07:39:09.946+0000] {dag.py:4180} INFO - Setting next_dagrun for example_bash_decorator to None, run_after=None
[2025-04-06T07:39:09.955+0000] {processor.py:208} INFO - Processing /home/airflow/.local/lib/python3.12/site-packages/airflow/example_dags/example_bash_decorator.py took 0.040 seconds
[2025-04-06T07:39:40.085+0000] {processor.py:186} INFO - Started process (PID=1523) to work on /home/airflow/.local/lib/python3.12/site-packages/airflow/example_dags/example_bash_decorator.py
[2025-04-06T07:39:40.085+0000] {processor.py:914} INFO - Processing file /home/airflow/.local/lib/python3.12/site-packages/airflow/example_dags/example_bash_decorator.py for tasks to queue
[2025-04-06T07:39:40.086+0000] {logging_mixin.py:190} INFO - [2025-04-06T07:39:40.086+0000] {dagbag.py:588} INFO - Filling up the DagBag from /home/airflow/.local/lib/python3.12/site-packages/airflow/example_dags/example_bash_decorator.py
[2025-04-06T07:39:40.094+0000] {processor.py:925} INFO - DAG(s) 'example_bash_decorator' retrieved from /home/airflow/.local/lib/python3.12/site-packages/airflow/example_dags/example_bash_decorator.py
[2025-04-06T07:39:40.105+0000] {logging_mixin.py:190} INFO - [2025-04-06T07:39:40.105+0000] {dag.py:3239} INFO - Sync 1 DAGs
[2025-04-06T07:39:40.112+0000] {logging_mixin.py:190} INFO - [2025-04-06T07:39:40.112+0000] {dag.py:4180} INFO - Setting next_dagrun for example_bash_decorator to None, run_after=None
[2025-04-06T07:39:40.121+0000] {processor.py:208} INFO - Processing /home/airflow/.local/lib/python3.12/site-packages/airflow/example_dags/example_bash_decorator.py took 0.039 seconds
[2025-04-06T07:40:10.706+0000] {processor.py:186} INFO - Started process (PID=1586) to work on /home/airflow/.local/lib/python3.12/site-packages/airflow/example_dags/example_bash_decorator.py
[2025-04-06T07:40:10.706+0000] {processor.py:914} INFO - Processing file /home/airflow/.local/lib/python3.12/site-packages/airflow/example_dags/example_bash_decorator.py for tasks to queue
[2025-04-06T07:40:10.707+0000] {logging_mixin.py:190} INFO - [2025-04-06T07:40:10.707+0000] {dagbag.py:588} INFO - Filling up the DagBag from /home/airflow/.local/lib/python3.12/site-packages/airflow/example_dags/example_bash_decorator.py
[2025-04-06T07:40:10.714+0000] {processor.py:925} INFO - DAG(s) 'example_bash_decorator' retrieved from /home/airflow/.local/lib/python3.12/site-packages/airflow/example_dags/example_bash_decorator.py
[2025-04-06T07:40:10.726+0000] {logging_mixin.py:190} INFO - [2025-04-06T07:40:10.726+0000] {dag.py:3239} INFO - Sync 1 DAGs
[2025-04-06T07:40:10.732+0000] {logging_mixin.py:190} INFO - [2025-04-06T07:40:10.732+0000] {dag.py:4180} INFO - Setting next_dagrun for example_bash_decorator to None, run_after=None
[2025-04-06T07:40:10.742+0000] {processor.py:208} INFO - Processing /home/airflow/.local/lib/python3.12/site-packages/airflow/example_dags/example_bash_decorator.py took 0.039 seconds
[2025-04-06T07:40:41.468+0000] {processor.py:186} INFO - Started process (PID=1655) to work on /home/airflow/.local/lib/python3.12/site-packages/airflow/example_dags/example_bash_decorator.py
[2025-04-06T07:40:41.469+0000] {processor.py:914} INFO - Processing file /home/airflow/.local/lib/python3.12/site-packages/airflow/example_dags/example_bash_decorator.py for tasks to queue
[2025-04-06T07:40:41.470+0000] {logging_mixin.py:190} INFO - [2025-04-06T07:40:41.470+0000] {dagbag.py:588} INFO - Filling up the DagBag from /home/airflow/.local/lib/python3.12/site-packages/airflow/example_dags/example_bash_decorator.py
[2025-04-06T07:40:41.478+0000] {processor.py:925} INFO - DAG(s) 'example_bash_decorator' retrieved from /home/airflow/.local/lib/python3.12/site-packages/airflow/example_dags/example_bash_decorator.py
[2025-04-06T07:40:41.490+0000] {logging_mixin.py:190} INFO - [2025-04-06T07:40:41.490+0000] {dag.py:3239} INFO - Sync 1 DAGs
[2025-04-06T07:40:41.497+0000] {logging_mixin.py:190} INFO - [2025-04-06T07:40:41.497+0000] {dag.py:4180} INFO - Setting next_dagrun for example_bash_decorator to None, run_after=None
[2025-04-06T07:40:41.506+0000] {processor.py:208} INFO - Processing /home/airflow/.local/lib/python3.12/site-packages/airflow/example_dags/example_bash_decorator.py took 0.041 seconds
[2025-04-06T07:41:11.773+0000] {processor.py:186} INFO - Started process (PID=1718) to work on /home/airflow/.local/lib/python3.12/site-packages/airflow/example_dags/example_bash_decorator.py
[2025-04-06T07:41:11.773+0000] {processor.py:914} INFO - Processing file /home/airflow/.local/lib/python3.12/site-packages/airflow/example_dags/example_bash_decorator.py for tasks to queue
[2025-04-06T07:41:11.774+0000] {logging_mixin.py:190} INFO - [2025-04-06T07:41:11.774+0000] {dagbag.py:588} INFO - Filling up the DagBag from /home/airflow/.local/lib/python3.12/site-packages/airflow/example_dags/example_bash_decorator.py
[2025-04-06T07:41:11.782+0000] {processor.py:925} INFO - DAG(s) 'example_bash_decorator' retrieved from /home/airflow/.local/lib/python3.12/site-packages/airflow/example_dags/example_bash_decorator.py
[2025-04-06T07:41:11.793+0000] {logging_mixin.py:190} INFO - [2025-04-06T07:41:11.793+0000] {dag.py:3239} INFO - Sync 1 DAGs
[2025-04-06T07:41:11.800+0000] {logging_mixin.py:190} INFO - [2025-04-06T07:41:11.800+0000] {dag.py:4180} INFO - Setting next_dagrun for example_bash_decorator to None, run_after=None
[2025-04-06T07:41:11.810+0000] {processor.py:208} INFO - Processing /home/airflow/.local/lib/python3.12/site-packages/airflow/example_dags/example_bash_decorator.py took 0.040 seconds
[2025-04-06T07:41:41.852+0000] {processor.py:186} INFO - Started process (PID=1781) to work on /home/airflow/.local/lib/python3.12/site-packages/airflow/example_dags/example_bash_decorator.py
[2025-04-06T07:41:41.852+0000] {processor.py:914} INFO - Processing file /home/airflow/.local/lib/python3.12/site-packages/airflow/example_dags/example_bash_decorator.py for tasks to queue
[2025-04-06T07:41:41.853+0000] {logging_mixin.py:190} INFO - [2025-04-06T07:41:41.853+0000] {dagbag.py:588} INFO - Filling up the DagBag from /home/airflow/.local/lib/python3.12/site-packages/airflow/example_dags/example_bash_decorator.py
[2025-04-06T07:41:41.860+0000] {processor.py:925} INFO - DAG(s) 'example_bash_decorator' retrieved from /home/airflow/.local/lib/python3.12/site-packages/airflow/example_dags/example_bash_decorator.py
[2025-04-06T07:41:41.872+0000] {logging_mixin.py:190} INFO - [2025-04-06T07:41:41.872+0000] {dag.py:3239} INFO - Sync 1 DAGs
[2025-04-06T07:41:41.879+0000] {logging_mixin.py:190} INFO - [2025-04-06T07:41:41.879+0000] {dag.py:4180} INFO - Setting next_dagrun for example_bash_decorator to None, run_after=None
[2025-04-06T07:41:41.889+0000] {processor.py:208} INFO - Processing /home/airflow/.local/lib/python3.12/site-packages/airflow/example_dags/example_bash_decorator.py took 0.040 seconds
[2025-04-06T07:42:12.846+0000] {processor.py:186} INFO - Started process (PID=1844) to work on /home/airflow/.local/lib/python3.12/site-packages/airflow/example_dags/example_bash_decorator.py
[2025-04-06T07:42:12.846+0000] {processor.py:914} INFO - Processing file /home/airflow/.local/lib/python3.12/site-packages/airflow/example_dags/example_bash_decorator.py for tasks to queue
[2025-04-06T07:42:12.848+0000] {logging_mixin.py:190} INFO - [2025-04-06T07:42:12.847+0000] {dagbag.py:588} INFO - Filling up the DagBag from /home/airflow/.local/lib/python3.12/site-packages/airflow/example_dags/example_bash_decorator.py
[2025-04-06T07:42:12.856+0000] {processor.py:925} INFO - DAG(s) 'example_bash_decorator' retrieved from /home/airflow/.local/lib/python3.12/site-packages/airflow/example_dags/example_bash_decorator.py
[2025-04-06T07:42:12.869+0000] {logging_mixin.py:190} INFO - [2025-04-06T07:42:12.868+0000] {dag.py:3239} INFO - Sync 1 DAGs
[2025-04-06T07:42:12.876+0000] {logging_mixin.py:190} INFO - [2025-04-06T07:42:12.876+0000] {dag.py:4180} INFO - Setting next_dagrun for example_bash_decorator to None, run_after=None
[2025-04-06T07:42:12.885+0000] {processor.py:208} INFO - Processing /home/airflow/.local/lib/python3.12/site-packages/airflow/example_dags/example_bash_decorator.py took 0.042 seconds
[2025-04-06T07:42:43.125+0000] {processor.py:186} INFO - Started process (PID=1907) to work on /home/airflow/.local/lib/python3.12/site-packages/airflow/example_dags/example_bash_decorator.py
[2025-04-06T07:42:43.125+0000] {processor.py:914} INFO - Processing file /home/airflow/.local/lib/python3.12/site-packages/airflow/example_dags/example_bash_decorator.py for tasks to queue
[2025-04-06T07:42:43.127+0000] {logging_mixin.py:190} INFO - [2025-04-06T07:42:43.126+0000] {dagbag.py:588} INFO - Filling up the DagBag from /home/airflow/.local/lib/python3.12/site-packages/airflow/example_dags/example_bash_decorator.py
[2025-04-06T07:42:43.135+0000] {processor.py:925} INFO - DAG(s) 'example_bash_decorator' retrieved from /home/airflow/.local/lib/python3.12/site-packages/airflow/example_dags/example_bash_decorator.py
[2025-04-06T07:42:43.148+0000] {logging_mixin.py:190} INFO - [2025-04-06T07:42:43.148+0000] {dag.py:3239} INFO - Sync 1 DAGs
[2025-04-06T07:42:43.156+0000] {logging_mixin.py:190} INFO - [2025-04-06T07:42:43.155+0000] {dag.py:4180} INFO - Setting next_dagrun for example_bash_decorator to None, run_after=None
[2025-04-06T07:42:43.165+0000] {processor.py:208} INFO - Processing /home/airflow/.local/lib/python3.12/site-packages/airflow/example_dags/example_bash_decorator.py took 0.043 seconds
[2025-04-06T07:43:13.995+0000] {processor.py:186} INFO - Started process (PID=1970) to work on /home/airflow/.local/lib/python3.12/site-packages/airflow/example_dags/example_bash_decorator.py
[2025-04-06T07:43:13.996+0000] {processor.py:914} INFO - Processing file /home/airflow/.local/lib/python3.12/site-packages/airflow/example_dags/example_bash_decorator.py for tasks to queue
[2025-04-06T07:43:13.997+0000] {logging_mixin.py:190} INFO - [2025-04-06T07:43:13.997+0000] {dagbag.py:588} INFO - Filling up the DagBag from /home/airflow/.local/lib/python3.12/site-packages/airflow/example_dags/example_bash_decorator.py
[2025-04-06T07:43:14.005+0000] {processor.py:925} INFO - DAG(s) 'example_bash_decorator' retrieved from /home/airflow/.local/lib/python3.12/site-packages/airflow/example_dags/example_bash_decorator.py
[2025-04-06T07:43:14.017+0000] {logging_mixin.py:190} INFO - [2025-04-06T07:43:14.017+0000] {dag.py:3239} INFO - Sync 1 DAGs
[2025-04-06T07:43:14.025+0000] {logging_mixin.py:190} INFO - [2025-04-06T07:43:14.025+0000] {dag.py:4180} INFO - Setting next_dagrun for example_bash_decorator to None, run_after=None
[2025-04-06T07:43:14.034+0000] {processor.py:208} INFO - Processing /home/airflow/.local/lib/python3.12/site-packages/airflow/example_dags/example_bash_decorator.py took 0.042 seconds
[2025-04-06T07:43:44.939+0000] {processor.py:186} INFO - Started process (PID=2033) to work on /home/airflow/.local/lib/python3.12/site-packages/airflow/example_dags/example_bash_decorator.py
[2025-04-06T07:43:44.940+0000] {processor.py:914} INFO - Processing file /home/airflow/.local/lib/python3.12/site-packages/airflow/example_dags/example_bash_decorator.py for tasks to queue
[2025-04-06T07:43:44.941+0000] {logging_mixin.py:190} INFO - [2025-04-06T07:43:44.941+0000] {dagbag.py:588} INFO - Filling up the DagBag from /home/airflow/.local/lib/python3.12/site-packages/airflow/example_dags/example_bash_decorator.py
[2025-04-06T07:43:44.948+0000] {processor.py:925} INFO - DAG(s) 'example_bash_decorator' retrieved from /home/airflow/.local/lib/python3.12/site-packages/airflow/example_dags/example_bash_decorator.py
[2025-04-06T07:43:44.960+0000] {logging_mixin.py:190} INFO - [2025-04-06T07:43:44.960+0000] {dag.py:3239} INFO - Sync 1 DAGs
[2025-04-06T07:43:44.966+0000] {logging_mixin.py:190} INFO - [2025-04-06T07:43:44.966+0000] {dag.py:4180} INFO - Setting next_dagrun for example_bash_decorator to None, run_after=None
[2025-04-06T07:43:44.976+0000] {processor.py:208} INFO - Processing /home/airflow/.local/lib/python3.12/site-packages/airflow/example_dags/example_bash_decorator.py took 0.040 seconds
[2025-04-06T07:44:15.499+0000] {processor.py:186} INFO - Started process (PID=2096) to work on /home/airflow/.local/lib/python3.12/site-packages/airflow/example_dags/example_bash_decorator.py
[2025-04-06T07:44:15.500+0000] {processor.py:914} INFO - Processing file /home/airflow/.local/lib/python3.12/site-packages/airflow/example_dags/example_bash_decorator.py for tasks to queue
[2025-04-06T07:44:15.501+0000] {logging_mixin.py:190} INFO - [2025-04-06T07:44:15.501+0000] {dagbag.py:588} INFO - Filling up the DagBag from /home/airflow/.local/lib/python3.12/site-packages/airflow/example_dags/example_bash_decorator.py
[2025-04-06T07:44:15.508+0000] {processor.py:925} INFO - DAG(s) 'example_bash_decorator' retrieved from /home/airflow/.local/lib/python3.12/site-packages/airflow/example_dags/example_bash_decorator.py
[2025-04-06T07:44:15.519+0000] {logging_mixin.py:190} INFO - [2025-04-06T07:44:15.519+0000] {dag.py:3239} INFO - Sync 1 DAGs
[2025-04-06T07:44:15.526+0000] {logging_mixin.py:190} INFO - [2025-04-06T07:44:15.526+0000] {dag.py:4180} INFO - Setting next_dagrun for example_bash_decorator to None, run_after=None
[2025-04-06T07:44:15.536+0000] {processor.py:208} INFO - Processing /home/airflow/.local/lib/python3.12/site-packages/airflow/example_dags/example_bash_decorator.py took 0.039 seconds
