[2025-04-06T07:27:55.982+0000] {processor.py:186} INFO - Started process (PID=70) to work on /home/airflow/.local/lib/python3.12/site-packages/airflow/example_dags/example_sensors.py
[2025-04-06T07:27:55.983+0000] {processor.py:914} INFO - Processing file /home/airflow/.local/lib/python3.12/site-packages/airflow/example_dags/example_sensors.py for tasks to queue
[2025-04-06T07:27:55.984+0000] {logging_mixin.py:190} INFO - [2025-04-06T07:27:55.984+0000] {dagbag.py:588} INFO - Filling up the DagBag from /home/airflow/.local/lib/python3.12/site-packages/airflow/example_dags/example_sensors.py
[2025-04-06T07:27:55.990+0000] {processor.py:925} INFO - DAG(s) 'example_sensors' retrieved from /home/airflow/.local/lib/python3.12/site-packages/airflow/example_dags/example_sensors.py
[2025-04-06T07:27:56.054+0000] {logging_mixin.py:190} INFO - [2025-04-06T07:27:56.053+0000] {override.py:1912} INFO - Created Permission View: can delete on DAG:example_sensors
[2025-04-06T07:27:56.059+0000] {logging_mixin.py:190} INFO - [2025-04-06T07:27:56.059+0000] {override.py:1912} INFO - Created Permission View: can read on DAG:example_sensors
[2025-04-06T07:27:56.063+0000] {logging_mixin.py:190} INFO - [2025-04-06T07:27:56.063+0000] {override.py:1912} INFO - Created Permission View: can edit on DAG:example_sensors
[2025-04-06T07:27:56.067+0000] {logging_mixin.py:190} INFO - [2025-04-06T07:27:56.067+0000] {override.py:1912} INFO - Created Permission View: can delete on DAG Run:example_sensors
[2025-04-06T07:27:56.071+0000] {logging_mixin.py:190} INFO - [2025-04-06T07:27:56.071+0000] {override.py:1912} INFO - Created Permission View: can read on DAG Run:example_sensors
[2025-04-06T07:27:56.075+0000] {logging_mixin.py:190} INFO - [2025-04-06T07:27:56.075+0000] {override.py:1912} INFO - Created Permission View: can create on DAG Run:example_sensors
[2025-04-06T07:27:56.078+0000] {logging_mixin.py:190} INFO - [2025-04-06T07:27:56.078+0000] {override.py:1912} INFO - Created Permission View: menu access on DAG Run:example_sensors
[2025-04-06T07:27:56.078+0000] {logging_mixin.py:190} INFO - [2025-04-06T07:27:56.078+0000] {dag.py:3239} INFO - Sync 1 DAGs
[2025-04-06T07:27:56.086+0000] {logging_mixin.py:190} INFO - [2025-04-06T07:27:56.086+0000] {dag.py:3262} INFO - Creating ORM DAG for example_sensors
[2025-04-06T07:27:56.086+0000] {logging_mixin.py:190} INFO - [2025-04-06T07:27:56.086+0000] {dag.py:4180} INFO - Setting next_dagrun for example_sensors to None, run_after=None
[2025-04-06T07:27:56.095+0000] {processor.py:208} INFO - Processing /home/airflow/.local/lib/python3.12/site-packages/airflow/example_dags/example_sensors.py took 0.116 seconds
[2025-04-06T07:28:26.938+0000] {processor.py:186} INFO - Started process (PID=139) to work on /home/airflow/.local/lib/python3.12/site-packages/airflow/example_dags/example_sensors.py
[2025-04-06T07:28:26.939+0000] {processor.py:914} INFO - Processing file /home/airflow/.local/lib/python3.12/site-packages/airflow/example_dags/example_sensors.py for tasks to queue
[2025-04-06T07:28:26.940+0000] {logging_mixin.py:190} INFO - [2025-04-06T07:28:26.939+0000] {dagbag.py:588} INFO - Filling up the DagBag from /home/airflow/.local/lib/python3.12/site-packages/airflow/example_dags/example_sensors.py
[2025-04-06T07:28:26.946+0000] {processor.py:925} INFO - DAG(s) 'example_sensors' retrieved from /home/airflow/.local/lib/python3.12/site-packages/airflow/example_dags/example_sensors.py
[2025-04-06T07:28:26.962+0000] {logging_mixin.py:190} INFO - [2025-04-06T07:28:26.961+0000] {dag.py:3239} INFO - Sync 1 DAGs
[2025-04-06T07:28:26.970+0000] {logging_mixin.py:190} INFO - [2025-04-06T07:28:26.970+0000] {dag.py:4180} INFO - Setting next_dagrun for example_sensors to None, run_after=None
[2025-04-06T07:28:26.982+0000] {processor.py:208} INFO - Processing /home/airflow/.local/lib/python3.12/site-packages/airflow/example_dags/example_sensors.py took 0.047 seconds
[2025-04-06T07:28:57.211+0000] {processor.py:186} INFO - Started process (PID=201) to work on /home/airflow/.local/lib/python3.12/site-packages/airflow/example_dags/example_sensors.py
[2025-04-06T07:28:57.211+0000] {processor.py:914} INFO - Processing file /home/airflow/.local/lib/python3.12/site-packages/airflow/example_dags/example_sensors.py for tasks to queue
[2025-04-06T07:28:57.212+0000] {logging_mixin.py:190} INFO - [2025-04-06T07:28:57.212+0000] {dagbag.py:588} INFO - Filling up the DagBag from /home/airflow/.local/lib/python3.12/site-packages/airflow/example_dags/example_sensors.py
[2025-04-06T07:28:57.217+0000] {processor.py:925} INFO - DAG(s) 'example_sensors' retrieved from /home/airflow/.local/lib/python3.12/site-packages/airflow/example_dags/example_sensors.py
[2025-04-06T07:28:57.229+0000] {logging_mixin.py:190} INFO - [2025-04-06T07:28:57.229+0000] {dag.py:3239} INFO - Sync 1 DAGs
[2025-04-06T07:28:57.236+0000] {logging_mixin.py:190} INFO - [2025-04-06T07:28:57.236+0000] {dag.py:4180} INFO - Setting next_dagrun for example_sensors to None, run_after=None
[2025-04-06T07:28:57.245+0000] {processor.py:208} INFO - Processing /home/airflow/.local/lib/python3.12/site-packages/airflow/example_dags/example_sensors.py took 0.037 seconds
[2025-04-06T07:29:27.657+0000] {processor.py:186} INFO - Started process (PID=264) to work on /home/airflow/.local/lib/python3.12/site-packages/airflow/example_dags/example_sensors.py
[2025-04-06T07:29:27.657+0000] {processor.py:914} INFO - Processing file /home/airflow/.local/lib/python3.12/site-packages/airflow/example_dags/example_sensors.py for tasks to queue
[2025-04-06T07:29:27.658+0000] {logging_mixin.py:190} INFO - [2025-04-06T07:29:27.658+0000] {dagbag.py:588} INFO - Filling up the DagBag from /home/airflow/.local/lib/python3.12/site-packages/airflow/example_dags/example_sensors.py
[2025-04-06T07:29:27.664+0000] {processor.py:925} INFO - DAG(s) 'example_sensors' retrieved from /home/airflow/.local/lib/python3.12/site-packages/airflow/example_dags/example_sensors.py
[2025-04-06T07:29:27.677+0000] {logging_mixin.py:190} INFO - [2025-04-06T07:29:27.677+0000] {dag.py:3239} INFO - Sync 1 DAGs
[2025-04-06T07:29:27.684+0000] {logging_mixin.py:190} INFO - [2025-04-06T07:29:27.683+0000] {dag.py:4180} INFO - Setting next_dagrun for example_sensors to None, run_after=None
[2025-04-06T07:29:27.693+0000] {processor.py:208} INFO - Processing /home/airflow/.local/lib/python3.12/site-packages/airflow/example_dags/example_sensors.py took 0.039 seconds
[2025-04-06T07:29:58.575+0000] {processor.py:186} INFO - Started process (PID=327) to work on /home/airflow/.local/lib/python3.12/site-packages/airflow/example_dags/example_sensors.py
[2025-04-06T07:29:58.575+0000] {processor.py:914} INFO - Processing file /home/airflow/.local/lib/python3.12/site-packages/airflow/example_dags/example_sensors.py for tasks to queue
[2025-04-06T07:29:58.577+0000] {logging_mixin.py:190} INFO - [2025-04-06T07:29:58.577+0000] {dagbag.py:588} INFO - Filling up the DagBag from /home/airflow/.local/lib/python3.12/site-packages/airflow/example_dags/example_sensors.py
[2025-04-06T07:29:58.583+0000] {processor.py:925} INFO - DAG(s) 'example_sensors' retrieved from /home/airflow/.local/lib/python3.12/site-packages/airflow/example_dags/example_sensors.py
[2025-04-06T07:29:58.598+0000] {logging_mixin.py:190} INFO - [2025-04-06T07:29:58.597+0000] {dag.py:3239} INFO - Sync 1 DAGs
[2025-04-06T07:29:58.605+0000] {logging_mixin.py:190} INFO - [2025-04-06T07:29:58.605+0000] {dag.py:4180} INFO - Setting next_dagrun for example_sensors to None, run_after=None
[2025-04-06T07:29:58.616+0000] {processor.py:208} INFO - Processing /home/airflow/.local/lib/python3.12/site-packages/airflow/example_dags/example_sensors.py took 0.044 seconds
[2025-04-06T07:30:29.204+0000] {processor.py:186} INFO - Started process (PID=390) to work on /home/airflow/.local/lib/python3.12/site-packages/airflow/example_dags/example_sensors.py
[2025-04-06T07:30:29.205+0000] {processor.py:914} INFO - Processing file /home/airflow/.local/lib/python3.12/site-packages/airflow/example_dags/example_sensors.py for tasks to queue
[2025-04-06T07:30:29.206+0000] {logging_mixin.py:190} INFO - [2025-04-06T07:30:29.206+0000] {dagbag.py:588} INFO - Filling up the DagBag from /home/airflow/.local/lib/python3.12/site-packages/airflow/example_dags/example_sensors.py
[2025-04-06T07:30:29.210+0000] {processor.py:925} INFO - DAG(s) 'example_sensors' retrieved from /home/airflow/.local/lib/python3.12/site-packages/airflow/example_dags/example_sensors.py
[2025-04-06T07:30:29.223+0000] {logging_mixin.py:190} INFO - [2025-04-06T07:30:29.223+0000] {dag.py:3239} INFO - Sync 1 DAGs
[2025-04-06T07:30:29.229+0000] {logging_mixin.py:190} INFO - [2025-04-06T07:30:29.229+0000] {dag.py:4180} INFO - Setting next_dagrun for example_sensors to None, run_after=None
[2025-04-06T07:30:29.241+0000] {processor.py:208} INFO - Processing /home/airflow/.local/lib/python3.12/site-packages/airflow/example_dags/example_sensors.py took 0.040 seconds
[2025-04-06T07:31:00.068+0000] {processor.py:186} INFO - Started process (PID=453) to work on /home/airflow/.local/lib/python3.12/site-packages/airflow/example_dags/example_sensors.py
[2025-04-06T07:31:00.068+0000] {processor.py:914} INFO - Processing file /home/airflow/.local/lib/python3.12/site-packages/airflow/example_dags/example_sensors.py for tasks to queue
[2025-04-06T07:31:00.069+0000] {logging_mixin.py:190} INFO - [2025-04-06T07:31:00.069+0000] {dagbag.py:588} INFO - Filling up the DagBag from /home/airflow/.local/lib/python3.12/site-packages/airflow/example_dags/example_sensors.py
[2025-04-06T07:31:00.075+0000] {processor.py:925} INFO - DAG(s) 'example_sensors' retrieved from /home/airflow/.local/lib/python3.12/site-packages/airflow/example_dags/example_sensors.py
[2025-04-06T07:31:00.087+0000] {logging_mixin.py:190} INFO - [2025-04-06T07:31:00.087+0000] {dag.py:3239} INFO - Sync 1 DAGs
[2025-04-06T07:31:00.093+0000] {logging_mixin.py:190} INFO - [2025-04-06T07:31:00.093+0000] {dag.py:4180} INFO - Setting next_dagrun for example_sensors to None, run_after=None
[2025-04-06T07:31:00.102+0000] {processor.py:208} INFO - Processing /home/airflow/.local/lib/python3.12/site-packages/airflow/example_dags/example_sensors.py took 0.037 seconds
[2025-04-06T07:31:30.849+0000] {processor.py:186} INFO - Started process (PID=516) to work on /home/airflow/.local/lib/python3.12/site-packages/airflow/example_dags/example_sensors.py
[2025-04-06T07:31:30.850+0000] {processor.py:914} INFO - Processing file /home/airflow/.local/lib/python3.12/site-packages/airflow/example_dags/example_sensors.py for tasks to queue
[2025-04-06T07:31:30.851+0000] {logging_mixin.py:190} INFO - [2025-04-06T07:31:30.851+0000] {dagbag.py:588} INFO - Filling up the DagBag from /home/airflow/.local/lib/python3.12/site-packages/airflow/example_dags/example_sensors.py
[2025-04-06T07:31:30.856+0000] {processor.py:925} INFO - DAG(s) 'example_sensors' retrieved from /home/airflow/.local/lib/python3.12/site-packages/airflow/example_dags/example_sensors.py
[2025-04-06T07:31:30.869+0000] {logging_mixin.py:190} INFO - [2025-04-06T07:31:30.868+0000] {dag.py:3239} INFO - Sync 1 DAGs
[2025-04-06T07:31:30.875+0000] {logging_mixin.py:190} INFO - [2025-04-06T07:31:30.875+0000] {dag.py:4180} INFO - Setting next_dagrun for example_sensors to None, run_after=None
[2025-04-06T07:31:30.884+0000] {processor.py:208} INFO - Processing /home/airflow/.local/lib/python3.12/site-packages/airflow/example_dags/example_sensors.py took 0.038 seconds
[2025-04-06T07:32:01.465+0000] {processor.py:186} INFO - Started process (PID=579) to work on /home/airflow/.local/lib/python3.12/site-packages/airflow/example_dags/example_sensors.py
[2025-04-06T07:32:01.466+0000] {processor.py:914} INFO - Processing file /home/airflow/.local/lib/python3.12/site-packages/airflow/example_dags/example_sensors.py for tasks to queue
[2025-04-06T07:32:01.467+0000] {logging_mixin.py:190} INFO - [2025-04-06T07:32:01.467+0000] {dagbag.py:588} INFO - Filling up the DagBag from /home/airflow/.local/lib/python3.12/site-packages/airflow/example_dags/example_sensors.py
[2025-04-06T07:32:01.472+0000] {processor.py:925} INFO - DAG(s) 'example_sensors' retrieved from /home/airflow/.local/lib/python3.12/site-packages/airflow/example_dags/example_sensors.py
[2025-04-06T07:32:01.485+0000] {logging_mixin.py:190} INFO - [2025-04-06T07:32:01.485+0000] {dag.py:3239} INFO - Sync 1 DAGs
[2025-04-06T07:32:01.491+0000] {logging_mixin.py:190} INFO - [2025-04-06T07:32:01.491+0000] {dag.py:4180} INFO - Setting next_dagrun for example_sensors to None, run_after=None
[2025-04-06T07:32:01.500+0000] {processor.py:208} INFO - Processing /home/airflow/.local/lib/python3.12/site-packages/airflow/example_dags/example_sensors.py took 0.038 seconds
[2025-04-06T07:32:32.261+0000] {processor.py:186} INFO - Started process (PID=642) to work on /home/airflow/.local/lib/python3.12/site-packages/airflow/example_dags/example_sensors.py
[2025-04-06T07:32:32.262+0000] {processor.py:914} INFO - Processing file /home/airflow/.local/lib/python3.12/site-packages/airflow/example_dags/example_sensors.py for tasks to queue
[2025-04-06T07:32:32.263+0000] {logging_mixin.py:190} INFO - [2025-04-06T07:32:32.263+0000] {dagbag.py:588} INFO - Filling up the DagBag from /home/airflow/.local/lib/python3.12/site-packages/airflow/example_dags/example_sensors.py
[2025-04-06T07:32:32.269+0000] {processor.py:925} INFO - DAG(s) 'example_sensors' retrieved from /home/airflow/.local/lib/python3.12/site-packages/airflow/example_dags/example_sensors.py
[2025-04-06T07:32:32.280+0000] {logging_mixin.py:190} INFO - [2025-04-06T07:32:32.280+0000] {dag.py:3239} INFO - Sync 1 DAGs
[2025-04-06T07:32:32.288+0000] {logging_mixin.py:190} INFO - [2025-04-06T07:32:32.287+0000] {dag.py:4180} INFO - Setting next_dagrun for example_sensors to None, run_after=None
[2025-04-06T07:32:32.297+0000] {processor.py:208} INFO - Processing /home/airflow/.local/lib/python3.12/site-packages/airflow/example_dags/example_sensors.py took 0.038 seconds
[2025-04-06T07:33:02.760+0000] {processor.py:186} INFO - Started process (PID=705) to work on /home/airflow/.local/lib/python3.12/site-packages/airflow/example_dags/example_sensors.py
[2025-04-06T07:33:02.761+0000] {processor.py:914} INFO - Processing file /home/airflow/.local/lib/python3.12/site-packages/airflow/example_dags/example_sensors.py for tasks to queue
[2025-04-06T07:33:02.762+0000] {logging_mixin.py:190} INFO - [2025-04-06T07:33:02.762+0000] {dagbag.py:588} INFO - Filling up the DagBag from /home/airflow/.local/lib/python3.12/site-packages/airflow/example_dags/example_sensors.py
[2025-04-06T07:33:02.767+0000] {processor.py:925} INFO - DAG(s) 'example_sensors' retrieved from /home/airflow/.local/lib/python3.12/site-packages/airflow/example_dags/example_sensors.py
[2025-04-06T07:33:02.779+0000] {logging_mixin.py:190} INFO - [2025-04-06T07:33:02.779+0000] {dag.py:3239} INFO - Sync 1 DAGs
[2025-04-06T07:33:02.786+0000] {logging_mixin.py:190} INFO - [2025-04-06T07:33:02.786+0000] {dag.py:4180} INFO - Setting next_dagrun for example_sensors to None, run_after=None
[2025-04-06T07:33:02.796+0000] {processor.py:208} INFO - Processing /home/airflow/.local/lib/python3.12/site-packages/airflow/example_dags/example_sensors.py took 0.038 seconds
[2025-04-06T07:33:33.445+0000] {processor.py:186} INFO - Started process (PID=768) to work on /home/airflow/.local/lib/python3.12/site-packages/airflow/example_dags/example_sensors.py
[2025-04-06T07:33:33.445+0000] {processor.py:914} INFO - Processing file /home/airflow/.local/lib/python3.12/site-packages/airflow/example_dags/example_sensors.py for tasks to queue
[2025-04-06T07:33:33.446+0000] {logging_mixin.py:190} INFO - [2025-04-06T07:33:33.446+0000] {dagbag.py:588} INFO - Filling up the DagBag from /home/airflow/.local/lib/python3.12/site-packages/airflow/example_dags/example_sensors.py
[2025-04-06T07:33:33.451+0000] {processor.py:925} INFO - DAG(s) 'example_sensors' retrieved from /home/airflow/.local/lib/python3.12/site-packages/airflow/example_dags/example_sensors.py
[2025-04-06T07:33:33.464+0000] {logging_mixin.py:190} INFO - [2025-04-06T07:33:33.464+0000] {dag.py:3239} INFO - Sync 1 DAGs
[2025-04-06T07:33:33.470+0000] {logging_mixin.py:190} INFO - [2025-04-06T07:33:33.470+0000] {dag.py:4180} INFO - Setting next_dagrun for example_sensors to None, run_after=None
[2025-04-06T07:33:33.479+0000] {processor.py:208} INFO - Processing /home/airflow/.local/lib/python3.12/site-packages/airflow/example_dags/example_sensors.py took 0.038 seconds
[2025-04-06T07:34:03.986+0000] {processor.py:186} INFO - Started process (PID=831) to work on /home/airflow/.local/lib/python3.12/site-packages/airflow/example_dags/example_sensors.py
[2025-04-06T07:34:03.987+0000] {processor.py:914} INFO - Processing file /home/airflow/.local/lib/python3.12/site-packages/airflow/example_dags/example_sensors.py for tasks to queue
[2025-04-06T07:34:03.988+0000] {logging_mixin.py:190} INFO - [2025-04-06T07:34:03.988+0000] {dagbag.py:588} INFO - Filling up the DagBag from /home/airflow/.local/lib/python3.12/site-packages/airflow/example_dags/example_sensors.py
[2025-04-06T07:34:03.993+0000] {processor.py:925} INFO - DAG(s) 'example_sensors' retrieved from /home/airflow/.local/lib/python3.12/site-packages/airflow/example_dags/example_sensors.py
[2025-04-06T07:34:04.006+0000] {logging_mixin.py:190} INFO - [2025-04-06T07:34:04.006+0000] {dag.py:3239} INFO - Sync 1 DAGs
[2025-04-06T07:34:04.013+0000] {logging_mixin.py:190} INFO - [2025-04-06T07:34:04.013+0000] {dag.py:4180} INFO - Setting next_dagrun for example_sensors to None, run_after=None
[2025-04-06T07:34:04.023+0000] {processor.py:208} INFO - Processing /home/airflow/.local/lib/python3.12/site-packages/airflow/example_dags/example_sensors.py took 0.040 seconds
[2025-04-06T07:34:34.588+0000] {processor.py:186} INFO - Started process (PID=900) to work on /home/airflow/.local/lib/python3.12/site-packages/airflow/example_dags/example_sensors.py
[2025-04-06T07:34:34.588+0000] {processor.py:914} INFO - Processing file /home/airflow/.local/lib/python3.12/site-packages/airflow/example_dags/example_sensors.py for tasks to queue
[2025-04-06T07:34:34.589+0000] {logging_mixin.py:190} INFO - [2025-04-06T07:34:34.589+0000] {dagbag.py:588} INFO - Filling up the DagBag from /home/airflow/.local/lib/python3.12/site-packages/airflow/example_dags/example_sensors.py
[2025-04-06T07:34:34.595+0000] {processor.py:925} INFO - DAG(s) 'example_sensors' retrieved from /home/airflow/.local/lib/python3.12/site-packages/airflow/example_dags/example_sensors.py
[2025-04-06T07:34:34.607+0000] {logging_mixin.py:190} INFO - [2025-04-06T07:34:34.607+0000] {dag.py:3239} INFO - Sync 1 DAGs
[2025-04-06T07:34:34.614+0000] {logging_mixin.py:190} INFO - [2025-04-06T07:34:34.614+0000] {dag.py:4180} INFO - Setting next_dagrun for example_sensors to None, run_after=None
[2025-04-06T07:34:34.623+0000] {processor.py:208} INFO - Processing /home/airflow/.local/lib/python3.12/site-packages/airflow/example_dags/example_sensors.py took 0.038 seconds
[2025-04-06T07:35:05.184+0000] {processor.py:186} INFO - Started process (PID=963) to work on /home/airflow/.local/lib/python3.12/site-packages/airflow/example_dags/example_sensors.py
[2025-04-06T07:35:05.184+0000] {processor.py:914} INFO - Processing file /home/airflow/.local/lib/python3.12/site-packages/airflow/example_dags/example_sensors.py for tasks to queue
[2025-04-06T07:35:05.186+0000] {logging_mixin.py:190} INFO - [2025-04-06T07:35:05.185+0000] {dagbag.py:588} INFO - Filling up the DagBag from /home/airflow/.local/lib/python3.12/site-packages/airflow/example_dags/example_sensors.py
[2025-04-06T07:35:05.191+0000] {processor.py:925} INFO - DAG(s) 'example_sensors' retrieved from /home/airflow/.local/lib/python3.12/site-packages/airflow/example_dags/example_sensors.py
[2025-04-06T07:35:05.204+0000] {logging_mixin.py:190} INFO - [2025-04-06T07:35:05.204+0000] {dag.py:3239} INFO - Sync 1 DAGs
[2025-04-06T07:35:05.211+0000] {logging_mixin.py:190} INFO - [2025-04-06T07:35:05.211+0000] {dag.py:4180} INFO - Setting next_dagrun for example_sensors to None, run_after=None
[2025-04-06T07:35:05.220+0000] {processor.py:208} INFO - Processing /home/airflow/.local/lib/python3.12/site-packages/airflow/example_dags/example_sensors.py took 0.039 seconds
[2025-04-06T07:35:35.629+0000] {processor.py:186} INFO - Started process (PID=1026) to work on /home/airflow/.local/lib/python3.12/site-packages/airflow/example_dags/example_sensors.py
[2025-04-06T07:35:35.631+0000] {processor.py:914} INFO - Processing file /home/airflow/.local/lib/python3.12/site-packages/airflow/example_dags/example_sensors.py for tasks to queue
[2025-04-06T07:35:35.632+0000] {logging_mixin.py:190} INFO - [2025-04-06T07:35:35.632+0000] {dagbag.py:588} INFO - Filling up the DagBag from /home/airflow/.local/lib/python3.12/site-packages/airflow/example_dags/example_sensors.py
[2025-04-06T07:35:35.637+0000] {processor.py:925} INFO - DAG(s) 'example_sensors' retrieved from /home/airflow/.local/lib/python3.12/site-packages/airflow/example_dags/example_sensors.py
[2025-04-06T07:35:35.650+0000] {logging_mixin.py:190} INFO - [2025-04-06T07:35:35.649+0000] {dag.py:3239} INFO - Sync 1 DAGs
[2025-04-06T07:35:35.656+0000] {logging_mixin.py:190} INFO - [2025-04-06T07:35:35.656+0000] {dag.py:4180} INFO - Setting next_dagrun for example_sensors to None, run_after=None
[2025-04-06T07:35:35.665+0000] {processor.py:208} INFO - Processing /home/airflow/.local/lib/python3.12/site-packages/airflow/example_dags/example_sensors.py took 0.039 seconds
[2025-04-06T07:36:06.080+0000] {processor.py:186} INFO - Started process (PID=1089) to work on /home/airflow/.local/lib/python3.12/site-packages/airflow/example_dags/example_sensors.py
[2025-04-06T07:36:06.081+0000] {processor.py:914} INFO - Processing file /home/airflow/.local/lib/python3.12/site-packages/airflow/example_dags/example_sensors.py for tasks to queue
[2025-04-06T07:36:06.082+0000] {logging_mixin.py:190} INFO - [2025-04-06T07:36:06.082+0000] {dagbag.py:588} INFO - Filling up the DagBag from /home/airflow/.local/lib/python3.12/site-packages/airflow/example_dags/example_sensors.py
[2025-04-06T07:36:06.088+0000] {processor.py:925} INFO - DAG(s) 'example_sensors' retrieved from /home/airflow/.local/lib/python3.12/site-packages/airflow/example_dags/example_sensors.py
[2025-04-06T07:36:06.102+0000] {logging_mixin.py:190} INFO - [2025-04-06T07:36:06.102+0000] {dag.py:3239} INFO - Sync 1 DAGs
[2025-04-06T07:36:06.108+0000] {logging_mixin.py:190} INFO - [2025-04-06T07:36:06.108+0000] {dag.py:4180} INFO - Setting next_dagrun for example_sensors to None, run_after=None
[2025-04-06T07:36:06.120+0000] {processor.py:208} INFO - Processing /home/airflow/.local/lib/python3.12/site-packages/airflow/example_dags/example_sensors.py took 0.042 seconds
[2025-04-06T07:36:36.773+0000] {processor.py:186} INFO - Started process (PID=1152) to work on /home/airflow/.local/lib/python3.12/site-packages/airflow/example_dags/example_sensors.py
[2025-04-06T07:36:36.774+0000] {processor.py:914} INFO - Processing file /home/airflow/.local/lib/python3.12/site-packages/airflow/example_dags/example_sensors.py for tasks to queue
[2025-04-06T07:36:36.775+0000] {logging_mixin.py:190} INFO - [2025-04-06T07:36:36.775+0000] {dagbag.py:588} INFO - Filling up the DagBag from /home/airflow/.local/lib/python3.12/site-packages/airflow/example_dags/example_sensors.py
[2025-04-06T07:36:36.781+0000] {processor.py:925} INFO - DAG(s) 'example_sensors' retrieved from /home/airflow/.local/lib/python3.12/site-packages/airflow/example_dags/example_sensors.py
[2025-04-06T07:36:36.794+0000] {logging_mixin.py:190} INFO - [2025-04-06T07:36:36.794+0000] {dag.py:3239} INFO - Sync 1 DAGs
[2025-04-06T07:36:36.801+0000] {logging_mixin.py:190} INFO - [2025-04-06T07:36:36.801+0000] {dag.py:4180} INFO - Setting next_dagrun for example_sensors to None, run_after=None
[2025-04-06T07:36:36.810+0000] {processor.py:208} INFO - Processing /home/airflow/.local/lib/python3.12/site-packages/airflow/example_dags/example_sensors.py took 0.040 seconds
[2025-04-06T07:37:07.692+0000] {processor.py:186} INFO - Started process (PID=1215) to work on /home/airflow/.local/lib/python3.12/site-packages/airflow/example_dags/example_sensors.py
[2025-04-06T07:37:07.692+0000] {processor.py:914} INFO - Processing file /home/airflow/.local/lib/python3.12/site-packages/airflow/example_dags/example_sensors.py for tasks to queue
[2025-04-06T07:37:07.694+0000] {logging_mixin.py:190} INFO - [2025-04-06T07:37:07.693+0000] {dagbag.py:588} INFO - Filling up the DagBag from /home/airflow/.local/lib/python3.12/site-packages/airflow/example_dags/example_sensors.py
[2025-04-06T07:37:07.699+0000] {processor.py:925} INFO - DAG(s) 'example_sensors' retrieved from /home/airflow/.local/lib/python3.12/site-packages/airflow/example_dags/example_sensors.py
[2025-04-06T07:37:07.713+0000] {logging_mixin.py:190} INFO - [2025-04-06T07:37:07.712+0000] {dag.py:3239} INFO - Sync 1 DAGs
[2025-04-06T07:37:07.719+0000] {logging_mixin.py:190} INFO - [2025-04-06T07:37:07.719+0000] {dag.py:4180} INFO - Setting next_dagrun for example_sensors to None, run_after=None
[2025-04-06T07:37:07.729+0000] {processor.py:208} INFO - Processing /home/airflow/.local/lib/python3.12/site-packages/airflow/example_dags/example_sensors.py took 0.040 seconds
[2025-04-06T07:37:38.406+0000] {processor.py:186} INFO - Started process (PID=1278) to work on /home/airflow/.local/lib/python3.12/site-packages/airflow/example_dags/example_sensors.py
[2025-04-06T07:37:38.407+0000] {processor.py:914} INFO - Processing file /home/airflow/.local/lib/python3.12/site-packages/airflow/example_dags/example_sensors.py for tasks to queue
[2025-04-06T07:37:38.408+0000] {logging_mixin.py:190} INFO - [2025-04-06T07:37:38.408+0000] {dagbag.py:588} INFO - Filling up the DagBag from /home/airflow/.local/lib/python3.12/site-packages/airflow/example_dags/example_sensors.py
[2025-04-06T07:37:38.413+0000] {processor.py:925} INFO - DAG(s) 'example_sensors' retrieved from /home/airflow/.local/lib/python3.12/site-packages/airflow/example_dags/example_sensors.py
[2025-04-06T07:37:38.426+0000] {logging_mixin.py:190} INFO - [2025-04-06T07:37:38.426+0000] {dag.py:3239} INFO - Sync 1 DAGs
[2025-04-06T07:37:38.433+0000] {logging_mixin.py:190} INFO - [2025-04-06T07:37:38.432+0000] {dag.py:4180} INFO - Setting next_dagrun for example_sensors to None, run_after=None
[2025-04-06T07:37:38.442+0000] {processor.py:208} INFO - Processing /home/airflow/.local/lib/python3.12/site-packages/airflow/example_dags/example_sensors.py took 0.039 seconds
[2025-04-06T07:38:08.485+0000] {processor.py:186} INFO - Started process (PID=1341) to work on /home/airflow/.local/lib/python3.12/site-packages/airflow/example_dags/example_sensors.py
[2025-04-06T07:38:08.486+0000] {processor.py:914} INFO - Processing file /home/airflow/.local/lib/python3.12/site-packages/airflow/example_dags/example_sensors.py for tasks to queue
[2025-04-06T07:38:08.487+0000] {logging_mixin.py:190} INFO - [2025-04-06T07:38:08.486+0000] {dagbag.py:588} INFO - Filling up the DagBag from /home/airflow/.local/lib/python3.12/site-packages/airflow/example_dags/example_sensors.py
[2025-04-06T07:38:08.492+0000] {processor.py:925} INFO - DAG(s) 'example_sensors' retrieved from /home/airflow/.local/lib/python3.12/site-packages/airflow/example_dags/example_sensors.py
[2025-04-06T07:38:08.504+0000] {logging_mixin.py:190} INFO - [2025-04-06T07:38:08.504+0000] {dag.py:3239} INFO - Sync 1 DAGs
[2025-04-06T07:38:08.511+0000] {logging_mixin.py:190} INFO - [2025-04-06T07:38:08.511+0000] {dag.py:4180} INFO - Setting next_dagrun for example_sensors to None, run_after=None
[2025-04-06T07:38:08.520+0000] {processor.py:208} INFO - Processing /home/airflow/.local/lib/python3.12/site-packages/airflow/example_dags/example_sensors.py took 0.038 seconds
[2025-04-06T07:38:39.203+0000] {processor.py:186} INFO - Started process (PID=1404) to work on /home/airflow/.local/lib/python3.12/site-packages/airflow/example_dags/example_sensors.py
[2025-04-06T07:38:39.204+0000] {processor.py:914} INFO - Processing file /home/airflow/.local/lib/python3.12/site-packages/airflow/example_dags/example_sensors.py for tasks to queue
[2025-04-06T07:38:39.205+0000] {logging_mixin.py:190} INFO - [2025-04-06T07:38:39.205+0000] {dagbag.py:588} INFO - Filling up the DagBag from /home/airflow/.local/lib/python3.12/site-packages/airflow/example_dags/example_sensors.py
[2025-04-06T07:38:39.211+0000] {processor.py:925} INFO - DAG(s) 'example_sensors' retrieved from /home/airflow/.local/lib/python3.12/site-packages/airflow/example_dags/example_sensors.py
[2025-04-06T07:38:39.228+0000] {logging_mixin.py:190} INFO - [2025-04-06T07:38:39.228+0000] {dag.py:3239} INFO - Sync 1 DAGs
[2025-04-06T07:38:39.236+0000] {logging_mixin.py:190} INFO - [2025-04-06T07:38:39.236+0000] {dag.py:4180} INFO - Setting next_dagrun for example_sensors to None, run_after=None
[2025-04-06T07:38:39.246+0000] {processor.py:208} INFO - Processing /home/airflow/.local/lib/python3.12/site-packages/airflow/example_dags/example_sensors.py took 0.046 seconds
[2025-04-06T07:39:10.113+0000] {processor.py:186} INFO - Started process (PID=1467) to work on /home/airflow/.local/lib/python3.12/site-packages/airflow/example_dags/example_sensors.py
[2025-04-06T07:39:10.114+0000] {processor.py:914} INFO - Processing file /home/airflow/.local/lib/python3.12/site-packages/airflow/example_dags/example_sensors.py for tasks to queue
[2025-04-06T07:39:10.115+0000] {logging_mixin.py:190} INFO - [2025-04-06T07:39:10.115+0000] {dagbag.py:588} INFO - Filling up the DagBag from /home/airflow/.local/lib/python3.12/site-packages/airflow/example_dags/example_sensors.py
[2025-04-06T07:39:10.120+0000] {processor.py:925} INFO - DAG(s) 'example_sensors' retrieved from /home/airflow/.local/lib/python3.12/site-packages/airflow/example_dags/example_sensors.py
[2025-04-06T07:39:10.133+0000] {logging_mixin.py:190} INFO - [2025-04-06T07:39:10.133+0000] {dag.py:3239} INFO - Sync 1 DAGs
[2025-04-06T07:39:10.139+0000] {logging_mixin.py:190} INFO - [2025-04-06T07:39:10.139+0000] {dag.py:4180} INFO - Setting next_dagrun for example_sensors to None, run_after=None
[2025-04-06T07:39:10.149+0000] {processor.py:208} INFO - Processing /home/airflow/.local/lib/python3.12/site-packages/airflow/example_dags/example_sensors.py took 0.039 seconds
[2025-04-06T07:39:40.278+0000] {processor.py:186} INFO - Started process (PID=1530) to work on /home/airflow/.local/lib/python3.12/site-packages/airflow/example_dags/example_sensors.py
[2025-04-06T07:39:40.278+0000] {processor.py:914} INFO - Processing file /home/airflow/.local/lib/python3.12/site-packages/airflow/example_dags/example_sensors.py for tasks to queue
[2025-04-06T07:39:40.280+0000] {logging_mixin.py:190} INFO - [2025-04-06T07:39:40.279+0000] {dagbag.py:588} INFO - Filling up the DagBag from /home/airflow/.local/lib/python3.12/site-packages/airflow/example_dags/example_sensors.py
[2025-04-06T07:39:40.285+0000] {processor.py:925} INFO - DAG(s) 'example_sensors' retrieved from /home/airflow/.local/lib/python3.12/site-packages/airflow/example_dags/example_sensors.py
[2025-04-06T07:39:40.300+0000] {logging_mixin.py:190} INFO - [2025-04-06T07:39:40.300+0000] {dag.py:3239} INFO - Sync 1 DAGs
[2025-04-06T07:39:40.307+0000] {logging_mixin.py:190} INFO - [2025-04-06T07:39:40.307+0000] {dag.py:4180} INFO - Setting next_dagrun for example_sensors to None, run_after=None
[2025-04-06T07:39:40.317+0000] {processor.py:208} INFO - Processing /home/airflow/.local/lib/python3.12/site-packages/airflow/example_dags/example_sensors.py took 0.042 seconds
[2025-04-06T07:40:10.895+0000] {processor.py:186} INFO - Started process (PID=1593) to work on /home/airflow/.local/lib/python3.12/site-packages/airflow/example_dags/example_sensors.py
[2025-04-06T07:40:10.895+0000] {processor.py:914} INFO - Processing file /home/airflow/.local/lib/python3.12/site-packages/airflow/example_dags/example_sensors.py for tasks to queue
[2025-04-06T07:40:10.897+0000] {logging_mixin.py:190} INFO - [2025-04-06T07:40:10.896+0000] {dagbag.py:588} INFO - Filling up the DagBag from /home/airflow/.local/lib/python3.12/site-packages/airflow/example_dags/example_sensors.py
[2025-04-06T07:40:10.902+0000] {processor.py:925} INFO - DAG(s) 'example_sensors' retrieved from /home/airflow/.local/lib/python3.12/site-packages/airflow/example_dags/example_sensors.py
[2025-04-06T07:40:10.915+0000] {logging_mixin.py:190} INFO - [2025-04-06T07:40:10.915+0000] {dag.py:3239} INFO - Sync 1 DAGs
[2025-04-06T07:40:10.922+0000] {logging_mixin.py:190} INFO - [2025-04-06T07:40:10.921+0000] {dag.py:4180} INFO - Setting next_dagrun for example_sensors to None, run_after=None
[2025-04-06T07:40:10.931+0000] {processor.py:208} INFO - Processing /home/airflow/.local/lib/python3.12/site-packages/airflow/example_dags/example_sensors.py took 0.040 seconds
[2025-04-06T07:40:41.663+0000] {processor.py:186} INFO - Started process (PID=1662) to work on /home/airflow/.local/lib/python3.12/site-packages/airflow/example_dags/example_sensors.py
[2025-04-06T07:40:41.663+0000] {processor.py:914} INFO - Processing file /home/airflow/.local/lib/python3.12/site-packages/airflow/example_dags/example_sensors.py for tasks to queue
[2025-04-06T07:40:41.664+0000] {logging_mixin.py:190} INFO - [2025-04-06T07:40:41.664+0000] {dagbag.py:588} INFO - Filling up the DagBag from /home/airflow/.local/lib/python3.12/site-packages/airflow/example_dags/example_sensors.py
[2025-04-06T07:40:41.669+0000] {processor.py:925} INFO - DAG(s) 'example_sensors' retrieved from /home/airflow/.local/lib/python3.12/site-packages/airflow/example_dags/example_sensors.py
[2025-04-06T07:40:41.682+0000] {logging_mixin.py:190} INFO - [2025-04-06T07:40:41.682+0000] {dag.py:3239} INFO - Sync 1 DAGs
[2025-04-06T07:40:41.690+0000] {logging_mixin.py:190} INFO - [2025-04-06T07:40:41.690+0000] {dag.py:4180} INFO - Setting next_dagrun for example_sensors to None, run_after=None
[2025-04-06T07:40:41.699+0000] {processor.py:208} INFO - Processing /home/airflow/.local/lib/python3.12/site-packages/airflow/example_dags/example_sensors.py took 0.039 seconds
[2025-04-06T07:41:11.970+0000] {processor.py:186} INFO - Started process (PID=1725) to work on /home/airflow/.local/lib/python3.12/site-packages/airflow/example_dags/example_sensors.py
[2025-04-06T07:41:11.970+0000] {processor.py:914} INFO - Processing file /home/airflow/.local/lib/python3.12/site-packages/airflow/example_dags/example_sensors.py for tasks to queue
[2025-04-06T07:41:11.971+0000] {logging_mixin.py:190} INFO - [2025-04-06T07:41:11.971+0000] {dagbag.py:588} INFO - Filling up the DagBag from /home/airflow/.local/lib/python3.12/site-packages/airflow/example_dags/example_sensors.py
[2025-04-06T07:41:11.977+0000] {processor.py:925} INFO - DAG(s) 'example_sensors' retrieved from /home/airflow/.local/lib/python3.12/site-packages/airflow/example_dags/example_sensors.py
[2025-04-06T07:41:11.991+0000] {logging_mixin.py:190} INFO - [2025-04-06T07:41:11.991+0000] {dag.py:3239} INFO - Sync 1 DAGs
[2025-04-06T07:41:11.998+0000] {logging_mixin.py:190} INFO - [2025-04-06T07:41:11.998+0000] {dag.py:4180} INFO - Setting next_dagrun for example_sensors to None, run_after=None
[2025-04-06T07:41:12.007+0000] {processor.py:208} INFO - Processing /home/airflow/.local/lib/python3.12/site-packages/airflow/example_dags/example_sensors.py took 0.040 seconds
[2025-04-06T07:41:42.049+0000] {processor.py:186} INFO - Started process (PID=1788) to work on /home/airflow/.local/lib/python3.12/site-packages/airflow/example_dags/example_sensors.py
[2025-04-06T07:41:42.049+0000] {processor.py:914} INFO - Processing file /home/airflow/.local/lib/python3.12/site-packages/airflow/example_dags/example_sensors.py for tasks to queue
[2025-04-06T07:41:42.051+0000] {logging_mixin.py:190} INFO - [2025-04-06T07:41:42.050+0000] {dagbag.py:588} INFO - Filling up the DagBag from /home/airflow/.local/lib/python3.12/site-packages/airflow/example_dags/example_sensors.py
[2025-04-06T07:41:42.057+0000] {processor.py:925} INFO - DAG(s) 'example_sensors' retrieved from /home/airflow/.local/lib/python3.12/site-packages/airflow/example_dags/example_sensors.py
[2025-04-06T07:41:42.071+0000] {logging_mixin.py:190} INFO - [2025-04-06T07:41:42.071+0000] {dag.py:3239} INFO - Sync 1 DAGs
[2025-04-06T07:41:42.078+0000] {logging_mixin.py:190} INFO - [2025-04-06T07:41:42.078+0000] {dag.py:4180} INFO - Setting next_dagrun for example_sensors to None, run_after=None
[2025-04-06T07:41:42.089+0000] {processor.py:208} INFO - Processing /home/airflow/.local/lib/python3.12/site-packages/airflow/example_dags/example_sensors.py took 0.044 seconds
[2025-04-06T07:42:13.037+0000] {processor.py:186} INFO - Started process (PID=1851) to work on /home/airflow/.local/lib/python3.12/site-packages/airflow/example_dags/example_sensors.py
[2025-04-06T07:42:13.037+0000] {processor.py:914} INFO - Processing file /home/airflow/.local/lib/python3.12/site-packages/airflow/example_dags/example_sensors.py for tasks to queue
[2025-04-06T07:42:13.038+0000] {logging_mixin.py:190} INFO - [2025-04-06T07:42:13.038+0000] {dagbag.py:588} INFO - Filling up the DagBag from /home/airflow/.local/lib/python3.12/site-packages/airflow/example_dags/example_sensors.py
[2025-04-06T07:42:13.045+0000] {processor.py:925} INFO - DAG(s) 'example_sensors' retrieved from /home/airflow/.local/lib/python3.12/site-packages/airflow/example_dags/example_sensors.py
[2025-04-06T07:42:13.058+0000] {logging_mixin.py:190} INFO - [2025-04-06T07:42:13.058+0000] {dag.py:3239} INFO - Sync 1 DAGs
[2025-04-06T07:42:13.066+0000] {logging_mixin.py:190} INFO - [2025-04-06T07:42:13.066+0000] {dag.py:4180} INFO - Setting next_dagrun for example_sensors to None, run_after=None
[2025-04-06T07:42:13.075+0000] {processor.py:208} INFO - Processing /home/airflow/.local/lib/python3.12/site-packages/airflow/example_dags/example_sensors.py took 0.041 seconds
[2025-04-06T07:42:43.314+0000] {processor.py:186} INFO - Started process (PID=1914) to work on /home/airflow/.local/lib/python3.12/site-packages/airflow/example_dags/example_sensors.py
[2025-04-06T07:42:43.314+0000] {processor.py:914} INFO - Processing file /home/airflow/.local/lib/python3.12/site-packages/airflow/example_dags/example_sensors.py for tasks to queue
[2025-04-06T07:42:43.315+0000] {logging_mixin.py:190} INFO - [2025-04-06T07:42:43.315+0000] {dagbag.py:588} INFO - Filling up the DagBag from /home/airflow/.local/lib/python3.12/site-packages/airflow/example_dags/example_sensors.py
[2025-04-06T07:42:43.321+0000] {processor.py:925} INFO - DAG(s) 'example_sensors' retrieved from /home/airflow/.local/lib/python3.12/site-packages/airflow/example_dags/example_sensors.py
[2025-04-06T07:42:43.335+0000] {logging_mixin.py:190} INFO - [2025-04-06T07:42:43.334+0000] {dag.py:3239} INFO - Sync 1 DAGs
[2025-04-06T07:42:43.341+0000] {logging_mixin.py:190} INFO - [2025-04-06T07:42:43.341+0000] {dag.py:4180} INFO - Setting next_dagrun for example_sensors to None, run_after=None
[2025-04-06T07:42:43.351+0000] {processor.py:208} INFO - Processing /home/airflow/.local/lib/python3.12/site-packages/airflow/example_dags/example_sensors.py took 0.040 seconds
[2025-04-06T07:43:14.193+0000] {processor.py:186} INFO - Started process (PID=1977) to work on /home/airflow/.local/lib/python3.12/site-packages/airflow/example_dags/example_sensors.py
[2025-04-06T07:43:14.193+0000] {processor.py:914} INFO - Processing file /home/airflow/.local/lib/python3.12/site-packages/airflow/example_dags/example_sensors.py for tasks to queue
[2025-04-06T07:43:14.194+0000] {logging_mixin.py:190} INFO - [2025-04-06T07:43:14.194+0000] {dagbag.py:588} INFO - Filling up the DagBag from /home/airflow/.local/lib/python3.12/site-packages/airflow/example_dags/example_sensors.py
[2025-04-06T07:43:14.200+0000] {processor.py:925} INFO - DAG(s) 'example_sensors' retrieved from /home/airflow/.local/lib/python3.12/site-packages/airflow/example_dags/example_sensors.py
[2025-04-06T07:43:14.214+0000] {logging_mixin.py:190} INFO - [2025-04-06T07:43:14.214+0000] {dag.py:3239} INFO - Sync 1 DAGs
[2025-04-06T07:43:14.221+0000] {logging_mixin.py:190} INFO - [2025-04-06T07:43:14.221+0000] {dag.py:4180} INFO - Setting next_dagrun for example_sensors to None, run_after=None
[2025-04-06T07:43:14.231+0000] {processor.py:208} INFO - Processing /home/airflow/.local/lib/python3.12/site-packages/airflow/example_dags/example_sensors.py took 0.041 seconds
[2025-04-06T07:43:45.115+0000] {processor.py:186} INFO - Started process (PID=2040) to work on /home/airflow/.local/lib/python3.12/site-packages/airflow/example_dags/example_sensors.py
[2025-04-06T07:43:45.115+0000] {processor.py:914} INFO - Processing file /home/airflow/.local/lib/python3.12/site-packages/airflow/example_dags/example_sensors.py for tasks to queue
[2025-04-06T07:43:45.117+0000] {logging_mixin.py:190} INFO - [2025-04-06T07:43:45.116+0000] {dagbag.py:588} INFO - Filling up the DagBag from /home/airflow/.local/lib/python3.12/site-packages/airflow/example_dags/example_sensors.py
[2025-04-06T07:43:45.122+0000] {processor.py:925} INFO - DAG(s) 'example_sensors' retrieved from /home/airflow/.local/lib/python3.12/site-packages/airflow/example_dags/example_sensors.py
[2025-04-06T07:43:45.135+0000] {logging_mixin.py:190} INFO - [2025-04-06T07:43:45.135+0000] {dag.py:3239} INFO - Sync 1 DAGs
[2025-04-06T07:43:45.142+0000] {logging_mixin.py:190} INFO - [2025-04-06T07:43:45.142+0000] {dag.py:4180} INFO - Setting next_dagrun for example_sensors to None, run_after=None
[2025-04-06T07:43:45.152+0000] {processor.py:208} INFO - Processing /home/airflow/.local/lib/python3.12/site-packages/airflow/example_dags/example_sensors.py took 0.040 seconds
[2025-04-06T07:44:15.674+0000] {processor.py:186} INFO - Started process (PID=2103) to work on /home/airflow/.local/lib/python3.12/site-packages/airflow/example_dags/example_sensors.py
[2025-04-06T07:44:15.675+0000] {processor.py:914} INFO - Processing file /home/airflow/.local/lib/python3.12/site-packages/airflow/example_dags/example_sensors.py for tasks to queue
[2025-04-06T07:44:15.676+0000] {logging_mixin.py:190} INFO - [2025-04-06T07:44:15.676+0000] {dagbag.py:588} INFO - Filling up the DagBag from /home/airflow/.local/lib/python3.12/site-packages/airflow/example_dags/example_sensors.py
[2025-04-06T07:44:15.681+0000] {processor.py:925} INFO - DAG(s) 'example_sensors' retrieved from /home/airflow/.local/lib/python3.12/site-packages/airflow/example_dags/example_sensors.py
[2025-04-06T07:44:15.694+0000] {logging_mixin.py:190} INFO - [2025-04-06T07:44:15.694+0000] {dag.py:3239} INFO - Sync 1 DAGs
[2025-04-06T07:44:15.701+0000] {logging_mixin.py:190} INFO - [2025-04-06T07:44:15.701+0000] {dag.py:4180} INFO - Setting next_dagrun for example_sensors to None, run_after=None
[2025-04-06T07:44:15.711+0000] {processor.py:208} INFO - Processing /home/airflow/.local/lib/python3.12/site-packages/airflow/example_dags/example_sensors.py took 0.039 seconds
