[2025-04-06T07:27:54.894+0000] {processor.py:186} INFO - Started process (PID=58) to work on /home/airflow/.local/lib/python3.12/site-packages/airflow/example_dags/example_display_name.py
[2025-04-06T07:27:54.894+0000] {processor.py:914} INFO - Processing file /home/airflow/.local/lib/python3.12/site-packages/airflow/example_dags/example_display_name.py for tasks to queue
[2025-04-06T07:27:54.896+0000] {logging_mixin.py:190} INFO - [2025-04-06T07:27:54.896+0000] {dagbag.py:588} INFO - Filling up the DagBag from /home/airflow/.local/lib/python3.12/site-packages/airflow/example_dags/example_display_name.py
[2025-04-06T07:27:54.902+0000] {processor.py:925} INFO - DAG(s) 'example_display_name' retrieved from /home/airflow/.local/lib/python3.12/site-packages/airflow/example_dags/example_display_name.py
[2025-04-06T07:27:54.965+0000] {logging_mixin.py:190} INFO - [2025-04-06T07:27:54.964+0000] {override.py:1912} INFO - Created Permission View: can delete on DAG:example_display_name
[2025-04-06T07:27:54.970+0000] {logging_mixin.py:190} INFO - [2025-04-06T07:27:54.970+0000] {override.py:1912} INFO - Created Permission View: can read on DAG:example_display_name
[2025-04-06T07:27:54.974+0000] {logging_mixin.py:190} INFO - [2025-04-06T07:27:54.973+0000] {override.py:1912} INFO - Created Permission View: can edit on DAG:example_display_name
[2025-04-06T07:27:54.979+0000] {logging_mixin.py:190} INFO - [2025-04-06T07:27:54.978+0000] {override.py:1912} INFO - Created Permission View: can delete on DAG Run:example_display_name
[2025-04-06T07:27:54.982+0000] {logging_mixin.py:190} INFO - [2025-04-06T07:27:54.982+0000] {override.py:1912} INFO - Created Permission View: can read on DAG Run:example_display_name
[2025-04-06T07:27:54.986+0000] {logging_mixin.py:190} INFO - [2025-04-06T07:27:54.986+0000] {override.py:1912} INFO - Created Permission View: can create on DAG Run:example_display_name
[2025-04-06T07:27:54.989+0000] {logging_mixin.py:190} INFO - [2025-04-06T07:27:54.989+0000] {override.py:1912} INFO - Created Permission View: menu access on DAG Run:example_display_name
[2025-04-06T07:27:54.990+0000] {logging_mixin.py:190} INFO - [2025-04-06T07:27:54.990+0000] {dag.py:3239} INFO - Sync 1 DAGs
[2025-04-06T07:27:54.997+0000] {logging_mixin.py:190} INFO - [2025-04-06T07:27:54.997+0000] {dag.py:3262} INFO - Creating ORM DAG for example_display_name
[2025-04-06T07:27:54.997+0000] {logging_mixin.py:190} INFO - [2025-04-06T07:27:54.997+0000] {dag.py:4180} INFO - Setting next_dagrun for example_display_name to None, run_after=None
[2025-04-06T07:27:55.006+0000] {processor.py:208} INFO - Processing /home/airflow/.local/lib/python3.12/site-packages/airflow/example_dags/example_display_name.py took 0.115 seconds
[2025-04-06T07:28:25.501+0000] {processor.py:186} INFO - Started process (PID=121) to work on /home/airflow/.local/lib/python3.12/site-packages/airflow/example_dags/example_display_name.py
[2025-04-06T07:28:25.502+0000] {processor.py:914} INFO - Processing file /home/airflow/.local/lib/python3.12/site-packages/airflow/example_dags/example_display_name.py for tasks to queue
[2025-04-06T07:28:25.503+0000] {logging_mixin.py:190} INFO - [2025-04-06T07:28:25.503+0000] {dagbag.py:588} INFO - Filling up the DagBag from /home/airflow/.local/lib/python3.12/site-packages/airflow/example_dags/example_display_name.py
[2025-04-06T07:28:25.507+0000] {processor.py:925} INFO - DAG(s) 'example_display_name' retrieved from /home/airflow/.local/lib/python3.12/site-packages/airflow/example_dags/example_display_name.py
[2025-04-06T07:28:25.519+0000] {logging_mixin.py:190} INFO - [2025-04-06T07:28:25.519+0000] {dag.py:3239} INFO - Sync 1 DAGs
[2025-04-06T07:28:25.527+0000] {logging_mixin.py:190} INFO - [2025-04-06T07:28:25.527+0000] {dag.py:4180} INFO - Setting next_dagrun for example_display_name to None, run_after=None
[2025-04-06T07:28:25.537+0000] {processor.py:208} INFO - Processing /home/airflow/.local/lib/python3.12/site-packages/airflow/example_dags/example_display_name.py took 0.041 seconds
[2025-04-06T07:28:55.951+0000] {processor.py:186} INFO - Started process (PID=190) to work on /home/airflow/.local/lib/python3.12/site-packages/airflow/example_dags/example_display_name.py
[2025-04-06T07:28:55.952+0000] {processor.py:914} INFO - Processing file /home/airflow/.local/lib/python3.12/site-packages/airflow/example_dags/example_display_name.py for tasks to queue
[2025-04-06T07:28:55.953+0000] {logging_mixin.py:190} INFO - [2025-04-06T07:28:55.953+0000] {dagbag.py:588} INFO - Filling up the DagBag from /home/airflow/.local/lib/python3.12/site-packages/airflow/example_dags/example_display_name.py
[2025-04-06T07:28:55.957+0000] {processor.py:925} INFO - DAG(s) 'example_display_name' retrieved from /home/airflow/.local/lib/python3.12/site-packages/airflow/example_dags/example_display_name.py
[2025-04-06T07:28:55.967+0000] {logging_mixin.py:190} INFO - [2025-04-06T07:28:55.967+0000] {dag.py:3239} INFO - Sync 1 DAGs
[2025-04-06T07:28:55.974+0000] {logging_mixin.py:190} INFO - [2025-04-06T07:28:55.974+0000] {dag.py:4180} INFO - Setting next_dagrun for example_display_name to None, run_after=None
[2025-04-06T07:28:55.984+0000] {processor.py:208} INFO - Processing /home/airflow/.local/lib/python3.12/site-packages/airflow/example_dags/example_display_name.py took 0.036 seconds
[2025-04-06T07:29:26.408+0000] {processor.py:186} INFO - Started process (PID=253) to work on /home/airflow/.local/lib/python3.12/site-packages/airflow/example_dags/example_display_name.py
[2025-04-06T07:29:26.408+0000] {processor.py:914} INFO - Processing file /home/airflow/.local/lib/python3.12/site-packages/airflow/example_dags/example_display_name.py for tasks to queue
[2025-04-06T07:29:26.409+0000] {logging_mixin.py:190} INFO - [2025-04-06T07:29:26.409+0000] {dagbag.py:588} INFO - Filling up the DagBag from /home/airflow/.local/lib/python3.12/site-packages/airflow/example_dags/example_display_name.py
[2025-04-06T07:29:26.413+0000] {processor.py:925} INFO - DAG(s) 'example_display_name' retrieved from /home/airflow/.local/lib/python3.12/site-packages/airflow/example_dags/example_display_name.py
[2025-04-06T07:29:26.423+0000] {logging_mixin.py:190} INFO - [2025-04-06T07:29:26.423+0000] {dag.py:3239} INFO - Sync 1 DAGs
[2025-04-06T07:29:26.429+0000] {logging_mixin.py:190} INFO - [2025-04-06T07:29:26.429+0000] {dag.py:4180} INFO - Setting next_dagrun for example_display_name to None, run_after=None
[2025-04-06T07:29:26.438+0000] {processor.py:208} INFO - Processing /home/airflow/.local/lib/python3.12/site-packages/airflow/example_dags/example_display_name.py took 0.033 seconds
[2025-04-06T07:29:57.333+0000] {processor.py:186} INFO - Started process (PID=316) to work on /home/airflow/.local/lib/python3.12/site-packages/airflow/example_dags/example_display_name.py
[2025-04-06T07:29:57.334+0000] {processor.py:914} INFO - Processing file /home/airflow/.local/lib/python3.12/site-packages/airflow/example_dags/example_display_name.py for tasks to queue
[2025-04-06T07:29:57.335+0000] {logging_mixin.py:190} INFO - [2025-04-06T07:29:57.334+0000] {dagbag.py:588} INFO - Filling up the DagBag from /home/airflow/.local/lib/python3.12/site-packages/airflow/example_dags/example_display_name.py
[2025-04-06T07:29:57.338+0000] {processor.py:925} INFO - DAG(s) 'example_display_name' retrieved from /home/airflow/.local/lib/python3.12/site-packages/airflow/example_dags/example_display_name.py
[2025-04-06T07:29:57.349+0000] {logging_mixin.py:190} INFO - [2025-04-06T07:29:57.349+0000] {dag.py:3239} INFO - Sync 1 DAGs
[2025-04-06T07:29:57.356+0000] {logging_mixin.py:190} INFO - [2025-04-06T07:29:57.356+0000] {dag.py:4180} INFO - Setting next_dagrun for example_display_name to None, run_after=None
[2025-04-06T07:29:57.365+0000] {processor.py:208} INFO - Processing /home/airflow/.local/lib/python3.12/site-packages/airflow/example_dags/example_display_name.py took 0.035 seconds
[2025-04-06T07:30:27.947+0000] {processor.py:186} INFO - Started process (PID=379) to work on /home/airflow/.local/lib/python3.12/site-packages/airflow/example_dags/example_display_name.py
[2025-04-06T07:30:27.947+0000] {processor.py:914} INFO - Processing file /home/airflow/.local/lib/python3.12/site-packages/airflow/example_dags/example_display_name.py for tasks to queue
[2025-04-06T07:30:27.949+0000] {logging_mixin.py:190} INFO - [2025-04-06T07:30:27.948+0000] {dagbag.py:588} INFO - Filling up the DagBag from /home/airflow/.local/lib/python3.12/site-packages/airflow/example_dags/example_display_name.py
[2025-04-06T07:30:27.952+0000] {processor.py:925} INFO - DAG(s) 'example_display_name' retrieved from /home/airflow/.local/lib/python3.12/site-packages/airflow/example_dags/example_display_name.py
[2025-04-06T07:30:27.962+0000] {logging_mixin.py:190} INFO - [2025-04-06T07:30:27.962+0000] {dag.py:3239} INFO - Sync 1 DAGs
[2025-04-06T07:30:27.969+0000] {logging_mixin.py:190} INFO - [2025-04-06T07:30:27.969+0000] {dag.py:4180} INFO - Setting next_dagrun for example_display_name to None, run_after=None
[2025-04-06T07:30:27.978+0000] {processor.py:208} INFO - Processing /home/airflow/.local/lib/python3.12/site-packages/airflow/example_dags/example_display_name.py took 0.034 seconds
[2025-04-06T07:30:58.808+0000] {processor.py:186} INFO - Started process (PID=442) to work on /home/airflow/.local/lib/python3.12/site-packages/airflow/example_dags/example_display_name.py
[2025-04-06T07:30:58.809+0000] {processor.py:914} INFO - Processing file /home/airflow/.local/lib/python3.12/site-packages/airflow/example_dags/example_display_name.py for tasks to queue
[2025-04-06T07:30:58.810+0000] {logging_mixin.py:190} INFO - [2025-04-06T07:30:58.810+0000] {dagbag.py:588} INFO - Filling up the DagBag from /home/airflow/.local/lib/python3.12/site-packages/airflow/example_dags/example_display_name.py
[2025-04-06T07:30:58.814+0000] {processor.py:925} INFO - DAG(s) 'example_display_name' retrieved from /home/airflow/.local/lib/python3.12/site-packages/airflow/example_dags/example_display_name.py
[2025-04-06T07:30:58.823+0000] {logging_mixin.py:190} INFO - [2025-04-06T07:30:58.823+0000] {dag.py:3239} INFO - Sync 1 DAGs
[2025-04-06T07:30:58.831+0000] {logging_mixin.py:190} INFO - [2025-04-06T07:30:58.831+0000] {dag.py:4180} INFO - Setting next_dagrun for example_display_name to None, run_after=None
[2025-04-06T07:30:58.841+0000] {processor.py:208} INFO - Processing /home/airflow/.local/lib/python3.12/site-packages/airflow/example_dags/example_display_name.py took 0.035 seconds
[2025-04-06T07:31:29.595+0000] {processor.py:186} INFO - Started process (PID=505) to work on /home/airflow/.local/lib/python3.12/site-packages/airflow/example_dags/example_display_name.py
[2025-04-06T07:31:29.596+0000] {processor.py:914} INFO - Processing file /home/airflow/.local/lib/python3.12/site-packages/airflow/example_dags/example_display_name.py for tasks to queue
[2025-04-06T07:31:29.597+0000] {logging_mixin.py:190} INFO - [2025-04-06T07:31:29.597+0000] {dagbag.py:588} INFO - Filling up the DagBag from /home/airflow/.local/lib/python3.12/site-packages/airflow/example_dags/example_display_name.py
[2025-04-06T07:31:29.601+0000] {processor.py:925} INFO - DAG(s) 'example_display_name' retrieved from /home/airflow/.local/lib/python3.12/site-packages/airflow/example_dags/example_display_name.py
[2025-04-06T07:31:29.612+0000] {logging_mixin.py:190} INFO - [2025-04-06T07:31:29.612+0000] {dag.py:3239} INFO - Sync 1 DAGs
[2025-04-06T07:31:29.620+0000] {logging_mixin.py:190} INFO - [2025-04-06T07:31:29.620+0000] {dag.py:4180} INFO - Setting next_dagrun for example_display_name to None, run_after=None
[2025-04-06T07:31:29.631+0000] {processor.py:208} INFO - Processing /home/airflow/.local/lib/python3.12/site-packages/airflow/example_dags/example_display_name.py took 0.038 seconds
[2025-04-06T07:32:00.234+0000] {processor.py:186} INFO - Started process (PID=568) to work on /home/airflow/.local/lib/python3.12/site-packages/airflow/example_dags/example_display_name.py
[2025-04-06T07:32:00.234+0000] {processor.py:914} INFO - Processing file /home/airflow/.local/lib/python3.12/site-packages/airflow/example_dags/example_display_name.py for tasks to queue
[2025-04-06T07:32:00.235+0000] {logging_mixin.py:190} INFO - [2025-04-06T07:32:00.235+0000] {dagbag.py:588} INFO - Filling up the DagBag from /home/airflow/.local/lib/python3.12/site-packages/airflow/example_dags/example_display_name.py
[2025-04-06T07:32:00.239+0000] {processor.py:925} INFO - DAG(s) 'example_display_name' retrieved from /home/airflow/.local/lib/python3.12/site-packages/airflow/example_dags/example_display_name.py
[2025-04-06T07:32:00.248+0000] {logging_mixin.py:190} INFO - [2025-04-06T07:32:00.248+0000] {dag.py:3239} INFO - Sync 1 DAGs
[2025-04-06T07:32:00.255+0000] {logging_mixin.py:190} INFO - [2025-04-06T07:32:00.255+0000] {dag.py:4180} INFO - Setting next_dagrun for example_display_name to None, run_after=None
[2025-04-06T07:32:00.264+0000] {processor.py:208} INFO - Processing /home/airflow/.local/lib/python3.12/site-packages/airflow/example_dags/example_display_name.py took 0.033 seconds
[2025-04-06T07:32:30.948+0000] {processor.py:186} INFO - Started process (PID=631) to work on /home/airflow/.local/lib/python3.12/site-packages/airflow/example_dags/example_display_name.py
[2025-04-06T07:32:30.948+0000] {processor.py:914} INFO - Processing file /home/airflow/.local/lib/python3.12/site-packages/airflow/example_dags/example_display_name.py for tasks to queue
[2025-04-06T07:32:30.950+0000] {logging_mixin.py:190} INFO - [2025-04-06T07:32:30.949+0000] {dagbag.py:588} INFO - Filling up the DagBag from /home/airflow/.local/lib/python3.12/site-packages/airflow/example_dags/example_display_name.py
[2025-04-06T07:32:30.953+0000] {processor.py:925} INFO - DAG(s) 'example_display_name' retrieved from /home/airflow/.local/lib/python3.12/site-packages/airflow/example_dags/example_display_name.py
[2025-04-06T07:32:30.964+0000] {logging_mixin.py:190} INFO - [2025-04-06T07:32:30.963+0000] {dag.py:3239} INFO - Sync 1 DAGs
[2025-04-06T07:32:30.970+0000] {logging_mixin.py:190} INFO - [2025-04-06T07:32:30.970+0000] {dag.py:4180} INFO - Setting next_dagrun for example_display_name to None, run_after=None
[2025-04-06T07:32:30.981+0000] {processor.py:208} INFO - Processing /home/airflow/.local/lib/python3.12/site-packages/airflow/example_dags/example_display_name.py took 0.037 seconds
[2025-04-06T07:33:01.505+0000] {processor.py:186} INFO - Started process (PID=694) to work on /home/airflow/.local/lib/python3.12/site-packages/airflow/example_dags/example_display_name.py
[2025-04-06T07:33:01.505+0000] {processor.py:914} INFO - Processing file /home/airflow/.local/lib/python3.12/site-packages/airflow/example_dags/example_display_name.py for tasks to queue
[2025-04-06T07:33:01.506+0000] {logging_mixin.py:190} INFO - [2025-04-06T07:33:01.506+0000] {dagbag.py:588} INFO - Filling up the DagBag from /home/airflow/.local/lib/python3.12/site-packages/airflow/example_dags/example_display_name.py
[2025-04-06T07:33:01.510+0000] {processor.py:925} INFO - DAG(s) 'example_display_name' retrieved from /home/airflow/.local/lib/python3.12/site-packages/airflow/example_dags/example_display_name.py
[2025-04-06T07:33:01.519+0000] {logging_mixin.py:190} INFO - [2025-04-06T07:33:01.519+0000] {dag.py:3239} INFO - Sync 1 DAGs
[2025-04-06T07:33:01.526+0000] {logging_mixin.py:190} INFO - [2025-04-06T07:33:01.526+0000] {dag.py:4180} INFO - Setting next_dagrun for example_display_name to None, run_after=None
[2025-04-06T07:33:01.536+0000] {processor.py:208} INFO - Processing /home/airflow/.local/lib/python3.12/site-packages/airflow/example_dags/example_display_name.py took 0.034 seconds
[2025-04-06T07:33:32.157+0000] {processor.py:186} INFO - Started process (PID=757) to work on /home/airflow/.local/lib/python3.12/site-packages/airflow/example_dags/example_display_name.py
[2025-04-06T07:33:32.158+0000] {processor.py:914} INFO - Processing file /home/airflow/.local/lib/python3.12/site-packages/airflow/example_dags/example_display_name.py for tasks to queue
[2025-04-06T07:33:32.159+0000] {logging_mixin.py:190} INFO - [2025-04-06T07:33:32.158+0000] {dagbag.py:588} INFO - Filling up the DagBag from /home/airflow/.local/lib/python3.12/site-packages/airflow/example_dags/example_display_name.py
[2025-04-06T07:33:32.163+0000] {processor.py:925} INFO - DAG(s) 'example_display_name' retrieved from /home/airflow/.local/lib/python3.12/site-packages/airflow/example_dags/example_display_name.py
[2025-04-06T07:33:32.172+0000] {logging_mixin.py:190} INFO - [2025-04-06T07:33:32.172+0000] {dag.py:3239} INFO - Sync 1 DAGs
[2025-04-06T07:33:32.179+0000] {logging_mixin.py:190} INFO - [2025-04-06T07:33:32.179+0000] {dag.py:4180} INFO - Setting next_dagrun for example_display_name to None, run_after=None
[2025-04-06T07:33:32.189+0000] {processor.py:208} INFO - Processing /home/airflow/.local/lib/python3.12/site-packages/airflow/example_dags/example_display_name.py took 0.034 seconds
[2025-04-06T07:34:02.711+0000] {processor.py:186} INFO - Started process (PID=820) to work on /home/airflow/.local/lib/python3.12/site-packages/airflow/example_dags/example_display_name.py
[2025-04-06T07:34:02.711+0000] {processor.py:914} INFO - Processing file /home/airflow/.local/lib/python3.12/site-packages/airflow/example_dags/example_display_name.py for tasks to queue
[2025-04-06T07:34:02.713+0000] {logging_mixin.py:190} INFO - [2025-04-06T07:34:02.713+0000] {dagbag.py:588} INFO - Filling up the DagBag from /home/airflow/.local/lib/python3.12/site-packages/airflow/example_dags/example_display_name.py
[2025-04-06T07:34:02.718+0000] {processor.py:925} INFO - DAG(s) 'example_display_name' retrieved from /home/airflow/.local/lib/python3.12/site-packages/airflow/example_dags/example_display_name.py
[2025-04-06T07:34:02.729+0000] {logging_mixin.py:190} INFO - [2025-04-06T07:34:02.729+0000] {dag.py:3239} INFO - Sync 1 DAGs
[2025-04-06T07:34:02.736+0000] {logging_mixin.py:190} INFO - [2025-04-06T07:34:02.736+0000] {dag.py:4180} INFO - Setting next_dagrun for example_display_name to None, run_after=None
[2025-04-06T07:34:02.746+0000] {processor.py:208} INFO - Processing /home/airflow/.local/lib/python3.12/site-packages/airflow/example_dags/example_display_name.py took 0.038 seconds
[2025-04-06T07:34:33.328+0000] {processor.py:186} INFO - Started process (PID=889) to work on /home/airflow/.local/lib/python3.12/site-packages/airflow/example_dags/example_display_name.py
[2025-04-06T07:34:33.328+0000] {processor.py:914} INFO - Processing file /home/airflow/.local/lib/python3.12/site-packages/airflow/example_dags/example_display_name.py for tasks to queue
[2025-04-06T07:34:33.330+0000] {logging_mixin.py:190} INFO - [2025-04-06T07:34:33.329+0000] {dagbag.py:588} INFO - Filling up the DagBag from /home/airflow/.local/lib/python3.12/site-packages/airflow/example_dags/example_display_name.py
[2025-04-06T07:34:33.333+0000] {processor.py:925} INFO - DAG(s) 'example_display_name' retrieved from /home/airflow/.local/lib/python3.12/site-packages/airflow/example_dags/example_display_name.py
[2025-04-06T07:34:33.343+0000] {logging_mixin.py:190} INFO - [2025-04-06T07:34:33.343+0000] {dag.py:3239} INFO - Sync 1 DAGs
[2025-04-06T07:34:33.350+0000] {logging_mixin.py:190} INFO - [2025-04-06T07:34:33.350+0000] {dag.py:4180} INFO - Setting next_dagrun for example_display_name to None, run_after=None
[2025-04-06T07:34:33.360+0000] {processor.py:208} INFO - Processing /home/airflow/.local/lib/python3.12/site-packages/airflow/example_dags/example_display_name.py took 0.035 seconds
[2025-04-06T07:35:03.921+0000] {processor.py:186} INFO - Started process (PID=952) to work on /home/airflow/.local/lib/python3.12/site-packages/airflow/example_dags/example_display_name.py
[2025-04-06T07:35:03.922+0000] {processor.py:914} INFO - Processing file /home/airflow/.local/lib/python3.12/site-packages/airflow/example_dags/example_display_name.py for tasks to queue
[2025-04-06T07:35:03.923+0000] {logging_mixin.py:190} INFO - [2025-04-06T07:35:03.923+0000] {dagbag.py:588} INFO - Filling up the DagBag from /home/airflow/.local/lib/python3.12/site-packages/airflow/example_dags/example_display_name.py
[2025-04-06T07:35:03.927+0000] {processor.py:925} INFO - DAG(s) 'example_display_name' retrieved from /home/airflow/.local/lib/python3.12/site-packages/airflow/example_dags/example_display_name.py
[2025-04-06T07:35:03.936+0000] {logging_mixin.py:190} INFO - [2025-04-06T07:35:03.936+0000] {dag.py:3239} INFO - Sync 1 DAGs
[2025-04-06T07:35:03.943+0000] {logging_mixin.py:190} INFO - [2025-04-06T07:35:03.943+0000] {dag.py:4180} INFO - Setting next_dagrun for example_display_name to None, run_after=None
[2025-04-06T07:35:03.953+0000] {processor.py:208} INFO - Processing /home/airflow/.local/lib/python3.12/site-packages/airflow/example_dags/example_display_name.py took 0.035 seconds
[2025-04-06T07:35:34.365+0000] {processor.py:186} INFO - Started process (PID=1015) to work on /home/airflow/.local/lib/python3.12/site-packages/airflow/example_dags/example_display_name.py
[2025-04-06T07:35:34.366+0000] {processor.py:914} INFO - Processing file /home/airflow/.local/lib/python3.12/site-packages/airflow/example_dags/example_display_name.py for tasks to queue
[2025-04-06T07:35:34.367+0000] {logging_mixin.py:190} INFO - [2025-04-06T07:35:34.367+0000] {dagbag.py:588} INFO - Filling up the DagBag from /home/airflow/.local/lib/python3.12/site-packages/airflow/example_dags/example_display_name.py
[2025-04-06T07:35:34.371+0000] {processor.py:925} INFO - DAG(s) 'example_display_name' retrieved from /home/airflow/.local/lib/python3.12/site-packages/airflow/example_dags/example_display_name.py
[2025-04-06T07:35:34.381+0000] {logging_mixin.py:190} INFO - [2025-04-06T07:35:34.381+0000] {dag.py:3239} INFO - Sync 1 DAGs
[2025-04-06T07:35:34.388+0000] {logging_mixin.py:190} INFO - [2025-04-06T07:35:34.388+0000] {dag.py:4180} INFO - Setting next_dagrun for example_display_name to None, run_after=None
[2025-04-06T07:35:34.397+0000] {processor.py:208} INFO - Processing /home/airflow/.local/lib/python3.12/site-packages/airflow/example_dags/example_display_name.py took 0.035 seconds
[2025-04-06T07:36:04.817+0000] {processor.py:186} INFO - Started process (PID=1078) to work on /home/airflow/.local/lib/python3.12/site-packages/airflow/example_dags/example_display_name.py
[2025-04-06T07:36:04.818+0000] {processor.py:914} INFO - Processing file /home/airflow/.local/lib/python3.12/site-packages/airflow/example_dags/example_display_name.py for tasks to queue
[2025-04-06T07:36:04.819+0000] {logging_mixin.py:190} INFO - [2025-04-06T07:36:04.819+0000] {dagbag.py:588} INFO - Filling up the DagBag from /home/airflow/.local/lib/python3.12/site-packages/airflow/example_dags/example_display_name.py
[2025-04-06T07:36:04.823+0000] {processor.py:925} INFO - DAG(s) 'example_display_name' retrieved from /home/airflow/.local/lib/python3.12/site-packages/airflow/example_dags/example_display_name.py
[2025-04-06T07:36:04.832+0000] {logging_mixin.py:190} INFO - [2025-04-06T07:36:04.832+0000] {dag.py:3239} INFO - Sync 1 DAGs
[2025-04-06T07:36:04.840+0000] {logging_mixin.py:190} INFO - [2025-04-06T07:36:04.840+0000] {dag.py:4180} INFO - Setting next_dagrun for example_display_name to None, run_after=None
[2025-04-06T07:36:04.850+0000] {processor.py:208} INFO - Processing /home/airflow/.local/lib/python3.12/site-packages/airflow/example_dags/example_display_name.py took 0.036 seconds
[2025-04-06T07:36:35.525+0000] {processor.py:186} INFO - Started process (PID=1141) to work on /home/airflow/.local/lib/python3.12/site-packages/airflow/example_dags/example_display_name.py
[2025-04-06T07:36:35.526+0000] {processor.py:914} INFO - Processing file /home/airflow/.local/lib/python3.12/site-packages/airflow/example_dags/example_display_name.py for tasks to queue
[2025-04-06T07:36:35.527+0000] {logging_mixin.py:190} INFO - [2025-04-06T07:36:35.527+0000] {dagbag.py:588} INFO - Filling up the DagBag from /home/airflow/.local/lib/python3.12/site-packages/airflow/example_dags/example_display_name.py
[2025-04-06T07:36:35.531+0000] {processor.py:925} INFO - DAG(s) 'example_display_name' retrieved from /home/airflow/.local/lib/python3.12/site-packages/airflow/example_dags/example_display_name.py
[2025-04-06T07:36:35.541+0000] {logging_mixin.py:190} INFO - [2025-04-06T07:36:35.541+0000] {dag.py:3239} INFO - Sync 1 DAGs
[2025-04-06T07:36:35.548+0000] {logging_mixin.py:190} INFO - [2025-04-06T07:36:35.547+0000] {dag.py:4180} INFO - Setting next_dagrun for example_display_name to None, run_after=None
[2025-04-06T07:36:35.557+0000] {processor.py:208} INFO - Processing /home/airflow/.local/lib/python3.12/site-packages/airflow/example_dags/example_display_name.py took 0.035 seconds
[2025-04-06T07:37:06.431+0000] {processor.py:186} INFO - Started process (PID=1204) to work on /home/airflow/.local/lib/python3.12/site-packages/airflow/example_dags/example_display_name.py
[2025-04-06T07:37:06.431+0000] {processor.py:914} INFO - Processing file /home/airflow/.local/lib/python3.12/site-packages/airflow/example_dags/example_display_name.py for tasks to queue
[2025-04-06T07:37:06.432+0000] {logging_mixin.py:190} INFO - [2025-04-06T07:37:06.432+0000] {dagbag.py:588} INFO - Filling up the DagBag from /home/airflow/.local/lib/python3.12/site-packages/airflow/example_dags/example_display_name.py
[2025-04-06T07:37:06.436+0000] {processor.py:925} INFO - DAG(s) 'example_display_name' retrieved from /home/airflow/.local/lib/python3.12/site-packages/airflow/example_dags/example_display_name.py
[2025-04-06T07:37:06.446+0000] {logging_mixin.py:190} INFO - [2025-04-06T07:37:06.445+0000] {dag.py:3239} INFO - Sync 1 DAGs
[2025-04-06T07:37:06.452+0000] {logging_mixin.py:190} INFO - [2025-04-06T07:37:06.452+0000] {dag.py:4180} INFO - Setting next_dagrun for example_display_name to None, run_after=None
[2025-04-06T07:37:06.462+0000] {processor.py:208} INFO - Processing /home/airflow/.local/lib/python3.12/site-packages/airflow/example_dags/example_display_name.py took 0.034 seconds
[2025-04-06T07:37:37.142+0000] {processor.py:186} INFO - Started process (PID=1267) to work on /home/airflow/.local/lib/python3.12/site-packages/airflow/example_dags/example_display_name.py
[2025-04-06T07:37:37.142+0000] {processor.py:914} INFO - Processing file /home/airflow/.local/lib/python3.12/site-packages/airflow/example_dags/example_display_name.py for tasks to queue
[2025-04-06T07:37:37.144+0000] {logging_mixin.py:190} INFO - [2025-04-06T07:37:37.143+0000] {dagbag.py:588} INFO - Filling up the DagBag from /home/airflow/.local/lib/python3.12/site-packages/airflow/example_dags/example_display_name.py
[2025-04-06T07:37:37.147+0000] {processor.py:925} INFO - DAG(s) 'example_display_name' retrieved from /home/airflow/.local/lib/python3.12/site-packages/airflow/example_dags/example_display_name.py
[2025-04-06T07:37:37.157+0000] {logging_mixin.py:190} INFO - [2025-04-06T07:37:37.157+0000] {dag.py:3239} INFO - Sync 1 DAGs
[2025-04-06T07:37:37.166+0000] {logging_mixin.py:190} INFO - [2025-04-06T07:37:37.166+0000] {dag.py:4180} INFO - Setting next_dagrun for example_display_name to None, run_after=None
[2025-04-06T07:37:37.177+0000] {processor.py:208} INFO - Processing /home/airflow/.local/lib/python3.12/site-packages/airflow/example_dags/example_display_name.py took 0.038 seconds
[2025-04-06T07:38:08.183+0000] {processor.py:186} INFO - Started process (PID=1330) to work on /home/airflow/.local/lib/python3.12/site-packages/airflow/example_dags/example_display_name.py
[2025-04-06T07:38:08.184+0000] {processor.py:914} INFO - Processing file /home/airflow/.local/lib/python3.12/site-packages/airflow/example_dags/example_display_name.py for tasks to queue
[2025-04-06T07:38:08.185+0000] {logging_mixin.py:190} INFO - [2025-04-06T07:38:08.185+0000] {dagbag.py:588} INFO - Filling up the DagBag from /home/airflow/.local/lib/python3.12/site-packages/airflow/example_dags/example_display_name.py
[2025-04-06T07:38:08.189+0000] {processor.py:925} INFO - DAG(s) 'example_display_name' retrieved from /home/airflow/.local/lib/python3.12/site-packages/airflow/example_dags/example_display_name.py
[2025-04-06T07:38:08.199+0000] {logging_mixin.py:190} INFO - [2025-04-06T07:38:08.199+0000] {dag.py:3239} INFO - Sync 1 DAGs
[2025-04-06T07:38:08.206+0000] {logging_mixin.py:190} INFO - [2025-04-06T07:38:08.206+0000] {dag.py:4180} INFO - Setting next_dagrun for example_display_name to None, run_after=None
[2025-04-06T07:38:08.216+0000] {processor.py:208} INFO - Processing /home/airflow/.local/lib/python3.12/site-packages/airflow/example_dags/example_display_name.py took 0.036 seconds
[2025-04-06T07:38:38.888+0000] {processor.py:186} INFO - Started process (PID=1393) to work on /home/airflow/.local/lib/python3.12/site-packages/airflow/example_dags/example_display_name.py
[2025-04-06T07:38:38.888+0000] {processor.py:914} INFO - Processing file /home/airflow/.local/lib/python3.12/site-packages/airflow/example_dags/example_display_name.py for tasks to queue
[2025-04-06T07:38:38.889+0000] {logging_mixin.py:190} INFO - [2025-04-06T07:38:38.889+0000] {dagbag.py:588} INFO - Filling up the DagBag from /home/airflow/.local/lib/python3.12/site-packages/airflow/example_dags/example_display_name.py
[2025-04-06T07:38:38.893+0000] {processor.py:925} INFO - DAG(s) 'example_display_name' retrieved from /home/airflow/.local/lib/python3.12/site-packages/airflow/example_dags/example_display_name.py
[2025-04-06T07:38:38.904+0000] {logging_mixin.py:190} INFO - [2025-04-06T07:38:38.904+0000] {dag.py:3239} INFO - Sync 1 DAGs
[2025-04-06T07:38:38.911+0000] {logging_mixin.py:190} INFO - [2025-04-06T07:38:38.911+0000] {dag.py:4180} INFO - Setting next_dagrun for example_display_name to None, run_after=None
[2025-04-06T07:38:38.923+0000] {processor.py:208} INFO - Processing /home/airflow/.local/lib/python3.12/site-packages/airflow/example_dags/example_display_name.py took 0.038 seconds
[2025-04-06T07:39:09.808+0000] {processor.py:186} INFO - Started process (PID=1456) to work on /home/airflow/.local/lib/python3.12/site-packages/airflow/example_dags/example_display_name.py
[2025-04-06T07:39:09.809+0000] {processor.py:914} INFO - Processing file /home/airflow/.local/lib/python3.12/site-packages/airflow/example_dags/example_display_name.py for tasks to queue
[2025-04-06T07:39:09.810+0000] {logging_mixin.py:190} INFO - [2025-04-06T07:39:09.810+0000] {dagbag.py:588} INFO - Filling up the DagBag from /home/airflow/.local/lib/python3.12/site-packages/airflow/example_dags/example_display_name.py
[2025-04-06T07:39:09.814+0000] {processor.py:925} INFO - DAG(s) 'example_display_name' retrieved from /home/airflow/.local/lib/python3.12/site-packages/airflow/example_dags/example_display_name.py
[2025-04-06T07:39:09.823+0000] {logging_mixin.py:190} INFO - [2025-04-06T07:39:09.823+0000] {dag.py:3239} INFO - Sync 1 DAGs
[2025-04-06T07:39:09.830+0000] {logging_mixin.py:190} INFO - [2025-04-06T07:39:09.830+0000] {dag.py:4180} INFO - Setting next_dagrun for example_display_name to None, run_after=None
[2025-04-06T07:39:09.840+0000] {processor.py:208} INFO - Processing /home/airflow/.local/lib/python3.12/site-packages/airflow/example_dags/example_display_name.py took 0.035 seconds
[2025-04-06T07:39:39.975+0000] {processor.py:186} INFO - Started process (PID=1519) to work on /home/airflow/.local/lib/python3.12/site-packages/airflow/example_dags/example_display_name.py
[2025-04-06T07:39:39.975+0000] {processor.py:914} INFO - Processing file /home/airflow/.local/lib/python3.12/site-packages/airflow/example_dags/example_display_name.py for tasks to queue
[2025-04-06T07:39:39.977+0000] {logging_mixin.py:190} INFO - [2025-04-06T07:39:39.976+0000] {dagbag.py:588} INFO - Filling up the DagBag from /home/airflow/.local/lib/python3.12/site-packages/airflow/example_dags/example_display_name.py
[2025-04-06T07:39:39.980+0000] {processor.py:925} INFO - DAG(s) 'example_display_name' retrieved from /home/airflow/.local/lib/python3.12/site-packages/airflow/example_dags/example_display_name.py
[2025-04-06T07:39:39.991+0000] {logging_mixin.py:190} INFO - [2025-04-06T07:39:39.991+0000] {dag.py:3239} INFO - Sync 1 DAGs
[2025-04-06T07:39:39.998+0000] {logging_mixin.py:190} INFO - [2025-04-06T07:39:39.998+0000] {dag.py:4180} INFO - Setting next_dagrun for example_display_name to None, run_after=None
[2025-04-06T07:39:40.008+0000] {processor.py:208} INFO - Processing /home/airflow/.local/lib/python3.12/site-packages/airflow/example_dags/example_display_name.py took 0.036 seconds
[2025-04-06T07:40:10.597+0000] {processor.py:186} INFO - Started process (PID=1582) to work on /home/airflow/.local/lib/python3.12/site-packages/airflow/example_dags/example_display_name.py
[2025-04-06T07:40:10.598+0000] {processor.py:914} INFO - Processing file /home/airflow/.local/lib/python3.12/site-packages/airflow/example_dags/example_display_name.py for tasks to queue
[2025-04-06T07:40:10.599+0000] {logging_mixin.py:190} INFO - [2025-04-06T07:40:10.599+0000] {dagbag.py:588} INFO - Filling up the DagBag from /home/airflow/.local/lib/python3.12/site-packages/airflow/example_dags/example_display_name.py
[2025-04-06T07:40:10.603+0000] {processor.py:925} INFO - DAG(s) 'example_display_name' retrieved from /home/airflow/.local/lib/python3.12/site-packages/airflow/example_dags/example_display_name.py
[2025-04-06T07:40:10.613+0000] {logging_mixin.py:190} INFO - [2025-04-06T07:40:10.612+0000] {dag.py:3239} INFO - Sync 1 DAGs
[2025-04-06T07:40:10.620+0000] {logging_mixin.py:190} INFO - [2025-04-06T07:40:10.620+0000] {dag.py:4180} INFO - Setting next_dagrun for example_display_name to None, run_after=None
[2025-04-06T07:40:10.630+0000] {processor.py:208} INFO - Processing /home/airflow/.local/lib/python3.12/site-packages/airflow/example_dags/example_display_name.py took 0.036 seconds
[2025-04-06T07:40:41.358+0000] {processor.py:186} INFO - Started process (PID=1651) to work on /home/airflow/.local/lib/python3.12/site-packages/airflow/example_dags/example_display_name.py
[2025-04-06T07:40:41.359+0000] {processor.py:914} INFO - Processing file /home/airflow/.local/lib/python3.12/site-packages/airflow/example_dags/example_display_name.py for tasks to queue
[2025-04-06T07:40:41.360+0000] {logging_mixin.py:190} INFO - [2025-04-06T07:40:41.360+0000] {dagbag.py:588} INFO - Filling up the DagBag from /home/airflow/.local/lib/python3.12/site-packages/airflow/example_dags/example_display_name.py
[2025-04-06T07:40:41.364+0000] {processor.py:925} INFO - DAG(s) 'example_display_name' retrieved from /home/airflow/.local/lib/python3.12/site-packages/airflow/example_dags/example_display_name.py
[2025-04-06T07:40:41.374+0000] {logging_mixin.py:190} INFO - [2025-04-06T07:40:41.374+0000] {dag.py:3239} INFO - Sync 1 DAGs
[2025-04-06T07:40:41.381+0000] {logging_mixin.py:190} INFO - [2025-04-06T07:40:41.381+0000] {dag.py:4180} INFO - Setting next_dagrun for example_display_name to None, run_after=None
[2025-04-06T07:40:41.392+0000] {processor.py:208} INFO - Processing /home/airflow/.local/lib/python3.12/site-packages/airflow/example_dags/example_display_name.py took 0.036 seconds
[2025-04-06T07:41:11.661+0000] {processor.py:186} INFO - Started process (PID=1714) to work on /home/airflow/.local/lib/python3.12/site-packages/airflow/example_dags/example_display_name.py
[2025-04-06T07:41:11.662+0000] {processor.py:914} INFO - Processing file /home/airflow/.local/lib/python3.12/site-packages/airflow/example_dags/example_display_name.py for tasks to queue
[2025-04-06T07:41:11.663+0000] {logging_mixin.py:190} INFO - [2025-04-06T07:41:11.663+0000] {dagbag.py:588} INFO - Filling up the DagBag from /home/airflow/.local/lib/python3.12/site-packages/airflow/example_dags/example_display_name.py
[2025-04-06T07:41:11.667+0000] {processor.py:925} INFO - DAG(s) 'example_display_name' retrieved from /home/airflow/.local/lib/python3.12/site-packages/airflow/example_dags/example_display_name.py
[2025-04-06T07:41:11.677+0000] {logging_mixin.py:190} INFO - [2025-04-06T07:41:11.677+0000] {dag.py:3239} INFO - Sync 1 DAGs
[2025-04-06T07:41:11.684+0000] {logging_mixin.py:190} INFO - [2025-04-06T07:41:11.684+0000] {dag.py:4180} INFO - Setting next_dagrun for example_display_name to None, run_after=None
[2025-04-06T07:41:11.694+0000] {processor.py:208} INFO - Processing /home/airflow/.local/lib/python3.12/site-packages/airflow/example_dags/example_display_name.py took 0.036 seconds
[2025-04-06T07:41:41.742+0000] {processor.py:186} INFO - Started process (PID=1777) to work on /home/airflow/.local/lib/python3.12/site-packages/airflow/example_dags/example_display_name.py
[2025-04-06T07:41:41.742+0000] {processor.py:914} INFO - Processing file /home/airflow/.local/lib/python3.12/site-packages/airflow/example_dags/example_display_name.py for tasks to queue
[2025-04-06T07:41:41.743+0000] {logging_mixin.py:190} INFO - [2025-04-06T07:41:41.743+0000] {dagbag.py:588} INFO - Filling up the DagBag from /home/airflow/.local/lib/python3.12/site-packages/airflow/example_dags/example_display_name.py
[2025-04-06T07:41:41.747+0000] {processor.py:925} INFO - DAG(s) 'example_display_name' retrieved from /home/airflow/.local/lib/python3.12/site-packages/airflow/example_dags/example_display_name.py
[2025-04-06T07:41:41.758+0000] {logging_mixin.py:190} INFO - [2025-04-06T07:41:41.758+0000] {dag.py:3239} INFO - Sync 1 DAGs
[2025-04-06T07:41:41.765+0000] {logging_mixin.py:190} INFO - [2025-04-06T07:41:41.765+0000] {dag.py:4180} INFO - Setting next_dagrun for example_display_name to None, run_after=None
[2025-04-06T07:41:41.775+0000] {processor.py:208} INFO - Processing /home/airflow/.local/lib/python3.12/site-packages/airflow/example_dags/example_display_name.py took 0.036 seconds
[2025-04-06T07:42:12.736+0000] {processor.py:186} INFO - Started process (PID=1840) to work on /home/airflow/.local/lib/python3.12/site-packages/airflow/example_dags/example_display_name.py
[2025-04-06T07:42:12.737+0000] {processor.py:914} INFO - Processing file /home/airflow/.local/lib/python3.12/site-packages/airflow/example_dags/example_display_name.py for tasks to queue
[2025-04-06T07:42:12.738+0000] {logging_mixin.py:190} INFO - [2025-04-06T07:42:12.738+0000] {dagbag.py:588} INFO - Filling up the DagBag from /home/airflow/.local/lib/python3.12/site-packages/airflow/example_dags/example_display_name.py
[2025-04-06T07:42:12.742+0000] {processor.py:925} INFO - DAG(s) 'example_display_name' retrieved from /home/airflow/.local/lib/python3.12/site-packages/airflow/example_dags/example_display_name.py
[2025-04-06T07:42:12.752+0000] {logging_mixin.py:190} INFO - [2025-04-06T07:42:12.752+0000] {dag.py:3239} INFO - Sync 1 DAGs
[2025-04-06T07:42:12.759+0000] {logging_mixin.py:190} INFO - [2025-04-06T07:42:12.759+0000] {dag.py:4180} INFO - Setting next_dagrun for example_display_name to None, run_after=None
[2025-04-06T07:42:12.769+0000] {processor.py:208} INFO - Processing /home/airflow/.local/lib/python3.12/site-packages/airflow/example_dags/example_display_name.py took 0.036 seconds
[2025-04-06T07:42:43.010+0000] {processor.py:186} INFO - Started process (PID=1903) to work on /home/airflow/.local/lib/python3.12/site-packages/airflow/example_dags/example_display_name.py
[2025-04-06T07:42:43.011+0000] {processor.py:914} INFO - Processing file /home/airflow/.local/lib/python3.12/site-packages/airflow/example_dags/example_display_name.py for tasks to queue
[2025-04-06T07:42:43.012+0000] {logging_mixin.py:190} INFO - [2025-04-06T07:42:43.012+0000] {dagbag.py:588} INFO - Filling up the DagBag from /home/airflow/.local/lib/python3.12/site-packages/airflow/example_dags/example_display_name.py
[2025-04-06T07:42:43.017+0000] {processor.py:925} INFO - DAG(s) 'example_display_name' retrieved from /home/airflow/.local/lib/python3.12/site-packages/airflow/example_dags/example_display_name.py
[2025-04-06T07:42:43.030+0000] {logging_mixin.py:190} INFO - [2025-04-06T07:42:43.030+0000] {dag.py:3239} INFO - Sync 1 DAGs
[2025-04-06T07:42:43.038+0000] {logging_mixin.py:190} INFO - [2025-04-06T07:42:43.038+0000] {dag.py:4180} INFO - Setting next_dagrun for example_display_name to None, run_after=None
[2025-04-06T07:42:43.048+0000] {processor.py:208} INFO - Processing /home/airflow/.local/lib/python3.12/site-packages/airflow/example_dags/example_display_name.py took 0.041 seconds
[2025-04-06T07:43:13.887+0000] {processor.py:186} INFO - Started process (PID=1966) to work on /home/airflow/.local/lib/python3.12/site-packages/airflow/example_dags/example_display_name.py
[2025-04-06T07:43:13.888+0000] {processor.py:914} INFO - Processing file /home/airflow/.local/lib/python3.12/site-packages/airflow/example_dags/example_display_name.py for tasks to queue
[2025-04-06T07:43:13.889+0000] {logging_mixin.py:190} INFO - [2025-04-06T07:43:13.889+0000] {dagbag.py:588} INFO - Filling up the DagBag from /home/airflow/.local/lib/python3.12/site-packages/airflow/example_dags/example_display_name.py
[2025-04-06T07:43:13.893+0000] {processor.py:925} INFO - DAG(s) 'example_display_name' retrieved from /home/airflow/.local/lib/python3.12/site-packages/airflow/example_dags/example_display_name.py
[2025-04-06T07:43:13.903+0000] {logging_mixin.py:190} INFO - [2025-04-06T07:43:13.903+0000] {dag.py:3239} INFO - Sync 1 DAGs
[2025-04-06T07:43:13.910+0000] {logging_mixin.py:190} INFO - [2025-04-06T07:43:13.910+0000] {dag.py:4180} INFO - Setting next_dagrun for example_display_name to None, run_after=None
[2025-04-06T07:43:13.920+0000] {processor.py:208} INFO - Processing /home/airflow/.local/lib/python3.12/site-packages/airflow/example_dags/example_display_name.py took 0.036 seconds
[2025-04-06T07:43:44.847+0000] {processor.py:186} INFO - Started process (PID=2029) to work on /home/airflow/.local/lib/python3.12/site-packages/airflow/example_dags/example_display_name.py
[2025-04-06T07:43:44.847+0000] {processor.py:914} INFO - Processing file /home/airflow/.local/lib/python3.12/site-packages/airflow/example_dags/example_display_name.py for tasks to queue
[2025-04-06T07:43:44.848+0000] {logging_mixin.py:190} INFO - [2025-04-06T07:43:44.848+0000] {dagbag.py:588} INFO - Filling up the DagBag from /home/airflow/.local/lib/python3.12/site-packages/airflow/example_dags/example_display_name.py
[2025-04-06T07:43:44.852+0000] {processor.py:925} INFO - DAG(s) 'example_display_name' retrieved from /home/airflow/.local/lib/python3.12/site-packages/airflow/example_dags/example_display_name.py
[2025-04-06T07:43:44.862+0000] {logging_mixin.py:190} INFO - [2025-04-06T07:43:44.862+0000] {dag.py:3239} INFO - Sync 1 DAGs
[2025-04-06T07:43:44.869+0000] {logging_mixin.py:190} INFO - [2025-04-06T07:43:44.869+0000] {dag.py:4180} INFO - Setting next_dagrun for example_display_name to None, run_after=None
[2025-04-06T07:43:44.878+0000] {processor.py:208} INFO - Processing /home/airflow/.local/lib/python3.12/site-packages/airflow/example_dags/example_display_name.py took 0.034 seconds
[2025-04-06T07:44:15.410+0000] {processor.py:186} INFO - Started process (PID=2092) to work on /home/airflow/.local/lib/python3.12/site-packages/airflow/example_dags/example_display_name.py
[2025-04-06T07:44:15.411+0000] {processor.py:914} INFO - Processing file /home/airflow/.local/lib/python3.12/site-packages/airflow/example_dags/example_display_name.py for tasks to queue
[2025-04-06T07:44:15.412+0000] {logging_mixin.py:190} INFO - [2025-04-06T07:44:15.412+0000] {dagbag.py:588} INFO - Filling up the DagBag from /home/airflow/.local/lib/python3.12/site-packages/airflow/example_dags/example_display_name.py
[2025-04-06T07:44:15.416+0000] {processor.py:925} INFO - DAG(s) 'example_display_name' retrieved from /home/airflow/.local/lib/python3.12/site-packages/airflow/example_dags/example_display_name.py
[2025-04-06T07:44:15.425+0000] {logging_mixin.py:190} INFO - [2025-04-06T07:44:15.425+0000] {dag.py:3239} INFO - Sync 1 DAGs
[2025-04-06T07:44:15.432+0000] {logging_mixin.py:190} INFO - [2025-04-06T07:44:15.432+0000] {dag.py:4180} INFO - Setting next_dagrun for example_display_name to None, run_after=None
[2025-04-06T07:44:15.441+0000] {processor.py:208} INFO - Processing /home/airflow/.local/lib/python3.12/site-packages/airflow/example_dags/example_display_name.py took 0.034 seconds
