[2025-04-06T07:27:58.227+0000] {processor.py:186} INFO - Started process (PID=92) to work on /home/airflow/.local/lib/python3.12/site-packages/airflow/example_dags/example_branch_labels.py
[2025-04-06T07:27:58.227+0000] {processor.py:914} INFO - Processing file /home/airflow/.local/lib/python3.12/site-packages/airflow/example_dags/example_branch_labels.py for tasks to queue
[2025-04-06T07:27:58.228+0000] {logging_mixin.py:190} INFO - [2025-04-06T07:27:58.228+0000] {dagbag.py:588} INFO - Filling up the DagBag from /home/airflow/.local/lib/python3.12/site-packages/airflow/example_dags/example_branch_labels.py
[2025-04-06T07:27:58.234+0000] {processor.py:925} INFO - DAG(s) 'example_branch_labels' retrieved from /home/airflow/.local/lib/python3.12/site-packages/airflow/example_dags/example_branch_labels.py
[2025-04-06T07:27:58.292+0000] {logging_mixin.py:190} INFO - [2025-04-06T07:27:58.292+0000] {override.py:1912} INFO - Created Permission View: can delete on DAG:example_branch_labels
[2025-04-06T07:27:58.298+0000] {logging_mixin.py:190} INFO - [2025-04-06T07:27:58.298+0000] {override.py:1912} INFO - Created Permission View: can read on DAG:example_branch_labels
[2025-04-06T07:27:58.302+0000] {logging_mixin.py:190} INFO - [2025-04-06T07:27:58.302+0000] {override.py:1912} INFO - Created Permission View: can edit on DAG:example_branch_labels
[2025-04-06T07:27:58.307+0000] {logging_mixin.py:190} INFO - [2025-04-06T07:27:58.307+0000] {override.py:1912} INFO - Created Permission View: can delete on DAG Run:example_branch_labels
[2025-04-06T07:27:58.311+0000] {logging_mixin.py:190} INFO - [2025-04-06T07:27:58.311+0000] {override.py:1912} INFO - Created Permission View: can read on DAG Run:example_branch_labels
[2025-04-06T07:27:58.314+0000] {logging_mixin.py:190} INFO - [2025-04-06T07:27:58.314+0000] {override.py:1912} INFO - Created Permission View: can create on DAG Run:example_branch_labels
[2025-04-06T07:27:58.318+0000] {logging_mixin.py:190} INFO - [2025-04-06T07:27:58.318+0000] {override.py:1912} INFO - Created Permission View: menu access on DAG Run:example_branch_labels
[2025-04-06T07:27:58.318+0000] {logging_mixin.py:190} INFO - [2025-04-06T07:27:58.318+0000] {dag.py:3239} INFO - Sync 1 DAGs
[2025-04-06T07:27:58.324+0000] {logging_mixin.py:190} INFO - [2025-04-06T07:27:58.324+0000] {dag.py:3262} INFO - Creating ORM DAG for example_branch_labels
[2025-04-06T07:27:58.330+0000] {logging_mixin.py:190} INFO - [2025-04-06T07:27:58.330+0000] {dag.py:4180} INFO - Setting next_dagrun for example_branch_labels to 2025-04-05 00:00:00+00:00, run_after=2025-04-06 00:00:00+00:00
[2025-04-06T07:27:58.337+0000] {processor.py:208} INFO - Processing /home/airflow/.local/lib/python3.12/site-packages/airflow/example_dags/example_branch_labels.py took 0.114 seconds
[2025-04-06T07:28:29.268+0000] {processor.py:186} INFO - Started process (PID=155) to work on /home/airflow/.local/lib/python3.12/site-packages/airflow/example_dags/example_branch_labels.py
[2025-04-06T07:28:29.269+0000] {processor.py:914} INFO - Processing file /home/airflow/.local/lib/python3.12/site-packages/airflow/example_dags/example_branch_labels.py for tasks to queue
[2025-04-06T07:28:29.270+0000] {logging_mixin.py:190} INFO - [2025-04-06T07:28:29.270+0000] {dagbag.py:588} INFO - Filling up the DagBag from /home/airflow/.local/lib/python3.12/site-packages/airflow/example_dags/example_branch_labels.py
[2025-04-06T07:28:29.275+0000] {processor.py:925} INFO - DAG(s) 'example_branch_labels' retrieved from /home/airflow/.local/lib/python3.12/site-packages/airflow/example_dags/example_branch_labels.py
[2025-04-06T07:28:29.287+0000] {logging_mixin.py:190} INFO - [2025-04-06T07:28:29.287+0000] {dag.py:3239} INFO - Sync 1 DAGs
[2025-04-06T07:28:29.301+0000] {logging_mixin.py:190} INFO - [2025-04-06T07:28:29.301+0000] {dag.py:4180} INFO - Setting next_dagrun for example_branch_labels to 2025-04-05 00:00:00+00:00, run_after=2025-04-06 00:00:00+00:00
[2025-04-06T07:28:29.312+0000] {processor.py:208} INFO - Processing /home/airflow/.local/lib/python3.12/site-packages/airflow/example_dags/example_branch_labels.py took 0.047 seconds
[2025-04-06T07:28:59.529+0000] {processor.py:186} INFO - Started process (PID=218) to work on /home/airflow/.local/lib/python3.12/site-packages/airflow/example_dags/example_branch_labels.py
[2025-04-06T07:28:59.530+0000] {processor.py:914} INFO - Processing file /home/airflow/.local/lib/python3.12/site-packages/airflow/example_dags/example_branch_labels.py for tasks to queue
[2025-04-06T07:28:59.532+0000] {logging_mixin.py:190} INFO - [2025-04-06T07:28:59.531+0000] {dagbag.py:588} INFO - Filling up the DagBag from /home/airflow/.local/lib/python3.12/site-packages/airflow/example_dags/example_branch_labels.py
[2025-04-06T07:28:59.538+0000] {processor.py:925} INFO - DAG(s) 'example_branch_labels' retrieved from /home/airflow/.local/lib/python3.12/site-packages/airflow/example_dags/example_branch_labels.py
[2025-04-06T07:28:59.552+0000] {logging_mixin.py:190} INFO - [2025-04-06T07:28:59.552+0000] {dag.py:3239} INFO - Sync 1 DAGs
[2025-04-06T07:28:59.566+0000] {logging_mixin.py:190} INFO - [2025-04-06T07:28:59.566+0000] {dag.py:4180} INFO - Setting next_dagrun for example_branch_labels to 2025-04-05 00:00:00+00:00, run_after=2025-04-06 00:00:00+00:00
[2025-04-06T07:28:59.577+0000] {processor.py:208} INFO - Processing /home/airflow/.local/lib/python3.12/site-packages/airflow/example_dags/example_branch_labels.py took 0.052 seconds
[2025-04-06T07:29:30.779+0000] {processor.py:186} INFO - Started process (PID=280) to work on /home/airflow/.local/lib/python3.12/site-packages/airflow/example_dags/example_branch_labels.py
[2025-04-06T07:29:30.780+0000] {processor.py:914} INFO - Processing file /home/airflow/.local/lib/python3.12/site-packages/airflow/example_dags/example_branch_labels.py for tasks to queue
[2025-04-06T07:29:30.781+0000] {logging_mixin.py:190} INFO - [2025-04-06T07:29:30.781+0000] {dagbag.py:588} INFO - Filling up the DagBag from /home/airflow/.local/lib/python3.12/site-packages/airflow/example_dags/example_branch_labels.py
[2025-04-06T07:29:30.786+0000] {processor.py:925} INFO - DAG(s) 'example_branch_labels' retrieved from /home/airflow/.local/lib/python3.12/site-packages/airflow/example_dags/example_branch_labels.py
[2025-04-06T07:29:30.797+0000] {logging_mixin.py:190} INFO - [2025-04-06T07:29:30.796+0000] {dag.py:3239} INFO - Sync 1 DAGs
[2025-04-06T07:29:30.808+0000] {logging_mixin.py:190} INFO - [2025-04-06T07:29:30.808+0000] {dag.py:4180} INFO - Setting next_dagrun for example_branch_labels to 2025-04-05 00:00:00+00:00, run_after=2025-04-06 00:00:00+00:00
[2025-04-06T07:29:30.818+0000] {processor.py:208} INFO - Processing /home/airflow/.local/lib/python3.12/site-packages/airflow/example_dags/example_branch_labels.py took 0.042 seconds
[2025-04-06T07:30:01.592+0000] {processor.py:186} INFO - Started process (PID=343) to work on /home/airflow/.local/lib/python3.12/site-packages/airflow/example_dags/example_branch_labels.py
[2025-04-06T07:30:01.592+0000] {processor.py:914} INFO - Processing file /home/airflow/.local/lib/python3.12/site-packages/airflow/example_dags/example_branch_labels.py for tasks to queue
[2025-04-06T07:30:01.593+0000] {logging_mixin.py:190} INFO - [2025-04-06T07:30:01.593+0000] {dagbag.py:588} INFO - Filling up the DagBag from /home/airflow/.local/lib/python3.12/site-packages/airflow/example_dags/example_branch_labels.py
[2025-04-06T07:30:01.598+0000] {processor.py:925} INFO - DAG(s) 'example_branch_labels' retrieved from /home/airflow/.local/lib/python3.12/site-packages/airflow/example_dags/example_branch_labels.py
[2025-04-06T07:30:01.609+0000] {logging_mixin.py:190} INFO - [2025-04-06T07:30:01.609+0000] {dag.py:3239} INFO - Sync 1 DAGs
[2025-04-06T07:30:01.621+0000] {logging_mixin.py:190} INFO - [2025-04-06T07:30:01.621+0000] {dag.py:4180} INFO - Setting next_dagrun for example_branch_labels to 2025-04-05 00:00:00+00:00, run_after=2025-04-06 00:00:00+00:00
[2025-04-06T07:30:01.630+0000] {processor.py:208} INFO - Processing /home/airflow/.local/lib/python3.12/site-packages/airflow/example_dags/example_branch_labels.py took 0.041 seconds
[2025-04-06T07:30:32.447+0000] {processor.py:186} INFO - Started process (PID=406) to work on /home/airflow/.local/lib/python3.12/site-packages/airflow/example_dags/example_branch_labels.py
[2025-04-06T07:30:32.447+0000] {processor.py:914} INFO - Processing file /home/airflow/.local/lib/python3.12/site-packages/airflow/example_dags/example_branch_labels.py for tasks to queue
[2025-04-06T07:30:32.448+0000] {logging_mixin.py:190} INFO - [2025-04-06T07:30:32.448+0000] {dagbag.py:588} INFO - Filling up the DagBag from /home/airflow/.local/lib/python3.12/site-packages/airflow/example_dags/example_branch_labels.py
[2025-04-06T07:30:32.453+0000] {processor.py:925} INFO - DAG(s) 'example_branch_labels' retrieved from /home/airflow/.local/lib/python3.12/site-packages/airflow/example_dags/example_branch_labels.py
[2025-04-06T07:30:32.463+0000] {logging_mixin.py:190} INFO - [2025-04-06T07:30:32.463+0000] {dag.py:3239} INFO - Sync 1 DAGs
[2025-04-06T07:30:32.474+0000] {logging_mixin.py:190} INFO - [2025-04-06T07:30:32.474+0000] {dag.py:4180} INFO - Setting next_dagrun for example_branch_labels to 2025-04-05 00:00:00+00:00, run_after=2025-04-06 00:00:00+00:00
[2025-04-06T07:30:32.484+0000] {processor.py:208} INFO - Processing /home/airflow/.local/lib/python3.12/site-packages/airflow/example_dags/example_branch_labels.py took 0.041 seconds
[2025-04-06T07:31:03.145+0000] {processor.py:186} INFO - Started process (PID=469) to work on /home/airflow/.local/lib/python3.12/site-packages/airflow/example_dags/example_branch_labels.py
[2025-04-06T07:31:03.145+0000] {processor.py:914} INFO - Processing file /home/airflow/.local/lib/python3.12/site-packages/airflow/example_dags/example_branch_labels.py for tasks to queue
[2025-04-06T07:31:03.146+0000] {logging_mixin.py:190} INFO - [2025-04-06T07:31:03.146+0000] {dagbag.py:588} INFO - Filling up the DagBag from /home/airflow/.local/lib/python3.12/site-packages/airflow/example_dags/example_branch_labels.py
[2025-04-06T07:31:03.151+0000] {processor.py:925} INFO - DAG(s) 'example_branch_labels' retrieved from /home/airflow/.local/lib/python3.12/site-packages/airflow/example_dags/example_branch_labels.py
[2025-04-06T07:31:03.161+0000] {logging_mixin.py:190} INFO - [2025-04-06T07:31:03.161+0000] {dag.py:3239} INFO - Sync 1 DAGs
[2025-04-06T07:31:03.172+0000] {logging_mixin.py:190} INFO - [2025-04-06T07:31:03.172+0000] {dag.py:4180} INFO - Setting next_dagrun for example_branch_labels to 2025-04-05 00:00:00+00:00, run_after=2025-04-06 00:00:00+00:00
[2025-04-06T07:31:03.182+0000] {processor.py:208} INFO - Processing /home/airflow/.local/lib/python3.12/site-packages/airflow/example_dags/example_branch_labels.py took 0.040 seconds
[2025-04-06T07:31:33.949+0000] {processor.py:186} INFO - Started process (PID=532) to work on /home/airflow/.local/lib/python3.12/site-packages/airflow/example_dags/example_branch_labels.py
[2025-04-06T07:31:33.950+0000] {processor.py:914} INFO - Processing file /home/airflow/.local/lib/python3.12/site-packages/airflow/example_dags/example_branch_labels.py for tasks to queue
[2025-04-06T07:31:33.951+0000] {logging_mixin.py:190} INFO - [2025-04-06T07:31:33.951+0000] {dagbag.py:588} INFO - Filling up the DagBag from /home/airflow/.local/lib/python3.12/site-packages/airflow/example_dags/example_branch_labels.py
[2025-04-06T07:31:33.956+0000] {processor.py:925} INFO - DAG(s) 'example_branch_labels' retrieved from /home/airflow/.local/lib/python3.12/site-packages/airflow/example_dags/example_branch_labels.py
[2025-04-06T07:31:33.967+0000] {logging_mixin.py:190} INFO - [2025-04-06T07:31:33.967+0000] {dag.py:3239} INFO - Sync 1 DAGs
[2025-04-06T07:31:33.980+0000] {logging_mixin.py:190} INFO - [2025-04-06T07:31:33.980+0000] {dag.py:4180} INFO - Setting next_dagrun for example_branch_labels to 2025-04-05 00:00:00+00:00, run_after=2025-04-06 00:00:00+00:00
[2025-04-06T07:31:33.990+0000] {processor.py:208} INFO - Processing /home/airflow/.local/lib/python3.12/site-packages/airflow/example_dags/example_branch_labels.py took 0.044 seconds
[2025-04-06T07:32:04.576+0000] {processor.py:186} INFO - Started process (PID=595) to work on /home/airflow/.local/lib/python3.12/site-packages/airflow/example_dags/example_branch_labels.py
[2025-04-06T07:32:04.577+0000] {processor.py:914} INFO - Processing file /home/airflow/.local/lib/python3.12/site-packages/airflow/example_dags/example_branch_labels.py for tasks to queue
[2025-04-06T07:32:04.578+0000] {logging_mixin.py:190} INFO - [2025-04-06T07:32:04.578+0000] {dagbag.py:588} INFO - Filling up the DagBag from /home/airflow/.local/lib/python3.12/site-packages/airflow/example_dags/example_branch_labels.py
[2025-04-06T07:32:04.583+0000] {processor.py:925} INFO - DAG(s) 'example_branch_labels' retrieved from /home/airflow/.local/lib/python3.12/site-packages/airflow/example_dags/example_branch_labels.py
[2025-04-06T07:32:04.593+0000] {logging_mixin.py:190} INFO - [2025-04-06T07:32:04.593+0000] {dag.py:3239} INFO - Sync 1 DAGs
[2025-04-06T07:32:04.605+0000] {logging_mixin.py:190} INFO - [2025-04-06T07:32:04.604+0000] {dag.py:4180} INFO - Setting next_dagrun for example_branch_labels to 2025-04-05 00:00:00+00:00, run_after=2025-04-06 00:00:00+00:00
[2025-04-06T07:32:04.614+0000] {processor.py:208} INFO - Processing /home/airflow/.local/lib/python3.12/site-packages/airflow/example_dags/example_branch_labels.py took 0.040 seconds
[2025-04-06T07:32:35.375+0000] {processor.py:186} INFO - Started process (PID=658) to work on /home/airflow/.local/lib/python3.12/site-packages/airflow/example_dags/example_branch_labels.py
[2025-04-06T07:32:35.376+0000] {processor.py:914} INFO - Processing file /home/airflow/.local/lib/python3.12/site-packages/airflow/example_dags/example_branch_labels.py for tasks to queue
[2025-04-06T07:32:35.377+0000] {logging_mixin.py:190} INFO - [2025-04-06T07:32:35.377+0000] {dagbag.py:588} INFO - Filling up the DagBag from /home/airflow/.local/lib/python3.12/site-packages/airflow/example_dags/example_branch_labels.py
[2025-04-06T07:32:35.382+0000] {processor.py:925} INFO - DAG(s) 'example_branch_labels' retrieved from /home/airflow/.local/lib/python3.12/site-packages/airflow/example_dags/example_branch_labels.py
[2025-04-06T07:32:35.393+0000] {logging_mixin.py:190} INFO - [2025-04-06T07:32:35.392+0000] {dag.py:3239} INFO - Sync 1 DAGs
[2025-04-06T07:32:35.404+0000] {logging_mixin.py:190} INFO - [2025-04-06T07:32:35.404+0000] {dag.py:4180} INFO - Setting next_dagrun for example_branch_labels to 2025-04-05 00:00:00+00:00, run_after=2025-04-06 00:00:00+00:00
[2025-04-06T07:32:35.413+0000] {processor.py:208} INFO - Processing /home/airflow/.local/lib/python3.12/site-packages/airflow/example_dags/example_branch_labels.py took 0.041 seconds
[2025-04-06T07:33:05.732+0000] {processor.py:186} INFO - Started process (PID=721) to work on /home/airflow/.local/lib/python3.12/site-packages/airflow/example_dags/example_branch_labels.py
[2025-04-06T07:33:05.733+0000] {processor.py:914} INFO - Processing file /home/airflow/.local/lib/python3.12/site-packages/airflow/example_dags/example_branch_labels.py for tasks to queue
[2025-04-06T07:33:05.734+0000] {logging_mixin.py:190} INFO - [2025-04-06T07:33:05.734+0000] {dagbag.py:588} INFO - Filling up the DagBag from /home/airflow/.local/lib/python3.12/site-packages/airflow/example_dags/example_branch_labels.py
[2025-04-06T07:33:05.739+0000] {processor.py:925} INFO - DAG(s) 'example_branch_labels' retrieved from /home/airflow/.local/lib/python3.12/site-packages/airflow/example_dags/example_branch_labels.py
[2025-04-06T07:33:05.749+0000] {logging_mixin.py:190} INFO - [2025-04-06T07:33:05.749+0000] {dag.py:3239} INFO - Sync 1 DAGs
[2025-04-06T07:33:05.761+0000] {logging_mixin.py:190} INFO - [2025-04-06T07:33:05.760+0000] {dag.py:4180} INFO - Setting next_dagrun for example_branch_labels to 2025-04-05 00:00:00+00:00, run_after=2025-04-06 00:00:00+00:00
[2025-04-06T07:33:05.771+0000] {processor.py:208} INFO - Processing /home/airflow/.local/lib/python3.12/site-packages/airflow/example_dags/example_branch_labels.py took 0.042 seconds
[2025-04-06T07:33:36.496+0000] {processor.py:186} INFO - Started process (PID=790) to work on /home/airflow/.local/lib/python3.12/site-packages/airflow/example_dags/example_branch_labels.py
[2025-04-06T07:33:36.496+0000] {processor.py:914} INFO - Processing file /home/airflow/.local/lib/python3.12/site-packages/airflow/example_dags/example_branch_labels.py for tasks to queue
[2025-04-06T07:33:36.497+0000] {logging_mixin.py:190} INFO - [2025-04-06T07:33:36.497+0000] {dagbag.py:588} INFO - Filling up the DagBag from /home/airflow/.local/lib/python3.12/site-packages/airflow/example_dags/example_branch_labels.py
[2025-04-06T07:33:36.503+0000] {processor.py:925} INFO - DAG(s) 'example_branch_labels' retrieved from /home/airflow/.local/lib/python3.12/site-packages/airflow/example_dags/example_branch_labels.py
[2025-04-06T07:33:36.513+0000] {logging_mixin.py:190} INFO - [2025-04-06T07:33:36.513+0000] {dag.py:3239} INFO - Sync 1 DAGs
[2025-04-06T07:33:36.524+0000] {logging_mixin.py:190} INFO - [2025-04-06T07:33:36.524+0000] {dag.py:4180} INFO - Setting next_dagrun for example_branch_labels to 2025-04-05 00:00:00+00:00, run_after=2025-04-06 00:00:00+00:00
[2025-04-06T07:33:36.533+0000] {processor.py:208} INFO - Processing /home/airflow/.local/lib/python3.12/site-packages/airflow/example_dags/example_branch_labels.py took 0.041 seconds
[2025-04-06T07:34:07.118+0000] {processor.py:186} INFO - Started process (PID=853) to work on /home/airflow/.local/lib/python3.12/site-packages/airflow/example_dags/example_branch_labels.py
[2025-04-06T07:34:07.119+0000] {processor.py:914} INFO - Processing file /home/airflow/.local/lib/python3.12/site-packages/airflow/example_dags/example_branch_labels.py for tasks to queue
[2025-04-06T07:34:07.120+0000] {logging_mixin.py:190} INFO - [2025-04-06T07:34:07.120+0000] {dagbag.py:588} INFO - Filling up the DagBag from /home/airflow/.local/lib/python3.12/site-packages/airflow/example_dags/example_branch_labels.py
[2025-04-06T07:34:07.125+0000] {processor.py:925} INFO - DAG(s) 'example_branch_labels' retrieved from /home/airflow/.local/lib/python3.12/site-packages/airflow/example_dags/example_branch_labels.py
[2025-04-06T07:34:07.135+0000] {logging_mixin.py:190} INFO - [2025-04-06T07:34:07.135+0000] {dag.py:3239} INFO - Sync 1 DAGs
[2025-04-06T07:34:07.147+0000] {logging_mixin.py:190} INFO - [2025-04-06T07:34:07.147+0000] {dag.py:4180} INFO - Setting next_dagrun for example_branch_labels to 2025-04-05 00:00:00+00:00, run_after=2025-04-06 00:00:00+00:00
[2025-04-06T07:34:07.156+0000] {processor.py:208} INFO - Processing /home/airflow/.local/lib/python3.12/site-packages/airflow/example_dags/example_branch_labels.py took 0.041 seconds
[2025-04-06T07:34:37.688+0000] {processor.py:186} INFO - Started process (PID=916) to work on /home/airflow/.local/lib/python3.12/site-packages/airflow/example_dags/example_branch_labels.py
[2025-04-06T07:34:37.688+0000] {processor.py:914} INFO - Processing file /home/airflow/.local/lib/python3.12/site-packages/airflow/example_dags/example_branch_labels.py for tasks to queue
[2025-04-06T07:34:37.689+0000] {logging_mixin.py:190} INFO - [2025-04-06T07:34:37.689+0000] {dagbag.py:588} INFO - Filling up the DagBag from /home/airflow/.local/lib/python3.12/site-packages/airflow/example_dags/example_branch_labels.py
[2025-04-06T07:34:37.695+0000] {processor.py:925} INFO - DAG(s) 'example_branch_labels' retrieved from /home/airflow/.local/lib/python3.12/site-packages/airflow/example_dags/example_branch_labels.py
[2025-04-06T07:34:37.706+0000] {logging_mixin.py:190} INFO - [2025-04-06T07:34:37.706+0000] {dag.py:3239} INFO - Sync 1 DAGs
[2025-04-06T07:34:37.718+0000] {logging_mixin.py:190} INFO - [2025-04-06T07:34:37.718+0000] {dag.py:4180} INFO - Setting next_dagrun for example_branch_labels to 2025-04-05 00:00:00+00:00, run_after=2025-04-06 00:00:00+00:00
[2025-04-06T07:34:37.728+0000] {processor.py:208} INFO - Processing /home/airflow/.local/lib/python3.12/site-packages/airflow/example_dags/example_branch_labels.py took 0.044 seconds
[2025-04-06T07:35:08.252+0000] {processor.py:186} INFO - Started process (PID=979) to work on /home/airflow/.local/lib/python3.12/site-packages/airflow/example_dags/example_branch_labels.py
[2025-04-06T07:35:08.252+0000] {processor.py:914} INFO - Processing file /home/airflow/.local/lib/python3.12/site-packages/airflow/example_dags/example_branch_labels.py for tasks to queue
[2025-04-06T07:35:08.253+0000] {logging_mixin.py:190} INFO - [2025-04-06T07:35:08.253+0000] {dagbag.py:588} INFO - Filling up the DagBag from /home/airflow/.local/lib/python3.12/site-packages/airflow/example_dags/example_branch_labels.py
[2025-04-06T07:35:08.258+0000] {processor.py:925} INFO - DAG(s) 'example_branch_labels' retrieved from /home/airflow/.local/lib/python3.12/site-packages/airflow/example_dags/example_branch_labels.py
[2025-04-06T07:35:08.269+0000] {logging_mixin.py:190} INFO - [2025-04-06T07:35:08.269+0000] {dag.py:3239} INFO - Sync 1 DAGs
[2025-04-06T07:35:08.281+0000] {logging_mixin.py:190} INFO - [2025-04-06T07:35:08.281+0000] {dag.py:4180} INFO - Setting next_dagrun for example_branch_labels to 2025-04-05 00:00:00+00:00, run_after=2025-04-06 00:00:00+00:00
[2025-04-06T07:35:08.290+0000] {processor.py:208} INFO - Processing /home/airflow/.local/lib/python3.12/site-packages/airflow/example_dags/example_branch_labels.py took 0.041 seconds
[2025-04-06T07:35:38.687+0000] {processor.py:186} INFO - Started process (PID=1042) to work on /home/airflow/.local/lib/python3.12/site-packages/airflow/example_dags/example_branch_labels.py
[2025-04-06T07:35:38.687+0000] {processor.py:914} INFO - Processing file /home/airflow/.local/lib/python3.12/site-packages/airflow/example_dags/example_branch_labels.py for tasks to queue
[2025-04-06T07:35:38.688+0000] {logging_mixin.py:190} INFO - [2025-04-06T07:35:38.688+0000] {dagbag.py:588} INFO - Filling up the DagBag from /home/airflow/.local/lib/python3.12/site-packages/airflow/example_dags/example_branch_labels.py
[2025-04-06T07:35:38.694+0000] {processor.py:925} INFO - DAG(s) 'example_branch_labels' retrieved from /home/airflow/.local/lib/python3.12/site-packages/airflow/example_dags/example_branch_labels.py
[2025-04-06T07:35:38.704+0000] {logging_mixin.py:190} INFO - [2025-04-06T07:35:38.704+0000] {dag.py:3239} INFO - Sync 1 DAGs
[2025-04-06T07:35:38.716+0000] {logging_mixin.py:190} INFO - [2025-04-06T07:35:38.716+0000] {dag.py:4180} INFO - Setting next_dagrun for example_branch_labels to 2025-04-05 00:00:00+00:00, run_after=2025-04-06 00:00:00+00:00
[2025-04-06T07:35:38.725+0000] {processor.py:208} INFO - Processing /home/airflow/.local/lib/python3.12/site-packages/airflow/example_dags/example_branch_labels.py took 0.042 seconds
[2025-04-06T07:36:09.193+0000] {processor.py:186} INFO - Started process (PID=1105) to work on /home/airflow/.local/lib/python3.12/site-packages/airflow/example_dags/example_branch_labels.py
[2025-04-06T07:36:09.193+0000] {processor.py:914} INFO - Processing file /home/airflow/.local/lib/python3.12/site-packages/airflow/example_dags/example_branch_labels.py for tasks to queue
[2025-04-06T07:36:09.194+0000] {logging_mixin.py:190} INFO - [2025-04-06T07:36:09.194+0000] {dagbag.py:588} INFO - Filling up the DagBag from /home/airflow/.local/lib/python3.12/site-packages/airflow/example_dags/example_branch_labels.py
[2025-04-06T07:36:09.200+0000] {processor.py:925} INFO - DAG(s) 'example_branch_labels' retrieved from /home/airflow/.local/lib/python3.12/site-packages/airflow/example_dags/example_branch_labels.py
[2025-04-06T07:36:09.214+0000] {logging_mixin.py:190} INFO - [2025-04-06T07:36:09.214+0000] {dag.py:3239} INFO - Sync 1 DAGs
[2025-04-06T07:36:09.229+0000] {logging_mixin.py:190} INFO - [2025-04-06T07:36:09.228+0000] {dag.py:4180} INFO - Setting next_dagrun for example_branch_labels to 2025-04-05 00:00:00+00:00, run_after=2025-04-06 00:00:00+00:00
[2025-04-06T07:36:09.239+0000] {processor.py:208} INFO - Processing /home/airflow/.local/lib/python3.12/site-packages/airflow/example_dags/example_branch_labels.py took 0.050 seconds
[2025-04-06T07:36:39.881+0000] {processor.py:186} INFO - Started process (PID=1168) to work on /home/airflow/.local/lib/python3.12/site-packages/airflow/example_dags/example_branch_labels.py
[2025-04-06T07:36:39.881+0000] {processor.py:914} INFO - Processing file /home/airflow/.local/lib/python3.12/site-packages/airflow/example_dags/example_branch_labels.py for tasks to queue
[2025-04-06T07:36:39.882+0000] {logging_mixin.py:190} INFO - [2025-04-06T07:36:39.882+0000] {dagbag.py:588} INFO - Filling up the DagBag from /home/airflow/.local/lib/python3.12/site-packages/airflow/example_dags/example_branch_labels.py
[2025-04-06T07:36:39.888+0000] {processor.py:925} INFO - DAG(s) 'example_branch_labels' retrieved from /home/airflow/.local/lib/python3.12/site-packages/airflow/example_dags/example_branch_labels.py
[2025-04-06T07:36:39.898+0000] {logging_mixin.py:190} INFO - [2025-04-06T07:36:39.898+0000] {dag.py:3239} INFO - Sync 1 DAGs
[2025-04-06T07:36:39.910+0000] {logging_mixin.py:190} INFO - [2025-04-06T07:36:39.910+0000] {dag.py:4180} INFO - Setting next_dagrun for example_branch_labels to 2025-04-05 00:00:00+00:00, run_after=2025-04-06 00:00:00+00:00
[2025-04-06T07:36:39.919+0000] {processor.py:208} INFO - Processing /home/airflow/.local/lib/python3.12/site-packages/airflow/example_dags/example_branch_labels.py took 0.041 seconds
[2025-04-06T07:37:10.995+0000] {processor.py:186} INFO - Started process (PID=1232) to work on /home/airflow/.local/lib/python3.12/site-packages/airflow/example_dags/example_branch_labels.py
[2025-04-06T07:37:10.995+0000] {processor.py:914} INFO - Processing file /home/airflow/.local/lib/python3.12/site-packages/airflow/example_dags/example_branch_labels.py for tasks to queue
[2025-04-06T07:37:10.996+0000] {logging_mixin.py:190} INFO - [2025-04-06T07:37:10.996+0000] {dagbag.py:588} INFO - Filling up the DagBag from /home/airflow/.local/lib/python3.12/site-packages/airflow/example_dags/example_branch_labels.py
[2025-04-06T07:37:11.002+0000] {processor.py:925} INFO - DAG(s) 'example_branch_labels' retrieved from /home/airflow/.local/lib/python3.12/site-packages/airflow/example_dags/example_branch_labels.py
[2025-04-06T07:37:11.013+0000] {logging_mixin.py:190} INFO - [2025-04-06T07:37:11.013+0000] {dag.py:3239} INFO - Sync 1 DAGs
[2025-04-06T07:37:11.026+0000] {logging_mixin.py:190} INFO - [2025-04-06T07:37:11.025+0000] {dag.py:4180} INFO - Setting next_dagrun for example_branch_labels to 2025-04-05 00:00:00+00:00, run_after=2025-04-06 00:00:00+00:00
[2025-04-06T07:37:11.035+0000] {processor.py:208} INFO - Processing /home/airflow/.local/lib/python3.12/site-packages/airflow/example_dags/example_branch_labels.py took 0.044 seconds
[2025-04-06T07:37:41.720+0000] {processor.py:186} INFO - Started process (PID=1295) to work on /home/airflow/.local/lib/python3.12/site-packages/airflow/example_dags/example_branch_labels.py
[2025-04-06T07:37:41.721+0000] {processor.py:914} INFO - Processing file /home/airflow/.local/lib/python3.12/site-packages/airflow/example_dags/example_branch_labels.py for tasks to queue
[2025-04-06T07:37:41.722+0000] {logging_mixin.py:190} INFO - [2025-04-06T07:37:41.722+0000] {dagbag.py:588} INFO - Filling up the DagBag from /home/airflow/.local/lib/python3.12/site-packages/airflow/example_dags/example_branch_labels.py
[2025-04-06T07:37:41.727+0000] {processor.py:925} INFO - DAG(s) 'example_branch_labels' retrieved from /home/airflow/.local/lib/python3.12/site-packages/airflow/example_dags/example_branch_labels.py
[2025-04-06T07:37:41.738+0000] {logging_mixin.py:190} INFO - [2025-04-06T07:37:41.738+0000] {dag.py:3239} INFO - Sync 1 DAGs
[2025-04-06T07:37:41.750+0000] {logging_mixin.py:190} INFO - [2025-04-06T07:37:41.750+0000] {dag.py:4180} INFO - Setting next_dagrun for example_branch_labels to 2025-04-05 00:00:00+00:00, run_after=2025-04-06 00:00:00+00:00
[2025-04-06T07:37:41.759+0000] {processor.py:208} INFO - Processing /home/airflow/.local/lib/python3.12/site-packages/airflow/example_dags/example_branch_labels.py took 0.042 seconds
[2025-04-06T07:38:12.732+0000] {processor.py:186} INFO - Started process (PID=1358) to work on /home/airflow/.local/lib/python3.12/site-packages/airflow/example_dags/example_branch_labels.py
[2025-04-06T07:38:12.733+0000] {processor.py:914} INFO - Processing file /home/airflow/.local/lib/python3.12/site-packages/airflow/example_dags/example_branch_labels.py for tasks to queue
[2025-04-06T07:38:12.734+0000] {logging_mixin.py:190} INFO - [2025-04-06T07:38:12.734+0000] {dagbag.py:588} INFO - Filling up the DagBag from /home/airflow/.local/lib/python3.12/site-packages/airflow/example_dags/example_branch_labels.py
[2025-04-06T07:38:12.739+0000] {processor.py:925} INFO - DAG(s) 'example_branch_labels' retrieved from /home/airflow/.local/lib/python3.12/site-packages/airflow/example_dags/example_branch_labels.py
[2025-04-06T07:38:12.749+0000] {logging_mixin.py:190} INFO - [2025-04-06T07:38:12.749+0000] {dag.py:3239} INFO - Sync 1 DAGs
[2025-04-06T07:38:12.761+0000] {logging_mixin.py:190} INFO - [2025-04-06T07:38:12.760+0000] {dag.py:4180} INFO - Setting next_dagrun for example_branch_labels to 2025-04-05 00:00:00+00:00, run_after=2025-04-06 00:00:00+00:00
[2025-04-06T07:38:12.770+0000] {processor.py:208} INFO - Processing /home/airflow/.local/lib/python3.12/site-packages/airflow/example_dags/example_branch_labels.py took 0.041 seconds
[2025-04-06T07:38:43.676+0000] {processor.py:186} INFO - Started process (PID=1421) to work on /home/airflow/.local/lib/python3.12/site-packages/airflow/example_dags/example_branch_labels.py
[2025-04-06T07:38:43.676+0000] {processor.py:914} INFO - Processing file /home/airflow/.local/lib/python3.12/site-packages/airflow/example_dags/example_branch_labels.py for tasks to queue
[2025-04-06T07:38:43.678+0000] {logging_mixin.py:190} INFO - [2025-04-06T07:38:43.678+0000] {dagbag.py:588} INFO - Filling up the DagBag from /home/airflow/.local/lib/python3.12/site-packages/airflow/example_dags/example_branch_labels.py
[2025-04-06T07:38:43.683+0000] {processor.py:925} INFO - DAG(s) 'example_branch_labels' retrieved from /home/airflow/.local/lib/python3.12/site-packages/airflow/example_dags/example_branch_labels.py
[2025-04-06T07:38:43.693+0000] {logging_mixin.py:190} INFO - [2025-04-06T07:38:43.693+0000] {dag.py:3239} INFO - Sync 1 DAGs
[2025-04-06T07:38:43.705+0000] {logging_mixin.py:190} INFO - [2025-04-06T07:38:43.705+0000] {dag.py:4180} INFO - Setting next_dagrun for example_branch_labels to 2025-04-05 00:00:00+00:00, run_after=2025-04-06 00:00:00+00:00
[2025-04-06T07:38:43.715+0000] {processor.py:208} INFO - Processing /home/airflow/.local/lib/python3.12/site-packages/airflow/example_dags/example_branch_labels.py took 0.042 seconds
[2025-04-06T07:39:14.586+0000] {processor.py:186} INFO - Started process (PID=1484) to work on /home/airflow/.local/lib/python3.12/site-packages/airflow/example_dags/example_branch_labels.py
[2025-04-06T07:39:14.586+0000] {processor.py:914} INFO - Processing file /home/airflow/.local/lib/python3.12/site-packages/airflow/example_dags/example_branch_labels.py for tasks to queue
[2025-04-06T07:39:14.588+0000] {logging_mixin.py:190} INFO - [2025-04-06T07:39:14.587+0000] {dagbag.py:588} INFO - Filling up the DagBag from /home/airflow/.local/lib/python3.12/site-packages/airflow/example_dags/example_branch_labels.py
[2025-04-06T07:39:14.593+0000] {processor.py:925} INFO - DAG(s) 'example_branch_labels' retrieved from /home/airflow/.local/lib/python3.12/site-packages/airflow/example_dags/example_branch_labels.py
[2025-04-06T07:39:14.605+0000] {logging_mixin.py:190} INFO - [2025-04-06T07:39:14.605+0000] {dag.py:3239} INFO - Sync 1 DAGs
[2025-04-06T07:39:14.616+0000] {logging_mixin.py:190} INFO - [2025-04-06T07:39:14.616+0000] {dag.py:4180} INFO - Setting next_dagrun for example_branch_labels to 2025-04-05 00:00:00+00:00, run_after=2025-04-06 00:00:00+00:00
[2025-04-06T07:39:14.626+0000] {processor.py:208} INFO - Processing /home/airflow/.local/lib/python3.12/site-packages/airflow/example_dags/example_branch_labels.py took 0.043 seconds
[2025-04-06T07:39:45.566+0000] {processor.py:186} INFO - Started process (PID=1553) to work on /home/airflow/.local/lib/python3.12/site-packages/airflow/example_dags/example_branch_labels.py
[2025-04-06T07:39:45.567+0000] {processor.py:914} INFO - Processing file /home/airflow/.local/lib/python3.12/site-packages/airflow/example_dags/example_branch_labels.py for tasks to queue
[2025-04-06T07:39:45.568+0000] {logging_mixin.py:190} INFO - [2025-04-06T07:39:45.568+0000] {dagbag.py:588} INFO - Filling up the DagBag from /home/airflow/.local/lib/python3.12/site-packages/airflow/example_dags/example_branch_labels.py
[2025-04-06T07:39:45.574+0000] {processor.py:925} INFO - DAG(s) 'example_branch_labels' retrieved from /home/airflow/.local/lib/python3.12/site-packages/airflow/example_dags/example_branch_labels.py
[2025-04-06T07:39:45.585+0000] {logging_mixin.py:190} INFO - [2025-04-06T07:39:45.585+0000] {dag.py:3239} INFO - Sync 1 DAGs
[2025-04-06T07:39:45.597+0000] {logging_mixin.py:190} INFO - [2025-04-06T07:39:45.597+0000] {dag.py:4180} INFO - Setting next_dagrun for example_branch_labels to 2025-04-05 00:00:00+00:00, run_after=2025-04-06 00:00:00+00:00
[2025-04-06T07:39:45.607+0000] {processor.py:208} INFO - Processing /home/airflow/.local/lib/python3.12/site-packages/airflow/example_dags/example_branch_labels.py took 0.044 seconds
[2025-04-06T07:40:16.205+0000] {processor.py:186} INFO - Started process (PID=1616) to work on /home/airflow/.local/lib/python3.12/site-packages/airflow/example_dags/example_branch_labels.py
[2025-04-06T07:40:16.206+0000] {processor.py:914} INFO - Processing file /home/airflow/.local/lib/python3.12/site-packages/airflow/example_dags/example_branch_labels.py for tasks to queue
[2025-04-06T07:40:16.207+0000] {logging_mixin.py:190} INFO - [2025-04-06T07:40:16.207+0000] {dagbag.py:588} INFO - Filling up the DagBag from /home/airflow/.local/lib/python3.12/site-packages/airflow/example_dags/example_branch_labels.py
[2025-04-06T07:40:16.212+0000] {processor.py:925} INFO - DAG(s) 'example_branch_labels' retrieved from /home/airflow/.local/lib/python3.12/site-packages/airflow/example_dags/example_branch_labels.py
[2025-04-06T07:40:16.224+0000] {logging_mixin.py:190} INFO - [2025-04-06T07:40:16.224+0000] {dag.py:3239} INFO - Sync 1 DAGs
[2025-04-06T07:40:16.237+0000] {logging_mixin.py:190} INFO - [2025-04-06T07:40:16.236+0000] {dag.py:4180} INFO - Setting next_dagrun for example_branch_labels to 2025-04-05 00:00:00+00:00, run_after=2025-04-06 00:00:00+00:00
[2025-04-06T07:40:16.247+0000] {processor.py:208} INFO - Processing /home/airflow/.local/lib/python3.12/site-packages/airflow/example_dags/example_branch_labels.py took 0.045 seconds
[2025-04-06T07:40:47.046+0000] {processor.py:186} INFO - Started process (PID=1679) to work on /home/airflow/.local/lib/python3.12/site-packages/airflow/example_dags/example_branch_labels.py
[2025-04-06T07:40:47.047+0000] {processor.py:914} INFO - Processing file /home/airflow/.local/lib/python3.12/site-packages/airflow/example_dags/example_branch_labels.py for tasks to queue
[2025-04-06T07:40:47.048+0000] {logging_mixin.py:190} INFO - [2025-04-06T07:40:47.048+0000] {dagbag.py:588} INFO - Filling up the DagBag from /home/airflow/.local/lib/python3.12/site-packages/airflow/example_dags/example_branch_labels.py
[2025-04-06T07:40:47.053+0000] {processor.py:925} INFO - DAG(s) 'example_branch_labels' retrieved from /home/airflow/.local/lib/python3.12/site-packages/airflow/example_dags/example_branch_labels.py
[2025-04-06T07:40:47.064+0000] {logging_mixin.py:190} INFO - [2025-04-06T07:40:47.064+0000] {dag.py:3239} INFO - Sync 1 DAGs
[2025-04-06T07:40:47.076+0000] {logging_mixin.py:190} INFO - [2025-04-06T07:40:47.075+0000] {dag.py:4180} INFO - Setting next_dagrun for example_branch_labels to 2025-04-05 00:00:00+00:00, run_after=2025-04-06 00:00:00+00:00
[2025-04-06T07:40:47.085+0000] {processor.py:208} INFO - Processing /home/airflow/.local/lib/python3.12/site-packages/airflow/example_dags/example_branch_labels.py took 0.041 seconds
[2025-04-06T07:41:18.355+0000] {processor.py:186} INFO - Started process (PID=1742) to work on /home/airflow/.local/lib/python3.12/site-packages/airflow/example_dags/example_branch_labels.py
[2025-04-06T07:41:18.355+0000] {processor.py:914} INFO - Processing file /home/airflow/.local/lib/python3.12/site-packages/airflow/example_dags/example_branch_labels.py for tasks to queue
[2025-04-06T07:41:18.356+0000] {logging_mixin.py:190} INFO - [2025-04-06T07:41:18.356+0000] {dagbag.py:588} INFO - Filling up the DagBag from /home/airflow/.local/lib/python3.12/site-packages/airflow/example_dags/example_branch_labels.py
[2025-04-06T07:41:18.361+0000] {processor.py:925} INFO - DAG(s) 'example_branch_labels' retrieved from /home/airflow/.local/lib/python3.12/site-packages/airflow/example_dags/example_branch_labels.py
[2025-04-06T07:41:18.371+0000] {logging_mixin.py:190} INFO - [2025-04-06T07:41:18.371+0000] {dag.py:3239} INFO - Sync 1 DAGs
[2025-04-06T07:41:18.383+0000] {logging_mixin.py:190} INFO - [2025-04-06T07:41:18.383+0000] {dag.py:4180} INFO - Setting next_dagrun for example_branch_labels to 2025-04-05 00:00:00+00:00, run_after=2025-04-06 00:00:00+00:00
[2025-04-06T07:41:18.392+0000] {processor.py:208} INFO - Processing /home/airflow/.local/lib/python3.12/site-packages/airflow/example_dags/example_branch_labels.py took 0.040 seconds
[2025-04-06T07:41:49.445+0000] {processor.py:186} INFO - Started process (PID=1805) to work on /home/airflow/.local/lib/python3.12/site-packages/airflow/example_dags/example_branch_labels.py
[2025-04-06T07:41:49.445+0000] {processor.py:914} INFO - Processing file /home/airflow/.local/lib/python3.12/site-packages/airflow/example_dags/example_branch_labels.py for tasks to queue
[2025-04-06T07:41:49.446+0000] {logging_mixin.py:190} INFO - [2025-04-06T07:41:49.446+0000] {dagbag.py:588} INFO - Filling up the DagBag from /home/airflow/.local/lib/python3.12/site-packages/airflow/example_dags/example_branch_labels.py
[2025-04-06T07:41:49.452+0000] {processor.py:925} INFO - DAG(s) 'example_branch_labels' retrieved from /home/airflow/.local/lib/python3.12/site-packages/airflow/example_dags/example_branch_labels.py
[2025-04-06T07:41:49.463+0000] {logging_mixin.py:190} INFO - [2025-04-06T07:41:49.463+0000] {dag.py:3239} INFO - Sync 1 DAGs
[2025-04-06T07:41:49.475+0000] {logging_mixin.py:190} INFO - [2025-04-06T07:41:49.475+0000] {dag.py:4180} INFO - Setting next_dagrun for example_branch_labels to 2025-04-05 00:00:00+00:00, run_after=2025-04-06 00:00:00+00:00
[2025-04-06T07:41:49.485+0000] {processor.py:208} INFO - Processing /home/airflow/.local/lib/python3.12/site-packages/airflow/example_dags/example_branch_labels.py took 0.044 seconds
[2025-04-06T07:42:20.289+0000] {processor.py:186} INFO - Started process (PID=1868) to work on /home/airflow/.local/lib/python3.12/site-packages/airflow/example_dags/example_branch_labels.py
[2025-04-06T07:42:20.290+0000] {processor.py:914} INFO - Processing file /home/airflow/.local/lib/python3.12/site-packages/airflow/example_dags/example_branch_labels.py for tasks to queue
[2025-04-06T07:42:20.291+0000] {logging_mixin.py:190} INFO - [2025-04-06T07:42:20.291+0000] {dagbag.py:588} INFO - Filling up the DagBag from /home/airflow/.local/lib/python3.12/site-packages/airflow/example_dags/example_branch_labels.py
[2025-04-06T07:42:20.297+0000] {processor.py:925} INFO - DAG(s) 'example_branch_labels' retrieved from /home/airflow/.local/lib/python3.12/site-packages/airflow/example_dags/example_branch_labels.py
[2025-04-06T07:42:20.308+0000] {logging_mixin.py:190} INFO - [2025-04-06T07:42:20.308+0000] {dag.py:3239} INFO - Sync 1 DAGs
[2025-04-06T07:42:20.321+0000] {logging_mixin.py:190} INFO - [2025-04-06T07:42:20.321+0000] {dag.py:4180} INFO - Setting next_dagrun for example_branch_labels to 2025-04-05 00:00:00+00:00, run_after=2025-04-06 00:00:00+00:00
[2025-04-06T07:42:20.331+0000] {processor.py:208} INFO - Processing /home/airflow/.local/lib/python3.12/site-packages/airflow/example_dags/example_branch_labels.py took 0.046 seconds
[2025-04-06T07:42:51.681+0000] {processor.py:186} INFO - Started process (PID=1931) to work on /home/airflow/.local/lib/python3.12/site-packages/airflow/example_dags/example_branch_labels.py
[2025-04-06T07:42:51.682+0000] {processor.py:914} INFO - Processing file /home/airflow/.local/lib/python3.12/site-packages/airflow/example_dags/example_branch_labels.py for tasks to queue
[2025-04-06T07:42:51.683+0000] {logging_mixin.py:190} INFO - [2025-04-06T07:42:51.683+0000] {dagbag.py:588} INFO - Filling up the DagBag from /home/airflow/.local/lib/python3.12/site-packages/airflow/example_dags/example_branch_labels.py
[2025-04-06T07:42:51.687+0000] {processor.py:925} INFO - DAG(s) 'example_branch_labels' retrieved from /home/airflow/.local/lib/python3.12/site-packages/airflow/example_dags/example_branch_labels.py
[2025-04-06T07:42:51.697+0000] {logging_mixin.py:190} INFO - [2025-04-06T07:42:51.697+0000] {dag.py:3239} INFO - Sync 1 DAGs
[2025-04-06T07:42:51.709+0000] {logging_mixin.py:190} INFO - [2025-04-06T07:42:51.709+0000] {dag.py:4180} INFO - Setting next_dagrun for example_branch_labels to 2025-04-05 00:00:00+00:00, run_after=2025-04-06 00:00:00+00:00
[2025-04-06T07:42:51.718+0000] {processor.py:208} INFO - Processing /home/airflow/.local/lib/python3.12/site-packages/airflow/example_dags/example_branch_labels.py took 0.040 seconds
[2025-04-06T07:43:22.634+0000] {processor.py:186} INFO - Started process (PID=1994) to work on /home/airflow/.local/lib/python3.12/site-packages/airflow/example_dags/example_branch_labels.py
[2025-04-06T07:43:22.635+0000] {processor.py:914} INFO - Processing file /home/airflow/.local/lib/python3.12/site-packages/airflow/example_dags/example_branch_labels.py for tasks to queue
[2025-04-06T07:43:22.636+0000] {logging_mixin.py:190} INFO - [2025-04-06T07:43:22.636+0000] {dagbag.py:588} INFO - Filling up the DagBag from /home/airflow/.local/lib/python3.12/site-packages/airflow/example_dags/example_branch_labels.py
[2025-04-06T07:43:22.641+0000] {processor.py:925} INFO - DAG(s) 'example_branch_labels' retrieved from /home/airflow/.local/lib/python3.12/site-packages/airflow/example_dags/example_branch_labels.py
[2025-04-06T07:43:22.652+0000] {logging_mixin.py:190} INFO - [2025-04-06T07:43:22.652+0000] {dag.py:3239} INFO - Sync 1 DAGs
[2025-04-06T07:43:22.663+0000] {logging_mixin.py:190} INFO - [2025-04-06T07:43:22.663+0000] {dag.py:4180} INFO - Setting next_dagrun for example_branch_labels to 2025-04-05 00:00:00+00:00, run_after=2025-04-06 00:00:00+00:00
[2025-04-06T07:43:22.672+0000] {processor.py:208} INFO - Processing /home/airflow/.local/lib/python3.12/site-packages/airflow/example_dags/example_branch_labels.py took 0.041 seconds
[2025-04-06T07:43:53.567+0000] {processor.py:186} INFO - Started process (PID=2057) to work on /home/airflow/.local/lib/python3.12/site-packages/airflow/example_dags/example_branch_labels.py
[2025-04-06T07:43:53.567+0000] {processor.py:914} INFO - Processing file /home/airflow/.local/lib/python3.12/site-packages/airflow/example_dags/example_branch_labels.py for tasks to queue
[2025-04-06T07:43:53.569+0000] {logging_mixin.py:190} INFO - [2025-04-06T07:43:53.569+0000] {dagbag.py:588} INFO - Filling up the DagBag from /home/airflow/.local/lib/python3.12/site-packages/airflow/example_dags/example_branch_labels.py
[2025-04-06T07:43:53.576+0000] {processor.py:925} INFO - DAG(s) 'example_branch_labels' retrieved from /home/airflow/.local/lib/python3.12/site-packages/airflow/example_dags/example_branch_labels.py
[2025-04-06T07:43:53.588+0000] {logging_mixin.py:190} INFO - [2025-04-06T07:43:53.588+0000] {dag.py:3239} INFO - Sync 1 DAGs
[2025-04-06T07:43:53.600+0000] {logging_mixin.py:190} INFO - [2025-04-06T07:43:53.600+0000] {dag.py:4180} INFO - Setting next_dagrun for example_branch_labels to 2025-04-05 00:00:00+00:00, run_after=2025-04-06 00:00:00+00:00
[2025-04-06T07:43:53.610+0000] {processor.py:208} INFO - Processing /home/airflow/.local/lib/python3.12/site-packages/airflow/example_dags/example_branch_labels.py took 0.047 seconds
