[2025-04-06T07:27:55.159+0000] {processor.py:186} INFO - Started process (PID=61) to work on /home/airflow/.local/lib/python3.12/site-packages/airflow/example_dags/example_kubernetes_executor.py
[2025-04-06T07:27:55.159+0000] {processor.py:914} INFO - Processing file /home/airflow/.local/lib/python3.12/site-packages/airflow/example_dags/example_kubernetes_executor.py for tasks to queue
[2025-04-06T07:27:55.160+0000] {logging_mixin.py:190} INFO - [2025-04-06T07:27:55.160+0000] {dagbag.py:588} INFO - Filling up the DagBag from /home/airflow/.local/lib/python3.12/site-packages/airflow/example_dags/example_kubernetes_executor.py
[2025-04-06T07:27:55.169+0000] {processor.py:925} INFO - DAG(s) 'example_kubernetes_executor' retrieved from /home/airflow/.local/lib/python3.12/site-packages/airflow/example_dags/example_kubernetes_executor.py
[2025-04-06T07:27:55.233+0000] {logging_mixin.py:190} INFO - [2025-04-06T07:27:55.232+0000] {override.py:1912} INFO - Created Permission View: can delete on DAG:example_kubernetes_executor
[2025-04-06T07:27:55.238+0000] {logging_mixin.py:190} INFO - [2025-04-06T07:27:55.238+0000] {override.py:1912} INFO - Created Permission View: can read on DAG:example_kubernetes_executor
[2025-04-06T07:27:55.243+0000] {logging_mixin.py:190} INFO - [2025-04-06T07:27:55.243+0000] {override.py:1912} INFO - Created Permission View: can edit on DAG:example_kubernetes_executor
[2025-04-06T07:27:55.248+0000] {logging_mixin.py:190} INFO - [2025-04-06T07:27:55.248+0000] {override.py:1912} INFO - Created Permission View: can delete on DAG Run:example_kubernetes_executor
[2025-04-06T07:27:55.251+0000] {logging_mixin.py:190} INFO - [2025-04-06T07:27:55.251+0000] {override.py:1912} INFO - Created Permission View: can read on DAG Run:example_kubernetes_executor
[2025-04-06T07:27:55.255+0000] {logging_mixin.py:190} INFO - [2025-04-06T07:27:55.255+0000] {override.py:1912} INFO - Created Permission View: can create on DAG Run:example_kubernetes_executor
[2025-04-06T07:27:55.259+0000] {logging_mixin.py:190} INFO - [2025-04-06T07:27:55.259+0000] {override.py:1912} INFO - Created Permission View: menu access on DAG Run:example_kubernetes_executor
[2025-04-06T07:27:55.259+0000] {logging_mixin.py:190} INFO - [2025-04-06T07:27:55.259+0000] {dag.py:3239} INFO - Sync 1 DAGs
[2025-04-06T07:27:55.266+0000] {logging_mixin.py:190} INFO - [2025-04-06T07:27:55.266+0000] {dag.py:3262} INFO - Creating ORM DAG for example_kubernetes_executor
[2025-04-06T07:27:55.266+0000] {logging_mixin.py:190} INFO - [2025-04-06T07:27:55.266+0000] {dag.py:4180} INFO - Setting next_dagrun for example_kubernetes_executor to None, run_after=None
[2025-04-06T07:27:55.277+0000] {processor.py:208} INFO - Processing /home/airflow/.local/lib/python3.12/site-packages/airflow/example_dags/example_kubernetes_executor.py took 0.121 seconds
[2025-04-06T07:28:25.609+0000] {processor.py:186} INFO - Started process (PID=124) to work on /home/airflow/.local/lib/python3.12/site-packages/airflow/example_dags/example_kubernetes_executor.py
[2025-04-06T07:28:25.610+0000] {processor.py:914} INFO - Processing file /home/airflow/.local/lib/python3.12/site-packages/airflow/example_dags/example_kubernetes_executor.py for tasks to queue
[2025-04-06T07:28:25.611+0000] {logging_mixin.py:190} INFO - [2025-04-06T07:28:25.611+0000] {dagbag.py:588} INFO - Filling up the DagBag from /home/airflow/.local/lib/python3.12/site-packages/airflow/example_dags/example_kubernetes_executor.py
[2025-04-06T07:28:25.622+0000] {processor.py:925} INFO - DAG(s) 'example_kubernetes_executor' retrieved from /home/airflow/.local/lib/python3.12/site-packages/airflow/example_dags/example_kubernetes_executor.py
[2025-04-06T07:28:25.636+0000] {logging_mixin.py:190} INFO - [2025-04-06T07:28:25.636+0000] {dag.py:3239} INFO - Sync 1 DAGs
[2025-04-06T07:28:25.648+0000] {logging_mixin.py:190} INFO - [2025-04-06T07:28:25.648+0000] {dag.py:4180} INFO - Setting next_dagrun for example_kubernetes_executor to None, run_after=None
[2025-04-06T07:28:25.662+0000] {processor.py:208} INFO - Processing /home/airflow/.local/lib/python3.12/site-packages/airflow/example_dags/example_kubernetes_executor.py took 0.056 seconds
[2025-04-06T07:28:56.047+0000] {processor.py:186} INFO - Started process (PID=193) to work on /home/airflow/.local/lib/python3.12/site-packages/airflow/example_dags/example_kubernetes_executor.py
[2025-04-06T07:28:56.048+0000] {processor.py:914} INFO - Processing file /home/airflow/.local/lib/python3.12/site-packages/airflow/example_dags/example_kubernetes_executor.py for tasks to queue
[2025-04-06T07:28:56.049+0000] {logging_mixin.py:190} INFO - [2025-04-06T07:28:56.049+0000] {dagbag.py:588} INFO - Filling up the DagBag from /home/airflow/.local/lib/python3.12/site-packages/airflow/example_dags/example_kubernetes_executor.py
[2025-04-06T07:28:56.055+0000] {processor.py:925} INFO - DAG(s) 'example_kubernetes_executor' retrieved from /home/airflow/.local/lib/python3.12/site-packages/airflow/example_dags/example_kubernetes_executor.py
[2025-04-06T07:28:56.067+0000] {logging_mixin.py:190} INFO - [2025-04-06T07:28:56.067+0000] {dag.py:3239} INFO - Sync 1 DAGs
[2025-04-06T07:28:56.074+0000] {logging_mixin.py:190} INFO - [2025-04-06T07:28:56.074+0000] {dag.py:4180} INFO - Setting next_dagrun for example_kubernetes_executor to None, run_after=None
[2025-04-06T07:28:56.084+0000] {processor.py:208} INFO - Processing /home/airflow/.local/lib/python3.12/site-packages/airflow/example_dags/example_kubernetes_executor.py took 0.039 seconds
[2025-04-06T07:29:26.476+0000] {processor.py:186} INFO - Started process (PID=256) to work on /home/airflow/.local/lib/python3.12/site-packages/airflow/example_dags/example_kubernetes_executor.py
[2025-04-06T07:29:26.477+0000] {processor.py:914} INFO - Processing file /home/airflow/.local/lib/python3.12/site-packages/airflow/example_dags/example_kubernetes_executor.py for tasks to queue
[2025-04-06T07:29:26.478+0000] {logging_mixin.py:190} INFO - [2025-04-06T07:29:26.478+0000] {dagbag.py:588} INFO - Filling up the DagBag from /home/airflow/.local/lib/python3.12/site-packages/airflow/example_dags/example_kubernetes_executor.py
[2025-04-06T07:29:26.485+0000] {processor.py:925} INFO - DAG(s) 'example_kubernetes_executor' retrieved from /home/airflow/.local/lib/python3.12/site-packages/airflow/example_dags/example_kubernetes_executor.py
[2025-04-06T07:29:26.498+0000] {logging_mixin.py:190} INFO - [2025-04-06T07:29:26.497+0000] {dag.py:3239} INFO - Sync 1 DAGs
[2025-04-06T07:29:26.505+0000] {logging_mixin.py:190} INFO - [2025-04-06T07:29:26.505+0000] {dag.py:4180} INFO - Setting next_dagrun for example_kubernetes_executor to None, run_after=None
[2025-04-06T07:29:26.516+0000] {processor.py:208} INFO - Processing /home/airflow/.local/lib/python3.12/site-packages/airflow/example_dags/example_kubernetes_executor.py took 0.043 seconds
[2025-04-06T07:29:57.401+0000] {processor.py:186} INFO - Started process (PID=319) to work on /home/airflow/.local/lib/python3.12/site-packages/airflow/example_dags/example_kubernetes_executor.py
[2025-04-06T07:29:57.401+0000] {processor.py:914} INFO - Processing file /home/airflow/.local/lib/python3.12/site-packages/airflow/example_dags/example_kubernetes_executor.py for tasks to queue
[2025-04-06T07:29:57.403+0000] {logging_mixin.py:190} INFO - [2025-04-06T07:29:57.402+0000] {dagbag.py:588} INFO - Filling up the DagBag from /home/airflow/.local/lib/python3.12/site-packages/airflow/example_dags/example_kubernetes_executor.py
[2025-04-06T07:29:57.409+0000] {processor.py:925} INFO - DAG(s) 'example_kubernetes_executor' retrieved from /home/airflow/.local/lib/python3.12/site-packages/airflow/example_dags/example_kubernetes_executor.py
[2025-04-06T07:29:57.421+0000] {logging_mixin.py:190} INFO - [2025-04-06T07:29:57.421+0000] {dag.py:3239} INFO - Sync 1 DAGs
[2025-04-06T07:29:57.428+0000] {logging_mixin.py:190} INFO - [2025-04-06T07:29:57.428+0000] {dag.py:4180} INFO - Setting next_dagrun for example_kubernetes_executor to None, run_after=None
[2025-04-06T07:29:57.437+0000] {processor.py:208} INFO - Processing /home/airflow/.local/lib/python3.12/site-packages/airflow/example_dags/example_kubernetes_executor.py took 0.039 seconds
[2025-04-06T07:30:28.041+0000] {processor.py:186} INFO - Started process (PID=382) to work on /home/airflow/.local/lib/python3.12/site-packages/airflow/example_dags/example_kubernetes_executor.py
[2025-04-06T07:30:28.041+0000] {processor.py:914} INFO - Processing file /home/airflow/.local/lib/python3.12/site-packages/airflow/example_dags/example_kubernetes_executor.py for tasks to queue
[2025-04-06T07:30:28.042+0000] {logging_mixin.py:190} INFO - [2025-04-06T07:30:28.042+0000] {dagbag.py:588} INFO - Filling up the DagBag from /home/airflow/.local/lib/python3.12/site-packages/airflow/example_dags/example_kubernetes_executor.py
[2025-04-06T07:30:28.049+0000] {processor.py:925} INFO - DAG(s) 'example_kubernetes_executor' retrieved from /home/airflow/.local/lib/python3.12/site-packages/airflow/example_dags/example_kubernetes_executor.py
[2025-04-06T07:30:28.061+0000] {logging_mixin.py:190} INFO - [2025-04-06T07:30:28.061+0000] {dag.py:3239} INFO - Sync 1 DAGs
[2025-04-06T07:30:28.068+0000] {logging_mixin.py:190} INFO - [2025-04-06T07:30:28.068+0000] {dag.py:4180} INFO - Setting next_dagrun for example_kubernetes_executor to None, run_after=None
[2025-04-06T07:30:28.079+0000] {processor.py:208} INFO - Processing /home/airflow/.local/lib/python3.12/site-packages/airflow/example_dags/example_kubernetes_executor.py took 0.041 seconds
[2025-04-06T07:30:58.903+0000] {processor.py:186} INFO - Started process (PID=445) to work on /home/airflow/.local/lib/python3.12/site-packages/airflow/example_dags/example_kubernetes_executor.py
[2025-04-06T07:30:58.903+0000] {processor.py:914} INFO - Processing file /home/airflow/.local/lib/python3.12/site-packages/airflow/example_dags/example_kubernetes_executor.py for tasks to queue
[2025-04-06T07:30:58.904+0000] {logging_mixin.py:190} INFO - [2025-04-06T07:30:58.904+0000] {dagbag.py:588} INFO - Filling up the DagBag from /home/airflow/.local/lib/python3.12/site-packages/airflow/example_dags/example_kubernetes_executor.py
[2025-04-06T07:30:58.910+0000] {processor.py:925} INFO - DAG(s) 'example_kubernetes_executor' retrieved from /home/airflow/.local/lib/python3.12/site-packages/airflow/example_dags/example_kubernetes_executor.py
[2025-04-06T07:30:58.923+0000] {logging_mixin.py:190} INFO - [2025-04-06T07:30:58.923+0000] {dag.py:3239} INFO - Sync 1 DAGs
[2025-04-06T07:30:58.930+0000] {logging_mixin.py:190} INFO - [2025-04-06T07:30:58.930+0000] {dag.py:4180} INFO - Setting next_dagrun for example_kubernetes_executor to None, run_after=None
[2025-04-06T07:30:58.940+0000] {processor.py:208} INFO - Processing /home/airflow/.local/lib/python3.12/site-packages/airflow/example_dags/example_kubernetes_executor.py took 0.040 seconds
[2025-04-06T07:31:29.665+0000] {processor.py:186} INFO - Started process (PID=508) to work on /home/airflow/.local/lib/python3.12/site-packages/airflow/example_dags/example_kubernetes_executor.py
[2025-04-06T07:31:29.666+0000] {processor.py:914} INFO - Processing file /home/airflow/.local/lib/python3.12/site-packages/airflow/example_dags/example_kubernetes_executor.py for tasks to queue
[2025-04-06T07:31:29.667+0000] {logging_mixin.py:190} INFO - [2025-04-06T07:31:29.667+0000] {dagbag.py:588} INFO - Filling up the DagBag from /home/airflow/.local/lib/python3.12/site-packages/airflow/example_dags/example_kubernetes_executor.py
[2025-04-06T07:31:29.676+0000] {processor.py:925} INFO - DAG(s) 'example_kubernetes_executor' retrieved from /home/airflow/.local/lib/python3.12/site-packages/airflow/example_dags/example_kubernetes_executor.py
[2025-04-06T07:31:29.689+0000] {logging_mixin.py:190} INFO - [2025-04-06T07:31:29.689+0000] {dag.py:3239} INFO - Sync 1 DAGs
[2025-04-06T07:31:29.696+0000] {logging_mixin.py:190} INFO - [2025-04-06T07:31:29.696+0000] {dag.py:4180} INFO - Setting next_dagrun for example_kubernetes_executor to None, run_after=None
[2025-04-06T07:31:29.705+0000] {processor.py:208} INFO - Processing /home/airflow/.local/lib/python3.12/site-packages/airflow/example_dags/example_kubernetes_executor.py took 0.043 seconds
[2025-04-06T07:32:00.299+0000] {processor.py:186} INFO - Started process (PID=571) to work on /home/airflow/.local/lib/python3.12/site-packages/airflow/example_dags/example_kubernetes_executor.py
[2025-04-06T07:32:00.299+0000] {processor.py:914} INFO - Processing file /home/airflow/.local/lib/python3.12/site-packages/airflow/example_dags/example_kubernetes_executor.py for tasks to queue
[2025-04-06T07:32:00.301+0000] {logging_mixin.py:190} INFO - [2025-04-06T07:32:00.300+0000] {dagbag.py:588} INFO - Filling up the DagBag from /home/airflow/.local/lib/python3.12/site-packages/airflow/example_dags/example_kubernetes_executor.py
[2025-04-06T07:32:00.308+0000] {processor.py:925} INFO - DAG(s) 'example_kubernetes_executor' retrieved from /home/airflow/.local/lib/python3.12/site-packages/airflow/example_dags/example_kubernetes_executor.py
[2025-04-06T07:32:00.319+0000] {logging_mixin.py:190} INFO - [2025-04-06T07:32:00.319+0000] {dag.py:3239} INFO - Sync 1 DAGs
[2025-04-06T07:32:00.326+0000] {logging_mixin.py:190} INFO - [2025-04-06T07:32:00.326+0000] {dag.py:4180} INFO - Setting next_dagrun for example_kubernetes_executor to None, run_after=None
[2025-04-06T07:32:00.336+0000] {processor.py:208} INFO - Processing /home/airflow/.local/lib/python3.12/site-packages/airflow/example_dags/example_kubernetes_executor.py took 0.040 seconds
[2025-04-06T07:32:31.044+0000] {processor.py:186} INFO - Started process (PID=634) to work on /home/airflow/.local/lib/python3.12/site-packages/airflow/example_dags/example_kubernetes_executor.py
[2025-04-06T07:32:31.045+0000] {processor.py:914} INFO - Processing file /home/airflow/.local/lib/python3.12/site-packages/airflow/example_dags/example_kubernetes_executor.py for tasks to queue
[2025-04-06T07:32:31.046+0000] {logging_mixin.py:190} INFO - [2025-04-06T07:32:31.045+0000] {dagbag.py:588} INFO - Filling up the DagBag from /home/airflow/.local/lib/python3.12/site-packages/airflow/example_dags/example_kubernetes_executor.py
[2025-04-06T07:32:31.052+0000] {processor.py:925} INFO - DAG(s) 'example_kubernetes_executor' retrieved from /home/airflow/.local/lib/python3.12/site-packages/airflow/example_dags/example_kubernetes_executor.py
[2025-04-06T07:32:31.064+0000] {logging_mixin.py:190} INFO - [2025-04-06T07:32:31.063+0000] {dag.py:3239} INFO - Sync 1 DAGs
[2025-04-06T07:32:31.070+0000] {logging_mixin.py:190} INFO - [2025-04-06T07:32:31.070+0000] {dag.py:4180} INFO - Setting next_dagrun for example_kubernetes_executor to None, run_after=None
[2025-04-06T07:32:31.080+0000] {processor.py:208} INFO - Processing /home/airflow/.local/lib/python3.12/site-packages/airflow/example_dags/example_kubernetes_executor.py took 0.039 seconds
[2025-04-06T07:33:01.597+0000] {processor.py:186} INFO - Started process (PID=697) to work on /home/airflow/.local/lib/python3.12/site-packages/airflow/example_dags/example_kubernetes_executor.py
[2025-04-06T07:33:01.597+0000] {processor.py:914} INFO - Processing file /home/airflow/.local/lib/python3.12/site-packages/airflow/example_dags/example_kubernetes_executor.py for tasks to queue
[2025-04-06T07:33:01.598+0000] {logging_mixin.py:190} INFO - [2025-04-06T07:33:01.598+0000] {dagbag.py:588} INFO - Filling up the DagBag from /home/airflow/.local/lib/python3.12/site-packages/airflow/example_dags/example_kubernetes_executor.py
[2025-04-06T07:33:01.605+0000] {processor.py:925} INFO - DAG(s) 'example_kubernetes_executor' retrieved from /home/airflow/.local/lib/python3.12/site-packages/airflow/example_dags/example_kubernetes_executor.py
[2025-04-06T07:33:01.616+0000] {logging_mixin.py:190} INFO - [2025-04-06T07:33:01.616+0000] {dag.py:3239} INFO - Sync 1 DAGs
[2025-04-06T07:33:01.623+0000] {logging_mixin.py:190} INFO - [2025-04-06T07:33:01.623+0000] {dag.py:4180} INFO - Setting next_dagrun for example_kubernetes_executor to None, run_after=None
[2025-04-06T07:33:01.632+0000] {processor.py:208} INFO - Processing /home/airflow/.local/lib/python3.12/site-packages/airflow/example_dags/example_kubernetes_executor.py took 0.039 seconds
[2025-04-06T07:33:32.250+0000] {processor.py:186} INFO - Started process (PID=760) to work on /home/airflow/.local/lib/python3.12/site-packages/airflow/example_dags/example_kubernetes_executor.py
[2025-04-06T07:33:32.251+0000] {processor.py:914} INFO - Processing file /home/airflow/.local/lib/python3.12/site-packages/airflow/example_dags/example_kubernetes_executor.py for tasks to queue
[2025-04-06T07:33:32.252+0000] {logging_mixin.py:190} INFO - [2025-04-06T07:33:32.252+0000] {dagbag.py:588} INFO - Filling up the DagBag from /home/airflow/.local/lib/python3.12/site-packages/airflow/example_dags/example_kubernetes_executor.py
[2025-04-06T07:33:32.261+0000] {processor.py:925} INFO - DAG(s) 'example_kubernetes_executor' retrieved from /home/airflow/.local/lib/python3.12/site-packages/airflow/example_dags/example_kubernetes_executor.py
[2025-04-06T07:33:32.274+0000] {logging_mixin.py:190} INFO - [2025-04-06T07:33:32.273+0000] {dag.py:3239} INFO - Sync 1 DAGs
[2025-04-06T07:33:32.281+0000] {logging_mixin.py:190} INFO - [2025-04-06T07:33:32.281+0000] {dag.py:4180} INFO - Setting next_dagrun for example_kubernetes_executor to None, run_after=None
[2025-04-06T07:33:32.290+0000] {processor.py:208} INFO - Processing /home/airflow/.local/lib/python3.12/site-packages/airflow/example_dags/example_kubernetes_executor.py took 0.043 seconds
[2025-04-06T07:34:02.814+0000] {processor.py:186} INFO - Started process (PID=823) to work on /home/airflow/.local/lib/python3.12/site-packages/airflow/example_dags/example_kubernetes_executor.py
[2025-04-06T07:34:02.814+0000] {processor.py:914} INFO - Processing file /home/airflow/.local/lib/python3.12/site-packages/airflow/example_dags/example_kubernetes_executor.py for tasks to queue
[2025-04-06T07:34:02.816+0000] {logging_mixin.py:190} INFO - [2025-04-06T07:34:02.815+0000] {dagbag.py:588} INFO - Filling up the DagBag from /home/airflow/.local/lib/python3.12/site-packages/airflow/example_dags/example_kubernetes_executor.py
[2025-04-06T07:34:02.824+0000] {processor.py:925} INFO - DAG(s) 'example_kubernetes_executor' retrieved from /home/airflow/.local/lib/python3.12/site-packages/airflow/example_dags/example_kubernetes_executor.py
[2025-04-06T07:34:02.837+0000] {logging_mixin.py:190} INFO - [2025-04-06T07:34:02.837+0000] {dag.py:3239} INFO - Sync 1 DAGs
[2025-04-06T07:34:02.845+0000] {logging_mixin.py:190} INFO - [2025-04-06T07:34:02.845+0000] {dag.py:4180} INFO - Setting next_dagrun for example_kubernetes_executor to None, run_after=None
[2025-04-06T07:34:02.855+0000] {processor.py:208} INFO - Processing /home/airflow/.local/lib/python3.12/site-packages/airflow/example_dags/example_kubernetes_executor.py took 0.046 seconds
[2025-04-06T07:34:33.423+0000] {processor.py:186} INFO - Started process (PID=892) to work on /home/airflow/.local/lib/python3.12/site-packages/airflow/example_dags/example_kubernetes_executor.py
[2025-04-06T07:34:33.423+0000] {processor.py:914} INFO - Processing file /home/airflow/.local/lib/python3.12/site-packages/airflow/example_dags/example_kubernetes_executor.py for tasks to queue
[2025-04-06T07:34:33.424+0000] {logging_mixin.py:190} INFO - [2025-04-06T07:34:33.424+0000] {dagbag.py:588} INFO - Filling up the DagBag from /home/airflow/.local/lib/python3.12/site-packages/airflow/example_dags/example_kubernetes_executor.py
[2025-04-06T07:34:33.431+0000] {processor.py:925} INFO - DAG(s) 'example_kubernetes_executor' retrieved from /home/airflow/.local/lib/python3.12/site-packages/airflow/example_dags/example_kubernetes_executor.py
[2025-04-06T07:34:33.442+0000] {logging_mixin.py:190} INFO - [2025-04-06T07:34:33.442+0000] {dag.py:3239} INFO - Sync 1 DAGs
[2025-04-06T07:34:33.449+0000] {logging_mixin.py:190} INFO - [2025-04-06T07:34:33.449+0000] {dag.py:4180} INFO - Setting next_dagrun for example_kubernetes_executor to None, run_after=None
[2025-04-06T07:34:33.459+0000] {processor.py:208} INFO - Processing /home/airflow/.local/lib/python3.12/site-packages/airflow/example_dags/example_kubernetes_executor.py took 0.039 seconds
[2025-04-06T07:35:04.016+0000] {processor.py:186} INFO - Started process (PID=955) to work on /home/airflow/.local/lib/python3.12/site-packages/airflow/example_dags/example_kubernetes_executor.py
[2025-04-06T07:35:04.016+0000] {processor.py:914} INFO - Processing file /home/airflow/.local/lib/python3.12/site-packages/airflow/example_dags/example_kubernetes_executor.py for tasks to queue
[2025-04-06T07:35:04.018+0000] {logging_mixin.py:190} INFO - [2025-04-06T07:35:04.018+0000] {dagbag.py:588} INFO - Filling up the DagBag from /home/airflow/.local/lib/python3.12/site-packages/airflow/example_dags/example_kubernetes_executor.py
[2025-04-06T07:35:04.025+0000] {processor.py:925} INFO - DAG(s) 'example_kubernetes_executor' retrieved from /home/airflow/.local/lib/python3.12/site-packages/airflow/example_dags/example_kubernetes_executor.py
[2025-04-06T07:35:04.038+0000] {logging_mixin.py:190} INFO - [2025-04-06T07:35:04.038+0000] {dag.py:3239} INFO - Sync 1 DAGs
[2025-04-06T07:35:04.045+0000] {logging_mixin.py:190} INFO - [2025-04-06T07:35:04.045+0000] {dag.py:4180} INFO - Setting next_dagrun for example_kubernetes_executor to None, run_after=None
[2025-04-06T07:35:04.055+0000] {processor.py:208} INFO - Processing /home/airflow/.local/lib/python3.12/site-packages/airflow/example_dags/example_kubernetes_executor.py took 0.042 seconds
[2025-04-06T07:35:34.460+0000] {processor.py:186} INFO - Started process (PID=1018) to work on /home/airflow/.local/lib/python3.12/site-packages/airflow/example_dags/example_kubernetes_executor.py
[2025-04-06T07:35:34.461+0000] {processor.py:914} INFO - Processing file /home/airflow/.local/lib/python3.12/site-packages/airflow/example_dags/example_kubernetes_executor.py for tasks to queue
[2025-04-06T07:35:34.462+0000] {logging_mixin.py:190} INFO - [2025-04-06T07:35:34.462+0000] {dagbag.py:588} INFO - Filling up the DagBag from /home/airflow/.local/lib/python3.12/site-packages/airflow/example_dags/example_kubernetes_executor.py
[2025-04-06T07:35:34.469+0000] {processor.py:925} INFO - DAG(s) 'example_kubernetes_executor' retrieved from /home/airflow/.local/lib/python3.12/site-packages/airflow/example_dags/example_kubernetes_executor.py
[2025-04-06T07:35:34.481+0000] {logging_mixin.py:190} INFO - [2025-04-06T07:35:34.481+0000] {dag.py:3239} INFO - Sync 1 DAGs
[2025-04-06T07:35:34.489+0000] {logging_mixin.py:190} INFO - [2025-04-06T07:35:34.489+0000] {dag.py:4180} INFO - Setting next_dagrun for example_kubernetes_executor to None, run_after=None
[2025-04-06T07:35:34.499+0000] {processor.py:208} INFO - Processing /home/airflow/.local/lib/python3.12/site-packages/airflow/example_dags/example_kubernetes_executor.py took 0.041 seconds
[2025-04-06T07:36:04.887+0000] {processor.py:186} INFO - Started process (PID=1081) to work on /home/airflow/.local/lib/python3.12/site-packages/airflow/example_dags/example_kubernetes_executor.py
[2025-04-06T07:36:04.887+0000] {processor.py:914} INFO - Processing file /home/airflow/.local/lib/python3.12/site-packages/airflow/example_dags/example_kubernetes_executor.py for tasks to queue
[2025-04-06T07:36:04.889+0000] {logging_mixin.py:190} INFO - [2025-04-06T07:36:04.888+0000] {dagbag.py:588} INFO - Filling up the DagBag from /home/airflow/.local/lib/python3.12/site-packages/airflow/example_dags/example_kubernetes_executor.py
[2025-04-06T07:36:04.895+0000] {processor.py:925} INFO - DAG(s) 'example_kubernetes_executor' retrieved from /home/airflow/.local/lib/python3.12/site-packages/airflow/example_dags/example_kubernetes_executor.py
[2025-04-06T07:36:04.907+0000] {logging_mixin.py:190} INFO - [2025-04-06T07:36:04.907+0000] {dag.py:3239} INFO - Sync 1 DAGs
[2025-04-06T07:36:04.915+0000] {logging_mixin.py:190} INFO - [2025-04-06T07:36:04.915+0000] {dag.py:4180} INFO - Setting next_dagrun for example_kubernetes_executor to None, run_after=None
[2025-04-06T07:36:04.926+0000] {processor.py:208} INFO - Processing /home/airflow/.local/lib/python3.12/site-packages/airflow/example_dags/example_kubernetes_executor.py took 0.041 seconds
[2025-04-06T07:36:35.594+0000] {processor.py:186} INFO - Started process (PID=1144) to work on /home/airflow/.local/lib/python3.12/site-packages/airflow/example_dags/example_kubernetes_executor.py
[2025-04-06T07:36:35.594+0000] {processor.py:914} INFO - Processing file /home/airflow/.local/lib/python3.12/site-packages/airflow/example_dags/example_kubernetes_executor.py for tasks to queue
[2025-04-06T07:36:35.595+0000] {logging_mixin.py:190} INFO - [2025-04-06T07:36:35.595+0000] {dagbag.py:588} INFO - Filling up the DagBag from /home/airflow/.local/lib/python3.12/site-packages/airflow/example_dags/example_kubernetes_executor.py
[2025-04-06T07:36:35.602+0000] {processor.py:925} INFO - DAG(s) 'example_kubernetes_executor' retrieved from /home/airflow/.local/lib/python3.12/site-packages/airflow/example_dags/example_kubernetes_executor.py
[2025-04-06T07:36:35.615+0000] {logging_mixin.py:190} INFO - [2025-04-06T07:36:35.615+0000] {dag.py:3239} INFO - Sync 1 DAGs
[2025-04-06T07:36:35.623+0000] {logging_mixin.py:190} INFO - [2025-04-06T07:36:35.623+0000] {dag.py:4180} INFO - Setting next_dagrun for example_kubernetes_executor to None, run_after=None
[2025-04-06T07:36:35.632+0000] {processor.py:208} INFO - Processing /home/airflow/.local/lib/python3.12/site-packages/airflow/example_dags/example_kubernetes_executor.py took 0.042 seconds
[2025-04-06T07:37:06.527+0000] {processor.py:186} INFO - Started process (PID=1207) to work on /home/airflow/.local/lib/python3.12/site-packages/airflow/example_dags/example_kubernetes_executor.py
[2025-04-06T07:37:06.527+0000] {processor.py:914} INFO - Processing file /home/airflow/.local/lib/python3.12/site-packages/airflow/example_dags/example_kubernetes_executor.py for tasks to queue
[2025-04-06T07:37:06.528+0000] {logging_mixin.py:190} INFO - [2025-04-06T07:37:06.528+0000] {dagbag.py:588} INFO - Filling up the DagBag from /home/airflow/.local/lib/python3.12/site-packages/airflow/example_dags/example_kubernetes_executor.py
[2025-04-06T07:37:06.535+0000] {processor.py:925} INFO - DAG(s) 'example_kubernetes_executor' retrieved from /home/airflow/.local/lib/python3.12/site-packages/airflow/example_dags/example_kubernetes_executor.py
[2025-04-06T07:37:06.547+0000] {logging_mixin.py:190} INFO - [2025-04-06T07:37:06.547+0000] {dag.py:3239} INFO - Sync 1 DAGs
[2025-04-06T07:37:06.554+0000] {logging_mixin.py:190} INFO - [2025-04-06T07:37:06.554+0000] {dag.py:4180} INFO - Setting next_dagrun for example_kubernetes_executor to None, run_after=None
[2025-04-06T07:37:06.563+0000] {processor.py:208} INFO - Processing /home/airflow/.local/lib/python3.12/site-packages/airflow/example_dags/example_kubernetes_executor.py took 0.040 seconds
[2025-04-06T07:37:37.242+0000] {processor.py:186} INFO - Started process (PID=1270) to work on /home/airflow/.local/lib/python3.12/site-packages/airflow/example_dags/example_kubernetes_executor.py
[2025-04-06T07:37:37.242+0000] {processor.py:914} INFO - Processing file /home/airflow/.local/lib/python3.12/site-packages/airflow/example_dags/example_kubernetes_executor.py for tasks to queue
[2025-04-06T07:37:37.244+0000] {logging_mixin.py:190} INFO - [2025-04-06T07:37:37.243+0000] {dagbag.py:588} INFO - Filling up the DagBag from /home/airflow/.local/lib/python3.12/site-packages/airflow/example_dags/example_kubernetes_executor.py
[2025-04-06T07:37:37.251+0000] {processor.py:925} INFO - DAG(s) 'example_kubernetes_executor' retrieved from /home/airflow/.local/lib/python3.12/site-packages/airflow/example_dags/example_kubernetes_executor.py
[2025-04-06T07:37:37.263+0000] {logging_mixin.py:190} INFO - [2025-04-06T07:37:37.263+0000] {dag.py:3239} INFO - Sync 1 DAGs
[2025-04-06T07:37:37.270+0000] {logging_mixin.py:190} INFO - [2025-04-06T07:37:37.270+0000] {dag.py:4180} INFO - Setting next_dagrun for example_kubernetes_executor to None, run_after=None
[2025-04-06T07:37:37.279+0000] {processor.py:208} INFO - Processing /home/airflow/.local/lib/python3.12/site-packages/airflow/example_dags/example_kubernetes_executor.py took 0.040 seconds
[2025-04-06T07:38:08.281+0000] {processor.py:186} INFO - Started process (PID=1333) to work on /home/airflow/.local/lib/python3.12/site-packages/airflow/example_dags/example_kubernetes_executor.py
[2025-04-06T07:38:08.281+0000] {processor.py:914} INFO - Processing file /home/airflow/.local/lib/python3.12/site-packages/airflow/example_dags/example_kubernetes_executor.py for tasks to queue
[2025-04-06T07:38:08.282+0000] {logging_mixin.py:190} INFO - [2025-04-06T07:38:08.282+0000] {dagbag.py:588} INFO - Filling up the DagBag from /home/airflow/.local/lib/python3.12/site-packages/airflow/example_dags/example_kubernetes_executor.py
[2025-04-06T07:38:08.289+0000] {processor.py:925} INFO - DAG(s) 'example_kubernetes_executor' retrieved from /home/airflow/.local/lib/python3.12/site-packages/airflow/example_dags/example_kubernetes_executor.py
[2025-04-06T07:38:08.301+0000] {logging_mixin.py:190} INFO - [2025-04-06T07:38:08.301+0000] {dag.py:3239} INFO - Sync 1 DAGs
[2025-04-06T07:38:08.308+0000] {logging_mixin.py:190} INFO - [2025-04-06T07:38:08.308+0000] {dag.py:4180} INFO - Setting next_dagrun for example_kubernetes_executor to None, run_after=None
[2025-04-06T07:38:08.318+0000] {processor.py:208} INFO - Processing /home/airflow/.local/lib/python3.12/site-packages/airflow/example_dags/example_kubernetes_executor.py took 0.040 seconds
[2025-04-06T07:38:38.986+0000] {processor.py:186} INFO - Started process (PID=1396) to work on /home/airflow/.local/lib/python3.12/site-packages/airflow/example_dags/example_kubernetes_executor.py
[2025-04-06T07:38:38.986+0000] {processor.py:914} INFO - Processing file /home/airflow/.local/lib/python3.12/site-packages/airflow/example_dags/example_kubernetes_executor.py for tasks to queue
[2025-04-06T07:38:38.987+0000] {logging_mixin.py:190} INFO - [2025-04-06T07:38:38.987+0000] {dagbag.py:588} INFO - Filling up the DagBag from /home/airflow/.local/lib/python3.12/site-packages/airflow/example_dags/example_kubernetes_executor.py
[2025-04-06T07:38:38.995+0000] {processor.py:925} INFO - DAG(s) 'example_kubernetes_executor' retrieved from /home/airflow/.local/lib/python3.12/site-packages/airflow/example_dags/example_kubernetes_executor.py
[2025-04-06T07:38:39.008+0000] {logging_mixin.py:190} INFO - [2025-04-06T07:38:39.007+0000] {dag.py:3239} INFO - Sync 1 DAGs
[2025-04-06T07:38:39.014+0000] {logging_mixin.py:190} INFO - [2025-04-06T07:38:39.014+0000] {dag.py:4180} INFO - Setting next_dagrun for example_kubernetes_executor to None, run_after=None
[2025-04-06T07:38:39.024+0000] {processor.py:208} INFO - Processing /home/airflow/.local/lib/python3.12/site-packages/airflow/example_dags/example_kubernetes_executor.py took 0.041 seconds
[2025-04-06T07:39:09.906+0000] {processor.py:186} INFO - Started process (PID=1459) to work on /home/airflow/.local/lib/python3.12/site-packages/airflow/example_dags/example_kubernetes_executor.py
[2025-04-06T07:39:09.906+0000] {processor.py:914} INFO - Processing file /home/airflow/.local/lib/python3.12/site-packages/airflow/example_dags/example_kubernetes_executor.py for tasks to queue
[2025-04-06T07:39:09.907+0000] {logging_mixin.py:190} INFO - [2025-04-06T07:39:09.907+0000] {dagbag.py:588} INFO - Filling up the DagBag from /home/airflow/.local/lib/python3.12/site-packages/airflow/example_dags/example_kubernetes_executor.py
[2025-04-06T07:39:09.915+0000] {processor.py:925} INFO - DAG(s) 'example_kubernetes_executor' retrieved from /home/airflow/.local/lib/python3.12/site-packages/airflow/example_dags/example_kubernetes_executor.py
[2025-04-06T07:39:09.928+0000] {logging_mixin.py:190} INFO - [2025-04-06T07:39:09.928+0000] {dag.py:3239} INFO - Sync 1 DAGs
[2025-04-06T07:39:09.935+0000] {logging_mixin.py:190} INFO - [2025-04-06T07:39:09.935+0000] {dag.py:4180} INFO - Setting next_dagrun for example_kubernetes_executor to None, run_after=None
[2025-04-06T07:39:09.945+0000] {processor.py:208} INFO - Processing /home/airflow/.local/lib/python3.12/site-packages/airflow/example_dags/example_kubernetes_executor.py took 0.042 seconds
[2025-04-06T07:39:40.072+0000] {processor.py:186} INFO - Started process (PID=1522) to work on /home/airflow/.local/lib/python3.12/site-packages/airflow/example_dags/example_kubernetes_executor.py
[2025-04-06T07:39:40.073+0000] {processor.py:914} INFO - Processing file /home/airflow/.local/lib/python3.12/site-packages/airflow/example_dags/example_kubernetes_executor.py for tasks to queue
[2025-04-06T07:39:40.074+0000] {logging_mixin.py:190} INFO - [2025-04-06T07:39:40.074+0000] {dagbag.py:588} INFO - Filling up the DagBag from /home/airflow/.local/lib/python3.12/site-packages/airflow/example_dags/example_kubernetes_executor.py
[2025-04-06T07:39:40.082+0000] {processor.py:925} INFO - DAG(s) 'example_kubernetes_executor' retrieved from /home/airflow/.local/lib/python3.12/site-packages/airflow/example_dags/example_kubernetes_executor.py
[2025-04-06T07:39:40.094+0000] {logging_mixin.py:190} INFO - [2025-04-06T07:39:40.094+0000] {dag.py:3239} INFO - Sync 1 DAGs
[2025-04-06T07:39:40.101+0000] {logging_mixin.py:190} INFO - [2025-04-06T07:39:40.101+0000] {dag.py:4180} INFO - Setting next_dagrun for example_kubernetes_executor to None, run_after=None
[2025-04-06T07:39:40.110+0000] {processor.py:208} INFO - Processing /home/airflow/.local/lib/python3.12/site-packages/airflow/example_dags/example_kubernetes_executor.py took 0.041 seconds
[2025-04-06T07:40:10.693+0000] {processor.py:186} INFO - Started process (PID=1585) to work on /home/airflow/.local/lib/python3.12/site-packages/airflow/example_dags/example_kubernetes_executor.py
[2025-04-06T07:40:10.693+0000] {processor.py:914} INFO - Processing file /home/airflow/.local/lib/python3.12/site-packages/airflow/example_dags/example_kubernetes_executor.py for tasks to queue
[2025-04-06T07:40:10.694+0000] {logging_mixin.py:190} INFO - [2025-04-06T07:40:10.694+0000] {dagbag.py:588} INFO - Filling up the DagBag from /home/airflow/.local/lib/python3.12/site-packages/airflow/example_dags/example_kubernetes_executor.py
[2025-04-06T07:40:10.701+0000] {processor.py:925} INFO - DAG(s) 'example_kubernetes_executor' retrieved from /home/airflow/.local/lib/python3.12/site-packages/airflow/example_dags/example_kubernetes_executor.py
[2025-04-06T07:40:10.714+0000] {logging_mixin.py:190} INFO - [2025-04-06T07:40:10.714+0000] {dag.py:3239} INFO - Sync 1 DAGs
[2025-04-06T07:40:10.721+0000] {logging_mixin.py:190} INFO - [2025-04-06T07:40:10.721+0000] {dag.py:4180} INFO - Setting next_dagrun for example_kubernetes_executor to None, run_after=None
[2025-04-06T07:40:10.731+0000] {processor.py:208} INFO - Processing /home/airflow/.local/lib/python3.12/site-packages/airflow/example_dags/example_kubernetes_executor.py took 0.041 seconds
[2025-04-06T07:40:41.457+0000] {processor.py:186} INFO - Started process (PID=1654) to work on /home/airflow/.local/lib/python3.12/site-packages/airflow/example_dags/example_kubernetes_executor.py
[2025-04-06T07:40:41.458+0000] {processor.py:914} INFO - Processing file /home/airflow/.local/lib/python3.12/site-packages/airflow/example_dags/example_kubernetes_executor.py for tasks to queue
[2025-04-06T07:40:41.459+0000] {logging_mixin.py:190} INFO - [2025-04-06T07:40:41.459+0000] {dagbag.py:588} INFO - Filling up the DagBag from /home/airflow/.local/lib/python3.12/site-packages/airflow/example_dags/example_kubernetes_executor.py
[2025-04-06T07:40:41.466+0000] {processor.py:925} INFO - DAG(s) 'example_kubernetes_executor' retrieved from /home/airflow/.local/lib/python3.12/site-packages/airflow/example_dags/example_kubernetes_executor.py
[2025-04-06T07:40:41.479+0000] {logging_mixin.py:190} INFO - [2025-04-06T07:40:41.479+0000] {dag.py:3239} INFO - Sync 1 DAGs
[2025-04-06T07:40:41.486+0000] {logging_mixin.py:190} INFO - [2025-04-06T07:40:41.486+0000] {dag.py:4180} INFO - Setting next_dagrun for example_kubernetes_executor to None, run_after=None
[2025-04-06T07:40:41.496+0000] {processor.py:208} INFO - Processing /home/airflow/.local/lib/python3.12/site-packages/airflow/example_dags/example_kubernetes_executor.py took 0.041 seconds
[2025-04-06T07:41:11.761+0000] {processor.py:186} INFO - Started process (PID=1717) to work on /home/airflow/.local/lib/python3.12/site-packages/airflow/example_dags/example_kubernetes_executor.py
[2025-04-06T07:41:11.762+0000] {processor.py:914} INFO - Processing file /home/airflow/.local/lib/python3.12/site-packages/airflow/example_dags/example_kubernetes_executor.py for tasks to queue
[2025-04-06T07:41:11.763+0000] {logging_mixin.py:190} INFO - [2025-04-06T07:41:11.763+0000] {dagbag.py:588} INFO - Filling up the DagBag from /home/airflow/.local/lib/python3.12/site-packages/airflow/example_dags/example_kubernetes_executor.py
[2025-04-06T07:41:11.770+0000] {processor.py:925} INFO - DAG(s) 'example_kubernetes_executor' retrieved from /home/airflow/.local/lib/python3.12/site-packages/airflow/example_dags/example_kubernetes_executor.py
[2025-04-06T07:41:11.783+0000] {logging_mixin.py:190} INFO - [2025-04-06T07:41:11.783+0000] {dag.py:3239} INFO - Sync 1 DAGs
[2025-04-06T07:41:11.790+0000] {logging_mixin.py:190} INFO - [2025-04-06T07:41:11.790+0000] {dag.py:4180} INFO - Setting next_dagrun for example_kubernetes_executor to None, run_after=None
[2025-04-06T07:41:11.800+0000] {processor.py:208} INFO - Processing /home/airflow/.local/lib/python3.12/site-packages/airflow/example_dags/example_kubernetes_executor.py took 0.042 seconds
[2025-04-06T07:41:41.845+0000] {processor.py:186} INFO - Started process (PID=1780) to work on /home/airflow/.local/lib/python3.12/site-packages/airflow/example_dags/example_kubernetes_executor.py
[2025-04-06T07:41:41.846+0000] {processor.py:914} INFO - Processing file /home/airflow/.local/lib/python3.12/site-packages/airflow/example_dags/example_kubernetes_executor.py for tasks to queue
[2025-04-06T07:41:41.847+0000] {logging_mixin.py:190} INFO - [2025-04-06T07:41:41.847+0000] {dagbag.py:588} INFO - Filling up the DagBag from /home/airflow/.local/lib/python3.12/site-packages/airflow/example_dags/example_kubernetes_executor.py
[2025-04-06T07:41:41.854+0000] {processor.py:925} INFO - DAG(s) 'example_kubernetes_executor' retrieved from /home/airflow/.local/lib/python3.12/site-packages/airflow/example_dags/example_kubernetes_executor.py
[2025-04-06T07:41:41.866+0000] {logging_mixin.py:190} INFO - [2025-04-06T07:41:41.866+0000] {dag.py:3239} INFO - Sync 1 DAGs
[2025-04-06T07:41:41.873+0000] {logging_mixin.py:190} INFO - [2025-04-06T07:41:41.873+0000] {dag.py:4180} INFO - Setting next_dagrun for example_kubernetes_executor to None, run_after=None
[2025-04-06T07:41:41.883+0000] {processor.py:208} INFO - Processing /home/airflow/.local/lib/python3.12/site-packages/airflow/example_dags/example_kubernetes_executor.py took 0.040 seconds
[2025-04-06T07:42:12.832+0000] {processor.py:186} INFO - Started process (PID=1843) to work on /home/airflow/.local/lib/python3.12/site-packages/airflow/example_dags/example_kubernetes_executor.py
[2025-04-06T07:42:12.833+0000] {processor.py:914} INFO - Processing file /home/airflow/.local/lib/python3.12/site-packages/airflow/example_dags/example_kubernetes_executor.py for tasks to queue
[2025-04-06T07:42:12.834+0000] {logging_mixin.py:190} INFO - [2025-04-06T07:42:12.834+0000] {dagbag.py:588} INFO - Filling up the DagBag from /home/airflow/.local/lib/python3.12/site-packages/airflow/example_dags/example_kubernetes_executor.py
[2025-04-06T07:42:12.841+0000] {processor.py:925} INFO - DAG(s) 'example_kubernetes_executor' retrieved from /home/airflow/.local/lib/python3.12/site-packages/airflow/example_dags/example_kubernetes_executor.py
[2025-04-06T07:42:12.854+0000] {logging_mixin.py:190} INFO - [2025-04-06T07:42:12.854+0000] {dag.py:3239} INFO - Sync 1 DAGs
[2025-04-06T07:42:12.862+0000] {logging_mixin.py:190} INFO - [2025-04-06T07:42:12.861+0000] {dag.py:4180} INFO - Setting next_dagrun for example_kubernetes_executor to None, run_after=None
[2025-04-06T07:42:12.871+0000] {processor.py:208} INFO - Processing /home/airflow/.local/lib/python3.12/site-packages/airflow/example_dags/example_kubernetes_executor.py took 0.042 seconds
[2025-04-06T07:42:43.110+0000] {processor.py:186} INFO - Started process (PID=1906) to work on /home/airflow/.local/lib/python3.12/site-packages/airflow/example_dags/example_kubernetes_executor.py
[2025-04-06T07:42:43.111+0000] {processor.py:914} INFO - Processing file /home/airflow/.local/lib/python3.12/site-packages/airflow/example_dags/example_kubernetes_executor.py for tasks to queue
[2025-04-06T07:42:43.112+0000] {logging_mixin.py:190} INFO - [2025-04-06T07:42:43.112+0000] {dagbag.py:588} INFO - Filling up the DagBag from /home/airflow/.local/lib/python3.12/site-packages/airflow/example_dags/example_kubernetes_executor.py
[2025-04-06T07:42:43.119+0000] {processor.py:925} INFO - DAG(s) 'example_kubernetes_executor' retrieved from /home/airflow/.local/lib/python3.12/site-packages/airflow/example_dags/example_kubernetes_executor.py
[2025-04-06T07:42:43.130+0000] {logging_mixin.py:190} INFO - [2025-04-06T07:42:43.130+0000] {dag.py:3239} INFO - Sync 1 DAGs
[2025-04-06T07:42:43.137+0000] {logging_mixin.py:190} INFO - [2025-04-06T07:42:43.137+0000] {dag.py:4180} INFO - Setting next_dagrun for example_kubernetes_executor to None, run_after=None
[2025-04-06T07:42:43.146+0000] {processor.py:208} INFO - Processing /home/airflow/.local/lib/python3.12/site-packages/airflow/example_dags/example_kubernetes_executor.py took 0.039 seconds
[2025-04-06T07:43:13.984+0000] {processor.py:186} INFO - Started process (PID=1969) to work on /home/airflow/.local/lib/python3.12/site-packages/airflow/example_dags/example_kubernetes_executor.py
[2025-04-06T07:43:13.984+0000] {processor.py:914} INFO - Processing file /home/airflow/.local/lib/python3.12/site-packages/airflow/example_dags/example_kubernetes_executor.py for tasks to queue
[2025-04-06T07:43:13.985+0000] {logging_mixin.py:190} INFO - [2025-04-06T07:43:13.985+0000] {dagbag.py:588} INFO - Filling up the DagBag from /home/airflow/.local/lib/python3.12/site-packages/airflow/example_dags/example_kubernetes_executor.py
[2025-04-06T07:43:13.993+0000] {processor.py:925} INFO - DAG(s) 'example_kubernetes_executor' retrieved from /home/airflow/.local/lib/python3.12/site-packages/airflow/example_dags/example_kubernetes_executor.py
[2025-04-06T07:43:14.005+0000] {logging_mixin.py:190} INFO - [2025-04-06T07:43:14.005+0000] {dag.py:3239} INFO - Sync 1 DAGs
[2025-04-06T07:43:14.013+0000] {logging_mixin.py:190} INFO - [2025-04-06T07:43:14.013+0000] {dag.py:4180} INFO - Setting next_dagrun for example_kubernetes_executor to None, run_after=None
[2025-04-06T07:43:14.022+0000] {processor.py:208} INFO - Processing /home/airflow/.local/lib/python3.12/site-packages/airflow/example_dags/example_kubernetes_executor.py took 0.041 seconds
[2025-04-06T07:43:44.915+0000] {processor.py:186} INFO - Started process (PID=2032) to work on /home/airflow/.local/lib/python3.12/site-packages/airflow/example_dags/example_kubernetes_executor.py
[2025-04-06T07:43:44.915+0000] {processor.py:914} INFO - Processing file /home/airflow/.local/lib/python3.12/site-packages/airflow/example_dags/example_kubernetes_executor.py for tasks to queue
[2025-04-06T07:43:44.917+0000] {logging_mixin.py:190} INFO - [2025-04-06T07:43:44.916+0000] {dagbag.py:588} INFO - Filling up the DagBag from /home/airflow/.local/lib/python3.12/site-packages/airflow/example_dags/example_kubernetes_executor.py
[2025-04-06T07:43:44.924+0000] {processor.py:925} INFO - DAG(s) 'example_kubernetes_executor' retrieved from /home/airflow/.local/lib/python3.12/site-packages/airflow/example_dags/example_kubernetes_executor.py
[2025-04-06T07:43:44.936+0000] {logging_mixin.py:190} INFO - [2025-04-06T07:43:44.936+0000] {dag.py:3239} INFO - Sync 1 DAGs
[2025-04-06T07:43:44.943+0000] {logging_mixin.py:190} INFO - [2025-04-06T07:43:44.942+0000] {dag.py:4180} INFO - Setting next_dagrun for example_kubernetes_executor to None, run_after=None
[2025-04-06T07:43:44.952+0000] {processor.py:208} INFO - Processing /home/airflow/.local/lib/python3.12/site-packages/airflow/example_dags/example_kubernetes_executor.py took 0.040 seconds
[2025-04-06T07:44:15.475+0000] {processor.py:186} INFO - Started process (PID=2095) to work on /home/airflow/.local/lib/python3.12/site-packages/airflow/example_dags/example_kubernetes_executor.py
[2025-04-06T07:44:15.476+0000] {processor.py:914} INFO - Processing file /home/airflow/.local/lib/python3.12/site-packages/airflow/example_dags/example_kubernetes_executor.py for tasks to queue
[2025-04-06T07:44:15.477+0000] {logging_mixin.py:190} INFO - [2025-04-06T07:44:15.476+0000] {dagbag.py:588} INFO - Filling up the DagBag from /home/airflow/.local/lib/python3.12/site-packages/airflow/example_dags/example_kubernetes_executor.py
[2025-04-06T07:44:15.483+0000] {processor.py:925} INFO - DAG(s) 'example_kubernetes_executor' retrieved from /home/airflow/.local/lib/python3.12/site-packages/airflow/example_dags/example_kubernetes_executor.py
[2025-04-06T07:44:15.496+0000] {logging_mixin.py:190} INFO - [2025-04-06T07:44:15.495+0000] {dag.py:3239} INFO - Sync 1 DAGs
[2025-04-06T07:44:15.502+0000] {logging_mixin.py:190} INFO - [2025-04-06T07:44:15.502+0000] {dag.py:4180} INFO - Setting next_dagrun for example_kubernetes_executor to None, run_after=None
[2025-04-06T07:44:15.512+0000] {processor.py:208} INFO - Processing /home/airflow/.local/lib/python3.12/site-packages/airflow/example_dags/example_kubernetes_executor.py took 0.040 seconds
