[2025-04-06T07:27:59.940+0000] {processor.py:186} INFO - Started process (PID=112) to work on /home/airflow/.local/lib/python3.12/site-packages/airflow/example_dags/example_latest_only_with_trigger.py
[2025-04-06T07:27:59.940+0000] {processor.py:914} INFO - Processing file /home/airflow/.local/lib/python3.12/site-packages/airflow/example_dags/example_latest_only_with_trigger.py for tasks to queue
[2025-04-06T07:27:59.941+0000] {logging_mixin.py:190} INFO - [2025-04-06T07:27:59.941+0000] {dagbag.py:588} INFO - Filling up the DagBag from /home/airflow/.local/lib/python3.12/site-packages/airflow/example_dags/example_latest_only_with_trigger.py
[2025-04-06T07:27:59.945+0000] {processor.py:925} INFO - DAG(s) 'latest_only_with_trigger' retrieved from /home/airflow/.local/lib/python3.12/site-packages/airflow/example_dags/example_latest_only_with_trigger.py
[2025-04-06T07:27:59.998+0000] {logging_mixin.py:190} INFO - [2025-04-06T07:27:59.998+0000] {override.py:1912} INFO - Created Permission View: can delete on DAG:latest_only_with_trigger
[2025-04-06T07:28:00.003+0000] {logging_mixin.py:190} INFO - [2025-04-06T07:28:00.003+0000] {override.py:1912} INFO - Created Permission View: can read on DAG:latest_only_with_trigger
[2025-04-06T07:28:00.007+0000] {logging_mixin.py:190} INFO - [2025-04-06T07:28:00.007+0000] {override.py:1912} INFO - Created Permission View: can edit on DAG:latest_only_with_trigger
[2025-04-06T07:28:00.012+0000] {logging_mixin.py:190} INFO - [2025-04-06T07:28:00.012+0000] {override.py:1912} INFO - Created Permission View: can delete on DAG Run:latest_only_with_trigger
[2025-04-06T07:28:00.015+0000] {logging_mixin.py:190} INFO - [2025-04-06T07:28:00.015+0000] {override.py:1912} INFO - Created Permission View: can read on DAG Run:latest_only_with_trigger
[2025-04-06T07:28:00.019+0000] {logging_mixin.py:190} INFO - [2025-04-06T07:28:00.019+0000] {override.py:1912} INFO - Created Permission View: can create on DAG Run:latest_only_with_trigger
[2025-04-06T07:28:00.023+0000] {logging_mixin.py:190} INFO - [2025-04-06T07:28:00.023+0000] {override.py:1912} INFO - Created Permission View: menu access on DAG Run:latest_only_with_trigger
[2025-04-06T07:28:00.023+0000] {logging_mixin.py:190} INFO - [2025-04-06T07:28:00.023+0000] {dag.py:3239} INFO - Sync 1 DAGs
[2025-04-06T07:28:00.029+0000] {logging_mixin.py:190} INFO - [2025-04-06T07:28:00.029+0000] {dag.py:3262} INFO - Creating ORM DAG for latest_only_with_trigger
[2025-04-06T07:28:00.034+0000] {logging_mixin.py:190} INFO - [2025-04-06T07:28:00.034+0000] {dag.py:4180} INFO - Setting next_dagrun for latest_only_with_trigger to 2025-04-06 00:00:00+00:00, run_after=2025-04-06 04:00:00+00:00
[2025-04-06T07:28:00.043+0000] {processor.py:208} INFO - Processing /home/airflow/.local/lib/python3.12/site-packages/airflow/example_dags/example_latest_only_with_trigger.py took 0.106 seconds
[2025-04-06T07:28:30.168+0000] {processor.py:186} INFO - Started process (PID=175) to work on /home/airflow/.local/lib/python3.12/site-packages/airflow/example_dags/example_latest_only_with_trigger.py
[2025-04-06T07:28:30.169+0000] {processor.py:914} INFO - Processing file /home/airflow/.local/lib/python3.12/site-packages/airflow/example_dags/example_latest_only_with_trigger.py for tasks to queue
[2025-04-06T07:28:30.170+0000] {logging_mixin.py:190} INFO - [2025-04-06T07:28:30.170+0000] {dagbag.py:588} INFO - Filling up the DagBag from /home/airflow/.local/lib/python3.12/site-packages/airflow/example_dags/example_latest_only_with_trigger.py
[2025-04-06T07:28:30.174+0000] {processor.py:925} INFO - DAG(s) 'latest_only_with_trigger' retrieved from /home/airflow/.local/lib/python3.12/site-packages/airflow/example_dags/example_latest_only_with_trigger.py
[2025-04-06T07:28:30.184+0000] {logging_mixin.py:190} INFO - [2025-04-06T07:28:30.183+0000] {dag.py:3239} INFO - Sync 1 DAGs
[2025-04-06T07:28:30.195+0000] {logging_mixin.py:190} INFO - [2025-04-06T07:28:30.194+0000] {dag.py:4180} INFO - Setting next_dagrun for latest_only_with_trigger to 2025-04-06 00:00:00+00:00, run_after=2025-04-06 04:00:00+00:00
[2025-04-06T07:28:30.204+0000] {processor.py:208} INFO - Processing /home/airflow/.local/lib/python3.12/site-packages/airflow/example_dags/example_latest_only_with_trigger.py took 0.038 seconds
[2025-04-06T07:29:00.336+0000] {processor.py:186} INFO - Started process (PID=238) to work on /home/airflow/.local/lib/python3.12/site-packages/airflow/example_dags/example_latest_only_with_trigger.py
[2025-04-06T07:29:00.337+0000] {processor.py:914} INFO - Processing file /home/airflow/.local/lib/python3.12/site-packages/airflow/example_dags/example_latest_only_with_trigger.py for tasks to queue
[2025-04-06T07:29:00.338+0000] {logging_mixin.py:190} INFO - [2025-04-06T07:29:00.338+0000] {dagbag.py:588} INFO - Filling up the DagBag from /home/airflow/.local/lib/python3.12/site-packages/airflow/example_dags/example_latest_only_with_trigger.py
[2025-04-06T07:29:00.342+0000] {processor.py:925} INFO - DAG(s) 'latest_only_with_trigger' retrieved from /home/airflow/.local/lib/python3.12/site-packages/airflow/example_dags/example_latest_only_with_trigger.py
[2025-04-06T07:29:00.353+0000] {logging_mixin.py:190} INFO - [2025-04-06T07:29:00.353+0000] {dag.py:3239} INFO - Sync 1 DAGs
[2025-04-06T07:29:00.366+0000] {logging_mixin.py:190} INFO - [2025-04-06T07:29:00.366+0000] {dag.py:4180} INFO - Setting next_dagrun for latest_only_with_trigger to 2025-04-06 00:00:00+00:00, run_after=2025-04-06 04:00:00+00:00
[2025-04-06T07:29:00.376+0000] {processor.py:208} INFO - Processing /home/airflow/.local/lib/python3.12/site-packages/airflow/example_dags/example_latest_only_with_trigger.py took 0.043 seconds
[2025-04-06T07:29:31.682+0000] {processor.py:186} INFO - Started process (PID=301) to work on /home/airflow/.local/lib/python3.12/site-packages/airflow/example_dags/example_latest_only_with_trigger.py
[2025-04-06T07:29:31.683+0000] {processor.py:914} INFO - Processing file /home/airflow/.local/lib/python3.12/site-packages/airflow/example_dags/example_latest_only_with_trigger.py for tasks to queue
[2025-04-06T07:29:31.684+0000] {logging_mixin.py:190} INFO - [2025-04-06T07:29:31.684+0000] {dagbag.py:588} INFO - Filling up the DagBag from /home/airflow/.local/lib/python3.12/site-packages/airflow/example_dags/example_latest_only_with_trigger.py
[2025-04-06T07:29:31.688+0000] {processor.py:925} INFO - DAG(s) 'latest_only_with_trigger' retrieved from /home/airflow/.local/lib/python3.12/site-packages/airflow/example_dags/example_latest_only_with_trigger.py
[2025-04-06T07:29:31.699+0000] {logging_mixin.py:190} INFO - [2025-04-06T07:29:31.699+0000] {dag.py:3239} INFO - Sync 1 DAGs
[2025-04-06T07:29:31.712+0000] {logging_mixin.py:190} INFO - [2025-04-06T07:29:31.712+0000] {dag.py:4180} INFO - Setting next_dagrun for latest_only_with_trigger to 2025-04-06 00:00:00+00:00, run_after=2025-04-06 04:00:00+00:00
[2025-04-06T07:29:31.722+0000] {processor.py:208} INFO - Processing /home/airflow/.local/lib/python3.12/site-packages/airflow/example_dags/example_latest_only_with_trigger.py took 0.043 seconds
[2025-04-06T07:30:02.492+0000] {processor.py:186} INFO - Started process (PID=364) to work on /home/airflow/.local/lib/python3.12/site-packages/airflow/example_dags/example_latest_only_with_trigger.py
[2025-04-06T07:30:02.493+0000] {processor.py:914} INFO - Processing file /home/airflow/.local/lib/python3.12/site-packages/airflow/example_dags/example_latest_only_with_trigger.py for tasks to queue
[2025-04-06T07:30:02.494+0000] {logging_mixin.py:190} INFO - [2025-04-06T07:30:02.494+0000] {dagbag.py:588} INFO - Filling up the DagBag from /home/airflow/.local/lib/python3.12/site-packages/airflow/example_dags/example_latest_only_with_trigger.py
[2025-04-06T07:30:02.498+0000] {processor.py:925} INFO - DAG(s) 'latest_only_with_trigger' retrieved from /home/airflow/.local/lib/python3.12/site-packages/airflow/example_dags/example_latest_only_with_trigger.py
[2025-04-06T07:30:02.509+0000] {logging_mixin.py:190} INFO - [2025-04-06T07:30:02.509+0000] {dag.py:3239} INFO - Sync 1 DAGs
[2025-04-06T07:30:02.520+0000] {logging_mixin.py:190} INFO - [2025-04-06T07:30:02.520+0000] {dag.py:4180} INFO - Setting next_dagrun for latest_only_with_trigger to 2025-04-06 00:00:00+00:00, run_after=2025-04-06 04:00:00+00:00
[2025-04-06T07:30:02.529+0000] {processor.py:208} INFO - Processing /home/airflow/.local/lib/python3.12/site-packages/airflow/example_dags/example_latest_only_with_trigger.py took 0.040 seconds
[2025-04-06T07:30:33.382+0000] {processor.py:186} INFO - Started process (PID=427) to work on /home/airflow/.local/lib/python3.12/site-packages/airflow/example_dags/example_latest_only_with_trigger.py
[2025-04-06T07:30:33.382+0000] {processor.py:914} INFO - Processing file /home/airflow/.local/lib/python3.12/site-packages/airflow/example_dags/example_latest_only_with_trigger.py for tasks to queue
[2025-04-06T07:30:33.383+0000] {logging_mixin.py:190} INFO - [2025-04-06T07:30:33.383+0000] {dagbag.py:588} INFO - Filling up the DagBag from /home/airflow/.local/lib/python3.12/site-packages/airflow/example_dags/example_latest_only_with_trigger.py
[2025-04-06T07:30:33.387+0000] {processor.py:925} INFO - DAG(s) 'latest_only_with_trigger' retrieved from /home/airflow/.local/lib/python3.12/site-packages/airflow/example_dags/example_latest_only_with_trigger.py
[2025-04-06T07:30:33.400+0000] {logging_mixin.py:190} INFO - [2025-04-06T07:30:33.400+0000] {dag.py:3239} INFO - Sync 1 DAGs
[2025-04-06T07:30:33.414+0000] {logging_mixin.py:190} INFO - [2025-04-06T07:30:33.413+0000] {dag.py:4180} INFO - Setting next_dagrun for latest_only_with_trigger to 2025-04-06 00:00:00+00:00, run_after=2025-04-06 04:00:00+00:00
[2025-04-06T07:30:33.424+0000] {processor.py:208} INFO - Processing /home/airflow/.local/lib/python3.12/site-packages/airflow/example_dags/example_latest_only_with_trigger.py took 0.046 seconds
[2025-04-06T07:31:03.925+0000] {processor.py:186} INFO - Started process (PID=490) to work on /home/airflow/.local/lib/python3.12/site-packages/airflow/example_dags/example_latest_only_with_trigger.py
[2025-04-06T07:31:03.925+0000] {processor.py:914} INFO - Processing file /home/airflow/.local/lib/python3.12/site-packages/airflow/example_dags/example_latest_only_with_trigger.py for tasks to queue
[2025-04-06T07:31:03.927+0000] {logging_mixin.py:190} INFO - [2025-04-06T07:31:03.926+0000] {dagbag.py:588} INFO - Filling up the DagBag from /home/airflow/.local/lib/python3.12/site-packages/airflow/example_dags/example_latest_only_with_trigger.py
[2025-04-06T07:31:03.930+0000] {processor.py:925} INFO - DAG(s) 'latest_only_with_trigger' retrieved from /home/airflow/.local/lib/python3.12/site-packages/airflow/example_dags/example_latest_only_with_trigger.py
[2025-04-06T07:31:03.941+0000] {logging_mixin.py:190} INFO - [2025-04-06T07:31:03.941+0000] {dag.py:3239} INFO - Sync 1 DAGs
[2025-04-06T07:31:03.952+0000] {logging_mixin.py:190} INFO - [2025-04-06T07:31:03.952+0000] {dag.py:4180} INFO - Setting next_dagrun for latest_only_with_trigger to 2025-04-06 00:00:00+00:00, run_after=2025-04-06 04:00:00+00:00
[2025-04-06T07:31:03.962+0000] {processor.py:208} INFO - Processing /home/airflow/.local/lib/python3.12/site-packages/airflow/example_dags/example_latest_only_with_trigger.py took 0.040 seconds
[2025-04-06T07:31:34.860+0000] {processor.py:186} INFO - Started process (PID=553) to work on /home/airflow/.local/lib/python3.12/site-packages/airflow/example_dags/example_latest_only_with_trigger.py
[2025-04-06T07:31:34.860+0000] {processor.py:914} INFO - Processing file /home/airflow/.local/lib/python3.12/site-packages/airflow/example_dags/example_latest_only_with_trigger.py for tasks to queue
[2025-04-06T07:31:34.861+0000] {logging_mixin.py:190} INFO - [2025-04-06T07:31:34.861+0000] {dagbag.py:588} INFO - Filling up the DagBag from /home/airflow/.local/lib/python3.12/site-packages/airflow/example_dags/example_latest_only_with_trigger.py
[2025-04-06T07:31:34.865+0000] {processor.py:925} INFO - DAG(s) 'latest_only_with_trigger' retrieved from /home/airflow/.local/lib/python3.12/site-packages/airflow/example_dags/example_latest_only_with_trigger.py
[2025-04-06T07:31:34.876+0000] {logging_mixin.py:190} INFO - [2025-04-06T07:31:34.876+0000] {dag.py:3239} INFO - Sync 1 DAGs
[2025-04-06T07:31:34.888+0000] {logging_mixin.py:190} INFO - [2025-04-06T07:31:34.887+0000] {dag.py:4180} INFO - Setting next_dagrun for latest_only_with_trigger to 2025-04-06 00:00:00+00:00, run_after=2025-04-06 04:00:00+00:00
[2025-04-06T07:31:34.897+0000] {processor.py:208} INFO - Processing /home/airflow/.local/lib/python3.12/site-packages/airflow/example_dags/example_latest_only_with_trigger.py took 0.041 seconds
[2025-04-06T07:32:05.409+0000] {processor.py:186} INFO - Started process (PID=616) to work on /home/airflow/.local/lib/python3.12/site-packages/airflow/example_dags/example_latest_only_with_trigger.py
[2025-04-06T07:32:05.409+0000] {processor.py:914} INFO - Processing file /home/airflow/.local/lib/python3.12/site-packages/airflow/example_dags/example_latest_only_with_trigger.py for tasks to queue
[2025-04-06T07:32:05.410+0000] {logging_mixin.py:190} INFO - [2025-04-06T07:32:05.410+0000] {dagbag.py:588} INFO - Filling up the DagBag from /home/airflow/.local/lib/python3.12/site-packages/airflow/example_dags/example_latest_only_with_trigger.py
[2025-04-06T07:32:05.414+0000] {processor.py:925} INFO - DAG(s) 'latest_only_with_trigger' retrieved from /home/airflow/.local/lib/python3.12/site-packages/airflow/example_dags/example_latest_only_with_trigger.py
[2025-04-06T07:32:05.424+0000] {logging_mixin.py:190} INFO - [2025-04-06T07:32:05.424+0000] {dag.py:3239} INFO - Sync 1 DAGs
[2025-04-06T07:32:05.436+0000] {logging_mixin.py:190} INFO - [2025-04-06T07:32:05.436+0000] {dag.py:4180} INFO - Setting next_dagrun for latest_only_with_trigger to 2025-04-06 00:00:00+00:00, run_after=2025-04-06 04:00:00+00:00
[2025-04-06T07:32:05.445+0000] {processor.py:208} INFO - Processing /home/airflow/.local/lib/python3.12/site-packages/airflow/example_dags/example_latest_only_with_trigger.py took 0.039 seconds
[2025-04-06T07:32:36.037+0000] {processor.py:186} INFO - Started process (PID=678) to work on /home/airflow/.local/lib/python3.12/site-packages/airflow/example_dags/example_latest_only_with_trigger.py
[2025-04-06T07:32:36.037+0000] {processor.py:914} INFO - Processing file /home/airflow/.local/lib/python3.12/site-packages/airflow/example_dags/example_latest_only_with_trigger.py for tasks to queue
[2025-04-06T07:32:36.039+0000] {logging_mixin.py:190} INFO - [2025-04-06T07:32:36.039+0000] {dagbag.py:588} INFO - Filling up the DagBag from /home/airflow/.local/lib/python3.12/site-packages/airflow/example_dags/example_latest_only_with_trigger.py
[2025-04-06T07:32:36.043+0000] {processor.py:925} INFO - DAG(s) 'latest_only_with_trigger' retrieved from /home/airflow/.local/lib/python3.12/site-packages/airflow/example_dags/example_latest_only_with_trigger.py
[2025-04-06T07:32:36.053+0000] {logging_mixin.py:190} INFO - [2025-04-06T07:32:36.053+0000] {dag.py:3239} INFO - Sync 1 DAGs
[2025-04-06T07:32:36.065+0000] {logging_mixin.py:190} INFO - [2025-04-06T07:32:36.065+0000] {dag.py:4180} INFO - Setting next_dagrun for latest_only_with_trigger to 2025-04-06 00:00:00+00:00, run_after=2025-04-06 04:00:00+00:00
[2025-04-06T07:32:36.074+0000] {processor.py:208} INFO - Processing /home/airflow/.local/lib/python3.12/site-packages/airflow/example_dags/example_latest_only_with_trigger.py took 0.040 seconds
[2025-04-06T07:33:06.522+0000] {processor.py:186} INFO - Started process (PID=741) to work on /home/airflow/.local/lib/python3.12/site-packages/airflow/example_dags/example_latest_only_with_trigger.py
[2025-04-06T07:33:06.522+0000] {processor.py:914} INFO - Processing file /home/airflow/.local/lib/python3.12/site-packages/airflow/example_dags/example_latest_only_with_trigger.py for tasks to queue
[2025-04-06T07:33:06.523+0000] {logging_mixin.py:190} INFO - [2025-04-06T07:33:06.523+0000] {dagbag.py:588} INFO - Filling up the DagBag from /home/airflow/.local/lib/python3.12/site-packages/airflow/example_dags/example_latest_only_with_trigger.py
[2025-04-06T07:33:06.527+0000] {processor.py:925} INFO - DAG(s) 'latest_only_with_trigger' retrieved from /home/airflow/.local/lib/python3.12/site-packages/airflow/example_dags/example_latest_only_with_trigger.py
[2025-04-06T07:33:06.537+0000] {logging_mixin.py:190} INFO - [2025-04-06T07:33:06.537+0000] {dag.py:3239} INFO - Sync 1 DAGs
[2025-04-06T07:33:06.548+0000] {logging_mixin.py:190} INFO - [2025-04-06T07:33:06.548+0000] {dag.py:4180} INFO - Setting next_dagrun for latest_only_with_trigger to 2025-04-06 00:00:00+00:00, run_after=2025-04-06 04:00:00+00:00
[2025-04-06T07:33:06.558+0000] {processor.py:208} INFO - Processing /home/airflow/.local/lib/python3.12/site-packages/airflow/example_dags/example_latest_only_with_trigger.py took 0.039 seconds
[2025-04-06T07:33:37.183+0000] {processor.py:186} INFO - Started process (PID=810) to work on /home/airflow/.local/lib/python3.12/site-packages/airflow/example_dags/example_latest_only_with_trigger.py
[2025-04-06T07:33:37.184+0000] {processor.py:914} INFO - Processing file /home/airflow/.local/lib/python3.12/site-packages/airflow/example_dags/example_latest_only_with_trigger.py for tasks to queue
[2025-04-06T07:33:37.185+0000] {logging_mixin.py:190} INFO - [2025-04-06T07:33:37.185+0000] {dagbag.py:588} INFO - Filling up the DagBag from /home/airflow/.local/lib/python3.12/site-packages/airflow/example_dags/example_latest_only_with_trigger.py
[2025-04-06T07:33:37.189+0000] {processor.py:925} INFO - DAG(s) 'latest_only_with_trigger' retrieved from /home/airflow/.local/lib/python3.12/site-packages/airflow/example_dags/example_latest_only_with_trigger.py
[2025-04-06T07:33:37.199+0000] {logging_mixin.py:190} INFO - [2025-04-06T07:33:37.199+0000] {dag.py:3239} INFO - Sync 1 DAGs
[2025-04-06T07:33:37.211+0000] {logging_mixin.py:190} INFO - [2025-04-06T07:33:37.211+0000] {dag.py:4180} INFO - Setting next_dagrun for latest_only_with_trigger to 2025-04-06 00:00:00+00:00, run_after=2025-04-06 04:00:00+00:00
[2025-04-06T07:33:37.220+0000] {processor.py:208} INFO - Processing /home/airflow/.local/lib/python3.12/site-packages/airflow/example_dags/example_latest_only_with_trigger.py took 0.040 seconds
[2025-04-06T07:34:07.827+0000] {processor.py:186} INFO - Started process (PID=873) to work on /home/airflow/.local/lib/python3.12/site-packages/airflow/example_dags/example_latest_only_with_trigger.py
[2025-04-06T07:34:07.828+0000] {processor.py:914} INFO - Processing file /home/airflow/.local/lib/python3.12/site-packages/airflow/example_dags/example_latest_only_with_trigger.py for tasks to queue
[2025-04-06T07:34:07.829+0000] {logging_mixin.py:190} INFO - [2025-04-06T07:34:07.828+0000] {dagbag.py:588} INFO - Filling up the DagBag from /home/airflow/.local/lib/python3.12/site-packages/airflow/example_dags/example_latest_only_with_trigger.py
[2025-04-06T07:34:07.832+0000] {processor.py:925} INFO - DAG(s) 'latest_only_with_trigger' retrieved from /home/airflow/.local/lib/python3.12/site-packages/airflow/example_dags/example_latest_only_with_trigger.py
[2025-04-06T07:34:07.843+0000] {logging_mixin.py:190} INFO - [2025-04-06T07:34:07.843+0000] {dag.py:3239} INFO - Sync 1 DAGs
[2025-04-06T07:34:07.855+0000] {logging_mixin.py:190} INFO - [2025-04-06T07:34:07.854+0000] {dag.py:4180} INFO - Setting next_dagrun for latest_only_with_trigger to 2025-04-06 00:00:00+00:00, run_after=2025-04-06 04:00:00+00:00
[2025-04-06T07:34:07.865+0000] {processor.py:208} INFO - Processing /home/airflow/.local/lib/python3.12/site-packages/airflow/example_dags/example_latest_only_with_trigger.py took 0.041 seconds
[2025-04-06T07:34:38.414+0000] {processor.py:186} INFO - Started process (PID=936) to work on /home/airflow/.local/lib/python3.12/site-packages/airflow/example_dags/example_latest_only_with_trigger.py
[2025-04-06T07:34:38.414+0000] {processor.py:914} INFO - Processing file /home/airflow/.local/lib/python3.12/site-packages/airflow/example_dags/example_latest_only_with_trigger.py for tasks to queue
[2025-04-06T07:34:38.416+0000] {logging_mixin.py:190} INFO - [2025-04-06T07:34:38.415+0000] {dagbag.py:588} INFO - Filling up the DagBag from /home/airflow/.local/lib/python3.12/site-packages/airflow/example_dags/example_latest_only_with_trigger.py
[2025-04-06T07:34:38.420+0000] {processor.py:925} INFO - DAG(s) 'latest_only_with_trigger' retrieved from /home/airflow/.local/lib/python3.12/site-packages/airflow/example_dags/example_latest_only_with_trigger.py
[2025-04-06T07:34:38.431+0000] {logging_mixin.py:190} INFO - [2025-04-06T07:34:38.431+0000] {dag.py:3239} INFO - Sync 1 DAGs
[2025-04-06T07:34:38.444+0000] {logging_mixin.py:190} INFO - [2025-04-06T07:34:38.444+0000] {dag.py:4180} INFO - Setting next_dagrun for latest_only_with_trigger to 2025-04-06 00:00:00+00:00, run_after=2025-04-06 04:00:00+00:00
[2025-04-06T07:34:38.454+0000] {processor.py:208} INFO - Processing /home/airflow/.local/lib/python3.12/site-packages/airflow/example_dags/example_latest_only_with_trigger.py took 0.044 seconds
[2025-04-06T07:35:08.961+0000] {processor.py:186} INFO - Started process (PID=999) to work on /home/airflow/.local/lib/python3.12/site-packages/airflow/example_dags/example_latest_only_with_trigger.py
[2025-04-06T07:35:08.961+0000] {processor.py:914} INFO - Processing file /home/airflow/.local/lib/python3.12/site-packages/airflow/example_dags/example_latest_only_with_trigger.py for tasks to queue
[2025-04-06T07:35:08.962+0000] {logging_mixin.py:190} INFO - [2025-04-06T07:35:08.962+0000] {dagbag.py:588} INFO - Filling up the DagBag from /home/airflow/.local/lib/python3.12/site-packages/airflow/example_dags/example_latest_only_with_trigger.py
[2025-04-06T07:35:08.966+0000] {processor.py:925} INFO - DAG(s) 'latest_only_with_trigger' retrieved from /home/airflow/.local/lib/python3.12/site-packages/airflow/example_dags/example_latest_only_with_trigger.py
[2025-04-06T07:35:08.976+0000] {logging_mixin.py:190} INFO - [2025-04-06T07:35:08.976+0000] {dag.py:3239} INFO - Sync 1 DAGs
[2025-04-06T07:35:08.987+0000] {logging_mixin.py:190} INFO - [2025-04-06T07:35:08.987+0000] {dag.py:4180} INFO - Setting next_dagrun for latest_only_with_trigger to 2025-04-06 00:00:00+00:00, run_after=2025-04-06 04:00:00+00:00
[2025-04-06T07:35:08.997+0000] {processor.py:208} INFO - Processing /home/airflow/.local/lib/python3.12/site-packages/airflow/example_dags/example_latest_only_with_trigger.py took 0.039 seconds
[2025-04-06T07:35:39.423+0000] {processor.py:186} INFO - Started process (PID=1062) to work on /home/airflow/.local/lib/python3.12/site-packages/airflow/example_dags/example_latest_only_with_trigger.py
[2025-04-06T07:35:39.423+0000] {processor.py:914} INFO - Processing file /home/airflow/.local/lib/python3.12/site-packages/airflow/example_dags/example_latest_only_with_trigger.py for tasks to queue
[2025-04-06T07:35:39.424+0000] {logging_mixin.py:190} INFO - [2025-04-06T07:35:39.424+0000] {dagbag.py:588} INFO - Filling up the DagBag from /home/airflow/.local/lib/python3.12/site-packages/airflow/example_dags/example_latest_only_with_trigger.py
[2025-04-06T07:35:39.428+0000] {processor.py:925} INFO - DAG(s) 'latest_only_with_trigger' retrieved from /home/airflow/.local/lib/python3.12/site-packages/airflow/example_dags/example_latest_only_with_trigger.py
[2025-04-06T07:35:39.439+0000] {logging_mixin.py:190} INFO - [2025-04-06T07:35:39.439+0000] {dag.py:3239} INFO - Sync 1 DAGs
[2025-04-06T07:35:39.450+0000] {logging_mixin.py:190} INFO - [2025-04-06T07:35:39.450+0000] {dag.py:4180} INFO - Setting next_dagrun for latest_only_with_trigger to 2025-04-06 00:00:00+00:00, run_after=2025-04-06 04:00:00+00:00
[2025-04-06T07:35:39.460+0000] {processor.py:208} INFO - Processing /home/airflow/.local/lib/python3.12/site-packages/airflow/example_dags/example_latest_only_with_trigger.py took 0.040 seconds
[2025-04-06T07:36:10.009+0000] {processor.py:186} INFO - Started process (PID=1125) to work on /home/airflow/.local/lib/python3.12/site-packages/airflow/example_dags/example_latest_only_with_trigger.py
[2025-04-06T07:36:10.010+0000] {processor.py:914} INFO - Processing file /home/airflow/.local/lib/python3.12/site-packages/airflow/example_dags/example_latest_only_with_trigger.py for tasks to queue
[2025-04-06T07:36:10.011+0000] {logging_mixin.py:190} INFO - [2025-04-06T07:36:10.011+0000] {dagbag.py:588} INFO - Filling up the DagBag from /home/airflow/.local/lib/python3.12/site-packages/airflow/example_dags/example_latest_only_with_trigger.py
[2025-04-06T07:36:10.015+0000] {processor.py:925} INFO - DAG(s) 'latest_only_with_trigger' retrieved from /home/airflow/.local/lib/python3.12/site-packages/airflow/example_dags/example_latest_only_with_trigger.py
[2025-04-06T07:36:10.027+0000] {logging_mixin.py:190} INFO - [2025-04-06T07:36:10.027+0000] {dag.py:3239} INFO - Sync 1 DAGs
[2025-04-06T07:36:10.039+0000] {logging_mixin.py:190} INFO - [2025-04-06T07:36:10.039+0000] {dag.py:4180} INFO - Setting next_dagrun for latest_only_with_trigger to 2025-04-06 00:00:00+00:00, run_after=2025-04-06 04:00:00+00:00
[2025-04-06T07:36:10.049+0000] {processor.py:208} INFO - Processing /home/airflow/.local/lib/python3.12/site-packages/airflow/example_dags/example_latest_only_with_trigger.py took 0.042 seconds
[2025-04-06T07:36:40.648+0000] {processor.py:186} INFO - Started process (PID=1189) to work on /home/airflow/.local/lib/python3.12/site-packages/airflow/example_dags/example_latest_only_with_trigger.py
[2025-04-06T07:36:40.649+0000] {processor.py:914} INFO - Processing file /home/airflow/.local/lib/python3.12/site-packages/airflow/example_dags/example_latest_only_with_trigger.py for tasks to queue
[2025-04-06T07:36:40.650+0000] {logging_mixin.py:190} INFO - [2025-04-06T07:36:40.650+0000] {dagbag.py:588} INFO - Filling up the DagBag from /home/airflow/.local/lib/python3.12/site-packages/airflow/example_dags/example_latest_only_with_trigger.py
[2025-04-06T07:36:40.654+0000] {processor.py:925} INFO - DAG(s) 'latest_only_with_trigger' retrieved from /home/airflow/.local/lib/python3.12/site-packages/airflow/example_dags/example_latest_only_with_trigger.py
[2025-04-06T07:36:40.665+0000] {logging_mixin.py:190} INFO - [2025-04-06T07:36:40.665+0000] {dag.py:3239} INFO - Sync 1 DAGs
[2025-04-06T07:36:40.676+0000] {logging_mixin.py:190} INFO - [2025-04-06T07:36:40.676+0000] {dag.py:4180} INFO - Setting next_dagrun for latest_only_with_trigger to 2025-04-06 00:00:00+00:00, run_after=2025-04-06 04:00:00+00:00
[2025-04-06T07:36:40.686+0000] {processor.py:208} INFO - Processing /home/airflow/.local/lib/python3.12/site-packages/airflow/example_dags/example_latest_only_with_trigger.py took 0.041 seconds
[2025-04-06T07:37:11.712+0000] {processor.py:186} INFO - Started process (PID=1252) to work on /home/airflow/.local/lib/python3.12/site-packages/airflow/example_dags/example_latest_only_with_trigger.py
[2025-04-06T07:37:11.713+0000] {processor.py:914} INFO - Processing file /home/airflow/.local/lib/python3.12/site-packages/airflow/example_dags/example_latest_only_with_trigger.py for tasks to queue
[2025-04-06T07:37:11.714+0000] {logging_mixin.py:190} INFO - [2025-04-06T07:37:11.714+0000] {dagbag.py:588} INFO - Filling up the DagBag from /home/airflow/.local/lib/python3.12/site-packages/airflow/example_dags/example_latest_only_with_trigger.py
[2025-04-06T07:37:11.718+0000] {processor.py:925} INFO - DAG(s) 'latest_only_with_trigger' retrieved from /home/airflow/.local/lib/python3.12/site-packages/airflow/example_dags/example_latest_only_with_trigger.py
[2025-04-06T07:37:11.728+0000] {logging_mixin.py:190} INFO - [2025-04-06T07:37:11.728+0000] {dag.py:3239} INFO - Sync 1 DAGs
[2025-04-06T07:37:11.740+0000] {logging_mixin.py:190} INFO - [2025-04-06T07:37:11.740+0000] {dag.py:4180} INFO - Setting next_dagrun for latest_only_with_trigger to 2025-04-06 00:00:00+00:00, run_after=2025-04-06 04:00:00+00:00
[2025-04-06T07:37:11.750+0000] {processor.py:208} INFO - Processing /home/airflow/.local/lib/python3.12/site-packages/airflow/example_dags/example_latest_only_with_trigger.py took 0.041 seconds
[2025-04-06T07:37:42.687+0000] {processor.py:186} INFO - Started process (PID=1315) to work on /home/airflow/.local/lib/python3.12/site-packages/airflow/example_dags/example_latest_only_with_trigger.py
[2025-04-06T07:37:42.687+0000] {processor.py:914} INFO - Processing file /home/airflow/.local/lib/python3.12/site-packages/airflow/example_dags/example_latest_only_with_trigger.py for tasks to queue
[2025-04-06T07:37:42.688+0000] {logging_mixin.py:190} INFO - [2025-04-06T07:37:42.688+0000] {dagbag.py:588} INFO - Filling up the DagBag from /home/airflow/.local/lib/python3.12/site-packages/airflow/example_dags/example_latest_only_with_trigger.py
[2025-04-06T07:37:42.692+0000] {processor.py:925} INFO - DAG(s) 'latest_only_with_trigger' retrieved from /home/airflow/.local/lib/python3.12/site-packages/airflow/example_dags/example_latest_only_with_trigger.py
[2025-04-06T07:37:42.702+0000] {logging_mixin.py:190} INFO - [2025-04-06T07:37:42.702+0000] {dag.py:3239} INFO - Sync 1 DAGs
[2025-04-06T07:37:42.713+0000] {logging_mixin.py:190} INFO - [2025-04-06T07:37:42.713+0000] {dag.py:4180} INFO - Setting next_dagrun for latest_only_with_trigger to 2025-04-06 00:00:00+00:00, run_after=2025-04-06 04:00:00+00:00
[2025-04-06T07:37:42.722+0000] {processor.py:208} INFO - Processing /home/airflow/.local/lib/python3.12/site-packages/airflow/example_dags/example_latest_only_with_trigger.py took 0.038 seconds
[2025-04-06T07:38:13.330+0000] {processor.py:186} INFO - Started process (PID=1378) to work on /home/airflow/.local/lib/python3.12/site-packages/airflow/example_dags/example_latest_only_with_trigger.py
[2025-04-06T07:38:13.330+0000] {processor.py:914} INFO - Processing file /home/airflow/.local/lib/python3.12/site-packages/airflow/example_dags/example_latest_only_with_trigger.py for tasks to queue
[2025-04-06T07:38:13.332+0000] {logging_mixin.py:190} INFO - [2025-04-06T07:38:13.331+0000] {dagbag.py:588} INFO - Filling up the DagBag from /home/airflow/.local/lib/python3.12/site-packages/airflow/example_dags/example_latest_only_with_trigger.py
[2025-04-06T07:38:13.335+0000] {processor.py:925} INFO - DAG(s) 'latest_only_with_trigger' retrieved from /home/airflow/.local/lib/python3.12/site-packages/airflow/example_dags/example_latest_only_with_trigger.py
[2025-04-06T07:38:13.346+0000] {logging_mixin.py:190} INFO - [2025-04-06T07:38:13.346+0000] {dag.py:3239} INFO - Sync 1 DAGs
[2025-04-06T07:38:13.358+0000] {logging_mixin.py:190} INFO - [2025-04-06T07:38:13.358+0000] {dag.py:4180} INFO - Setting next_dagrun for latest_only_with_trigger to 2025-04-06 00:00:00+00:00, run_after=2025-04-06 04:00:00+00:00
[2025-04-06T07:38:13.367+0000] {processor.py:208} INFO - Processing /home/airflow/.local/lib/python3.12/site-packages/airflow/example_dags/example_latest_only_with_trigger.py took 0.041 seconds
[2025-04-06T07:38:44.309+0000] {processor.py:186} INFO - Started process (PID=1441) to work on /home/airflow/.local/lib/python3.12/site-packages/airflow/example_dags/example_latest_only_with_trigger.py
[2025-04-06T07:38:44.310+0000] {processor.py:914} INFO - Processing file /home/airflow/.local/lib/python3.12/site-packages/airflow/example_dags/example_latest_only_with_trigger.py for tasks to queue
[2025-04-06T07:38:44.311+0000] {logging_mixin.py:190} INFO - [2025-04-06T07:38:44.311+0000] {dagbag.py:588} INFO - Filling up the DagBag from /home/airflow/.local/lib/python3.12/site-packages/airflow/example_dags/example_latest_only_with_trigger.py
[2025-04-06T07:38:44.315+0000] {processor.py:925} INFO - DAG(s) 'latest_only_with_trigger' retrieved from /home/airflow/.local/lib/python3.12/site-packages/airflow/example_dags/example_latest_only_with_trigger.py
[2025-04-06T07:38:44.327+0000] {logging_mixin.py:190} INFO - [2025-04-06T07:38:44.327+0000] {dag.py:3239} INFO - Sync 1 DAGs
[2025-04-06T07:38:44.338+0000] {logging_mixin.py:190} INFO - [2025-04-06T07:38:44.338+0000] {dag.py:4180} INFO - Setting next_dagrun for latest_only_with_trigger to 2025-04-06 00:00:00+00:00, run_after=2025-04-06 04:00:00+00:00
[2025-04-06T07:38:44.349+0000] {processor.py:208} INFO - Processing /home/airflow/.local/lib/python3.12/site-packages/airflow/example_dags/example_latest_only_with_trigger.py took 0.043 seconds
[2025-04-06T07:39:15.450+0000] {processor.py:186} INFO - Started process (PID=1510) to work on /home/airflow/.local/lib/python3.12/site-packages/airflow/example_dags/example_latest_only_with_trigger.py
[2025-04-06T07:39:15.451+0000] {processor.py:914} INFO - Processing file /home/airflow/.local/lib/python3.12/site-packages/airflow/example_dags/example_latest_only_with_trigger.py for tasks to queue
[2025-04-06T07:39:15.452+0000] {logging_mixin.py:190} INFO - [2025-04-06T07:39:15.452+0000] {dagbag.py:588} INFO - Filling up the DagBag from /home/airflow/.local/lib/python3.12/site-packages/airflow/example_dags/example_latest_only_with_trigger.py
[2025-04-06T07:39:15.455+0000] {processor.py:925} INFO - DAG(s) 'latest_only_with_trigger' retrieved from /home/airflow/.local/lib/python3.12/site-packages/airflow/example_dags/example_latest_only_with_trigger.py
[2025-04-06T07:39:15.465+0000] {logging_mixin.py:190} INFO - [2025-04-06T07:39:15.465+0000] {dag.py:3239} INFO - Sync 1 DAGs
[2025-04-06T07:39:15.475+0000] {logging_mixin.py:190} INFO - [2025-04-06T07:39:15.475+0000] {dag.py:4180} INFO - Setting next_dagrun for latest_only_with_trigger to 2025-04-06 00:00:00+00:00, run_after=2025-04-06 04:00:00+00:00
[2025-04-06T07:39:15.485+0000] {processor.py:208} INFO - Processing /home/airflow/.local/lib/python3.12/site-packages/airflow/example_dags/example_latest_only_with_trigger.py took 0.038 seconds
[2025-04-06T07:39:46.173+0000] {processor.py:186} INFO - Started process (PID=1573) to work on /home/airflow/.local/lib/python3.12/site-packages/airflow/example_dags/example_latest_only_with_trigger.py
[2025-04-06T07:39:46.173+0000] {processor.py:914} INFO - Processing file /home/airflow/.local/lib/python3.12/site-packages/airflow/example_dags/example_latest_only_with_trigger.py for tasks to queue
[2025-04-06T07:39:46.174+0000] {logging_mixin.py:190} INFO - [2025-04-06T07:39:46.174+0000] {dagbag.py:588} INFO - Filling up the DagBag from /home/airflow/.local/lib/python3.12/site-packages/airflow/example_dags/example_latest_only_with_trigger.py
[2025-04-06T07:39:46.178+0000] {processor.py:925} INFO - DAG(s) 'latest_only_with_trigger' retrieved from /home/airflow/.local/lib/python3.12/site-packages/airflow/example_dags/example_latest_only_with_trigger.py
[2025-04-06T07:39:46.189+0000] {logging_mixin.py:190} INFO - [2025-04-06T07:39:46.189+0000] {dag.py:3239} INFO - Sync 1 DAGs
[2025-04-06T07:39:46.201+0000] {logging_mixin.py:190} INFO - [2025-04-06T07:39:46.201+0000] {dag.py:4180} INFO - Setting next_dagrun for latest_only_with_trigger to 2025-04-06 00:00:00+00:00, run_after=2025-04-06 04:00:00+00:00
[2025-04-06T07:39:46.210+0000] {processor.py:208} INFO - Processing /home/airflow/.local/lib/python3.12/site-packages/airflow/example_dags/example_latest_only_with_trigger.py took 0.041 seconds
[2025-04-06T07:40:16.733+0000] {processor.py:186} INFO - Started process (PID=1636) to work on /home/airflow/.local/lib/python3.12/site-packages/airflow/example_dags/example_latest_only_with_trigger.py
[2025-04-06T07:40:16.733+0000] {processor.py:914} INFO - Processing file /home/airflow/.local/lib/python3.12/site-packages/airflow/example_dags/example_latest_only_with_trigger.py for tasks to queue
[2025-04-06T07:40:16.734+0000] {logging_mixin.py:190} INFO - [2025-04-06T07:40:16.734+0000] {dagbag.py:588} INFO - Filling up the DagBag from /home/airflow/.local/lib/python3.12/site-packages/airflow/example_dags/example_latest_only_with_trigger.py
[2025-04-06T07:40:16.738+0000] {processor.py:925} INFO - DAG(s) 'latest_only_with_trigger' retrieved from /home/airflow/.local/lib/python3.12/site-packages/airflow/example_dags/example_latest_only_with_trigger.py
[2025-04-06T07:40:16.748+0000] {logging_mixin.py:190} INFO - [2025-04-06T07:40:16.748+0000] {dag.py:3239} INFO - Sync 1 DAGs
[2025-04-06T07:40:16.760+0000] {logging_mixin.py:190} INFO - [2025-04-06T07:40:16.760+0000] {dag.py:4180} INFO - Setting next_dagrun for latest_only_with_trigger to 2025-04-06 00:00:00+00:00, run_after=2025-04-06 04:00:00+00:00
[2025-04-06T07:40:16.771+0000] {processor.py:208} INFO - Processing /home/airflow/.local/lib/python3.12/site-packages/airflow/example_dags/example_latest_only_with_trigger.py took 0.041 seconds
[2025-04-06T07:40:48.050+0000] {processor.py:186} INFO - Started process (PID=1699) to work on /home/airflow/.local/lib/python3.12/site-packages/airflow/example_dags/example_latest_only_with_trigger.py
[2025-04-06T07:40:48.051+0000] {processor.py:914} INFO - Processing file /home/airflow/.local/lib/python3.12/site-packages/airflow/example_dags/example_latest_only_with_trigger.py for tasks to queue
[2025-04-06T07:40:48.052+0000] {logging_mixin.py:190} INFO - [2025-04-06T07:40:48.052+0000] {dagbag.py:588} INFO - Filling up the DagBag from /home/airflow/.local/lib/python3.12/site-packages/airflow/example_dags/example_latest_only_with_trigger.py
[2025-04-06T07:40:48.055+0000] {processor.py:925} INFO - DAG(s) 'latest_only_with_trigger' retrieved from /home/airflow/.local/lib/python3.12/site-packages/airflow/example_dags/example_latest_only_with_trigger.py
[2025-04-06T07:40:48.066+0000] {logging_mixin.py:190} INFO - [2025-04-06T07:40:48.065+0000] {dag.py:3239} INFO - Sync 1 DAGs
[2025-04-06T07:40:48.076+0000] {logging_mixin.py:190} INFO - [2025-04-06T07:40:48.076+0000] {dag.py:4180} INFO - Setting next_dagrun for latest_only_with_trigger to 2025-04-06 00:00:00+00:00, run_after=2025-04-06 04:00:00+00:00
[2025-04-06T07:40:48.086+0000] {processor.py:208} INFO - Processing /home/airflow/.local/lib/python3.12/site-packages/airflow/example_dags/example_latest_only_with_trigger.py took 0.039 seconds
[2025-04-06T07:41:19.377+0000] {processor.py:186} INFO - Started process (PID=1762) to work on /home/airflow/.local/lib/python3.12/site-packages/airflow/example_dags/example_latest_only_with_trigger.py
[2025-04-06T07:41:19.378+0000] {processor.py:914} INFO - Processing file /home/airflow/.local/lib/python3.12/site-packages/airflow/example_dags/example_latest_only_with_trigger.py for tasks to queue
[2025-04-06T07:41:19.379+0000] {logging_mixin.py:190} INFO - [2025-04-06T07:41:19.379+0000] {dagbag.py:588} INFO - Filling up the DagBag from /home/airflow/.local/lib/python3.12/site-packages/airflow/example_dags/example_latest_only_with_trigger.py
[2025-04-06T07:41:19.383+0000] {processor.py:925} INFO - DAG(s) 'latest_only_with_trigger' retrieved from /home/airflow/.local/lib/python3.12/site-packages/airflow/example_dags/example_latest_only_with_trigger.py
[2025-04-06T07:41:19.393+0000] {logging_mixin.py:190} INFO - [2025-04-06T07:41:19.393+0000] {dag.py:3239} INFO - Sync 1 DAGs
[2025-04-06T07:41:19.404+0000] {logging_mixin.py:190} INFO - [2025-04-06T07:41:19.404+0000] {dag.py:4180} INFO - Setting next_dagrun for latest_only_with_trigger to 2025-04-06 00:00:00+00:00, run_after=2025-04-06 04:00:00+00:00
[2025-04-06T07:41:19.414+0000] {processor.py:208} INFO - Processing /home/airflow/.local/lib/python3.12/site-packages/airflow/example_dags/example_latest_only_with_trigger.py took 0.040 seconds
[2025-04-06T07:41:50.049+0000] {processor.py:186} INFO - Started process (PID=1825) to work on /home/airflow/.local/lib/python3.12/site-packages/airflow/example_dags/example_latest_only_with_trigger.py
[2025-04-06T07:41:50.049+0000] {processor.py:914} INFO - Processing file /home/airflow/.local/lib/python3.12/site-packages/airflow/example_dags/example_latest_only_with_trigger.py for tasks to queue
[2025-04-06T07:41:50.051+0000] {logging_mixin.py:190} INFO - [2025-04-06T07:41:50.050+0000] {dagbag.py:588} INFO - Filling up the DagBag from /home/airflow/.local/lib/python3.12/site-packages/airflow/example_dags/example_latest_only_with_trigger.py
[2025-04-06T07:41:50.055+0000] {processor.py:925} INFO - DAG(s) 'latest_only_with_trigger' retrieved from /home/airflow/.local/lib/python3.12/site-packages/airflow/example_dags/example_latest_only_with_trigger.py
[2025-04-06T07:41:50.066+0000] {logging_mixin.py:190} INFO - [2025-04-06T07:41:50.066+0000] {dag.py:3239} INFO - Sync 1 DAGs
[2025-04-06T07:41:50.076+0000] {logging_mixin.py:190} INFO - [2025-04-06T07:41:50.076+0000] {dag.py:4180} INFO - Setting next_dagrun for latest_only_with_trigger to 2025-04-06 00:00:00+00:00, run_after=2025-04-06 04:00:00+00:00
[2025-04-06T07:41:50.087+0000] {processor.py:208} INFO - Processing /home/airflow/.local/lib/python3.12/site-packages/airflow/example_dags/example_latest_only_with_trigger.py took 0.041 seconds
[2025-04-06T07:42:21.003+0000] {processor.py:186} INFO - Started process (PID=1888) to work on /home/airflow/.local/lib/python3.12/site-packages/airflow/example_dags/example_latest_only_with_trigger.py
[2025-04-06T07:42:21.004+0000] {processor.py:914} INFO - Processing file /home/airflow/.local/lib/python3.12/site-packages/airflow/example_dags/example_latest_only_with_trigger.py for tasks to queue
[2025-04-06T07:42:21.005+0000] {logging_mixin.py:190} INFO - [2025-04-06T07:42:21.005+0000] {dagbag.py:588} INFO - Filling up the DagBag from /home/airflow/.local/lib/python3.12/site-packages/airflow/example_dags/example_latest_only_with_trigger.py
[2025-04-06T07:42:21.009+0000] {processor.py:925} INFO - DAG(s) 'latest_only_with_trigger' retrieved from /home/airflow/.local/lib/python3.12/site-packages/airflow/example_dags/example_latest_only_with_trigger.py
[2025-04-06T07:42:21.019+0000] {logging_mixin.py:190} INFO - [2025-04-06T07:42:21.019+0000] {dag.py:3239} INFO - Sync 1 DAGs
[2025-04-06T07:42:21.031+0000] {logging_mixin.py:190} INFO - [2025-04-06T07:42:21.031+0000] {dag.py:4180} INFO - Setting next_dagrun for latest_only_with_trigger to 2025-04-06 00:00:00+00:00, run_after=2025-04-06 04:00:00+00:00
[2025-04-06T07:42:21.041+0000] {processor.py:208} INFO - Processing /home/airflow/.local/lib/python3.12/site-packages/airflow/example_dags/example_latest_only_with_trigger.py took 0.040 seconds
[2025-04-06T07:42:52.435+0000] {processor.py:186} INFO - Started process (PID=1951) to work on /home/airflow/.local/lib/python3.12/site-packages/airflow/example_dags/example_latest_only_with_trigger.py
[2025-04-06T07:42:52.435+0000] {processor.py:914} INFO - Processing file /home/airflow/.local/lib/python3.12/site-packages/airflow/example_dags/example_latest_only_with_trigger.py for tasks to queue
[2025-04-06T07:42:52.437+0000] {logging_mixin.py:190} INFO - [2025-04-06T07:42:52.436+0000] {dagbag.py:588} INFO - Filling up the DagBag from /home/airflow/.local/lib/python3.12/site-packages/airflow/example_dags/example_latest_only_with_trigger.py
[2025-04-06T07:42:52.440+0000] {processor.py:925} INFO - DAG(s) 'latest_only_with_trigger' retrieved from /home/airflow/.local/lib/python3.12/site-packages/airflow/example_dags/example_latest_only_with_trigger.py
[2025-04-06T07:42:52.451+0000] {logging_mixin.py:190} INFO - [2025-04-06T07:42:52.450+0000] {dag.py:3239} INFO - Sync 1 DAGs
[2025-04-06T07:42:52.462+0000] {logging_mixin.py:190} INFO - [2025-04-06T07:42:52.462+0000] {dag.py:4180} INFO - Setting next_dagrun for latest_only_with_trigger to 2025-04-06 00:00:00+00:00, run_after=2025-04-06 04:00:00+00:00
[2025-04-06T07:42:52.472+0000] {processor.py:208} INFO - Processing /home/airflow/.local/lib/python3.12/site-packages/airflow/example_dags/example_latest_only_with_trigger.py took 0.040 seconds
[2025-04-06T07:43:23.339+0000] {processor.py:186} INFO - Started process (PID=2014) to work on /home/airflow/.local/lib/python3.12/site-packages/airflow/example_dags/example_latest_only_with_trigger.py
[2025-04-06T07:43:23.339+0000] {processor.py:914} INFO - Processing file /home/airflow/.local/lib/python3.12/site-packages/airflow/example_dags/example_latest_only_with_trigger.py for tasks to queue
[2025-04-06T07:43:23.341+0000] {logging_mixin.py:190} INFO - [2025-04-06T07:43:23.340+0000] {dagbag.py:588} INFO - Filling up the DagBag from /home/airflow/.local/lib/python3.12/site-packages/airflow/example_dags/example_latest_only_with_trigger.py
[2025-04-06T07:43:23.344+0000] {processor.py:925} INFO - DAG(s) 'latest_only_with_trigger' retrieved from /home/airflow/.local/lib/python3.12/site-packages/airflow/example_dags/example_latest_only_with_trigger.py
[2025-04-06T07:43:23.356+0000] {logging_mixin.py:190} INFO - [2025-04-06T07:43:23.356+0000] {dag.py:3239} INFO - Sync 1 DAGs
[2025-04-06T07:43:23.367+0000] {logging_mixin.py:190} INFO - [2025-04-06T07:43:23.367+0000] {dag.py:4180} INFO - Setting next_dagrun for latest_only_with_trigger to 2025-04-06 00:00:00+00:00, run_after=2025-04-06 04:00:00+00:00
[2025-04-06T07:43:23.377+0000] {processor.py:208} INFO - Processing /home/airflow/.local/lib/python3.12/site-packages/airflow/example_dags/example_latest_only_with_trigger.py took 0.041 seconds
[2025-04-06T07:43:52.637+0000] {processor.py:186} INFO - Started process (PID=2077) to work on /home/airflow/.local/lib/python3.12/site-packages/airflow/example_dags/example_latest_only_with_trigger.py
[2025-04-06T07:43:52.638+0000] {processor.py:914} INFO - Processing file /home/airflow/.local/lib/python3.12/site-packages/airflow/example_dags/example_latest_only_with_trigger.py for tasks to queue
[2025-04-06T07:43:52.639+0000] {logging_mixin.py:190} INFO - [2025-04-06T07:43:52.639+0000] {dagbag.py:588} INFO - Filling up the DagBag from /home/airflow/.local/lib/python3.12/site-packages/airflow/example_dags/example_latest_only_with_trigger.py
[2025-04-06T07:43:52.642+0000] {processor.py:925} INFO - DAG(s) 'latest_only_with_trigger' retrieved from /home/airflow/.local/lib/python3.12/site-packages/airflow/example_dags/example_latest_only_with_trigger.py
[2025-04-06T07:43:52.652+0000] {logging_mixin.py:190} INFO - [2025-04-06T07:43:52.652+0000] {dag.py:3239} INFO - Sync 1 DAGs
[2025-04-06T07:43:52.663+0000] {logging_mixin.py:190} INFO - [2025-04-06T07:43:52.662+0000] {dag.py:4180} INFO - Setting next_dagrun for latest_only_with_trigger to 2025-04-06 00:00:00+00:00, run_after=2025-04-06 04:00:00+00:00
[2025-04-06T07:43:52.672+0000] {processor.py:208} INFO - Processing /home/airflow/.local/lib/python3.12/site-packages/airflow/example_dags/example_latest_only_with_trigger.py took 0.038 seconds
