[2025-04-06T07:27:58.354+0000] {processor.py:186} INFO - Started process (PID=94) to work on /home/airflow/.local/lib/python3.12/site-packages/airflow/example_dags/example_branch_python_dop_operator_3.py
[2025-04-06T07:27:58.354+0000] {processor.py:914} INFO - Processing file /home/airflow/.local/lib/python3.12/site-packages/airflow/example_dags/example_branch_python_dop_operator_3.py for tasks to queue
[2025-04-06T07:27:58.355+0000] {logging_mixin.py:190} INFO - [2025-04-06T07:27:58.355+0000] {dagbag.py:588} INFO - Filling up the DagBag from /home/airflow/.local/lib/python3.12/site-packages/airflow/example_dags/example_branch_python_dop_operator_3.py
[2025-04-06T07:27:58.361+0000] {processor.py:925} INFO - DAG(s) 'example_branch_dop_operator_v3' retrieved from /home/airflow/.local/lib/python3.12/site-packages/airflow/example_dags/example_branch_python_dop_operator_3.py
[2025-04-06T07:27:58.418+0000] {logging_mixin.py:190} INFO - [2025-04-06T07:27:58.418+0000] {override.py:1912} INFO - Created Permission View: can delete on DAG:example_branch_dop_operator_v3
[2025-04-06T07:27:58.423+0000] {logging_mixin.py:190} INFO - [2025-04-06T07:27:58.423+0000] {override.py:1912} INFO - Created Permission View: can read on DAG:example_branch_dop_operator_v3
[2025-04-06T07:27:58.427+0000] {logging_mixin.py:190} INFO - [2025-04-06T07:27:58.427+0000] {override.py:1912} INFO - Created Permission View: can edit on DAG:example_branch_dop_operator_v3
[2025-04-06T07:27:58.431+0000] {logging_mixin.py:190} INFO - [2025-04-06T07:27:58.431+0000] {override.py:1912} INFO - Created Permission View: can delete on DAG Run:example_branch_dop_operator_v3
[2025-04-06T07:27:58.435+0000] {logging_mixin.py:190} INFO - [2025-04-06T07:27:58.435+0000] {override.py:1912} INFO - Created Permission View: can read on DAG Run:example_branch_dop_operator_v3
[2025-04-06T07:27:58.439+0000] {logging_mixin.py:190} INFO - [2025-04-06T07:27:58.438+0000] {override.py:1912} INFO - Created Permission View: can create on DAG Run:example_branch_dop_operator_v3
[2025-04-06T07:27:58.442+0000] {logging_mixin.py:190} INFO - [2025-04-06T07:27:58.442+0000] {override.py:1912} INFO - Created Permission View: menu access on DAG Run:example_branch_dop_operator_v3
[2025-04-06T07:27:58.443+0000] {logging_mixin.py:190} INFO - [2025-04-06T07:27:58.442+0000] {dag.py:3239} INFO - Sync 1 DAGs
[2025-04-06T07:27:58.448+0000] {logging_mixin.py:190} INFO - [2025-04-06T07:27:58.448+0000] {dag.py:3262} INFO - Creating ORM DAG for example_branch_dop_operator_v3
[2025-04-06T07:27:58.454+0000] {logging_mixin.py:190} INFO - [2025-04-06T07:27:58.454+0000] {dag.py:4180} INFO - Setting next_dagrun for example_branch_dop_operator_v3 to 2025-04-06 07:26:00+00:00, run_after=2025-04-06 07:27:00+00:00
[2025-04-06T07:27:58.462+0000] {processor.py:208} INFO - Processing /home/airflow/.local/lib/python3.12/site-packages/airflow/example_dags/example_branch_python_dop_operator_3.py took 0.112 seconds
[2025-04-06T07:28:29.384+0000] {processor.py:186} INFO - Started process (PID=157) to work on /home/airflow/.local/lib/python3.12/site-packages/airflow/example_dags/example_branch_python_dop_operator_3.py
[2025-04-06T07:28:29.384+0000] {processor.py:914} INFO - Processing file /home/airflow/.local/lib/python3.12/site-packages/airflow/example_dags/example_branch_python_dop_operator_3.py for tasks to queue
[2025-04-06T07:28:29.385+0000] {logging_mixin.py:190} INFO - [2025-04-06T07:28:29.385+0000] {dagbag.py:588} INFO - Filling up the DagBag from /home/airflow/.local/lib/python3.12/site-packages/airflow/example_dags/example_branch_python_dop_operator_3.py
[2025-04-06T07:28:29.391+0000] {processor.py:925} INFO - DAG(s) 'example_branch_dop_operator_v3' retrieved from /home/airflow/.local/lib/python3.12/site-packages/airflow/example_dags/example_branch_python_dop_operator_3.py
[2025-04-06T07:28:29.401+0000] {logging_mixin.py:190} INFO - [2025-04-06T07:28:29.400+0000] {dag.py:3239} INFO - Sync 1 DAGs
[2025-04-06T07:28:29.414+0000] {logging_mixin.py:190} INFO - [2025-04-06T07:28:29.414+0000] {dag.py:4180} INFO - Setting next_dagrun for example_branch_dop_operator_v3 to 2025-04-06 07:27:00+00:00, run_after=2025-04-06 07:28:00+00:00
[2025-04-06T07:28:29.423+0000] {processor.py:208} INFO - Processing /home/airflow/.local/lib/python3.12/site-packages/airflow/example_dags/example_branch_python_dop_operator_3.py took 0.042 seconds
[2025-04-06T07:28:59.651+0000] {processor.py:186} INFO - Started process (PID=220) to work on /home/airflow/.local/lib/python3.12/site-packages/airflow/example_dags/example_branch_python_dop_operator_3.py
[2025-04-06T07:28:59.652+0000] {processor.py:914} INFO - Processing file /home/airflow/.local/lib/python3.12/site-packages/airflow/example_dags/example_branch_python_dop_operator_3.py for tasks to queue
[2025-04-06T07:28:59.653+0000] {logging_mixin.py:190} INFO - [2025-04-06T07:28:59.653+0000] {dagbag.py:588} INFO - Filling up the DagBag from /home/airflow/.local/lib/python3.12/site-packages/airflow/example_dags/example_branch_python_dop_operator_3.py
[2025-04-06T07:28:59.658+0000] {processor.py:925} INFO - DAG(s) 'example_branch_dop_operator_v3' retrieved from /home/airflow/.local/lib/python3.12/site-packages/airflow/example_dags/example_branch_python_dop_operator_3.py
[2025-04-06T07:28:59.670+0000] {logging_mixin.py:190} INFO - [2025-04-06T07:28:59.670+0000] {dag.py:3239} INFO - Sync 1 DAGs
[2025-04-06T07:28:59.683+0000] {logging_mixin.py:190} INFO - [2025-04-06T07:28:59.683+0000] {dag.py:4180} INFO - Setting next_dagrun for example_branch_dop_operator_v3 to 2025-04-06 07:27:00+00:00, run_after=2025-04-06 07:28:00+00:00
[2025-04-06T07:28:59.693+0000] {processor.py:208} INFO - Processing /home/airflow/.local/lib/python3.12/site-packages/airflow/example_dags/example_branch_python_dop_operator_3.py took 0.044 seconds
[2025-04-06T07:29:30.882+0000] {processor.py:186} INFO - Started process (PID=282) to work on /home/airflow/.local/lib/python3.12/site-packages/airflow/example_dags/example_branch_python_dop_operator_3.py
[2025-04-06T07:29:30.883+0000] {processor.py:914} INFO - Processing file /home/airflow/.local/lib/python3.12/site-packages/airflow/example_dags/example_branch_python_dop_operator_3.py for tasks to queue
[2025-04-06T07:29:30.884+0000] {logging_mixin.py:190} INFO - [2025-04-06T07:29:30.884+0000] {dagbag.py:588} INFO - Filling up the DagBag from /home/airflow/.local/lib/python3.12/site-packages/airflow/example_dags/example_branch_python_dop_operator_3.py
[2025-04-06T07:29:30.889+0000] {processor.py:925} INFO - DAG(s) 'example_branch_dop_operator_v3' retrieved from /home/airflow/.local/lib/python3.12/site-packages/airflow/example_dags/example_branch_python_dop_operator_3.py
[2025-04-06T07:29:30.899+0000] {logging_mixin.py:190} INFO - [2025-04-06T07:29:30.899+0000] {dag.py:3239} INFO - Sync 1 DAGs
[2025-04-06T07:29:30.913+0000] {logging_mixin.py:190} INFO - [2025-04-06T07:29:30.913+0000] {dag.py:4180} INFO - Setting next_dagrun for example_branch_dop_operator_v3 to 2025-04-06 07:28:00+00:00, run_after=2025-04-06 07:29:00+00:00
[2025-04-06T07:29:30.923+0000] {processor.py:208} INFO - Processing /home/airflow/.local/lib/python3.12/site-packages/airflow/example_dags/example_branch_python_dop_operator_3.py took 0.043 seconds
[2025-04-06T07:30:01.678+0000] {processor.py:186} INFO - Started process (PID=345) to work on /home/airflow/.local/lib/python3.12/site-packages/airflow/example_dags/example_branch_python_dop_operator_3.py
[2025-04-06T07:30:01.678+0000] {processor.py:914} INFO - Processing file /home/airflow/.local/lib/python3.12/site-packages/airflow/example_dags/example_branch_python_dop_operator_3.py for tasks to queue
[2025-04-06T07:30:01.680+0000] {logging_mixin.py:190} INFO - [2025-04-06T07:30:01.679+0000] {dagbag.py:588} INFO - Filling up the DagBag from /home/airflow/.local/lib/python3.12/site-packages/airflow/example_dags/example_branch_python_dop_operator_3.py
[2025-04-06T07:30:01.685+0000] {processor.py:925} INFO - DAG(s) 'example_branch_dop_operator_v3' retrieved from /home/airflow/.local/lib/python3.12/site-packages/airflow/example_dags/example_branch_python_dop_operator_3.py
[2025-04-06T07:30:01.694+0000] {logging_mixin.py:190} INFO - [2025-04-06T07:30:01.694+0000] {dag.py:3239} INFO - Sync 1 DAGs
[2025-04-06T07:30:01.708+0000] {logging_mixin.py:190} INFO - [2025-04-06T07:30:01.708+0000] {dag.py:4180} INFO - Setting next_dagrun for example_branch_dop_operator_v3 to 2025-04-06 07:29:00+00:00, run_after=2025-04-06 07:30:00+00:00
[2025-04-06T07:30:01.717+0000] {processor.py:208} INFO - Processing /home/airflow/.local/lib/python3.12/site-packages/airflow/example_dags/example_branch_python_dop_operator_3.py took 0.043 seconds
[2025-04-06T07:30:32.498+0000] {processor.py:186} INFO - Started process (PID=408) to work on /home/airflow/.local/lib/python3.12/site-packages/airflow/example_dags/example_branch_python_dop_operator_3.py
[2025-04-06T07:30:32.499+0000] {processor.py:914} INFO - Processing file /home/airflow/.local/lib/python3.12/site-packages/airflow/example_dags/example_branch_python_dop_operator_3.py for tasks to queue
[2025-04-06T07:30:32.500+0000] {logging_mixin.py:190} INFO - [2025-04-06T07:30:32.500+0000] {dagbag.py:588} INFO - Filling up the DagBag from /home/airflow/.local/lib/python3.12/site-packages/airflow/example_dags/example_branch_python_dop_operator_3.py
[2025-04-06T07:30:32.507+0000] {processor.py:925} INFO - DAG(s) 'example_branch_dop_operator_v3' retrieved from /home/airflow/.local/lib/python3.12/site-packages/airflow/example_dags/example_branch_python_dop_operator_3.py
[2025-04-06T07:30:32.517+0000] {logging_mixin.py:190} INFO - [2025-04-06T07:30:32.517+0000] {dag.py:3239} INFO - Sync 1 DAGs
[2025-04-06T07:30:32.533+0000] {logging_mixin.py:190} INFO - [2025-04-06T07:30:32.533+0000] {dag.py:4180} INFO - Setting next_dagrun for example_branch_dop_operator_v3 to 2025-04-06 07:29:00+00:00, run_after=2025-04-06 07:30:00+00:00
[2025-04-06T07:30:32.544+0000] {processor.py:208} INFO - Processing /home/airflow/.local/lib/python3.12/site-packages/airflow/example_dags/example_branch_python_dop_operator_3.py took 0.049 seconds
[2025-04-06T07:31:03.195+0000] {processor.py:186} INFO - Started process (PID=471) to work on /home/airflow/.local/lib/python3.12/site-packages/airflow/example_dags/example_branch_python_dop_operator_3.py
[2025-04-06T07:31:03.195+0000] {processor.py:914} INFO - Processing file /home/airflow/.local/lib/python3.12/site-packages/airflow/example_dags/example_branch_python_dop_operator_3.py for tasks to queue
[2025-04-06T07:31:03.196+0000] {logging_mixin.py:190} INFO - [2025-04-06T07:31:03.196+0000] {dagbag.py:588} INFO - Filling up the DagBag from /home/airflow/.local/lib/python3.12/site-packages/airflow/example_dags/example_branch_python_dop_operator_3.py
[2025-04-06T07:31:03.202+0000] {processor.py:925} INFO - DAG(s) 'example_branch_dop_operator_v3' retrieved from /home/airflow/.local/lib/python3.12/site-packages/airflow/example_dags/example_branch_python_dop_operator_3.py
[2025-04-06T07:31:03.211+0000] {logging_mixin.py:190} INFO - [2025-04-06T07:31:03.211+0000] {dag.py:3239} INFO - Sync 1 DAGs
[2025-04-06T07:31:03.224+0000] {logging_mixin.py:190} INFO - [2025-04-06T07:31:03.224+0000] {dag.py:4180} INFO - Setting next_dagrun for example_branch_dop_operator_v3 to 2025-04-06 07:30:00+00:00, run_after=2025-04-06 07:31:00+00:00
[2025-04-06T07:31:03.234+0000] {processor.py:208} INFO - Processing /home/airflow/.local/lib/python3.12/site-packages/airflow/example_dags/example_branch_python_dop_operator_3.py took 0.042 seconds
[2025-04-06T07:31:34.004+0000] {processor.py:186} INFO - Started process (PID=534) to work on /home/airflow/.local/lib/python3.12/site-packages/airflow/example_dags/example_branch_python_dop_operator_3.py
[2025-04-06T07:31:34.004+0000] {processor.py:914} INFO - Processing file /home/airflow/.local/lib/python3.12/site-packages/airflow/example_dags/example_branch_python_dop_operator_3.py for tasks to queue
[2025-04-06T07:31:34.005+0000] {logging_mixin.py:190} INFO - [2025-04-06T07:31:34.005+0000] {dagbag.py:588} INFO - Filling up the DagBag from /home/airflow/.local/lib/python3.12/site-packages/airflow/example_dags/example_branch_python_dop_operator_3.py
[2025-04-06T07:31:34.010+0000] {processor.py:925} INFO - DAG(s) 'example_branch_dop_operator_v3' retrieved from /home/airflow/.local/lib/python3.12/site-packages/airflow/example_dags/example_branch_python_dop_operator_3.py
[2025-04-06T07:31:34.021+0000] {logging_mixin.py:190} INFO - [2025-04-06T07:31:34.020+0000] {dag.py:3239} INFO - Sync 1 DAGs
[2025-04-06T07:31:34.033+0000] {logging_mixin.py:190} INFO - [2025-04-06T07:31:34.033+0000] {dag.py:4180} INFO - Setting next_dagrun for example_branch_dop_operator_v3 to 2025-04-06 07:30:00+00:00, run_after=2025-04-06 07:31:00+00:00
[2025-04-06T07:31:34.044+0000] {processor.py:208} INFO - Processing /home/airflow/.local/lib/python3.12/site-packages/airflow/example_dags/example_branch_python_dop_operator_3.py took 0.043 seconds
[2025-04-06T07:32:04.634+0000] {processor.py:186} INFO - Started process (PID=597) to work on /home/airflow/.local/lib/python3.12/site-packages/airflow/example_dags/example_branch_python_dop_operator_3.py
[2025-04-06T07:32:04.634+0000] {processor.py:914} INFO - Processing file /home/airflow/.local/lib/python3.12/site-packages/airflow/example_dags/example_branch_python_dop_operator_3.py for tasks to queue
[2025-04-06T07:32:04.636+0000] {logging_mixin.py:190} INFO - [2025-04-06T07:32:04.635+0000] {dagbag.py:588} INFO - Filling up the DagBag from /home/airflow/.local/lib/python3.12/site-packages/airflow/example_dags/example_branch_python_dop_operator_3.py
[2025-04-06T07:32:04.641+0000] {processor.py:925} INFO - DAG(s) 'example_branch_dop_operator_v3' retrieved from /home/airflow/.local/lib/python3.12/site-packages/airflow/example_dags/example_branch_python_dop_operator_3.py
[2025-04-06T07:32:04.651+0000] {logging_mixin.py:190} INFO - [2025-04-06T07:32:04.651+0000] {dag.py:3239} INFO - Sync 1 DAGs
[2025-04-06T07:32:04.664+0000] {logging_mixin.py:190} INFO - [2025-04-06T07:32:04.664+0000] {dag.py:4180} INFO - Setting next_dagrun for example_branch_dop_operator_v3 to 2025-04-06 07:31:00+00:00, run_after=2025-04-06 07:32:00+00:00
[2025-04-06T07:32:04.673+0000] {processor.py:208} INFO - Processing /home/airflow/.local/lib/python3.12/site-packages/airflow/example_dags/example_branch_python_dop_operator_3.py took 0.042 seconds
[2025-04-06T07:32:35.427+0000] {processor.py:186} INFO - Started process (PID=660) to work on /home/airflow/.local/lib/python3.12/site-packages/airflow/example_dags/example_branch_python_dop_operator_3.py
[2025-04-06T07:32:35.427+0000] {processor.py:914} INFO - Processing file /home/airflow/.local/lib/python3.12/site-packages/airflow/example_dags/example_branch_python_dop_operator_3.py for tasks to queue
[2025-04-06T07:32:35.428+0000] {logging_mixin.py:190} INFO - [2025-04-06T07:32:35.428+0000] {dagbag.py:588} INFO - Filling up the DagBag from /home/airflow/.local/lib/python3.12/site-packages/airflow/example_dags/example_branch_python_dop_operator_3.py
[2025-04-06T07:32:35.434+0000] {processor.py:925} INFO - DAG(s) 'example_branch_dop_operator_v3' retrieved from /home/airflow/.local/lib/python3.12/site-packages/airflow/example_dags/example_branch_python_dop_operator_3.py
[2025-04-06T07:32:35.444+0000] {logging_mixin.py:190} INFO - [2025-04-06T07:32:35.444+0000] {dag.py:3239} INFO - Sync 1 DAGs
[2025-04-06T07:32:35.456+0000] {logging_mixin.py:190} INFO - [2025-04-06T07:32:35.456+0000] {dag.py:4180} INFO - Setting next_dagrun for example_branch_dop_operator_v3 to 2025-04-06 07:31:00+00:00, run_after=2025-04-06 07:32:00+00:00
[2025-04-06T07:32:35.466+0000] {processor.py:208} INFO - Processing /home/airflow/.local/lib/python3.12/site-packages/airflow/example_dags/example_branch_python_dop_operator_3.py took 0.042 seconds
[2025-04-06T07:33:05.838+0000] {processor.py:186} INFO - Started process (PID=723) to work on /home/airflow/.local/lib/python3.12/site-packages/airflow/example_dags/example_branch_python_dop_operator_3.py
[2025-04-06T07:33:05.838+0000] {processor.py:914} INFO - Processing file /home/airflow/.local/lib/python3.12/site-packages/airflow/example_dags/example_branch_python_dop_operator_3.py for tasks to queue
[2025-04-06T07:33:05.839+0000] {logging_mixin.py:190} INFO - [2025-04-06T07:33:05.839+0000] {dagbag.py:588} INFO - Filling up the DagBag from /home/airflow/.local/lib/python3.12/site-packages/airflow/example_dags/example_branch_python_dop_operator_3.py
[2025-04-06T07:33:05.844+0000] {processor.py:925} INFO - DAG(s) 'example_branch_dop_operator_v3' retrieved from /home/airflow/.local/lib/python3.12/site-packages/airflow/example_dags/example_branch_python_dop_operator_3.py
[2025-04-06T07:33:05.855+0000] {logging_mixin.py:190} INFO - [2025-04-06T07:33:05.854+0000] {dag.py:3239} INFO - Sync 1 DAGs
[2025-04-06T07:33:05.867+0000] {logging_mixin.py:190} INFO - [2025-04-06T07:33:05.867+0000] {dag.py:4180} INFO - Setting next_dagrun for example_branch_dop_operator_v3 to 2025-04-06 07:32:00+00:00, run_after=2025-04-06 07:33:00+00:00
[2025-04-06T07:33:05.878+0000] {processor.py:208} INFO - Processing /home/airflow/.local/lib/python3.12/site-packages/airflow/example_dags/example_branch_python_dop_operator_3.py took 0.043 seconds
[2025-04-06T07:33:36.547+0000] {processor.py:186} INFO - Started process (PID=792) to work on /home/airflow/.local/lib/python3.12/site-packages/airflow/example_dags/example_branch_python_dop_operator_3.py
[2025-04-06T07:33:36.547+0000] {processor.py:914} INFO - Processing file /home/airflow/.local/lib/python3.12/site-packages/airflow/example_dags/example_branch_python_dop_operator_3.py for tasks to queue
[2025-04-06T07:33:36.549+0000] {logging_mixin.py:190} INFO - [2025-04-06T07:33:36.548+0000] {dagbag.py:588} INFO - Filling up the DagBag from /home/airflow/.local/lib/python3.12/site-packages/airflow/example_dags/example_branch_python_dop_operator_3.py
[2025-04-06T07:33:36.554+0000] {processor.py:925} INFO - DAG(s) 'example_branch_dop_operator_v3' retrieved from /home/airflow/.local/lib/python3.12/site-packages/airflow/example_dags/example_branch_python_dop_operator_3.py
[2025-04-06T07:33:36.563+0000] {logging_mixin.py:190} INFO - [2025-04-06T07:33:36.563+0000] {dag.py:3239} INFO - Sync 1 DAGs
[2025-04-06T07:33:36.576+0000] {logging_mixin.py:190} INFO - [2025-04-06T07:33:36.576+0000] {dag.py:4180} INFO - Setting next_dagrun for example_branch_dop_operator_v3 to 2025-04-06 07:32:00+00:00, run_after=2025-04-06 07:33:00+00:00
[2025-04-06T07:33:36.586+0000] {processor.py:208} INFO - Processing /home/airflow/.local/lib/python3.12/site-packages/airflow/example_dags/example_branch_python_dop_operator_3.py took 0.042 seconds
[2025-04-06T07:34:07.170+0000] {processor.py:186} INFO - Started process (PID=855) to work on /home/airflow/.local/lib/python3.12/site-packages/airflow/example_dags/example_branch_python_dop_operator_3.py
[2025-04-06T07:34:07.171+0000] {processor.py:914} INFO - Processing file /home/airflow/.local/lib/python3.12/site-packages/airflow/example_dags/example_branch_python_dop_operator_3.py for tasks to queue
[2025-04-06T07:34:07.172+0000] {logging_mixin.py:190} INFO - [2025-04-06T07:34:07.172+0000] {dagbag.py:588} INFO - Filling up the DagBag from /home/airflow/.local/lib/python3.12/site-packages/airflow/example_dags/example_branch_python_dop_operator_3.py
[2025-04-06T07:34:07.177+0000] {processor.py:925} INFO - DAG(s) 'example_branch_dop_operator_v3' retrieved from /home/airflow/.local/lib/python3.12/site-packages/airflow/example_dags/example_branch_python_dop_operator_3.py
[2025-04-06T07:34:07.187+0000] {logging_mixin.py:190} INFO - [2025-04-06T07:34:07.187+0000] {dag.py:3239} INFO - Sync 1 DAGs
[2025-04-06T07:34:07.199+0000] {logging_mixin.py:190} INFO - [2025-04-06T07:34:07.199+0000] {dag.py:4180} INFO - Setting next_dagrun for example_branch_dop_operator_v3 to 2025-04-06 07:33:00+00:00, run_after=2025-04-06 07:34:00+00:00
[2025-04-06T07:34:07.208+0000] {processor.py:208} INFO - Processing /home/airflow/.local/lib/python3.12/site-packages/airflow/example_dags/example_branch_python_dop_operator_3.py took 0.041 seconds
[2025-04-06T07:34:37.803+0000] {processor.py:186} INFO - Started process (PID=919) to work on /home/airflow/.local/lib/python3.12/site-packages/airflow/example_dags/example_branch_python_dop_operator_3.py
[2025-04-06T07:34:37.803+0000] {processor.py:914} INFO - Processing file /home/airflow/.local/lib/python3.12/site-packages/airflow/example_dags/example_branch_python_dop_operator_3.py for tasks to queue
[2025-04-06T07:34:37.804+0000] {logging_mixin.py:190} INFO - [2025-04-06T07:34:37.804+0000] {dagbag.py:588} INFO - Filling up the DagBag from /home/airflow/.local/lib/python3.12/site-packages/airflow/example_dags/example_branch_python_dop_operator_3.py
[2025-04-06T07:34:37.810+0000] {processor.py:925} INFO - DAG(s) 'example_branch_dop_operator_v3' retrieved from /home/airflow/.local/lib/python3.12/site-packages/airflow/example_dags/example_branch_python_dop_operator_3.py
[2025-04-06T07:34:37.821+0000] {logging_mixin.py:190} INFO - [2025-04-06T07:34:37.821+0000] {dag.py:3239} INFO - Sync 1 DAGs
[2025-04-06T07:34:37.835+0000] {logging_mixin.py:190} INFO - [2025-04-06T07:34:37.835+0000] {dag.py:4180} INFO - Setting next_dagrun for example_branch_dop_operator_v3 to 2025-04-06 07:33:00+00:00, run_after=2025-04-06 07:34:00+00:00
[2025-04-06T07:34:37.845+0000] {processor.py:208} INFO - Processing /home/airflow/.local/lib/python3.12/site-packages/airflow/example_dags/example_branch_python_dop_operator_3.py took 0.046 seconds
[2025-04-06T07:35:08.360+0000] {processor.py:186} INFO - Started process (PID=982) to work on /home/airflow/.local/lib/python3.12/site-packages/airflow/example_dags/example_branch_python_dop_operator_3.py
[2025-04-06T07:35:08.360+0000] {processor.py:914} INFO - Processing file /home/airflow/.local/lib/python3.12/site-packages/airflow/example_dags/example_branch_python_dop_operator_3.py for tasks to queue
[2025-04-06T07:35:08.362+0000] {logging_mixin.py:190} INFO - [2025-04-06T07:35:08.361+0000] {dagbag.py:588} INFO - Filling up the DagBag from /home/airflow/.local/lib/python3.12/site-packages/airflow/example_dags/example_branch_python_dop_operator_3.py
[2025-04-06T07:35:08.367+0000] {processor.py:925} INFO - DAG(s) 'example_branch_dop_operator_v3' retrieved from /home/airflow/.local/lib/python3.12/site-packages/airflow/example_dags/example_branch_python_dop_operator_3.py
[2025-04-06T07:35:08.377+0000] {logging_mixin.py:190} INFO - [2025-04-06T07:35:08.377+0000] {dag.py:3239} INFO - Sync 1 DAGs
[2025-04-06T07:35:08.390+0000] {logging_mixin.py:190} INFO - [2025-04-06T07:35:08.390+0000] {dag.py:4180} INFO - Setting next_dagrun for example_branch_dop_operator_v3 to 2025-04-06 07:34:00+00:00, run_after=2025-04-06 07:35:00+00:00
[2025-04-06T07:35:08.401+0000] {processor.py:208} INFO - Processing /home/airflow/.local/lib/python3.12/site-packages/airflow/example_dags/example_branch_python_dop_operator_3.py took 0.044 seconds
[2025-04-06T07:35:38.794+0000] {processor.py:186} INFO - Started process (PID=1045) to work on /home/airflow/.local/lib/python3.12/site-packages/airflow/example_dags/example_branch_python_dop_operator_3.py
[2025-04-06T07:35:38.794+0000] {processor.py:914} INFO - Processing file /home/airflow/.local/lib/python3.12/site-packages/airflow/example_dags/example_branch_python_dop_operator_3.py for tasks to queue
[2025-04-06T07:35:38.795+0000] {logging_mixin.py:190} INFO - [2025-04-06T07:35:38.795+0000] {dagbag.py:588} INFO - Filling up the DagBag from /home/airflow/.local/lib/python3.12/site-packages/airflow/example_dags/example_branch_python_dop_operator_3.py
[2025-04-06T07:35:38.802+0000] {processor.py:925} INFO - DAG(s) 'example_branch_dop_operator_v3' retrieved from /home/airflow/.local/lib/python3.12/site-packages/airflow/example_dags/example_branch_python_dop_operator_3.py
[2025-04-06T07:35:38.813+0000] {logging_mixin.py:190} INFO - [2025-04-06T07:35:38.813+0000] {dag.py:3239} INFO - Sync 1 DAGs
[2025-04-06T07:35:38.827+0000] {logging_mixin.py:190} INFO - [2025-04-06T07:35:38.827+0000] {dag.py:4180} INFO - Setting next_dagrun for example_branch_dop_operator_v3 to 2025-04-06 07:34:00+00:00, run_after=2025-04-06 07:35:00+00:00
[2025-04-06T07:35:38.838+0000] {processor.py:208} INFO - Processing /home/airflow/.local/lib/python3.12/site-packages/airflow/example_dags/example_branch_python_dop_operator_3.py took 0.047 seconds
[2025-04-06T07:36:09.309+0000] {processor.py:186} INFO - Started process (PID=1107) to work on /home/airflow/.local/lib/python3.12/site-packages/airflow/example_dags/example_branch_python_dop_operator_3.py
[2025-04-06T07:36:09.309+0000] {processor.py:914} INFO - Processing file /home/airflow/.local/lib/python3.12/site-packages/airflow/example_dags/example_branch_python_dop_operator_3.py for tasks to queue
[2025-04-06T07:36:09.310+0000] {logging_mixin.py:190} INFO - [2025-04-06T07:36:09.310+0000] {dagbag.py:588} INFO - Filling up the DagBag from /home/airflow/.local/lib/python3.12/site-packages/airflow/example_dags/example_branch_python_dop_operator_3.py
[2025-04-06T07:36:09.316+0000] {processor.py:925} INFO - DAG(s) 'example_branch_dop_operator_v3' retrieved from /home/airflow/.local/lib/python3.12/site-packages/airflow/example_dags/example_branch_python_dop_operator_3.py
[2025-04-06T07:36:09.326+0000] {logging_mixin.py:190} INFO - [2025-04-06T07:36:09.326+0000] {dag.py:3239} INFO - Sync 1 DAGs
[2025-04-06T07:36:09.339+0000] {logging_mixin.py:190} INFO - [2025-04-06T07:36:09.339+0000] {dag.py:4180} INFO - Setting next_dagrun for example_branch_dop_operator_v3 to 2025-04-06 07:35:00+00:00, run_after=2025-04-06 07:36:00+00:00
[2025-04-06T07:36:09.349+0000] {processor.py:208} INFO - Processing /home/airflow/.local/lib/python3.12/site-packages/airflow/example_dags/example_branch_python_dop_operator_3.py took 0.043 seconds
[2025-04-06T07:36:39.933+0000] {processor.py:186} INFO - Started process (PID=1170) to work on /home/airflow/.local/lib/python3.12/site-packages/airflow/example_dags/example_branch_python_dop_operator_3.py
[2025-04-06T07:36:39.933+0000] {processor.py:914} INFO - Processing file /home/airflow/.local/lib/python3.12/site-packages/airflow/example_dags/example_branch_python_dop_operator_3.py for tasks to queue
[2025-04-06T07:36:39.934+0000] {logging_mixin.py:190} INFO - [2025-04-06T07:36:39.934+0000] {dagbag.py:588} INFO - Filling up the DagBag from /home/airflow/.local/lib/python3.12/site-packages/airflow/example_dags/example_branch_python_dop_operator_3.py
[2025-04-06T07:36:39.939+0000] {processor.py:925} INFO - DAG(s) 'example_branch_dop_operator_v3' retrieved from /home/airflow/.local/lib/python3.12/site-packages/airflow/example_dags/example_branch_python_dop_operator_3.py
[2025-04-06T07:36:39.949+0000] {logging_mixin.py:190} INFO - [2025-04-06T07:36:39.949+0000] {dag.py:3239} INFO - Sync 1 DAGs
[2025-04-06T07:36:39.961+0000] {logging_mixin.py:190} INFO - [2025-04-06T07:36:39.961+0000] {dag.py:4180} INFO - Setting next_dagrun for example_branch_dop_operator_v3 to 2025-04-06 07:35:00+00:00, run_after=2025-04-06 07:36:00+00:00
[2025-04-06T07:36:39.971+0000] {processor.py:208} INFO - Processing /home/airflow/.local/lib/python3.12/site-packages/airflow/example_dags/example_branch_python_dop_operator_3.py took 0.041 seconds
[2025-04-06T07:37:11.048+0000] {processor.py:186} INFO - Started process (PID=1234) to work on /home/airflow/.local/lib/python3.12/site-packages/airflow/example_dags/example_branch_python_dop_operator_3.py
[2025-04-06T07:37:11.049+0000] {processor.py:914} INFO - Processing file /home/airflow/.local/lib/python3.12/site-packages/airflow/example_dags/example_branch_python_dop_operator_3.py for tasks to queue
[2025-04-06T07:37:11.050+0000] {logging_mixin.py:190} INFO - [2025-04-06T07:37:11.050+0000] {dagbag.py:588} INFO - Filling up the DagBag from /home/airflow/.local/lib/python3.12/site-packages/airflow/example_dags/example_branch_python_dop_operator_3.py
[2025-04-06T07:37:11.055+0000] {processor.py:925} INFO - DAG(s) 'example_branch_dop_operator_v3' retrieved from /home/airflow/.local/lib/python3.12/site-packages/airflow/example_dags/example_branch_python_dop_operator_3.py
[2025-04-06T07:37:11.065+0000] {logging_mixin.py:190} INFO - [2025-04-06T07:37:11.065+0000] {dag.py:3239} INFO - Sync 1 DAGs
[2025-04-06T07:37:11.078+0000] {logging_mixin.py:190} INFO - [2025-04-06T07:37:11.078+0000] {dag.py:4180} INFO - Setting next_dagrun for example_branch_dop_operator_v3 to 2025-04-06 07:36:00+00:00, run_after=2025-04-06 07:37:00+00:00
[2025-04-06T07:37:11.088+0000] {processor.py:208} INFO - Processing /home/airflow/.local/lib/python3.12/site-packages/airflow/example_dags/example_branch_python_dop_operator_3.py took 0.043 seconds
[2025-04-06T07:37:41.775+0000] {processor.py:186} INFO - Started process (PID=1297) to work on /home/airflow/.local/lib/python3.12/site-packages/airflow/example_dags/example_branch_python_dop_operator_3.py
[2025-04-06T07:37:41.776+0000] {processor.py:914} INFO - Processing file /home/airflow/.local/lib/python3.12/site-packages/airflow/example_dags/example_branch_python_dop_operator_3.py for tasks to queue
[2025-04-06T07:37:41.777+0000] {logging_mixin.py:190} INFO - [2025-04-06T07:37:41.777+0000] {dagbag.py:588} INFO - Filling up the DagBag from /home/airflow/.local/lib/python3.12/site-packages/airflow/example_dags/example_branch_python_dop_operator_3.py
[2025-04-06T07:37:41.782+0000] {processor.py:925} INFO - DAG(s) 'example_branch_dop_operator_v3' retrieved from /home/airflow/.local/lib/python3.12/site-packages/airflow/example_dags/example_branch_python_dop_operator_3.py
[2025-04-06T07:37:41.792+0000] {logging_mixin.py:190} INFO - [2025-04-06T07:37:41.792+0000] {dag.py:3239} INFO - Sync 1 DAGs
[2025-04-06T07:37:41.805+0000] {logging_mixin.py:190} INFO - [2025-04-06T07:37:41.805+0000] {dag.py:4180} INFO - Setting next_dagrun for example_branch_dop_operator_v3 to 2025-04-06 07:36:00+00:00, run_after=2025-04-06 07:37:00+00:00
[2025-04-06T07:37:41.814+0000] {processor.py:208} INFO - Processing /home/airflow/.local/lib/python3.12/site-packages/airflow/example_dags/example_branch_python_dop_operator_3.py took 0.041 seconds
[2025-04-06T07:38:12.784+0000] {processor.py:186} INFO - Started process (PID=1360) to work on /home/airflow/.local/lib/python3.12/site-packages/airflow/example_dags/example_branch_python_dop_operator_3.py
[2025-04-06T07:38:12.784+0000] {processor.py:914} INFO - Processing file /home/airflow/.local/lib/python3.12/site-packages/airflow/example_dags/example_branch_python_dop_operator_3.py for tasks to queue
[2025-04-06T07:38:12.785+0000] {logging_mixin.py:190} INFO - [2025-04-06T07:38:12.785+0000] {dagbag.py:588} INFO - Filling up the DagBag from /home/airflow/.local/lib/python3.12/site-packages/airflow/example_dags/example_branch_python_dop_operator_3.py
[2025-04-06T07:38:12.790+0000] {processor.py:925} INFO - DAG(s) 'example_branch_dop_operator_v3' retrieved from /home/airflow/.local/lib/python3.12/site-packages/airflow/example_dags/example_branch_python_dop_operator_3.py
[2025-04-06T07:38:12.800+0000] {logging_mixin.py:190} INFO - [2025-04-06T07:38:12.799+0000] {dag.py:3239} INFO - Sync 1 DAGs
[2025-04-06T07:38:12.812+0000] {logging_mixin.py:190} INFO - [2025-04-06T07:38:12.812+0000] {dag.py:4180} INFO - Setting next_dagrun for example_branch_dop_operator_v3 to 2025-04-06 07:37:00+00:00, run_after=2025-04-06 07:38:00+00:00
[2025-04-06T07:38:12.822+0000] {processor.py:208} INFO - Processing /home/airflow/.local/lib/python3.12/site-packages/airflow/example_dags/example_branch_python_dop_operator_3.py took 0.041 seconds
[2025-04-06T07:38:43.755+0000] {processor.py:186} INFO - Started process (PID=1423) to work on /home/airflow/.local/lib/python3.12/site-packages/airflow/example_dags/example_branch_python_dop_operator_3.py
[2025-04-06T07:38:43.756+0000] {processor.py:914} INFO - Processing file /home/airflow/.local/lib/python3.12/site-packages/airflow/example_dags/example_branch_python_dop_operator_3.py for tasks to queue
[2025-04-06T07:38:43.757+0000] {logging_mixin.py:190} INFO - [2025-04-06T07:38:43.757+0000] {dagbag.py:588} INFO - Filling up the DagBag from /home/airflow/.local/lib/python3.12/site-packages/airflow/example_dags/example_branch_python_dop_operator_3.py
[2025-04-06T07:38:43.763+0000] {processor.py:925} INFO - DAG(s) 'example_branch_dop_operator_v3' retrieved from /home/airflow/.local/lib/python3.12/site-packages/airflow/example_dags/example_branch_python_dop_operator_3.py
[2025-04-06T07:38:43.773+0000] {logging_mixin.py:190} INFO - [2025-04-06T07:38:43.772+0000] {dag.py:3239} INFO - Sync 1 DAGs
[2025-04-06T07:38:43.785+0000] {logging_mixin.py:190} INFO - [2025-04-06T07:38:43.785+0000] {dag.py:4180} INFO - Setting next_dagrun for example_branch_dop_operator_v3 to 2025-04-06 07:37:00+00:00, run_after=2025-04-06 07:38:00+00:00
[2025-04-06T07:38:43.795+0000] {processor.py:208} INFO - Processing /home/airflow/.local/lib/python3.12/site-packages/airflow/example_dags/example_branch_python_dop_operator_3.py took 0.043 seconds
[2025-04-06T07:39:14.653+0000] {processor.py:186} INFO - Started process (PID=1486) to work on /home/airflow/.local/lib/python3.12/site-packages/airflow/example_dags/example_branch_python_dop_operator_3.py
[2025-04-06T07:39:14.653+0000] {processor.py:914} INFO - Processing file /home/airflow/.local/lib/python3.12/site-packages/airflow/example_dags/example_branch_python_dop_operator_3.py for tasks to queue
[2025-04-06T07:39:14.654+0000] {logging_mixin.py:190} INFO - [2025-04-06T07:39:14.654+0000] {dagbag.py:588} INFO - Filling up the DagBag from /home/airflow/.local/lib/python3.12/site-packages/airflow/example_dags/example_branch_python_dop_operator_3.py
[2025-04-06T07:39:14.659+0000] {processor.py:925} INFO - DAG(s) 'example_branch_dop_operator_v3' retrieved from /home/airflow/.local/lib/python3.12/site-packages/airflow/example_dags/example_branch_python_dop_operator_3.py
[2025-04-06T07:39:14.669+0000] {logging_mixin.py:190} INFO - [2025-04-06T07:39:14.669+0000] {dag.py:3239} INFO - Sync 1 DAGs
[2025-04-06T07:39:14.683+0000] {logging_mixin.py:190} INFO - [2025-04-06T07:39:14.683+0000] {dag.py:4180} INFO - Setting next_dagrun for example_branch_dop_operator_v3 to 2025-04-06 07:38:00+00:00, run_after=2025-04-06 07:39:00+00:00
[2025-04-06T07:39:14.692+0000] {processor.py:208} INFO - Processing /home/airflow/.local/lib/python3.12/site-packages/airflow/example_dags/example_branch_python_dop_operator_3.py took 0.043 seconds
[2025-04-06T07:39:45.621+0000] {processor.py:186} INFO - Started process (PID=1555) to work on /home/airflow/.local/lib/python3.12/site-packages/airflow/example_dags/example_branch_python_dop_operator_3.py
[2025-04-06T07:39:45.621+0000] {processor.py:914} INFO - Processing file /home/airflow/.local/lib/python3.12/site-packages/airflow/example_dags/example_branch_python_dop_operator_3.py for tasks to queue
[2025-04-06T07:39:45.622+0000] {logging_mixin.py:190} INFO - [2025-04-06T07:39:45.622+0000] {dagbag.py:588} INFO - Filling up the DagBag from /home/airflow/.local/lib/python3.12/site-packages/airflow/example_dags/example_branch_python_dop_operator_3.py
[2025-04-06T07:39:45.628+0000] {processor.py:925} INFO - DAG(s) 'example_branch_dop_operator_v3' retrieved from /home/airflow/.local/lib/python3.12/site-packages/airflow/example_dags/example_branch_python_dop_operator_3.py
[2025-04-06T07:39:45.638+0000] {logging_mixin.py:190} INFO - [2025-04-06T07:39:45.638+0000] {dag.py:3239} INFO - Sync 1 DAGs
[2025-04-06T07:39:45.651+0000] {logging_mixin.py:190} INFO - [2025-04-06T07:39:45.651+0000] {dag.py:4180} INFO - Setting next_dagrun for example_branch_dop_operator_v3 to 2025-04-06 07:38:00+00:00, run_after=2025-04-06 07:39:00+00:00
[2025-04-06T07:39:45.661+0000] {processor.py:208} INFO - Processing /home/airflow/.local/lib/python3.12/site-packages/airflow/example_dags/example_branch_python_dop_operator_3.py took 0.043 seconds
[2025-04-06T07:40:16.261+0000] {processor.py:186} INFO - Started process (PID=1618) to work on /home/airflow/.local/lib/python3.12/site-packages/airflow/example_dags/example_branch_python_dop_operator_3.py
[2025-04-06T07:40:16.261+0000] {processor.py:914} INFO - Processing file /home/airflow/.local/lib/python3.12/site-packages/airflow/example_dags/example_branch_python_dop_operator_3.py for tasks to queue
[2025-04-06T07:40:16.262+0000] {logging_mixin.py:190} INFO - [2025-04-06T07:40:16.262+0000] {dagbag.py:588} INFO - Filling up the DagBag from /home/airflow/.local/lib/python3.12/site-packages/airflow/example_dags/example_branch_python_dop_operator_3.py
[2025-04-06T07:40:16.268+0000] {processor.py:925} INFO - DAG(s) 'example_branch_dop_operator_v3' retrieved from /home/airflow/.local/lib/python3.12/site-packages/airflow/example_dags/example_branch_python_dop_operator_3.py
[2025-04-06T07:40:16.278+0000] {logging_mixin.py:190} INFO - [2025-04-06T07:40:16.278+0000] {dag.py:3239} INFO - Sync 1 DAGs
[2025-04-06T07:40:16.291+0000] {logging_mixin.py:190} INFO - [2025-04-06T07:40:16.291+0000] {dag.py:4180} INFO - Setting next_dagrun for example_branch_dop_operator_v3 to 2025-04-06 07:39:00+00:00, run_after=2025-04-06 07:40:00+00:00
[2025-04-06T07:40:16.301+0000] {processor.py:208} INFO - Processing /home/airflow/.local/lib/python3.12/site-packages/airflow/example_dags/example_branch_python_dop_operator_3.py took 0.043 seconds
[2025-04-06T07:40:47.100+0000] {processor.py:186} INFO - Started process (PID=1681) to work on /home/airflow/.local/lib/python3.12/site-packages/airflow/example_dags/example_branch_python_dop_operator_3.py
[2025-04-06T07:40:47.101+0000] {processor.py:914} INFO - Processing file /home/airflow/.local/lib/python3.12/site-packages/airflow/example_dags/example_branch_python_dop_operator_3.py for tasks to queue
[2025-04-06T07:40:47.102+0000] {logging_mixin.py:190} INFO - [2025-04-06T07:40:47.102+0000] {dagbag.py:588} INFO - Filling up the DagBag from /home/airflow/.local/lib/python3.12/site-packages/airflow/example_dags/example_branch_python_dop_operator_3.py
[2025-04-06T07:40:47.107+0000] {processor.py:925} INFO - DAG(s) 'example_branch_dop_operator_v3' retrieved from /home/airflow/.local/lib/python3.12/site-packages/airflow/example_dags/example_branch_python_dop_operator_3.py
[2025-04-06T07:40:47.116+0000] {logging_mixin.py:190} INFO - [2025-04-06T07:40:47.116+0000] {dag.py:3239} INFO - Sync 1 DAGs
[2025-04-06T07:40:47.129+0000] {logging_mixin.py:190} INFO - [2025-04-06T07:40:47.129+0000] {dag.py:4180} INFO - Setting next_dagrun for example_branch_dop_operator_v3 to 2025-04-06 07:39:00+00:00, run_after=2025-04-06 07:40:00+00:00
[2025-04-06T07:40:47.138+0000] {processor.py:208} INFO - Processing /home/airflow/.local/lib/python3.12/site-packages/airflow/example_dags/example_branch_python_dop_operator_3.py took 0.041 seconds
[2025-04-06T07:41:18.460+0000] {processor.py:186} INFO - Started process (PID=1744) to work on /home/airflow/.local/lib/python3.12/site-packages/airflow/example_dags/example_branch_python_dop_operator_3.py
[2025-04-06T07:41:18.461+0000] {processor.py:914} INFO - Processing file /home/airflow/.local/lib/python3.12/site-packages/airflow/example_dags/example_branch_python_dop_operator_3.py for tasks to queue
[2025-04-06T07:41:18.462+0000] {logging_mixin.py:190} INFO - [2025-04-06T07:41:18.462+0000] {dagbag.py:588} INFO - Filling up the DagBag from /home/airflow/.local/lib/python3.12/site-packages/airflow/example_dags/example_branch_python_dop_operator_3.py
[2025-04-06T07:41:18.470+0000] {processor.py:925} INFO - DAG(s) 'example_branch_dop_operator_v3' retrieved from /home/airflow/.local/lib/python3.12/site-packages/airflow/example_dags/example_branch_python_dop_operator_3.py
[2025-04-06T07:41:18.481+0000] {logging_mixin.py:190} INFO - [2025-04-06T07:41:18.481+0000] {dag.py:3239} INFO - Sync 1 DAGs
[2025-04-06T07:41:18.493+0000] {logging_mixin.py:190} INFO - [2025-04-06T07:41:18.493+0000] {dag.py:4180} INFO - Setting next_dagrun for example_branch_dop_operator_v3 to 2025-04-06 07:40:00+00:00, run_after=2025-04-06 07:41:00+00:00
[2025-04-06T07:41:18.502+0000] {processor.py:208} INFO - Processing /home/airflow/.local/lib/python3.12/site-packages/airflow/example_dags/example_branch_python_dop_operator_3.py took 0.045 seconds
[2025-04-06T07:41:49.499+0000] {processor.py:186} INFO - Started process (PID=1807) to work on /home/airflow/.local/lib/python3.12/site-packages/airflow/example_dags/example_branch_python_dop_operator_3.py
[2025-04-06T07:41:49.499+0000] {processor.py:914} INFO - Processing file /home/airflow/.local/lib/python3.12/site-packages/airflow/example_dags/example_branch_python_dop_operator_3.py for tasks to queue
[2025-04-06T07:41:49.501+0000] {logging_mixin.py:190} INFO - [2025-04-06T07:41:49.501+0000] {dagbag.py:588} INFO - Filling up the DagBag from /home/airflow/.local/lib/python3.12/site-packages/airflow/example_dags/example_branch_python_dop_operator_3.py
[2025-04-06T07:41:49.506+0000] {processor.py:925} INFO - DAG(s) 'example_branch_dop_operator_v3' retrieved from /home/airflow/.local/lib/python3.12/site-packages/airflow/example_dags/example_branch_python_dop_operator_3.py
[2025-04-06T07:41:49.517+0000] {logging_mixin.py:190} INFO - [2025-04-06T07:41:49.517+0000] {dag.py:3239} INFO - Sync 1 DAGs
[2025-04-06T07:41:49.530+0000] {logging_mixin.py:190} INFO - [2025-04-06T07:41:49.530+0000] {dag.py:4180} INFO - Setting next_dagrun for example_branch_dop_operator_v3 to 2025-04-06 07:40:00+00:00, run_after=2025-04-06 07:41:00+00:00
[2025-04-06T07:41:49.539+0000] {processor.py:208} INFO - Processing /home/airflow/.local/lib/python3.12/site-packages/airflow/example_dags/example_branch_python_dop_operator_3.py took 0.043 seconds
[2025-04-06T07:42:20.346+0000] {processor.py:186} INFO - Started process (PID=1870) to work on /home/airflow/.local/lib/python3.12/site-packages/airflow/example_dags/example_branch_python_dop_operator_3.py
[2025-04-06T07:42:20.346+0000] {processor.py:914} INFO - Processing file /home/airflow/.local/lib/python3.12/site-packages/airflow/example_dags/example_branch_python_dop_operator_3.py for tasks to queue
[2025-04-06T07:42:20.347+0000] {logging_mixin.py:190} INFO - [2025-04-06T07:42:20.347+0000] {dagbag.py:588} INFO - Filling up the DagBag from /home/airflow/.local/lib/python3.12/site-packages/airflow/example_dags/example_branch_python_dop_operator_3.py
[2025-04-06T07:42:20.353+0000] {processor.py:925} INFO - DAG(s) 'example_branch_dop_operator_v3' retrieved from /home/airflow/.local/lib/python3.12/site-packages/airflow/example_dags/example_branch_python_dop_operator_3.py
[2025-04-06T07:42:20.363+0000] {logging_mixin.py:190} INFO - [2025-04-06T07:42:20.363+0000] {dag.py:3239} INFO - Sync 1 DAGs
[2025-04-06T07:42:20.376+0000] {logging_mixin.py:190} INFO - [2025-04-06T07:42:20.375+0000] {dag.py:4180} INFO - Setting next_dagrun for example_branch_dop_operator_v3 to 2025-04-06 07:41:00+00:00, run_after=2025-04-06 07:42:00+00:00
[2025-04-06T07:42:20.386+0000] {processor.py:208} INFO - Processing /home/airflow/.local/lib/python3.12/site-packages/airflow/example_dags/example_branch_python_dop_operator_3.py took 0.043 seconds
[2025-04-06T07:42:51.783+0000] {processor.py:186} INFO - Started process (PID=1933) to work on /home/airflow/.local/lib/python3.12/site-packages/airflow/example_dags/example_branch_python_dop_operator_3.py
[2025-04-06T07:42:51.783+0000] {processor.py:914} INFO - Processing file /home/airflow/.local/lib/python3.12/site-packages/airflow/example_dags/example_branch_python_dop_operator_3.py for tasks to queue
[2025-04-06T07:42:51.784+0000] {logging_mixin.py:190} INFO - [2025-04-06T07:42:51.784+0000] {dagbag.py:588} INFO - Filling up the DagBag from /home/airflow/.local/lib/python3.12/site-packages/airflow/example_dags/example_branch_python_dop_operator_3.py
[2025-04-06T07:42:51.790+0000] {processor.py:925} INFO - DAG(s) 'example_branch_dop_operator_v3' retrieved from /home/airflow/.local/lib/python3.12/site-packages/airflow/example_dags/example_branch_python_dop_operator_3.py
[2025-04-06T07:42:51.799+0000] {logging_mixin.py:190} INFO - [2025-04-06T07:42:51.799+0000] {dag.py:3239} INFO - Sync 1 DAGs
[2025-04-06T07:42:51.812+0000] {logging_mixin.py:190} INFO - [2025-04-06T07:42:51.812+0000] {dag.py:4180} INFO - Setting next_dagrun for example_branch_dop_operator_v3 to 2025-04-06 07:41:00+00:00, run_after=2025-04-06 07:42:00+00:00
[2025-04-06T07:42:51.822+0000] {processor.py:208} INFO - Processing /home/airflow/.local/lib/python3.12/site-packages/airflow/example_dags/example_branch_python_dop_operator_3.py took 0.043 seconds
[2025-04-06T07:43:22.688+0000] {processor.py:186} INFO - Started process (PID=1996) to work on /home/airflow/.local/lib/python3.12/site-packages/airflow/example_dags/example_branch_python_dop_operator_3.py
[2025-04-06T07:43:22.689+0000] {processor.py:914} INFO - Processing file /home/airflow/.local/lib/python3.12/site-packages/airflow/example_dags/example_branch_python_dop_operator_3.py for tasks to queue
[2025-04-06T07:43:22.690+0000] {logging_mixin.py:190} INFO - [2025-04-06T07:43:22.690+0000] {dagbag.py:588} INFO - Filling up the DagBag from /home/airflow/.local/lib/python3.12/site-packages/airflow/example_dags/example_branch_python_dop_operator_3.py
[2025-04-06T07:43:22.695+0000] {processor.py:925} INFO - DAG(s) 'example_branch_dop_operator_v3' retrieved from /home/airflow/.local/lib/python3.12/site-packages/airflow/example_dags/example_branch_python_dop_operator_3.py
[2025-04-06T07:43:22.705+0000] {logging_mixin.py:190} INFO - [2025-04-06T07:43:22.705+0000] {dag.py:3239} INFO - Sync 1 DAGs
[2025-04-06T07:43:22.718+0000] {logging_mixin.py:190} INFO - [2025-04-06T07:43:22.717+0000] {dag.py:4180} INFO - Setting next_dagrun for example_branch_dop_operator_v3 to 2025-04-06 07:42:00+00:00, run_after=2025-04-06 07:43:00+00:00
[2025-04-06T07:43:22.727+0000] {processor.py:208} INFO - Processing /home/airflow/.local/lib/python3.12/site-packages/airflow/example_dags/example_branch_python_dop_operator_3.py took 0.042 seconds
[2025-04-06T07:43:53.677+0000] {processor.py:186} INFO - Started process (PID=2059) to work on /home/airflow/.local/lib/python3.12/site-packages/airflow/example_dags/example_branch_python_dop_operator_3.py
[2025-04-06T07:43:53.678+0000] {processor.py:914} INFO - Processing file /home/airflow/.local/lib/python3.12/site-packages/airflow/example_dags/example_branch_python_dop_operator_3.py for tasks to queue
[2025-04-06T07:43:53.679+0000] {logging_mixin.py:190} INFO - [2025-04-06T07:43:53.679+0000] {dagbag.py:588} INFO - Filling up the DagBag from /home/airflow/.local/lib/python3.12/site-packages/airflow/example_dags/example_branch_python_dop_operator_3.py
[2025-04-06T07:43:53.685+0000] {processor.py:925} INFO - DAG(s) 'example_branch_dop_operator_v3' retrieved from /home/airflow/.local/lib/python3.12/site-packages/airflow/example_dags/example_branch_python_dop_operator_3.py
[2025-04-06T07:43:53.695+0000] {logging_mixin.py:190} INFO - [2025-04-06T07:43:53.695+0000] {dag.py:3239} INFO - Sync 1 DAGs
[2025-04-06T07:43:53.707+0000] {logging_mixin.py:190} INFO - [2025-04-06T07:43:53.707+0000] {dag.py:4180} INFO - Setting next_dagrun for example_branch_dop_operator_v3 to 2025-04-06 07:42:00+00:00, run_after=2025-04-06 07:43:00+00:00
[2025-04-06T07:43:53.717+0000] {processor.py:208} INFO - Processing /home/airflow/.local/lib/python3.12/site-packages/airflow/example_dags/example_branch_python_dop_operator_3.py took 0.043 seconds
