[2025-04-06T07:27:58.711+0000] {processor.py:186} INFO - Started process (PID=100) to work on /home/airflow/.local/lib/python3.12/site-packages/airflow/example_dags/example_task_group.py
[2025-04-06T07:27:58.712+0000] {processor.py:914} INFO - Processing file /home/airflow/.local/lib/python3.12/site-packages/airflow/example_dags/example_task_group.py for tasks to queue
[2025-04-06T07:27:58.713+0000] {logging_mixin.py:190} INFO - [2025-04-06T07:27:58.712+0000] {dagbag.py:588} INFO - Filling up the DagBag from /home/airflow/.local/lib/python3.12/site-packages/airflow/example_dags/example_task_group.py
[2025-04-06T07:27:58.717+0000] {processor.py:925} INFO - DAG(s) 'example_task_group' retrieved from /home/airflow/.local/lib/python3.12/site-packages/airflow/example_dags/example_task_group.py
[2025-04-06T07:27:58.779+0000] {logging_mixin.py:190} INFO - [2025-04-06T07:27:58.778+0000] {override.py:1912} INFO - Created Permission View: can delete on DAG:example_task_group
[2025-04-06T07:27:58.784+0000] {logging_mixin.py:190} INFO - [2025-04-06T07:27:58.784+0000] {override.py:1912} INFO - Created Permission View: can read on DAG:example_task_group
[2025-04-06T07:27:58.788+0000] {logging_mixin.py:190} INFO - [2025-04-06T07:27:58.788+0000] {override.py:1912} INFO - Created Permission View: can edit on DAG:example_task_group
[2025-04-06T07:27:58.793+0000] {logging_mixin.py:190} INFO - [2025-04-06T07:27:58.793+0000] {override.py:1912} INFO - Created Permission View: can delete on DAG Run:example_task_group
[2025-04-06T07:27:58.797+0000] {logging_mixin.py:190} INFO - [2025-04-06T07:27:58.797+0000] {override.py:1912} INFO - Created Permission View: can read on DAG Run:example_task_group
[2025-04-06T07:27:58.801+0000] {logging_mixin.py:190} INFO - [2025-04-06T07:27:58.801+0000] {override.py:1912} INFO - Created Permission View: can create on DAG Run:example_task_group
[2025-04-06T07:27:58.805+0000] {logging_mixin.py:190} INFO - [2025-04-06T07:27:58.805+0000] {override.py:1912} INFO - Created Permission View: menu access on DAG Run:example_task_group
[2025-04-06T07:27:58.805+0000] {logging_mixin.py:190} INFO - [2025-04-06T07:27:58.805+0000] {dag.py:3239} INFO - Sync 1 DAGs
[2025-04-06T07:27:58.811+0000] {logging_mixin.py:190} INFO - [2025-04-06T07:27:58.811+0000] {dag.py:3262} INFO - Creating ORM DAG for example_task_group
[2025-04-06T07:27:58.812+0000] {logging_mixin.py:190} INFO - [2025-04-06T07:27:58.811+0000] {dag.py:4180} INFO - Setting next_dagrun for example_task_group to None, run_after=None
[2025-04-06T07:27:58.820+0000] {processor.py:208} INFO - Processing /home/airflow/.local/lib/python3.12/site-packages/airflow/example_dags/example_task_group.py took 0.111 seconds
[2025-04-06T07:28:29.529+0000] {processor.py:186} INFO - Started process (PID=163) to work on /home/airflow/.local/lib/python3.12/site-packages/airflow/example_dags/example_task_group.py
[2025-04-06T07:28:29.529+0000] {processor.py:914} INFO - Processing file /home/airflow/.local/lib/python3.12/site-packages/airflow/example_dags/example_task_group.py for tasks to queue
[2025-04-06T07:28:29.530+0000] {logging_mixin.py:190} INFO - [2025-04-06T07:28:29.530+0000] {dagbag.py:588} INFO - Filling up the DagBag from /home/airflow/.local/lib/python3.12/site-packages/airflow/example_dags/example_task_group.py
[2025-04-06T07:28:29.535+0000] {processor.py:925} INFO - DAG(s) 'example_task_group' retrieved from /home/airflow/.local/lib/python3.12/site-packages/airflow/example_dags/example_task_group.py
[2025-04-06T07:28:29.546+0000] {logging_mixin.py:190} INFO - [2025-04-06T07:28:29.545+0000] {dag.py:3239} INFO - Sync 1 DAGs
[2025-04-06T07:28:29.552+0000] {logging_mixin.py:190} INFO - [2025-04-06T07:28:29.552+0000] {dag.py:4180} INFO - Setting next_dagrun for example_task_group to None, run_after=None
[2025-04-06T07:28:29.561+0000] {processor.py:208} INFO - Processing /home/airflow/.local/lib/python3.12/site-packages/airflow/example_dags/example_task_group.py took 0.036 seconds
[2025-04-06T07:28:59.918+0000] {processor.py:186} INFO - Started process (PID=226) to work on /home/airflow/.local/lib/python3.12/site-packages/airflow/example_dags/example_task_group.py
[2025-04-06T07:28:59.918+0000] {processor.py:914} INFO - Processing file /home/airflow/.local/lib/python3.12/site-packages/airflow/example_dags/example_task_group.py for tasks to queue
[2025-04-06T07:28:59.919+0000] {logging_mixin.py:190} INFO - [2025-04-06T07:28:59.919+0000] {dagbag.py:588} INFO - Filling up the DagBag from /home/airflow/.local/lib/python3.12/site-packages/airflow/example_dags/example_task_group.py
[2025-04-06T07:28:59.924+0000] {processor.py:925} INFO - DAG(s) 'example_task_group' retrieved from /home/airflow/.local/lib/python3.12/site-packages/airflow/example_dags/example_task_group.py
[2025-04-06T07:28:59.934+0000] {logging_mixin.py:190} INFO - [2025-04-06T07:28:59.934+0000] {dag.py:3239} INFO - Sync 1 DAGs
[2025-04-06T07:28:59.942+0000] {logging_mixin.py:190} INFO - [2025-04-06T07:28:59.942+0000] {dag.py:4180} INFO - Setting next_dagrun for example_task_group to None, run_after=None
[2025-04-06T07:28:59.952+0000] {processor.py:208} INFO - Processing /home/airflow/.local/lib/python3.12/site-packages/airflow/example_dags/example_task_group.py took 0.037 seconds
[2025-04-06T07:29:31.189+0000] {processor.py:186} INFO - Started process (PID=289) to work on /home/airflow/.local/lib/python3.12/site-packages/airflow/example_dags/example_task_group.py
[2025-04-06T07:29:31.189+0000] {processor.py:914} INFO - Processing file /home/airflow/.local/lib/python3.12/site-packages/airflow/example_dags/example_task_group.py for tasks to queue
[2025-04-06T07:29:31.191+0000] {logging_mixin.py:190} INFO - [2025-04-06T07:29:31.190+0000] {dagbag.py:588} INFO - Filling up the DagBag from /home/airflow/.local/lib/python3.12/site-packages/airflow/example_dags/example_task_group.py
[2025-04-06T07:29:31.195+0000] {processor.py:925} INFO - DAG(s) 'example_task_group' retrieved from /home/airflow/.local/lib/python3.12/site-packages/airflow/example_dags/example_task_group.py
[2025-04-06T07:29:31.207+0000] {logging_mixin.py:190} INFO - [2025-04-06T07:29:31.207+0000] {dag.py:3239} INFO - Sync 1 DAGs
[2025-04-06T07:29:31.217+0000] {logging_mixin.py:190} INFO - [2025-04-06T07:29:31.217+0000] {dag.py:4180} INFO - Setting next_dagrun for example_task_group to None, run_after=None
[2025-04-06T07:29:31.227+0000] {processor.py:208} INFO - Processing /home/airflow/.local/lib/python3.12/site-packages/airflow/example_dags/example_task_group.py took 0.041 seconds
[2025-04-06T07:30:01.824+0000] {processor.py:186} INFO - Started process (PID=351) to work on /home/airflow/.local/lib/python3.12/site-packages/airflow/example_dags/example_task_group.py
[2025-04-06T07:30:01.825+0000] {processor.py:914} INFO - Processing file /home/airflow/.local/lib/python3.12/site-packages/airflow/example_dags/example_task_group.py for tasks to queue
[2025-04-06T07:30:01.826+0000] {logging_mixin.py:190} INFO - [2025-04-06T07:30:01.826+0000] {dagbag.py:588} INFO - Filling up the DagBag from /home/airflow/.local/lib/python3.12/site-packages/airflow/example_dags/example_task_group.py
[2025-04-06T07:30:01.830+0000] {processor.py:925} INFO - DAG(s) 'example_task_group' retrieved from /home/airflow/.local/lib/python3.12/site-packages/airflow/example_dags/example_task_group.py
[2025-04-06T07:30:01.842+0000] {logging_mixin.py:190} INFO - [2025-04-06T07:30:01.842+0000] {dag.py:3239} INFO - Sync 1 DAGs
[2025-04-06T07:30:01.849+0000] {logging_mixin.py:190} INFO - [2025-04-06T07:30:01.849+0000] {dag.py:4180} INFO - Setting next_dagrun for example_task_group to None, run_after=None
[2025-04-06T07:30:01.858+0000] {processor.py:208} INFO - Processing /home/airflow/.local/lib/python3.12/site-packages/airflow/example_dags/example_task_group.py took 0.037 seconds
[2025-04-06T07:30:32.750+0000] {processor.py:186} INFO - Started process (PID=415) to work on /home/airflow/.local/lib/python3.12/site-packages/airflow/example_dags/example_task_group.py
[2025-04-06T07:30:32.751+0000] {processor.py:914} INFO - Processing file /home/airflow/.local/lib/python3.12/site-packages/airflow/example_dags/example_task_group.py for tasks to queue
[2025-04-06T07:30:32.752+0000] {logging_mixin.py:190} INFO - [2025-04-06T07:30:32.752+0000] {dagbag.py:588} INFO - Filling up the DagBag from /home/airflow/.local/lib/python3.12/site-packages/airflow/example_dags/example_task_group.py
[2025-04-06T07:30:32.757+0000] {processor.py:925} INFO - DAG(s) 'example_task_group' retrieved from /home/airflow/.local/lib/python3.12/site-packages/airflow/example_dags/example_task_group.py
[2025-04-06T07:30:32.772+0000] {logging_mixin.py:190} INFO - [2025-04-06T07:30:32.772+0000] {dag.py:3239} INFO - Sync 1 DAGs
[2025-04-06T07:30:32.780+0000] {logging_mixin.py:190} INFO - [2025-04-06T07:30:32.780+0000] {dag.py:4180} INFO - Setting next_dagrun for example_task_group to None, run_after=None
[2025-04-06T07:30:32.790+0000] {processor.py:208} INFO - Processing /home/airflow/.local/lib/python3.12/site-packages/airflow/example_dags/example_task_group.py took 0.043 seconds
[2025-04-06T07:31:03.389+0000] {processor.py:186} INFO - Started process (PID=478) to work on /home/airflow/.local/lib/python3.12/site-packages/airflow/example_dags/example_task_group.py
[2025-04-06T07:31:03.390+0000] {processor.py:914} INFO - Processing file /home/airflow/.local/lib/python3.12/site-packages/airflow/example_dags/example_task_group.py for tasks to queue
[2025-04-06T07:31:03.391+0000] {logging_mixin.py:190} INFO - [2025-04-06T07:31:03.391+0000] {dagbag.py:588} INFO - Filling up the DagBag from /home/airflow/.local/lib/python3.12/site-packages/airflow/example_dags/example_task_group.py
[2025-04-06T07:31:03.395+0000] {processor.py:925} INFO - DAG(s) 'example_task_group' retrieved from /home/airflow/.local/lib/python3.12/site-packages/airflow/example_dags/example_task_group.py
[2025-04-06T07:31:03.405+0000] {logging_mixin.py:190} INFO - [2025-04-06T07:31:03.405+0000] {dag.py:3239} INFO - Sync 1 DAGs
[2025-04-06T07:31:03.412+0000] {logging_mixin.py:190} INFO - [2025-04-06T07:31:03.412+0000] {dag.py:4180} INFO - Setting next_dagrun for example_task_group to None, run_after=None
[2025-04-06T07:31:03.421+0000] {processor.py:208} INFO - Processing /home/airflow/.local/lib/python3.12/site-packages/airflow/example_dags/example_task_group.py took 0.035 seconds
[2025-04-06T07:31:34.150+0000] {processor.py:186} INFO - Started process (PID=540) to work on /home/airflow/.local/lib/python3.12/site-packages/airflow/example_dags/example_task_group.py
[2025-04-06T07:31:34.151+0000] {processor.py:914} INFO - Processing file /home/airflow/.local/lib/python3.12/site-packages/airflow/example_dags/example_task_group.py for tasks to queue
[2025-04-06T07:31:34.152+0000] {logging_mixin.py:190} INFO - [2025-04-06T07:31:34.152+0000] {dagbag.py:588} INFO - Filling up the DagBag from /home/airflow/.local/lib/python3.12/site-packages/airflow/example_dags/example_task_group.py
[2025-04-06T07:31:34.157+0000] {processor.py:925} INFO - DAG(s) 'example_task_group' retrieved from /home/airflow/.local/lib/python3.12/site-packages/airflow/example_dags/example_task_group.py
[2025-04-06T07:31:34.168+0000] {logging_mixin.py:190} INFO - [2025-04-06T07:31:34.168+0000] {dag.py:3239} INFO - Sync 1 DAGs
[2025-04-06T07:31:34.175+0000] {logging_mixin.py:190} INFO - [2025-04-06T07:31:34.175+0000] {dag.py:4180} INFO - Setting next_dagrun for example_task_group to None, run_after=None
[2025-04-06T07:31:34.186+0000] {processor.py:208} INFO - Processing /home/airflow/.local/lib/python3.12/site-packages/airflow/example_dags/example_task_group.py took 0.038 seconds
[2025-04-06T07:32:04.873+0000] {processor.py:186} INFO - Started process (PID=604) to work on /home/airflow/.local/lib/python3.12/site-packages/airflow/example_dags/example_task_group.py
[2025-04-06T07:32:04.873+0000] {processor.py:914} INFO - Processing file /home/airflow/.local/lib/python3.12/site-packages/airflow/example_dags/example_task_group.py for tasks to queue
[2025-04-06T07:32:04.874+0000] {logging_mixin.py:190} INFO - [2025-04-06T07:32:04.874+0000] {dagbag.py:588} INFO - Filling up the DagBag from /home/airflow/.local/lib/python3.12/site-packages/airflow/example_dags/example_task_group.py
[2025-04-06T07:32:04.879+0000] {processor.py:925} INFO - DAG(s) 'example_task_group' retrieved from /home/airflow/.local/lib/python3.12/site-packages/airflow/example_dags/example_task_group.py
[2025-04-06T07:32:04.890+0000] {logging_mixin.py:190} INFO - [2025-04-06T07:32:04.890+0000] {dag.py:3239} INFO - Sync 1 DAGs
[2025-04-06T07:32:04.897+0000] {logging_mixin.py:190} INFO - [2025-04-06T07:32:04.897+0000] {dag.py:4180} INFO - Setting next_dagrun for example_task_group to None, run_after=None
[2025-04-06T07:32:04.907+0000] {processor.py:208} INFO - Processing /home/airflow/.local/lib/python3.12/site-packages/airflow/example_dags/example_task_group.py took 0.037 seconds
[2025-04-06T07:32:35.570+0000] {processor.py:186} INFO - Started process (PID=666) to work on /home/airflow/.local/lib/python3.12/site-packages/airflow/example_dags/example_task_group.py
[2025-04-06T07:32:35.570+0000] {processor.py:914} INFO - Processing file /home/airflow/.local/lib/python3.12/site-packages/airflow/example_dags/example_task_group.py for tasks to queue
[2025-04-06T07:32:35.571+0000] {logging_mixin.py:190} INFO - [2025-04-06T07:32:35.571+0000] {dagbag.py:588} INFO - Filling up the DagBag from /home/airflow/.local/lib/python3.12/site-packages/airflow/example_dags/example_task_group.py
[2025-04-06T07:32:35.576+0000] {processor.py:925} INFO - DAG(s) 'example_task_group' retrieved from /home/airflow/.local/lib/python3.12/site-packages/airflow/example_dags/example_task_group.py
[2025-04-06T07:32:35.586+0000] {logging_mixin.py:190} INFO - [2025-04-06T07:32:35.586+0000] {dag.py:3239} INFO - Sync 1 DAGs
[2025-04-06T07:32:35.594+0000] {logging_mixin.py:190} INFO - [2025-04-06T07:32:35.594+0000] {dag.py:4180} INFO - Setting next_dagrun for example_task_group to None, run_after=None
[2025-04-06T07:32:35.604+0000] {processor.py:208} INFO - Processing /home/airflow/.local/lib/python3.12/site-packages/airflow/example_dags/example_task_group.py took 0.037 seconds
[2025-04-06T07:33:06.055+0000] {processor.py:186} INFO - Started process (PID=729) to work on /home/airflow/.local/lib/python3.12/site-packages/airflow/example_dags/example_task_group.py
[2025-04-06T07:33:06.056+0000] {processor.py:914} INFO - Processing file /home/airflow/.local/lib/python3.12/site-packages/airflow/example_dags/example_task_group.py for tasks to queue
[2025-04-06T07:33:06.057+0000] {logging_mixin.py:190} INFO - [2025-04-06T07:33:06.057+0000] {dagbag.py:588} INFO - Filling up the DagBag from /home/airflow/.local/lib/python3.12/site-packages/airflow/example_dags/example_task_group.py
[2025-04-06T07:33:06.061+0000] {processor.py:925} INFO - DAG(s) 'example_task_group' retrieved from /home/airflow/.local/lib/python3.12/site-packages/airflow/example_dags/example_task_group.py
[2025-04-06T07:33:06.071+0000] {logging_mixin.py:190} INFO - [2025-04-06T07:33:06.071+0000] {dag.py:3239} INFO - Sync 1 DAGs
[2025-04-06T07:33:06.078+0000] {logging_mixin.py:190} INFO - [2025-04-06T07:33:06.078+0000] {dag.py:4180} INFO - Setting next_dagrun for example_task_group to None, run_after=None
[2025-04-06T07:33:06.088+0000] {processor.py:208} INFO - Processing /home/airflow/.local/lib/python3.12/site-packages/airflow/example_dags/example_task_group.py took 0.035 seconds
[2025-04-06T07:33:36.786+0000] {processor.py:186} INFO - Started process (PID=799) to work on /home/airflow/.local/lib/python3.12/site-packages/airflow/example_dags/example_task_group.py
[2025-04-06T07:33:36.787+0000] {processor.py:914} INFO - Processing file /home/airflow/.local/lib/python3.12/site-packages/airflow/example_dags/example_task_group.py for tasks to queue
[2025-04-06T07:33:36.788+0000] {logging_mixin.py:190} INFO - [2025-04-06T07:33:36.788+0000] {dagbag.py:588} INFO - Filling up the DagBag from /home/airflow/.local/lib/python3.12/site-packages/airflow/example_dags/example_task_group.py
[2025-04-06T07:33:36.793+0000] {processor.py:925} INFO - DAG(s) 'example_task_group' retrieved from /home/airflow/.local/lib/python3.12/site-packages/airflow/example_dags/example_task_group.py
[2025-04-06T07:33:36.805+0000] {logging_mixin.py:190} INFO - [2025-04-06T07:33:36.805+0000] {dag.py:3239} INFO - Sync 1 DAGs
[2025-04-06T07:33:36.811+0000] {logging_mixin.py:190} INFO - [2025-04-06T07:33:36.811+0000] {dag.py:4180} INFO - Setting next_dagrun for example_task_group to None, run_after=None
[2025-04-06T07:33:36.821+0000] {processor.py:208} INFO - Processing /home/airflow/.local/lib/python3.12/site-packages/airflow/example_dags/example_task_group.py took 0.038 seconds
[2025-04-06T07:34:07.463+0000] {processor.py:186} INFO - Started process (PID=862) to work on /home/airflow/.local/lib/python3.12/site-packages/airflow/example_dags/example_task_group.py
[2025-04-06T07:34:07.463+0000] {processor.py:914} INFO - Processing file /home/airflow/.local/lib/python3.12/site-packages/airflow/example_dags/example_task_group.py for tasks to queue
[2025-04-06T07:34:07.465+0000] {logging_mixin.py:190} INFO - [2025-04-06T07:34:07.465+0000] {dagbag.py:588} INFO - Filling up the DagBag from /home/airflow/.local/lib/python3.12/site-packages/airflow/example_dags/example_task_group.py
[2025-04-06T07:34:07.469+0000] {processor.py:925} INFO - DAG(s) 'example_task_group' retrieved from /home/airflow/.local/lib/python3.12/site-packages/airflow/example_dags/example_task_group.py
[2025-04-06T07:34:07.481+0000] {logging_mixin.py:190} INFO - [2025-04-06T07:34:07.481+0000] {dag.py:3239} INFO - Sync 1 DAGs
[2025-04-06T07:34:07.488+0000] {logging_mixin.py:190} INFO - [2025-04-06T07:34:07.488+0000] {dag.py:4180} INFO - Setting next_dagrun for example_task_group to None, run_after=None
[2025-04-06T07:34:07.498+0000] {processor.py:208} INFO - Processing /home/airflow/.local/lib/python3.12/site-packages/airflow/example_dags/example_task_group.py took 0.038 seconds
[2025-04-06T07:34:38.130+0000] {processor.py:186} INFO - Started process (PID=925) to work on /home/airflow/.local/lib/python3.12/site-packages/airflow/example_dags/example_task_group.py
[2025-04-06T07:34:38.131+0000] {processor.py:914} INFO - Processing file /home/airflow/.local/lib/python3.12/site-packages/airflow/example_dags/example_task_group.py for tasks to queue
[2025-04-06T07:34:38.132+0000] {logging_mixin.py:190} INFO - [2025-04-06T07:34:38.132+0000] {dagbag.py:588} INFO - Filling up the DagBag from /home/airflow/.local/lib/python3.12/site-packages/airflow/example_dags/example_task_group.py
[2025-04-06T07:34:38.137+0000] {processor.py:925} INFO - DAG(s) 'example_task_group' retrieved from /home/airflow/.local/lib/python3.12/site-packages/airflow/example_dags/example_task_group.py
[2025-04-06T07:34:38.148+0000] {logging_mixin.py:190} INFO - [2025-04-06T07:34:38.148+0000] {dag.py:3239} INFO - Sync 1 DAGs
[2025-04-06T07:34:38.155+0000] {logging_mixin.py:190} INFO - [2025-04-06T07:34:38.155+0000] {dag.py:4180} INFO - Setting next_dagrun for example_task_group to None, run_after=None
[2025-04-06T07:34:38.166+0000] {processor.py:208} INFO - Processing /home/airflow/.local/lib/python3.12/site-packages/airflow/example_dags/example_task_group.py took 0.039 seconds
[2025-04-06T07:35:08.668+0000] {processor.py:186} INFO - Started process (PID=988) to work on /home/airflow/.local/lib/python3.12/site-packages/airflow/example_dags/example_task_group.py
[2025-04-06T07:35:08.669+0000] {processor.py:914} INFO - Processing file /home/airflow/.local/lib/python3.12/site-packages/airflow/example_dags/example_task_group.py for tasks to queue
[2025-04-06T07:35:08.670+0000] {logging_mixin.py:190} INFO - [2025-04-06T07:35:08.670+0000] {dagbag.py:588} INFO - Filling up the DagBag from /home/airflow/.local/lib/python3.12/site-packages/airflow/example_dags/example_task_group.py
[2025-04-06T07:35:08.675+0000] {processor.py:925} INFO - DAG(s) 'example_task_group' retrieved from /home/airflow/.local/lib/python3.12/site-packages/airflow/example_dags/example_task_group.py
[2025-04-06T07:35:08.686+0000] {logging_mixin.py:190} INFO - [2025-04-06T07:35:08.685+0000] {dag.py:3239} INFO - Sync 1 DAGs
[2025-04-06T07:35:08.692+0000] {logging_mixin.py:190} INFO - [2025-04-06T07:35:08.692+0000] {dag.py:4180} INFO - Setting next_dagrun for example_task_group to None, run_after=None
[2025-04-06T07:35:08.702+0000] {processor.py:208} INFO - Processing /home/airflow/.local/lib/python3.12/site-packages/airflow/example_dags/example_task_group.py took 0.036 seconds
[2025-04-06T07:35:39.113+0000] {processor.py:186} INFO - Started process (PID=1051) to work on /home/airflow/.local/lib/python3.12/site-packages/airflow/example_dags/example_task_group.py
[2025-04-06T07:35:39.113+0000] {processor.py:914} INFO - Processing file /home/airflow/.local/lib/python3.12/site-packages/airflow/example_dags/example_task_group.py for tasks to queue
[2025-04-06T07:35:39.114+0000] {logging_mixin.py:190} INFO - [2025-04-06T07:35:39.114+0000] {dagbag.py:588} INFO - Filling up the DagBag from /home/airflow/.local/lib/python3.12/site-packages/airflow/example_dags/example_task_group.py
[2025-04-06T07:35:39.119+0000] {processor.py:925} INFO - DAG(s) 'example_task_group' retrieved from /home/airflow/.local/lib/python3.12/site-packages/airflow/example_dags/example_task_group.py
[2025-04-06T07:35:39.129+0000] {logging_mixin.py:190} INFO - [2025-04-06T07:35:39.129+0000] {dag.py:3239} INFO - Sync 1 DAGs
[2025-04-06T07:35:39.136+0000] {logging_mixin.py:190} INFO - [2025-04-06T07:35:39.136+0000] {dag.py:4180} INFO - Setting next_dagrun for example_task_group to None, run_after=None
[2025-04-06T07:35:39.146+0000] {processor.py:208} INFO - Processing /home/airflow/.local/lib/python3.12/site-packages/airflow/example_dags/example_task_group.py took 0.036 seconds
[2025-04-06T07:36:09.616+0000] {processor.py:186} INFO - Started process (PID=1114) to work on /home/airflow/.local/lib/python3.12/site-packages/airflow/example_dags/example_task_group.py
[2025-04-06T07:36:09.616+0000] {processor.py:914} INFO - Processing file /home/airflow/.local/lib/python3.12/site-packages/airflow/example_dags/example_task_group.py for tasks to queue
[2025-04-06T07:36:09.617+0000] {logging_mixin.py:190} INFO - [2025-04-06T07:36:09.617+0000] {dagbag.py:588} INFO - Filling up the DagBag from /home/airflow/.local/lib/python3.12/site-packages/airflow/example_dags/example_task_group.py
[2025-04-06T07:36:09.622+0000] {processor.py:925} INFO - DAG(s) 'example_task_group' retrieved from /home/airflow/.local/lib/python3.12/site-packages/airflow/example_dags/example_task_group.py
[2025-04-06T07:36:09.633+0000] {logging_mixin.py:190} INFO - [2025-04-06T07:36:09.632+0000] {dag.py:3239} INFO - Sync 1 DAGs
[2025-04-06T07:36:09.640+0000] {logging_mixin.py:190} INFO - [2025-04-06T07:36:09.639+0000] {dag.py:4180} INFO - Setting next_dagrun for example_task_group to None, run_after=None
[2025-04-06T07:36:09.650+0000] {processor.py:208} INFO - Processing /home/airflow/.local/lib/python3.12/site-packages/airflow/example_dags/example_task_group.py took 0.037 seconds
[2025-04-06T07:36:40.212+0000] {processor.py:186} INFO - Started process (PID=1177) to work on /home/airflow/.local/lib/python3.12/site-packages/airflow/example_dags/example_task_group.py
[2025-04-06T07:36:40.212+0000] {processor.py:914} INFO - Processing file /home/airflow/.local/lib/python3.12/site-packages/airflow/example_dags/example_task_group.py for tasks to queue
[2025-04-06T07:36:40.213+0000] {logging_mixin.py:190} INFO - [2025-04-06T07:36:40.213+0000] {dagbag.py:588} INFO - Filling up the DagBag from /home/airflow/.local/lib/python3.12/site-packages/airflow/example_dags/example_task_group.py
[2025-04-06T07:36:40.218+0000] {processor.py:925} INFO - DAG(s) 'example_task_group' retrieved from /home/airflow/.local/lib/python3.12/site-packages/airflow/example_dags/example_task_group.py
[2025-04-06T07:36:40.229+0000] {logging_mixin.py:190} INFO - [2025-04-06T07:36:40.229+0000] {dag.py:3239} INFO - Sync 1 DAGs
[2025-04-06T07:36:40.236+0000] {logging_mixin.py:190} INFO - [2025-04-06T07:36:40.236+0000] {dag.py:4180} INFO - Setting next_dagrun for example_task_group to None, run_after=None
[2025-04-06T07:36:40.247+0000] {processor.py:208} INFO - Processing /home/airflow/.local/lib/python3.12/site-packages/airflow/example_dags/example_task_group.py took 0.038 seconds
[2025-04-06T07:37:11.244+0000] {processor.py:186} INFO - Started process (PID=1240) to work on /home/airflow/.local/lib/python3.12/site-packages/airflow/example_dags/example_task_group.py
[2025-04-06T07:37:11.245+0000] {processor.py:914} INFO - Processing file /home/airflow/.local/lib/python3.12/site-packages/airflow/example_dags/example_task_group.py for tasks to queue
[2025-04-06T07:37:11.246+0000] {logging_mixin.py:190} INFO - [2025-04-06T07:37:11.246+0000] {dagbag.py:588} INFO - Filling up the DagBag from /home/airflow/.local/lib/python3.12/site-packages/airflow/example_dags/example_task_group.py
[2025-04-06T07:37:11.250+0000] {processor.py:925} INFO - DAG(s) 'example_task_group' retrieved from /home/airflow/.local/lib/python3.12/site-packages/airflow/example_dags/example_task_group.py
[2025-04-06T07:37:11.262+0000] {logging_mixin.py:190} INFO - [2025-04-06T07:37:11.261+0000] {dag.py:3239} INFO - Sync 1 DAGs
[2025-04-06T07:37:11.269+0000] {logging_mixin.py:190} INFO - [2025-04-06T07:37:11.269+0000] {dag.py:4180} INFO - Setting next_dagrun for example_task_group to None, run_after=None
[2025-04-06T07:37:11.279+0000] {processor.py:208} INFO - Processing /home/airflow/.local/lib/python3.12/site-packages/airflow/example_dags/example_task_group.py took 0.037 seconds
[2025-04-06T07:37:41.980+0000] {processor.py:186} INFO - Started process (PID=1303) to work on /home/airflow/.local/lib/python3.12/site-packages/airflow/example_dags/example_task_group.py
[2025-04-06T07:37:41.980+0000] {processor.py:914} INFO - Processing file /home/airflow/.local/lib/python3.12/site-packages/airflow/example_dags/example_task_group.py for tasks to queue
[2025-04-06T07:37:41.981+0000] {logging_mixin.py:190} INFO - [2025-04-06T07:37:41.981+0000] {dagbag.py:588} INFO - Filling up the DagBag from /home/airflow/.local/lib/python3.12/site-packages/airflow/example_dags/example_task_group.py
[2025-04-06T07:37:41.986+0000] {processor.py:925} INFO - DAG(s) 'example_task_group' retrieved from /home/airflow/.local/lib/python3.12/site-packages/airflow/example_dags/example_task_group.py
[2025-04-06T07:37:41.997+0000] {logging_mixin.py:190} INFO - [2025-04-06T07:37:41.997+0000] {dag.py:3239} INFO - Sync 1 DAGs
[2025-04-06T07:37:42.003+0000] {logging_mixin.py:190} INFO - [2025-04-06T07:37:42.003+0000] {dag.py:4180} INFO - Setting next_dagrun for example_task_group to None, run_after=None
[2025-04-06T07:37:42.013+0000] {processor.py:208} INFO - Processing /home/airflow/.local/lib/python3.12/site-packages/airflow/example_dags/example_task_group.py took 0.036 seconds
[2025-04-06T07:38:12.926+0000] {processor.py:186} INFO - Started process (PID=1366) to work on /home/airflow/.local/lib/python3.12/site-packages/airflow/example_dags/example_task_group.py
[2025-04-06T07:38:12.926+0000] {processor.py:914} INFO - Processing file /home/airflow/.local/lib/python3.12/site-packages/airflow/example_dags/example_task_group.py for tasks to queue
[2025-04-06T07:38:12.927+0000] {logging_mixin.py:190} INFO - [2025-04-06T07:38:12.927+0000] {dagbag.py:588} INFO - Filling up the DagBag from /home/airflow/.local/lib/python3.12/site-packages/airflow/example_dags/example_task_group.py
[2025-04-06T07:38:12.932+0000] {processor.py:925} INFO - DAG(s) 'example_task_group' retrieved from /home/airflow/.local/lib/python3.12/site-packages/airflow/example_dags/example_task_group.py
[2025-04-06T07:38:12.942+0000] {logging_mixin.py:190} INFO - [2025-04-06T07:38:12.942+0000] {dag.py:3239} INFO - Sync 1 DAGs
[2025-04-06T07:38:12.949+0000] {logging_mixin.py:190} INFO - [2025-04-06T07:38:12.949+0000] {dag.py:4180} INFO - Setting next_dagrun for example_task_group to None, run_after=None
[2025-04-06T07:38:12.959+0000] {processor.py:208} INFO - Processing /home/airflow/.local/lib/python3.12/site-packages/airflow/example_dags/example_task_group.py took 0.036 seconds
[2025-04-06T07:38:43.906+0000] {processor.py:186} INFO - Started process (PID=1429) to work on /home/airflow/.local/lib/python3.12/site-packages/airflow/example_dags/example_task_group.py
[2025-04-06T07:38:43.906+0000] {processor.py:914} INFO - Processing file /home/airflow/.local/lib/python3.12/site-packages/airflow/example_dags/example_task_group.py for tasks to queue
[2025-04-06T07:38:43.907+0000] {logging_mixin.py:190} INFO - [2025-04-06T07:38:43.907+0000] {dagbag.py:588} INFO - Filling up the DagBag from /home/airflow/.local/lib/python3.12/site-packages/airflow/example_dags/example_task_group.py
[2025-04-06T07:38:43.912+0000] {processor.py:925} INFO - DAG(s) 'example_task_group' retrieved from /home/airflow/.local/lib/python3.12/site-packages/airflow/example_dags/example_task_group.py
[2025-04-06T07:38:43.923+0000] {logging_mixin.py:190} INFO - [2025-04-06T07:38:43.923+0000] {dag.py:3239} INFO - Sync 1 DAGs
[2025-04-06T07:38:43.930+0000] {logging_mixin.py:190} INFO - [2025-04-06T07:38:43.929+0000] {dag.py:4180} INFO - Setting next_dagrun for example_task_group to None, run_after=None
[2025-04-06T07:38:43.939+0000] {processor.py:208} INFO - Processing /home/airflow/.local/lib/python3.12/site-packages/airflow/example_dags/example_task_group.py took 0.037 seconds
[2025-04-06T07:39:14.801+0000] {processor.py:186} INFO - Started process (PID=1492) to work on /home/airflow/.local/lib/python3.12/site-packages/airflow/example_dags/example_task_group.py
[2025-04-06T07:39:14.801+0000] {processor.py:914} INFO - Processing file /home/airflow/.local/lib/python3.12/site-packages/airflow/example_dags/example_task_group.py for tasks to queue
[2025-04-06T07:39:14.802+0000] {logging_mixin.py:190} INFO - [2025-04-06T07:39:14.802+0000] {dagbag.py:588} INFO - Filling up the DagBag from /home/airflow/.local/lib/python3.12/site-packages/airflow/example_dags/example_task_group.py
[2025-04-06T07:39:14.807+0000] {processor.py:925} INFO - DAG(s) 'example_task_group' retrieved from /home/airflow/.local/lib/python3.12/site-packages/airflow/example_dags/example_task_group.py
[2025-04-06T07:39:14.817+0000] {logging_mixin.py:190} INFO - [2025-04-06T07:39:14.817+0000] {dag.py:3239} INFO - Sync 1 DAGs
[2025-04-06T07:39:14.824+0000] {logging_mixin.py:190} INFO - [2025-04-06T07:39:14.824+0000] {dag.py:4180} INFO - Setting next_dagrun for example_task_group to None, run_after=None
[2025-04-06T07:39:14.833+0000] {processor.py:208} INFO - Processing /home/airflow/.local/lib/python3.12/site-packages/airflow/example_dags/example_task_group.py took 0.036 seconds
[2025-04-06T07:39:45.769+0000] {processor.py:186} INFO - Started process (PID=1561) to work on /home/airflow/.local/lib/python3.12/site-packages/airflow/example_dags/example_task_group.py
[2025-04-06T07:39:45.769+0000] {processor.py:914} INFO - Processing file /home/airflow/.local/lib/python3.12/site-packages/airflow/example_dags/example_task_group.py for tasks to queue
[2025-04-06T07:39:45.770+0000] {logging_mixin.py:190} INFO - [2025-04-06T07:39:45.770+0000] {dagbag.py:588} INFO - Filling up the DagBag from /home/airflow/.local/lib/python3.12/site-packages/airflow/example_dags/example_task_group.py
[2025-04-06T07:39:45.775+0000] {processor.py:925} INFO - DAG(s) 'example_task_group' retrieved from /home/airflow/.local/lib/python3.12/site-packages/airflow/example_dags/example_task_group.py
[2025-04-06T07:39:45.785+0000] {logging_mixin.py:190} INFO - [2025-04-06T07:39:45.785+0000] {dag.py:3239} INFO - Sync 1 DAGs
[2025-04-06T07:39:45.792+0000] {logging_mixin.py:190} INFO - [2025-04-06T07:39:45.792+0000] {dag.py:4180} INFO - Setting next_dagrun for example_task_group to None, run_after=None
[2025-04-06T07:39:45.801+0000] {processor.py:208} INFO - Processing /home/airflow/.local/lib/python3.12/site-packages/airflow/example_dags/example_task_group.py took 0.036 seconds
[2025-04-06T07:40:16.407+0000] {processor.py:186} INFO - Started process (PID=1624) to work on /home/airflow/.local/lib/python3.12/site-packages/airflow/example_dags/example_task_group.py
[2025-04-06T07:40:16.407+0000] {processor.py:914} INFO - Processing file /home/airflow/.local/lib/python3.12/site-packages/airflow/example_dags/example_task_group.py for tasks to queue
[2025-04-06T07:40:16.408+0000] {logging_mixin.py:190} INFO - [2025-04-06T07:40:16.408+0000] {dagbag.py:588} INFO - Filling up the DagBag from /home/airflow/.local/lib/python3.12/site-packages/airflow/example_dags/example_task_group.py
[2025-04-06T07:40:16.413+0000] {processor.py:925} INFO - DAG(s) 'example_task_group' retrieved from /home/airflow/.local/lib/python3.12/site-packages/airflow/example_dags/example_task_group.py
[2025-04-06T07:40:16.424+0000] {logging_mixin.py:190} INFO - [2025-04-06T07:40:16.424+0000] {dag.py:3239} INFO - Sync 1 DAGs
[2025-04-06T07:40:16.431+0000] {logging_mixin.py:190} INFO - [2025-04-06T07:40:16.431+0000] {dag.py:4180} INFO - Setting next_dagrun for example_task_group to None, run_after=None
[2025-04-06T07:40:16.440+0000] {processor.py:208} INFO - Processing /home/airflow/.local/lib/python3.12/site-packages/airflow/example_dags/example_task_group.py took 0.037 seconds
[2025-04-06T07:40:47.299+0000] {processor.py:186} INFO - Started process (PID=1687) to work on /home/airflow/.local/lib/python3.12/site-packages/airflow/example_dags/example_task_group.py
[2025-04-06T07:40:47.300+0000] {processor.py:914} INFO - Processing file /home/airflow/.local/lib/python3.12/site-packages/airflow/example_dags/example_task_group.py for tasks to queue
[2025-04-06T07:40:47.301+0000] {logging_mixin.py:190} INFO - [2025-04-06T07:40:47.300+0000] {dagbag.py:588} INFO - Filling up the DagBag from /home/airflow/.local/lib/python3.12/site-packages/airflow/example_dags/example_task_group.py
[2025-04-06T07:40:47.305+0000] {processor.py:925} INFO - DAG(s) 'example_task_group' retrieved from /home/airflow/.local/lib/python3.12/site-packages/airflow/example_dags/example_task_group.py
[2025-04-06T07:40:47.316+0000] {logging_mixin.py:190} INFO - [2025-04-06T07:40:47.316+0000] {dag.py:3239} INFO - Sync 1 DAGs
[2025-04-06T07:40:47.324+0000] {logging_mixin.py:190} INFO - [2025-04-06T07:40:47.324+0000] {dag.py:4180} INFO - Setting next_dagrun for example_task_group to None, run_after=None
[2025-04-06T07:40:47.333+0000] {processor.py:208} INFO - Processing /home/airflow/.local/lib/python3.12/site-packages/airflow/example_dags/example_task_group.py took 0.037 seconds
[2025-04-06T07:41:18.661+0000] {processor.py:186} INFO - Started process (PID=1750) to work on /home/airflow/.local/lib/python3.12/site-packages/airflow/example_dags/example_task_group.py
[2025-04-06T07:41:18.662+0000] {processor.py:914} INFO - Processing file /home/airflow/.local/lib/python3.12/site-packages/airflow/example_dags/example_task_group.py for tasks to queue
[2025-04-06T07:41:18.663+0000] {logging_mixin.py:190} INFO - [2025-04-06T07:41:18.663+0000] {dagbag.py:588} INFO - Filling up the DagBag from /home/airflow/.local/lib/python3.12/site-packages/airflow/example_dags/example_task_group.py
[2025-04-06T07:41:18.668+0000] {processor.py:925} INFO - DAG(s) 'example_task_group' retrieved from /home/airflow/.local/lib/python3.12/site-packages/airflow/example_dags/example_task_group.py
[2025-04-06T07:41:18.679+0000] {logging_mixin.py:190} INFO - [2025-04-06T07:41:18.679+0000] {dag.py:3239} INFO - Sync 1 DAGs
[2025-04-06T07:41:18.686+0000] {logging_mixin.py:190} INFO - [2025-04-06T07:41:18.686+0000] {dag.py:4180} INFO - Setting next_dagrun for example_task_group to None, run_after=None
[2025-04-06T07:41:18.696+0000] {processor.py:208} INFO - Processing /home/airflow/.local/lib/python3.12/site-packages/airflow/example_dags/example_task_group.py took 0.038 seconds
[2025-04-06T07:41:49.644+0000] {processor.py:186} INFO - Started process (PID=1813) to work on /home/airflow/.local/lib/python3.12/site-packages/airflow/example_dags/example_task_group.py
[2025-04-06T07:41:49.645+0000] {processor.py:914} INFO - Processing file /home/airflow/.local/lib/python3.12/site-packages/airflow/example_dags/example_task_group.py for tasks to queue
[2025-04-06T07:41:49.646+0000] {logging_mixin.py:190} INFO - [2025-04-06T07:41:49.646+0000] {dagbag.py:588} INFO - Filling up the DagBag from /home/airflow/.local/lib/python3.12/site-packages/airflow/example_dags/example_task_group.py
[2025-04-06T07:41:49.650+0000] {processor.py:925} INFO - DAG(s) 'example_task_group' retrieved from /home/airflow/.local/lib/python3.12/site-packages/airflow/example_dags/example_task_group.py
[2025-04-06T07:41:49.660+0000] {logging_mixin.py:190} INFO - [2025-04-06T07:41:49.660+0000] {dag.py:3239} INFO - Sync 1 DAGs
[2025-04-06T07:41:49.667+0000] {logging_mixin.py:190} INFO - [2025-04-06T07:41:49.667+0000] {dag.py:4180} INFO - Setting next_dagrun for example_task_group to None, run_after=None
[2025-04-06T07:41:49.677+0000] {processor.py:208} INFO - Processing /home/airflow/.local/lib/python3.12/site-packages/airflow/example_dags/example_task_group.py took 0.036 seconds
[2025-04-06T07:42:20.547+0000] {processor.py:186} INFO - Started process (PID=1876) to work on /home/airflow/.local/lib/python3.12/site-packages/airflow/example_dags/example_task_group.py
[2025-04-06T07:42:20.548+0000] {processor.py:914} INFO - Processing file /home/airflow/.local/lib/python3.12/site-packages/airflow/example_dags/example_task_group.py for tasks to queue
[2025-04-06T07:42:20.549+0000] {logging_mixin.py:190} INFO - [2025-04-06T07:42:20.549+0000] {dagbag.py:588} INFO - Filling up the DagBag from /home/airflow/.local/lib/python3.12/site-packages/airflow/example_dags/example_task_group.py
[2025-04-06T07:42:20.554+0000] {processor.py:925} INFO - DAG(s) 'example_task_group' retrieved from /home/airflow/.local/lib/python3.12/site-packages/airflow/example_dags/example_task_group.py
[2025-04-06T07:42:20.565+0000] {logging_mixin.py:190} INFO - [2025-04-06T07:42:20.565+0000] {dag.py:3239} INFO - Sync 1 DAGs
[2025-04-06T07:42:20.571+0000] {logging_mixin.py:190} INFO - [2025-04-06T07:42:20.571+0000] {dag.py:4180} INFO - Setting next_dagrun for example_task_group to None, run_after=None
[2025-04-06T07:42:20.582+0000] {processor.py:208} INFO - Processing /home/airflow/.local/lib/python3.12/site-packages/airflow/example_dags/example_task_group.py took 0.037 seconds
[2025-04-06T07:42:51.979+0000] {processor.py:186} INFO - Started process (PID=1939) to work on /home/airflow/.local/lib/python3.12/site-packages/airflow/example_dags/example_task_group.py
[2025-04-06T07:42:51.980+0000] {processor.py:914} INFO - Processing file /home/airflow/.local/lib/python3.12/site-packages/airflow/example_dags/example_task_group.py for tasks to queue
[2025-04-06T07:42:51.981+0000] {logging_mixin.py:190} INFO - [2025-04-06T07:42:51.981+0000] {dagbag.py:588} INFO - Filling up the DagBag from /home/airflow/.local/lib/python3.12/site-packages/airflow/example_dags/example_task_group.py
[2025-04-06T07:42:51.985+0000] {processor.py:925} INFO - DAG(s) 'example_task_group' retrieved from /home/airflow/.local/lib/python3.12/site-packages/airflow/example_dags/example_task_group.py
[2025-04-06T07:42:51.997+0000] {logging_mixin.py:190} INFO - [2025-04-06T07:42:51.996+0000] {dag.py:3239} INFO - Sync 1 DAGs
[2025-04-06T07:42:52.004+0000] {logging_mixin.py:190} INFO - [2025-04-06T07:42:52.004+0000] {dag.py:4180} INFO - Setting next_dagrun for example_task_group to None, run_after=None
[2025-04-06T07:42:52.014+0000] {processor.py:208} INFO - Processing /home/airflow/.local/lib/python3.12/site-packages/airflow/example_dags/example_task_group.py took 0.037 seconds
[2025-04-06T07:43:22.888+0000] {processor.py:186} INFO - Started process (PID=2002) to work on /home/airflow/.local/lib/python3.12/site-packages/airflow/example_dags/example_task_group.py
[2025-04-06T07:43:22.889+0000] {processor.py:914} INFO - Processing file /home/airflow/.local/lib/python3.12/site-packages/airflow/example_dags/example_task_group.py for tasks to queue
[2025-04-06T07:43:22.890+0000] {logging_mixin.py:190} INFO - [2025-04-06T07:43:22.890+0000] {dagbag.py:588} INFO - Filling up the DagBag from /home/airflow/.local/lib/python3.12/site-packages/airflow/example_dags/example_task_group.py
[2025-04-06T07:43:22.894+0000] {processor.py:925} INFO - DAG(s) 'example_task_group' retrieved from /home/airflow/.local/lib/python3.12/site-packages/airflow/example_dags/example_task_group.py
[2025-04-06T07:43:22.905+0000] {logging_mixin.py:190} INFO - [2025-04-06T07:43:22.905+0000] {dag.py:3239} INFO - Sync 1 DAGs
[2025-04-06T07:43:22.912+0000] {logging_mixin.py:190} INFO - [2025-04-06T07:43:22.912+0000] {dag.py:4180} INFO - Setting next_dagrun for example_task_group to None, run_after=None
[2025-04-06T07:43:22.921+0000] {processor.py:208} INFO - Processing /home/airflow/.local/lib/python3.12/site-packages/airflow/example_dags/example_task_group.py took 0.035 seconds
[2025-04-06T07:43:53.875+0000] {processor.py:186} INFO - Started process (PID=2065) to work on /home/airflow/.local/lib/python3.12/site-packages/airflow/example_dags/example_task_group.py
[2025-04-06T07:43:53.876+0000] {processor.py:914} INFO - Processing file /home/airflow/.local/lib/python3.12/site-packages/airflow/example_dags/example_task_group.py for tasks to queue
[2025-04-06T07:43:53.877+0000] {logging_mixin.py:190} INFO - [2025-04-06T07:43:53.877+0000] {dagbag.py:588} INFO - Filling up the DagBag from /home/airflow/.local/lib/python3.12/site-packages/airflow/example_dags/example_task_group.py
[2025-04-06T07:43:53.881+0000] {processor.py:925} INFO - DAG(s) 'example_task_group' retrieved from /home/airflow/.local/lib/python3.12/site-packages/airflow/example_dags/example_task_group.py
[2025-04-06T07:43:53.892+0000] {logging_mixin.py:190} INFO - [2025-04-06T07:43:53.892+0000] {dag.py:3239} INFO - Sync 1 DAGs
[2025-04-06T07:43:53.899+0000] {logging_mixin.py:190} INFO - [2025-04-06T07:43:53.899+0000] {dag.py:4180} INFO - Setting next_dagrun for example_task_group to None, run_after=None
[2025-04-06T07:43:53.909+0000] {processor.py:208} INFO - Processing /home/airflow/.local/lib/python3.12/site-packages/airflow/example_dags/example_task_group.py took 0.036 seconds
