[2025-04-06T07:27:59.849+0000] {processor.py:186} INFO - Started process (PID=111) to work on /home/airflow/.local/lib/python3.12/site-packages/airflow/example_dags/example_latest_only.py
[2025-04-06T07:27:59.849+0000] {processor.py:914} INFO - Processing file /home/airflow/.local/lib/python3.12/site-packages/airflow/example_dags/example_latest_only.py for tasks to queue
[2025-04-06T07:27:59.850+0000] {logging_mixin.py:190} INFO - [2025-04-06T07:27:59.850+0000] {dagbag.py:588} INFO - Filling up the DagBag from /home/airflow/.local/lib/python3.12/site-packages/airflow/example_dags/example_latest_only.py
[2025-04-06T07:27:59.854+0000] {processor.py:925} INFO - DAG(s) 'latest_only' retrieved from /home/airflow/.local/lib/python3.12/site-packages/airflow/example_dags/example_latest_only.py
[2025-04-06T07:27:59.910+0000] {logging_mixin.py:190} INFO - [2025-04-06T07:27:59.910+0000] {override.py:1912} INFO - Created Permission View: can delete on DAG:latest_only
[2025-04-06T07:27:59.915+0000] {logging_mixin.py:190} INFO - [2025-04-06T07:27:59.915+0000] {override.py:1912} INFO - Created Permission View: can read on DAG:latest_only
[2025-04-06T07:27:59.919+0000] {logging_mixin.py:190} INFO - [2025-04-06T07:27:59.919+0000] {override.py:1912} INFO - Created Permission View: can edit on DAG:latest_only
[2025-04-06T07:27:59.923+0000] {logging_mixin.py:190} INFO - [2025-04-06T07:27:59.923+0000] {override.py:1912} INFO - Created Permission View: can delete on DAG Run:latest_only
[2025-04-06T07:27:59.928+0000] {logging_mixin.py:190} INFO - [2025-04-06T07:27:59.927+0000] {override.py:1912} INFO - Created Permission View: can read on DAG Run:latest_only
[2025-04-06T07:27:59.931+0000] {logging_mixin.py:190} INFO - [2025-04-06T07:27:59.931+0000] {override.py:1912} INFO - Created Permission View: can create on DAG Run:latest_only
[2025-04-06T07:27:59.935+0000] {logging_mixin.py:190} INFO - [2025-04-06T07:27:59.935+0000] {override.py:1912} INFO - Created Permission View: menu access on DAG Run:latest_only
[2025-04-06T07:27:59.935+0000] {logging_mixin.py:190} INFO - [2025-04-06T07:27:59.935+0000] {dag.py:3239} INFO - Sync 1 DAGs
[2025-04-06T07:27:59.941+0000] {logging_mixin.py:190} INFO - [2025-04-06T07:27:59.941+0000] {dag.py:3262} INFO - Creating ORM DAG for latest_only
[2025-04-06T07:27:59.946+0000] {logging_mixin.py:190} INFO - [2025-04-06T07:27:59.945+0000] {dag.py:4180} INFO - Setting next_dagrun for latest_only to 2025-04-06 00:00:00+00:00, run_after=2025-04-06 04:00:00+00:00
[2025-04-06T07:27:59.954+0000] {processor.py:208} INFO - Processing /home/airflow/.local/lib/python3.12/site-packages/airflow/example_dags/example_latest_only.py took 0.108 seconds
[2025-04-06T07:28:30.166+0000] {processor.py:186} INFO - Started process (PID=174) to work on /home/airflow/.local/lib/python3.12/site-packages/airflow/example_dags/example_latest_only.py
[2025-04-06T07:28:30.166+0000] {processor.py:914} INFO - Processing file /home/airflow/.local/lib/python3.12/site-packages/airflow/example_dags/example_latest_only.py for tasks to queue
[2025-04-06T07:28:30.168+0000] {logging_mixin.py:190} INFO - [2025-04-06T07:28:30.167+0000] {dagbag.py:588} INFO - Filling up the DagBag from /home/airflow/.local/lib/python3.12/site-packages/airflow/example_dags/example_latest_only.py
[2025-04-06T07:28:30.171+0000] {processor.py:925} INFO - DAG(s) 'latest_only' retrieved from /home/airflow/.local/lib/python3.12/site-packages/airflow/example_dags/example_latest_only.py
[2025-04-06T07:28:30.181+0000] {logging_mixin.py:190} INFO - [2025-04-06T07:28:30.181+0000] {dag.py:3239} INFO - Sync 1 DAGs
[2025-04-06T07:28:30.192+0000] {logging_mixin.py:190} INFO - [2025-04-06T07:28:30.192+0000] {dag.py:4180} INFO - Setting next_dagrun for latest_only to 2025-04-06 00:00:00+00:00, run_after=2025-04-06 04:00:00+00:00
[2025-04-06T07:28:30.202+0000] {processor.py:208} INFO - Processing /home/airflow/.local/lib/python3.12/site-packages/airflow/example_dags/example_latest_only.py took 0.038 seconds
[2025-04-06T07:29:00.277+0000] {processor.py:186} INFO - Started process (PID=237) to work on /home/airflow/.local/lib/python3.12/site-packages/airflow/example_dags/example_latest_only.py
[2025-04-06T07:29:00.278+0000] {processor.py:914} INFO - Processing file /home/airflow/.local/lib/python3.12/site-packages/airflow/example_dags/example_latest_only.py for tasks to queue
[2025-04-06T07:29:00.279+0000] {logging_mixin.py:190} INFO - [2025-04-06T07:29:00.279+0000] {dagbag.py:588} INFO - Filling up the DagBag from /home/airflow/.local/lib/python3.12/site-packages/airflow/example_dags/example_latest_only.py
[2025-04-06T07:29:00.284+0000] {processor.py:925} INFO - DAG(s) 'latest_only' retrieved from /home/airflow/.local/lib/python3.12/site-packages/airflow/example_dags/example_latest_only.py
[2025-04-06T07:29:00.296+0000] {logging_mixin.py:190} INFO - [2025-04-06T07:29:00.296+0000] {dag.py:3239} INFO - Sync 1 DAGs
[2025-04-06T07:29:00.310+0000] {logging_mixin.py:190} INFO - [2025-04-06T07:29:00.310+0000] {dag.py:4180} INFO - Setting next_dagrun for latest_only to 2025-04-06 00:00:00+00:00, run_after=2025-04-06 04:00:00+00:00
[2025-04-06T07:29:00.320+0000] {processor.py:208} INFO - Processing /home/airflow/.local/lib/python3.12/site-packages/airflow/example_dags/example_latest_only.py took 0.046 seconds
[2025-04-06T07:29:31.629+0000] {processor.py:186} INFO - Started process (PID=300) to work on /home/airflow/.local/lib/python3.12/site-packages/airflow/example_dags/example_latest_only.py
[2025-04-06T07:29:31.630+0000] {processor.py:914} INFO - Processing file /home/airflow/.local/lib/python3.12/site-packages/airflow/example_dags/example_latest_only.py for tasks to queue
[2025-04-06T07:29:31.631+0000] {logging_mixin.py:190} INFO - [2025-04-06T07:29:31.631+0000] {dagbag.py:588} INFO - Filling up the DagBag from /home/airflow/.local/lib/python3.12/site-packages/airflow/example_dags/example_latest_only.py
[2025-04-06T07:29:31.635+0000] {processor.py:925} INFO - DAG(s) 'latest_only' retrieved from /home/airflow/.local/lib/python3.12/site-packages/airflow/example_dags/example_latest_only.py
[2025-04-06T07:29:31.645+0000] {logging_mixin.py:190} INFO - [2025-04-06T07:29:31.645+0000] {dag.py:3239} INFO - Sync 1 DAGs
[2025-04-06T07:29:31.658+0000] {logging_mixin.py:190} INFO - [2025-04-06T07:29:31.658+0000] {dag.py:4180} INFO - Setting next_dagrun for latest_only to 2025-04-06 00:00:00+00:00, run_after=2025-04-06 04:00:00+00:00
[2025-04-06T07:29:31.668+0000] {processor.py:208} INFO - Processing /home/airflow/.local/lib/python3.12/site-packages/airflow/example_dags/example_latest_only.py took 0.041 seconds
[2025-04-06T07:30:02.438+0000] {processor.py:186} INFO - Started process (PID=363) to work on /home/airflow/.local/lib/python3.12/site-packages/airflow/example_dags/example_latest_only.py
[2025-04-06T07:30:02.439+0000] {processor.py:914} INFO - Processing file /home/airflow/.local/lib/python3.12/site-packages/airflow/example_dags/example_latest_only.py for tasks to queue
[2025-04-06T07:30:02.440+0000] {logging_mixin.py:190} INFO - [2025-04-06T07:30:02.440+0000] {dagbag.py:588} INFO - Filling up the DagBag from /home/airflow/.local/lib/python3.12/site-packages/airflow/example_dags/example_latest_only.py
[2025-04-06T07:30:02.444+0000] {processor.py:925} INFO - DAG(s) 'latest_only' retrieved from /home/airflow/.local/lib/python3.12/site-packages/airflow/example_dags/example_latest_only.py
[2025-04-06T07:30:02.454+0000] {logging_mixin.py:190} INFO - [2025-04-06T07:30:02.454+0000] {dag.py:3239} INFO - Sync 1 DAGs
[2025-04-06T07:30:02.468+0000] {logging_mixin.py:190} INFO - [2025-04-06T07:30:02.468+0000] {dag.py:4180} INFO - Setting next_dagrun for latest_only to 2025-04-06 00:00:00+00:00, run_after=2025-04-06 04:00:00+00:00
[2025-04-06T07:30:02.478+0000] {processor.py:208} INFO - Processing /home/airflow/.local/lib/python3.12/site-packages/airflow/example_dags/example_latest_only.py took 0.042 seconds
[2025-04-06T07:30:33.329+0000] {processor.py:186} INFO - Started process (PID=426) to work on /home/airflow/.local/lib/python3.12/site-packages/airflow/example_dags/example_latest_only.py
[2025-04-06T07:30:33.329+0000] {processor.py:914} INFO - Processing file /home/airflow/.local/lib/python3.12/site-packages/airflow/example_dags/example_latest_only.py for tasks to queue
[2025-04-06T07:30:33.330+0000] {logging_mixin.py:190} INFO - [2025-04-06T07:30:33.330+0000] {dagbag.py:588} INFO - Filling up the DagBag from /home/airflow/.local/lib/python3.12/site-packages/airflow/example_dags/example_latest_only.py
[2025-04-06T07:30:33.334+0000] {processor.py:925} INFO - DAG(s) 'latest_only' retrieved from /home/airflow/.local/lib/python3.12/site-packages/airflow/example_dags/example_latest_only.py
[2025-04-06T07:30:33.345+0000] {logging_mixin.py:190} INFO - [2025-04-06T07:30:33.345+0000] {dag.py:3239} INFO - Sync 1 DAGs
[2025-04-06T07:30:33.357+0000] {logging_mixin.py:190} INFO - [2025-04-06T07:30:33.357+0000] {dag.py:4180} INFO - Setting next_dagrun for latest_only to 2025-04-06 00:00:00+00:00, run_after=2025-04-06 04:00:00+00:00
[2025-04-06T07:30:33.367+0000] {processor.py:208} INFO - Processing /home/airflow/.local/lib/python3.12/site-packages/airflow/example_dags/example_latest_only.py took 0.042 seconds
[2025-04-06T07:31:03.875+0000] {processor.py:186} INFO - Started process (PID=489) to work on /home/airflow/.local/lib/python3.12/site-packages/airflow/example_dags/example_latest_only.py
[2025-04-06T07:31:03.875+0000] {processor.py:914} INFO - Processing file /home/airflow/.local/lib/python3.12/site-packages/airflow/example_dags/example_latest_only.py for tasks to queue
[2025-04-06T07:31:03.877+0000] {logging_mixin.py:190} INFO - [2025-04-06T07:31:03.876+0000] {dagbag.py:588} INFO - Filling up the DagBag from /home/airflow/.local/lib/python3.12/site-packages/airflow/example_dags/example_latest_only.py
[2025-04-06T07:31:03.881+0000] {processor.py:925} INFO - DAG(s) 'latest_only' retrieved from /home/airflow/.local/lib/python3.12/site-packages/airflow/example_dags/example_latest_only.py
[2025-04-06T07:31:03.891+0000] {logging_mixin.py:190} INFO - [2025-04-06T07:31:03.891+0000] {dag.py:3239} INFO - Sync 1 DAGs
[2025-04-06T07:31:03.902+0000] {logging_mixin.py:190} INFO - [2025-04-06T07:31:03.902+0000] {dag.py:4180} INFO - Setting next_dagrun for latest_only to 2025-04-06 00:00:00+00:00, run_after=2025-04-06 04:00:00+00:00
[2025-04-06T07:31:03.912+0000] {processor.py:208} INFO - Processing /home/airflow/.local/lib/python3.12/site-packages/airflow/example_dags/example_latest_only.py took 0.040 seconds
[2025-04-06T07:31:34.804+0000] {processor.py:186} INFO - Started process (PID=552) to work on /home/airflow/.local/lib/python3.12/site-packages/airflow/example_dags/example_latest_only.py
[2025-04-06T07:31:34.805+0000] {processor.py:914} INFO - Processing file /home/airflow/.local/lib/python3.12/site-packages/airflow/example_dags/example_latest_only.py for tasks to queue
[2025-04-06T07:31:34.806+0000] {logging_mixin.py:190} INFO - [2025-04-06T07:31:34.806+0000] {dagbag.py:588} INFO - Filling up the DagBag from /home/airflow/.local/lib/python3.12/site-packages/airflow/example_dags/example_latest_only.py
[2025-04-06T07:31:34.811+0000] {processor.py:925} INFO - DAG(s) 'latest_only' retrieved from /home/airflow/.local/lib/python3.12/site-packages/airflow/example_dags/example_latest_only.py
[2025-04-06T07:31:34.822+0000] {logging_mixin.py:190} INFO - [2025-04-06T07:31:34.822+0000] {dag.py:3239} INFO - Sync 1 DAGs
[2025-04-06T07:31:34.835+0000] {logging_mixin.py:190} INFO - [2025-04-06T07:31:34.835+0000] {dag.py:4180} INFO - Setting next_dagrun for latest_only to 2025-04-06 00:00:00+00:00, run_after=2025-04-06 04:00:00+00:00
[2025-04-06T07:31:34.845+0000] {processor.py:208} INFO - Processing /home/airflow/.local/lib/python3.12/site-packages/airflow/example_dags/example_latest_only.py took 0.045 seconds
[2025-04-06T07:32:05.359+0000] {processor.py:186} INFO - Started process (PID=615) to work on /home/airflow/.local/lib/python3.12/site-packages/airflow/example_dags/example_latest_only.py
[2025-04-06T07:32:05.360+0000] {processor.py:914} INFO - Processing file /home/airflow/.local/lib/python3.12/site-packages/airflow/example_dags/example_latest_only.py for tasks to queue
[2025-04-06T07:32:05.361+0000] {logging_mixin.py:190} INFO - [2025-04-06T07:32:05.361+0000] {dagbag.py:588} INFO - Filling up the DagBag from /home/airflow/.local/lib/python3.12/site-packages/airflow/example_dags/example_latest_only.py
[2025-04-06T07:32:05.365+0000] {processor.py:925} INFO - DAG(s) 'latest_only' retrieved from /home/airflow/.local/lib/python3.12/site-packages/airflow/example_dags/example_latest_only.py
[2025-04-06T07:32:05.375+0000] {logging_mixin.py:190} INFO - [2025-04-06T07:32:05.375+0000] {dag.py:3239} INFO - Sync 1 DAGs
[2025-04-06T07:32:05.386+0000] {logging_mixin.py:190} INFO - [2025-04-06T07:32:05.386+0000] {dag.py:4180} INFO - Setting next_dagrun for latest_only to 2025-04-06 00:00:00+00:00, run_after=2025-04-06 04:00:00+00:00
[2025-04-06T07:32:05.395+0000] {processor.py:208} INFO - Processing /home/airflow/.local/lib/python3.12/site-packages/airflow/example_dags/example_latest_only.py took 0.039 seconds
[2025-04-06T07:32:36.031+0000] {processor.py:186} INFO - Started process (PID=677) to work on /home/airflow/.local/lib/python3.12/site-packages/airflow/example_dags/example_latest_only.py
[2025-04-06T07:32:36.032+0000] {processor.py:914} INFO - Processing file /home/airflow/.local/lib/python3.12/site-packages/airflow/example_dags/example_latest_only.py for tasks to queue
[2025-04-06T07:32:36.033+0000] {logging_mixin.py:190} INFO - [2025-04-06T07:32:36.033+0000] {dagbag.py:588} INFO - Filling up the DagBag from /home/airflow/.local/lib/python3.12/site-packages/airflow/example_dags/example_latest_only.py
[2025-04-06T07:32:36.037+0000] {processor.py:925} INFO - DAG(s) 'latest_only' retrieved from /home/airflow/.local/lib/python3.12/site-packages/airflow/example_dags/example_latest_only.py
[2025-04-06T07:32:36.046+0000] {logging_mixin.py:190} INFO - [2025-04-06T07:32:36.046+0000] {dag.py:3239} INFO - Sync 1 DAGs
[2025-04-06T07:32:36.058+0000] {logging_mixin.py:190} INFO - [2025-04-06T07:32:36.058+0000] {dag.py:4180} INFO - Setting next_dagrun for latest_only to 2025-04-06 00:00:00+00:00, run_after=2025-04-06 04:00:00+00:00
[2025-04-06T07:32:36.068+0000] {processor.py:208} INFO - Processing /home/airflow/.local/lib/python3.12/site-packages/airflow/example_dags/example_latest_only.py took 0.040 seconds
[2025-04-06T07:33:06.515+0000] {processor.py:186} INFO - Started process (PID=740) to work on /home/airflow/.local/lib/python3.12/site-packages/airflow/example_dags/example_latest_only.py
[2025-04-06T07:33:06.515+0000] {processor.py:914} INFO - Processing file /home/airflow/.local/lib/python3.12/site-packages/airflow/example_dags/example_latest_only.py for tasks to queue
[2025-04-06T07:33:06.517+0000] {logging_mixin.py:190} INFO - [2025-04-06T07:33:06.517+0000] {dagbag.py:588} INFO - Filling up the DagBag from /home/airflow/.local/lib/python3.12/site-packages/airflow/example_dags/example_latest_only.py
[2025-04-06T07:33:06.520+0000] {processor.py:925} INFO - DAG(s) 'latest_only' retrieved from /home/airflow/.local/lib/python3.12/site-packages/airflow/example_dags/example_latest_only.py
[2025-04-06T07:33:06.530+0000] {logging_mixin.py:190} INFO - [2025-04-06T07:33:06.530+0000] {dag.py:3239} INFO - Sync 1 DAGs
[2025-04-06T07:33:06.542+0000] {logging_mixin.py:190} INFO - [2025-04-06T07:33:06.542+0000] {dag.py:4180} INFO - Setting next_dagrun for latest_only to 2025-04-06 00:00:00+00:00, run_after=2025-04-06 04:00:00+00:00
[2025-04-06T07:33:06.551+0000] {processor.py:208} INFO - Processing /home/airflow/.local/lib/python3.12/site-packages/airflow/example_dags/example_latest_only.py took 0.039 seconds
[2025-04-06T07:33:37.172+0000] {processor.py:186} INFO - Started process (PID=809) to work on /home/airflow/.local/lib/python3.12/site-packages/airflow/example_dags/example_latest_only.py
[2025-04-06T07:33:37.173+0000] {processor.py:914} INFO - Processing file /home/airflow/.local/lib/python3.12/site-packages/airflow/example_dags/example_latest_only.py for tasks to queue
[2025-04-06T07:33:37.174+0000] {logging_mixin.py:190} INFO - [2025-04-06T07:33:37.174+0000] {dagbag.py:588} INFO - Filling up the DagBag from /home/airflow/.local/lib/python3.12/site-packages/airflow/example_dags/example_latest_only.py
[2025-04-06T07:33:37.177+0000] {processor.py:925} INFO - DAG(s) 'latest_only' retrieved from /home/airflow/.local/lib/python3.12/site-packages/airflow/example_dags/example_latest_only.py
[2025-04-06T07:33:37.186+0000] {logging_mixin.py:190} INFO - [2025-04-06T07:33:37.186+0000] {dag.py:3239} INFO - Sync 1 DAGs
[2025-04-06T07:33:37.197+0000] {logging_mixin.py:190} INFO - [2025-04-06T07:33:37.197+0000] {dag.py:4180} INFO - Setting next_dagrun for latest_only to 2025-04-06 00:00:00+00:00, run_after=2025-04-06 04:00:00+00:00
[2025-04-06T07:33:37.207+0000] {processor.py:208} INFO - Processing /home/airflow/.local/lib/python3.12/site-packages/airflow/example_dags/example_latest_only.py took 0.038 seconds
[2025-04-06T07:34:07.804+0000] {processor.py:186} INFO - Started process (PID=872) to work on /home/airflow/.local/lib/python3.12/site-packages/airflow/example_dags/example_latest_only.py
[2025-04-06T07:34:07.805+0000] {processor.py:914} INFO - Processing file /home/airflow/.local/lib/python3.12/site-packages/airflow/example_dags/example_latest_only.py for tasks to queue
[2025-04-06T07:34:07.806+0000] {logging_mixin.py:190} INFO - [2025-04-06T07:34:07.806+0000] {dagbag.py:588} INFO - Filling up the DagBag from /home/airflow/.local/lib/python3.12/site-packages/airflow/example_dags/example_latest_only.py
[2025-04-06T07:34:07.810+0000] {processor.py:925} INFO - DAG(s) 'latest_only' retrieved from /home/airflow/.local/lib/python3.12/site-packages/airflow/example_dags/example_latest_only.py
[2025-04-06T07:34:07.820+0000] {logging_mixin.py:190} INFO - [2025-04-06T07:34:07.819+0000] {dag.py:3239} INFO - Sync 1 DAGs
[2025-04-06T07:34:07.831+0000] {logging_mixin.py:190} INFO - [2025-04-06T07:34:07.831+0000] {dag.py:4180} INFO - Setting next_dagrun for latest_only to 2025-04-06 00:00:00+00:00, run_after=2025-04-06 04:00:00+00:00
[2025-04-06T07:34:07.841+0000] {processor.py:208} INFO - Processing /home/airflow/.local/lib/python3.12/site-packages/airflow/example_dags/example_latest_only.py took 0.039 seconds
[2025-04-06T07:34:38.383+0000] {processor.py:186} INFO - Started process (PID=935) to work on /home/airflow/.local/lib/python3.12/site-packages/airflow/example_dags/example_latest_only.py
[2025-04-06T07:34:38.384+0000] {processor.py:914} INFO - Processing file /home/airflow/.local/lib/python3.12/site-packages/airflow/example_dags/example_latest_only.py for tasks to queue
[2025-04-06T07:34:38.385+0000] {logging_mixin.py:190} INFO - [2025-04-06T07:34:38.385+0000] {dagbag.py:588} INFO - Filling up the DagBag from /home/airflow/.local/lib/python3.12/site-packages/airflow/example_dags/example_latest_only.py
[2025-04-06T07:34:38.389+0000] {processor.py:925} INFO - DAG(s) 'latest_only' retrieved from /home/airflow/.local/lib/python3.12/site-packages/airflow/example_dags/example_latest_only.py
[2025-04-06T07:34:38.400+0000] {logging_mixin.py:190} INFO - [2025-04-06T07:34:38.400+0000] {dag.py:3239} INFO - Sync 1 DAGs
[2025-04-06T07:34:38.413+0000] {logging_mixin.py:190} INFO - [2025-04-06T07:34:38.412+0000] {dag.py:4180} INFO - Setting next_dagrun for latest_only to 2025-04-06 00:00:00+00:00, run_after=2025-04-06 04:00:00+00:00
[2025-04-06T07:34:38.423+0000] {processor.py:208} INFO - Processing /home/airflow/.local/lib/python3.12/site-packages/airflow/example_dags/example_latest_only.py took 0.043 seconds
[2025-04-06T07:35:08.949+0000] {processor.py:186} INFO - Started process (PID=998) to work on /home/airflow/.local/lib/python3.12/site-packages/airflow/example_dags/example_latest_only.py
[2025-04-06T07:35:08.949+0000] {processor.py:914} INFO - Processing file /home/airflow/.local/lib/python3.12/site-packages/airflow/example_dags/example_latest_only.py for tasks to queue
[2025-04-06T07:35:08.951+0000] {logging_mixin.py:190} INFO - [2025-04-06T07:35:08.951+0000] {dagbag.py:588} INFO - Filling up the DagBag from /home/airflow/.local/lib/python3.12/site-packages/airflow/example_dags/example_latest_only.py
[2025-04-06T07:35:08.955+0000] {processor.py:925} INFO - DAG(s) 'latest_only' retrieved from /home/airflow/.local/lib/python3.12/site-packages/airflow/example_dags/example_latest_only.py
[2025-04-06T07:35:08.964+0000] {logging_mixin.py:190} INFO - [2025-04-06T07:35:08.964+0000] {dag.py:3239} INFO - Sync 1 DAGs
[2025-04-06T07:35:08.975+0000] {logging_mixin.py:190} INFO - [2025-04-06T07:35:08.975+0000] {dag.py:4180} INFO - Setting next_dagrun for latest_only to 2025-04-06 00:00:00+00:00, run_after=2025-04-06 04:00:00+00:00
[2025-04-06T07:35:08.984+0000] {processor.py:208} INFO - Processing /home/airflow/.local/lib/python3.12/site-packages/airflow/example_dags/example_latest_only.py took 0.038 seconds
[2025-04-06T07:35:39.407+0000] {processor.py:186} INFO - Started process (PID=1061) to work on /home/airflow/.local/lib/python3.12/site-packages/airflow/example_dags/example_latest_only.py
[2025-04-06T07:35:39.407+0000] {processor.py:914} INFO - Processing file /home/airflow/.local/lib/python3.12/site-packages/airflow/example_dags/example_latest_only.py for tasks to queue
[2025-04-06T07:35:39.408+0000] {logging_mixin.py:190} INFO - [2025-04-06T07:35:39.408+0000] {dagbag.py:588} INFO - Filling up the DagBag from /home/airflow/.local/lib/python3.12/site-packages/airflow/example_dags/example_latest_only.py
[2025-04-06T07:35:39.412+0000] {processor.py:925} INFO - DAG(s) 'latest_only' retrieved from /home/airflow/.local/lib/python3.12/site-packages/airflow/example_dags/example_latest_only.py
[2025-04-06T07:35:39.421+0000] {logging_mixin.py:190} INFO - [2025-04-06T07:35:39.421+0000] {dag.py:3239} INFO - Sync 1 DAGs
[2025-04-06T07:35:39.433+0000] {logging_mixin.py:190} INFO - [2025-04-06T07:35:39.433+0000] {dag.py:4180} INFO - Setting next_dagrun for latest_only to 2025-04-06 00:00:00+00:00, run_after=2025-04-06 04:00:00+00:00
[2025-04-06T07:35:39.442+0000] {processor.py:208} INFO - Processing /home/airflow/.local/lib/python3.12/site-packages/airflow/example_dags/example_latest_only.py took 0.039 seconds
[2025-04-06T07:36:09.959+0000] {processor.py:186} INFO - Started process (PID=1124) to work on /home/airflow/.local/lib/python3.12/site-packages/airflow/example_dags/example_latest_only.py
[2025-04-06T07:36:09.959+0000] {processor.py:914} INFO - Processing file /home/airflow/.local/lib/python3.12/site-packages/airflow/example_dags/example_latest_only.py for tasks to queue
[2025-04-06T07:36:09.960+0000] {logging_mixin.py:190} INFO - [2025-04-06T07:36:09.960+0000] {dagbag.py:588} INFO - Filling up the DagBag from /home/airflow/.local/lib/python3.12/site-packages/airflow/example_dags/example_latest_only.py
[2025-04-06T07:36:09.963+0000] {processor.py:925} INFO - DAG(s) 'latest_only' retrieved from /home/airflow/.local/lib/python3.12/site-packages/airflow/example_dags/example_latest_only.py
[2025-04-06T07:36:09.974+0000] {logging_mixin.py:190} INFO - [2025-04-06T07:36:09.974+0000] {dag.py:3239} INFO - Sync 1 DAGs
[2025-04-06T07:36:09.985+0000] {logging_mixin.py:190} INFO - [2025-04-06T07:36:09.985+0000] {dag.py:4180} INFO - Setting next_dagrun for latest_only to 2025-04-06 00:00:00+00:00, run_after=2025-04-06 04:00:00+00:00
[2025-04-06T07:36:09.995+0000] {processor.py:208} INFO - Processing /home/airflow/.local/lib/python3.12/site-packages/airflow/example_dags/example_latest_only.py took 0.039 seconds
[2025-04-06T07:36:40.598+0000] {processor.py:186} INFO - Started process (PID=1188) to work on /home/airflow/.local/lib/python3.12/site-packages/airflow/example_dags/example_latest_only.py
[2025-04-06T07:36:40.598+0000] {processor.py:914} INFO - Processing file /home/airflow/.local/lib/python3.12/site-packages/airflow/example_dags/example_latest_only.py for tasks to queue
[2025-04-06T07:36:40.599+0000] {logging_mixin.py:190} INFO - [2025-04-06T07:36:40.599+0000] {dagbag.py:588} INFO - Filling up the DagBag from /home/airflow/.local/lib/python3.12/site-packages/airflow/example_dags/example_latest_only.py
[2025-04-06T07:36:40.603+0000] {processor.py:925} INFO - DAG(s) 'latest_only' retrieved from /home/airflow/.local/lib/python3.12/site-packages/airflow/example_dags/example_latest_only.py
[2025-04-06T07:36:40.613+0000] {logging_mixin.py:190} INFO - [2025-04-06T07:36:40.612+0000] {dag.py:3239} INFO - Sync 1 DAGs
[2025-04-06T07:36:40.624+0000] {logging_mixin.py:190} INFO - [2025-04-06T07:36:40.624+0000] {dag.py:4180} INFO - Setting next_dagrun for latest_only to 2025-04-06 00:00:00+00:00, run_after=2025-04-06 04:00:00+00:00
[2025-04-06T07:36:40.634+0000] {processor.py:208} INFO - Processing /home/airflow/.local/lib/python3.12/site-packages/airflow/example_dags/example_latest_only.py took 0.039 seconds
[2025-04-06T07:37:11.658+0000] {processor.py:186} INFO - Started process (PID=1251) to work on /home/airflow/.local/lib/python3.12/site-packages/airflow/example_dags/example_latest_only.py
[2025-04-06T07:37:11.659+0000] {processor.py:914} INFO - Processing file /home/airflow/.local/lib/python3.12/site-packages/airflow/example_dags/example_latest_only.py for tasks to queue
[2025-04-06T07:37:11.660+0000] {logging_mixin.py:190} INFO - [2025-04-06T07:37:11.660+0000] {dagbag.py:588} INFO - Filling up the DagBag from /home/airflow/.local/lib/python3.12/site-packages/airflow/example_dags/example_latest_only.py
[2025-04-06T07:37:11.664+0000] {processor.py:925} INFO - DAG(s) 'latest_only' retrieved from /home/airflow/.local/lib/python3.12/site-packages/airflow/example_dags/example_latest_only.py
[2025-04-06T07:37:11.675+0000] {logging_mixin.py:190} INFO - [2025-04-06T07:37:11.674+0000] {dag.py:3239} INFO - Sync 1 DAGs
[2025-04-06T07:37:11.687+0000] {logging_mixin.py:190} INFO - [2025-04-06T07:37:11.687+0000] {dag.py:4180} INFO - Setting next_dagrun for latest_only to 2025-04-06 00:00:00+00:00, run_after=2025-04-06 04:00:00+00:00
[2025-04-06T07:37:11.697+0000] {processor.py:208} INFO - Processing /home/airflow/.local/lib/python3.12/site-packages/airflow/example_dags/example_latest_only.py took 0.042 seconds
[2025-04-06T07:37:42.684+0000] {processor.py:186} INFO - Started process (PID=1314) to work on /home/airflow/.local/lib/python3.12/site-packages/airflow/example_dags/example_latest_only.py
[2025-04-06T07:37:42.685+0000] {processor.py:914} INFO - Processing file /home/airflow/.local/lib/python3.12/site-packages/airflow/example_dags/example_latest_only.py for tasks to queue
[2025-04-06T07:37:42.686+0000] {logging_mixin.py:190} INFO - [2025-04-06T07:37:42.686+0000] {dagbag.py:588} INFO - Filling up the DagBag from /home/airflow/.local/lib/python3.12/site-packages/airflow/example_dags/example_latest_only.py
[2025-04-06T07:37:42.690+0000] {processor.py:925} INFO - DAG(s) 'latest_only' retrieved from /home/airflow/.local/lib/python3.12/site-packages/airflow/example_dags/example_latest_only.py
[2025-04-06T07:37:42.700+0000] {logging_mixin.py:190} INFO - [2025-04-06T07:37:42.700+0000] {dag.py:3239} INFO - Sync 1 DAGs
[2025-04-06T07:37:42.711+0000] {logging_mixin.py:190} INFO - [2025-04-06T07:37:42.711+0000] {dag.py:4180} INFO - Setting next_dagrun for latest_only to 2025-04-06 00:00:00+00:00, run_after=2025-04-06 04:00:00+00:00
[2025-04-06T07:37:42.722+0000] {processor.py:208} INFO - Processing /home/airflow/.local/lib/python3.12/site-packages/airflow/example_dags/example_latest_only.py took 0.040 seconds
[2025-04-06T07:38:13.273+0000] {processor.py:186} INFO - Started process (PID=1377) to work on /home/airflow/.local/lib/python3.12/site-packages/airflow/example_dags/example_latest_only.py
[2025-04-06T07:38:13.274+0000] {processor.py:914} INFO - Processing file /home/airflow/.local/lib/python3.12/site-packages/airflow/example_dags/example_latest_only.py for tasks to queue
[2025-04-06T07:38:13.275+0000] {logging_mixin.py:190} INFO - [2025-04-06T07:38:13.275+0000] {dagbag.py:588} INFO - Filling up the DagBag from /home/airflow/.local/lib/python3.12/site-packages/airflow/example_dags/example_latest_only.py
[2025-04-06T07:38:13.279+0000] {processor.py:925} INFO - DAG(s) 'latest_only' retrieved from /home/airflow/.local/lib/python3.12/site-packages/airflow/example_dags/example_latest_only.py
[2025-04-06T07:38:13.292+0000] {logging_mixin.py:190} INFO - [2025-04-06T07:38:13.292+0000] {dag.py:3239} INFO - Sync 1 DAGs
[2025-04-06T07:38:13.305+0000] {logging_mixin.py:190} INFO - [2025-04-06T07:38:13.305+0000] {dag.py:4180} INFO - Setting next_dagrun for latest_only to 2025-04-06 00:00:00+00:00, run_after=2025-04-06 04:00:00+00:00
[2025-04-06T07:38:13.316+0000] {processor.py:208} INFO - Processing /home/airflow/.local/lib/python3.12/site-packages/airflow/example_dags/example_latest_only.py took 0.045 seconds
[2025-04-06T07:38:44.253+0000] {processor.py:186} INFO - Started process (PID=1440) to work on /home/airflow/.local/lib/python3.12/site-packages/airflow/example_dags/example_latest_only.py
[2025-04-06T07:38:44.254+0000] {processor.py:914} INFO - Processing file /home/airflow/.local/lib/python3.12/site-packages/airflow/example_dags/example_latest_only.py for tasks to queue
[2025-04-06T07:38:44.255+0000] {logging_mixin.py:190} INFO - [2025-04-06T07:38:44.255+0000] {dagbag.py:588} INFO - Filling up the DagBag from /home/airflow/.local/lib/python3.12/site-packages/airflow/example_dags/example_latest_only.py
[2025-04-06T07:38:44.259+0000] {processor.py:925} INFO - DAG(s) 'latest_only' retrieved from /home/airflow/.local/lib/python3.12/site-packages/airflow/example_dags/example_latest_only.py
[2025-04-06T07:38:44.271+0000] {logging_mixin.py:190} INFO - [2025-04-06T07:38:44.271+0000] {dag.py:3239} INFO - Sync 1 DAGs
[2025-04-06T07:38:44.283+0000] {logging_mixin.py:190} INFO - [2025-04-06T07:38:44.283+0000] {dag.py:4180} INFO - Setting next_dagrun for latest_only to 2025-04-06 00:00:00+00:00, run_after=2025-04-06 04:00:00+00:00
[2025-04-06T07:38:44.293+0000] {processor.py:208} INFO - Processing /home/airflow/.local/lib/python3.12/site-packages/airflow/example_dags/example_latest_only.py took 0.043 seconds
[2025-04-06T07:39:15.447+0000] {processor.py:186} INFO - Started process (PID=1509) to work on /home/airflow/.local/lib/python3.12/site-packages/airflow/example_dags/example_latest_only.py
[2025-04-06T07:39:15.448+0000] {processor.py:914} INFO - Processing file /home/airflow/.local/lib/python3.12/site-packages/airflow/example_dags/example_latest_only.py for tasks to queue
[2025-04-06T07:39:15.449+0000] {logging_mixin.py:190} INFO - [2025-04-06T07:39:15.449+0000] {dagbag.py:588} INFO - Filling up the DagBag from /home/airflow/.local/lib/python3.12/site-packages/airflow/example_dags/example_latest_only.py
[2025-04-06T07:39:15.453+0000] {processor.py:925} INFO - DAG(s) 'latest_only' retrieved from /home/airflow/.local/lib/python3.12/site-packages/airflow/example_dags/example_latest_only.py
[2025-04-06T07:39:15.462+0000] {logging_mixin.py:190} INFO - [2025-04-06T07:39:15.462+0000] {dag.py:3239} INFO - Sync 1 DAGs
[2025-04-06T07:39:15.473+0000] {logging_mixin.py:190} INFO - [2025-04-06T07:39:15.473+0000] {dag.py:4180} INFO - Setting next_dagrun for latest_only to 2025-04-06 00:00:00+00:00, run_after=2025-04-06 04:00:00+00:00
[2025-04-06T07:39:15.483+0000] {processor.py:208} INFO - Processing /home/airflow/.local/lib/python3.12/site-packages/airflow/example_dags/example_latest_only.py took 0.039 seconds
[2025-04-06T07:39:46.118+0000] {processor.py:186} INFO - Started process (PID=1572) to work on /home/airflow/.local/lib/python3.12/site-packages/airflow/example_dags/example_latest_only.py
[2025-04-06T07:39:46.119+0000] {processor.py:914} INFO - Processing file /home/airflow/.local/lib/python3.12/site-packages/airflow/example_dags/example_latest_only.py for tasks to queue
[2025-04-06T07:39:46.120+0000] {logging_mixin.py:190} INFO - [2025-04-06T07:39:46.120+0000] {dagbag.py:588} INFO - Filling up the DagBag from /home/airflow/.local/lib/python3.12/site-packages/airflow/example_dags/example_latest_only.py
[2025-04-06T07:39:46.123+0000] {processor.py:925} INFO - DAG(s) 'latest_only' retrieved from /home/airflow/.local/lib/python3.12/site-packages/airflow/example_dags/example_latest_only.py
[2025-04-06T07:39:46.135+0000] {logging_mixin.py:190} INFO - [2025-04-06T07:39:46.135+0000] {dag.py:3239} INFO - Sync 1 DAGs
[2025-04-06T07:39:46.147+0000] {logging_mixin.py:190} INFO - [2025-04-06T07:39:46.147+0000] {dag.py:4180} INFO - Setting next_dagrun for latest_only to 2025-04-06 00:00:00+00:00, run_after=2025-04-06 04:00:00+00:00
[2025-04-06T07:39:46.158+0000] {processor.py:208} INFO - Processing /home/airflow/.local/lib/python3.12/site-packages/airflow/example_dags/example_latest_only.py took 0.043 seconds
[2025-04-06T07:40:16.680+0000] {processor.py:186} INFO - Started process (PID=1635) to work on /home/airflow/.local/lib/python3.12/site-packages/airflow/example_dags/example_latest_only.py
[2025-04-06T07:40:16.681+0000] {processor.py:914} INFO - Processing file /home/airflow/.local/lib/python3.12/site-packages/airflow/example_dags/example_latest_only.py for tasks to queue
[2025-04-06T07:40:16.682+0000] {logging_mixin.py:190} INFO - [2025-04-06T07:40:16.682+0000] {dagbag.py:588} INFO - Filling up the DagBag from /home/airflow/.local/lib/python3.12/site-packages/airflow/example_dags/example_latest_only.py
[2025-04-06T07:40:16.686+0000] {processor.py:925} INFO - DAG(s) 'latest_only' retrieved from /home/airflow/.local/lib/python3.12/site-packages/airflow/example_dags/example_latest_only.py
[2025-04-06T07:40:16.696+0000] {logging_mixin.py:190} INFO - [2025-04-06T07:40:16.696+0000] {dag.py:3239} INFO - Sync 1 DAGs
[2025-04-06T07:40:16.707+0000] {logging_mixin.py:190} INFO - [2025-04-06T07:40:16.707+0000] {dag.py:4180} INFO - Setting next_dagrun for latest_only to 2025-04-06 00:00:00+00:00, run_after=2025-04-06 04:00:00+00:00
[2025-04-06T07:40:16.717+0000] {processor.py:208} INFO - Processing /home/airflow/.local/lib/python3.12/site-packages/airflow/example_dags/example_latest_only.py took 0.040 seconds
[2025-04-06T07:40:48.048+0000] {processor.py:186} INFO - Started process (PID=1698) to work on /home/airflow/.local/lib/python3.12/site-packages/airflow/example_dags/example_latest_only.py
[2025-04-06T07:40:48.049+0000] {processor.py:914} INFO - Processing file /home/airflow/.local/lib/python3.12/site-packages/airflow/example_dags/example_latest_only.py for tasks to queue
[2025-04-06T07:40:48.050+0000] {logging_mixin.py:190} INFO - [2025-04-06T07:40:48.050+0000] {dagbag.py:588} INFO - Filling up the DagBag from /home/airflow/.local/lib/python3.12/site-packages/airflow/example_dags/example_latest_only.py
[2025-04-06T07:40:48.054+0000] {processor.py:925} INFO - DAG(s) 'latest_only' retrieved from /home/airflow/.local/lib/python3.12/site-packages/airflow/example_dags/example_latest_only.py
[2025-04-06T07:40:48.065+0000] {logging_mixin.py:190} INFO - [2025-04-06T07:40:48.064+0000] {dag.py:3239} INFO - Sync 1 DAGs
[2025-04-06T07:40:48.076+0000] {logging_mixin.py:190} INFO - [2025-04-06T07:40:48.076+0000] {dag.py:4180} INFO - Setting next_dagrun for latest_only to 2025-04-06 00:00:00+00:00, run_after=2025-04-06 04:00:00+00:00
[2025-04-06T07:40:48.085+0000] {processor.py:208} INFO - Processing /home/airflow/.local/lib/python3.12/site-packages/airflow/example_dags/example_latest_only.py took 0.040 seconds
[2025-04-06T07:41:19.375+0000] {processor.py:186} INFO - Started process (PID=1761) to work on /home/airflow/.local/lib/python3.12/site-packages/airflow/example_dags/example_latest_only.py
[2025-04-06T07:41:19.376+0000] {processor.py:914} INFO - Processing file /home/airflow/.local/lib/python3.12/site-packages/airflow/example_dags/example_latest_only.py for tasks to queue
[2025-04-06T07:41:19.377+0000] {logging_mixin.py:190} INFO - [2025-04-06T07:41:19.377+0000] {dagbag.py:588} INFO - Filling up the DagBag from /home/airflow/.local/lib/python3.12/site-packages/airflow/example_dags/example_latest_only.py
[2025-04-06T07:41:19.381+0000] {processor.py:925} INFO - DAG(s) 'latest_only' retrieved from /home/airflow/.local/lib/python3.12/site-packages/airflow/example_dags/example_latest_only.py
[2025-04-06T07:41:19.392+0000] {logging_mixin.py:190} INFO - [2025-04-06T07:41:19.392+0000] {dag.py:3239} INFO - Sync 1 DAGs
[2025-04-06T07:41:19.403+0000] {logging_mixin.py:190} INFO - [2025-04-06T07:41:19.402+0000] {dag.py:4180} INFO - Setting next_dagrun for latest_only to 2025-04-06 00:00:00+00:00, run_after=2025-04-06 04:00:00+00:00
[2025-04-06T07:41:19.413+0000] {processor.py:208} INFO - Processing /home/airflow/.local/lib/python3.12/site-packages/airflow/example_dags/example_latest_only.py took 0.041 seconds
[2025-04-06T07:41:49.997+0000] {processor.py:186} INFO - Started process (PID=1824) to work on /home/airflow/.local/lib/python3.12/site-packages/airflow/example_dags/example_latest_only.py
[2025-04-06T07:41:49.997+0000] {processor.py:914} INFO - Processing file /home/airflow/.local/lib/python3.12/site-packages/airflow/example_dags/example_latest_only.py for tasks to queue
[2025-04-06T07:41:49.999+0000] {logging_mixin.py:190} INFO - [2025-04-06T07:41:49.998+0000] {dagbag.py:588} INFO - Filling up the DagBag from /home/airflow/.local/lib/python3.12/site-packages/airflow/example_dags/example_latest_only.py
[2025-04-06T07:41:50.002+0000] {processor.py:925} INFO - DAG(s) 'latest_only' retrieved from /home/airflow/.local/lib/python3.12/site-packages/airflow/example_dags/example_latest_only.py
[2025-04-06T07:41:50.013+0000] {logging_mixin.py:190} INFO - [2025-04-06T07:41:50.013+0000] {dag.py:3239} INFO - Sync 1 DAGs
[2025-04-06T07:41:50.024+0000] {logging_mixin.py:190} INFO - [2025-04-06T07:41:50.024+0000] {dag.py:4180} INFO - Setting next_dagrun for latest_only to 2025-04-06 00:00:00+00:00, run_after=2025-04-06 04:00:00+00:00
[2025-04-06T07:41:50.034+0000] {processor.py:208} INFO - Processing /home/airflow/.local/lib/python3.12/site-packages/airflow/example_dags/example_latest_only.py took 0.040 seconds
[2025-04-06T07:42:20.951+0000] {processor.py:186} INFO - Started process (PID=1887) to work on /home/airflow/.local/lib/python3.12/site-packages/airflow/example_dags/example_latest_only.py
[2025-04-06T07:42:20.952+0000] {processor.py:914} INFO - Processing file /home/airflow/.local/lib/python3.12/site-packages/airflow/example_dags/example_latest_only.py for tasks to queue
[2025-04-06T07:42:20.953+0000] {logging_mixin.py:190} INFO - [2025-04-06T07:42:20.952+0000] {dagbag.py:588} INFO - Filling up the DagBag from /home/airflow/.local/lib/python3.12/site-packages/airflow/example_dags/example_latest_only.py
[2025-04-06T07:42:20.957+0000] {processor.py:925} INFO - DAG(s) 'latest_only' retrieved from /home/airflow/.local/lib/python3.12/site-packages/airflow/example_dags/example_latest_only.py
[2025-04-06T07:42:20.968+0000] {logging_mixin.py:190} INFO - [2025-04-06T07:42:20.967+0000] {dag.py:3239} INFO - Sync 1 DAGs
[2025-04-06T07:42:20.980+0000] {logging_mixin.py:190} INFO - [2025-04-06T07:42:20.980+0000] {dag.py:4180} INFO - Setting next_dagrun for latest_only to 2025-04-06 00:00:00+00:00, run_after=2025-04-06 04:00:00+00:00
[2025-04-06T07:42:20.990+0000] {processor.py:208} INFO - Processing /home/airflow/.local/lib/python3.12/site-packages/airflow/example_dags/example_latest_only.py took 0.042 seconds
[2025-04-06T07:42:52.383+0000] {processor.py:186} INFO - Started process (PID=1950) to work on /home/airflow/.local/lib/python3.12/site-packages/airflow/example_dags/example_latest_only.py
[2025-04-06T07:42:52.384+0000] {processor.py:914} INFO - Processing file /home/airflow/.local/lib/python3.12/site-packages/airflow/example_dags/example_latest_only.py for tasks to queue
[2025-04-06T07:42:52.385+0000] {logging_mixin.py:190} INFO - [2025-04-06T07:42:52.385+0000] {dagbag.py:588} INFO - Filling up the DagBag from /home/airflow/.local/lib/python3.12/site-packages/airflow/example_dags/example_latest_only.py
[2025-04-06T07:42:52.388+0000] {processor.py:925} INFO - DAG(s) 'latest_only' retrieved from /home/airflow/.local/lib/python3.12/site-packages/airflow/example_dags/example_latest_only.py
[2025-04-06T07:42:52.399+0000] {logging_mixin.py:190} INFO - [2025-04-06T07:42:52.399+0000] {dag.py:3239} INFO - Sync 1 DAGs
[2025-04-06T07:42:52.410+0000] {logging_mixin.py:190} INFO - [2025-04-06T07:42:52.410+0000] {dag.py:4180} INFO - Setting next_dagrun for latest_only to 2025-04-06 00:00:00+00:00, run_after=2025-04-06 04:00:00+00:00
[2025-04-06T07:42:52.421+0000] {processor.py:208} INFO - Processing /home/airflow/.local/lib/python3.12/site-packages/airflow/example_dags/example_latest_only.py took 0.041 seconds
[2025-04-06T07:43:23.286+0000] {processor.py:186} INFO - Started process (PID=2013) to work on /home/airflow/.local/lib/python3.12/site-packages/airflow/example_dags/example_latest_only.py
[2025-04-06T07:43:23.287+0000] {processor.py:914} INFO - Processing file /home/airflow/.local/lib/python3.12/site-packages/airflow/example_dags/example_latest_only.py for tasks to queue
[2025-04-06T07:43:23.288+0000] {logging_mixin.py:190} INFO - [2025-04-06T07:43:23.288+0000] {dagbag.py:588} INFO - Filling up the DagBag from /home/airflow/.local/lib/python3.12/site-packages/airflow/example_dags/example_latest_only.py
[2025-04-06T07:43:23.292+0000] {processor.py:925} INFO - DAG(s) 'latest_only' retrieved from /home/airflow/.local/lib/python3.12/site-packages/airflow/example_dags/example_latest_only.py
[2025-04-06T07:43:23.303+0000] {logging_mixin.py:190} INFO - [2025-04-06T07:43:23.302+0000] {dag.py:3239} INFO - Sync 1 DAGs
[2025-04-06T07:43:23.314+0000] {logging_mixin.py:190} INFO - [2025-04-06T07:43:23.314+0000] {dag.py:4180} INFO - Setting next_dagrun for latest_only to 2025-04-06 00:00:00+00:00, run_after=2025-04-06 04:00:00+00:00
[2025-04-06T07:43:23.324+0000] {processor.py:208} INFO - Processing /home/airflow/.local/lib/python3.12/site-packages/airflow/example_dags/example_latest_only.py took 0.041 seconds
[2025-04-06T07:43:52.635+0000] {processor.py:186} INFO - Started process (PID=2076) to work on /home/airflow/.local/lib/python3.12/site-packages/airflow/example_dags/example_latest_only.py
[2025-04-06T07:43:52.635+0000] {processor.py:914} INFO - Processing file /home/airflow/.local/lib/python3.12/site-packages/airflow/example_dags/example_latest_only.py for tasks to queue
[2025-04-06T07:43:52.636+0000] {logging_mixin.py:190} INFO - [2025-04-06T07:43:52.636+0000] {dagbag.py:588} INFO - Filling up the DagBag from /home/airflow/.local/lib/python3.12/site-packages/airflow/example_dags/example_latest_only.py
[2025-04-06T07:43:52.640+0000] {processor.py:925} INFO - DAG(s) 'latest_only' retrieved from /home/airflow/.local/lib/python3.12/site-packages/airflow/example_dags/example_latest_only.py
[2025-04-06T07:43:52.650+0000] {logging_mixin.py:190} INFO - [2025-04-06T07:43:52.650+0000] {dag.py:3239} INFO - Sync 1 DAGs
[2025-04-06T07:43:52.661+0000] {logging_mixin.py:190} INFO - [2025-04-06T07:43:52.661+0000] {dag.py:4180} INFO - Setting next_dagrun for latest_only to 2025-04-06 00:00:00+00:00, run_after=2025-04-06 04:00:00+00:00
[2025-04-06T07:43:52.671+0000] {processor.py:208} INFO - Processing /home/airflow/.local/lib/python3.12/site-packages/airflow/example_dags/example_latest_only.py took 0.039 seconds
