[2025-04-06T07:27:59.969+0000] {processor.py:186} INFO - Started process (PID=113) to work on /home/airflow/.local/lib/python3.12/site-packages/airflow/example_dags/example_branch_operator.py
[2025-04-06T07:27:59.969+0000] {processor.py:914} INFO - Processing file /home/airflow/.local/lib/python3.12/site-packages/airflow/example_dags/example_branch_operator.py for tasks to queue
[2025-04-06T07:27:59.970+0000] {logging_mixin.py:190} INFO - [2025-04-06T07:27:59.970+0000] {dagbag.py:588} INFO - Filling up the DagBag from /home/airflow/.local/lib/python3.12/site-packages/airflow/example_dags/example_branch_operator.py
[2025-04-06T07:27:59.980+0000] {processor.py:925} INFO - DAG(s) 'example_branch_operator' retrieved from /home/airflow/.local/lib/python3.12/site-packages/airflow/example_dags/example_branch_operator.py
[2025-04-06T07:28:00.035+0000] {logging_mixin.py:190} INFO - [2025-04-06T07:28:00.034+0000] {override.py:1912} INFO - Created Permission View: can delete on DAG:example_branch_operator
[2025-04-06T07:28:00.041+0000] {logging_mixin.py:190} INFO - [2025-04-06T07:28:00.041+0000] {override.py:1912} INFO - Created Permission View: can read on DAG:example_branch_operator
[2025-04-06T07:28:00.045+0000] {logging_mixin.py:190} INFO - [2025-04-06T07:28:00.044+0000] {override.py:1912} INFO - Created Permission View: can edit on DAG:example_branch_operator
[2025-04-06T07:28:00.049+0000] {logging_mixin.py:190} INFO - [2025-04-06T07:28:00.049+0000] {override.py:1912} INFO - Created Permission View: can delete on DAG Run:example_branch_operator
[2025-04-06T07:28:00.053+0000] {logging_mixin.py:190} INFO - [2025-04-06T07:28:00.053+0000] {override.py:1912} INFO - Created Permission View: can read on DAG Run:example_branch_operator
[2025-04-06T07:28:00.057+0000] {logging_mixin.py:190} INFO - [2025-04-06T07:28:00.056+0000] {override.py:1912} INFO - Created Permission View: can create on DAG Run:example_branch_operator
[2025-04-06T07:28:00.060+0000] {logging_mixin.py:190} INFO - [2025-04-06T07:28:00.060+0000] {override.py:1912} INFO - Created Permission View: menu access on DAG Run:example_branch_operator
[2025-04-06T07:28:00.060+0000] {logging_mixin.py:190} INFO - [2025-04-06T07:28:00.060+0000] {dag.py:3239} INFO - Sync 1 DAGs
[2025-04-06T07:28:00.067+0000] {logging_mixin.py:190} INFO - [2025-04-06T07:28:00.067+0000] {dag.py:3262} INFO - Creating ORM DAG for example_branch_operator
[2025-04-06T07:28:00.073+0000] {logging_mixin.py:190} INFO - [2025-04-06T07:28:00.072+0000] {dag.py:4180} INFO - Setting next_dagrun for example_branch_operator to 2025-04-05 00:00:00+00:00, run_after=2025-04-06 00:00:00+00:00
[2025-04-06T07:28:00.082+0000] {processor.py:208} INFO - Processing /home/airflow/.local/lib/python3.12/site-packages/airflow/example_dags/example_branch_operator.py took 0.116 seconds
[2025-04-06T07:28:30.216+0000] {processor.py:186} INFO - Started process (PID=176) to work on /home/airflow/.local/lib/python3.12/site-packages/airflow/example_dags/example_branch_operator.py
[2025-04-06T07:28:30.217+0000] {processor.py:914} INFO - Processing file /home/airflow/.local/lib/python3.12/site-packages/airflow/example_dags/example_branch_operator.py for tasks to queue
[2025-04-06T07:28:30.218+0000] {logging_mixin.py:190} INFO - [2025-04-06T07:28:30.217+0000] {dagbag.py:588} INFO - Filling up the DagBag from /home/airflow/.local/lib/python3.12/site-packages/airflow/example_dags/example_branch_operator.py
[2025-04-06T07:28:30.227+0000] {processor.py:925} INFO - DAG(s) 'example_branch_operator' retrieved from /home/airflow/.local/lib/python3.12/site-packages/airflow/example_dags/example_branch_operator.py
[2025-04-06T07:28:30.242+0000] {logging_mixin.py:190} INFO - [2025-04-06T07:28:30.242+0000] {dag.py:3239} INFO - Sync 1 DAGs
[2025-04-06T07:28:30.255+0000] {logging_mixin.py:190} INFO - [2025-04-06T07:28:30.255+0000] {dag.py:4180} INFO - Setting next_dagrun for example_branch_operator to 2025-04-05 00:00:00+00:00, run_after=2025-04-06 00:00:00+00:00
[2025-04-06T07:28:30.266+0000] {processor.py:208} INFO - Processing /home/airflow/.local/lib/python3.12/site-packages/airflow/example_dags/example_branch_operator.py took 0.052 seconds
[2025-04-06T07:29:00.394+0000] {processor.py:186} INFO - Started process (PID=239) to work on /home/airflow/.local/lib/python3.12/site-packages/airflow/example_dags/example_branch_operator.py
[2025-04-06T07:29:00.394+0000] {processor.py:914} INFO - Processing file /home/airflow/.local/lib/python3.12/site-packages/airflow/example_dags/example_branch_operator.py for tasks to queue
[2025-04-06T07:29:00.395+0000] {logging_mixin.py:190} INFO - [2025-04-06T07:29:00.395+0000] {dagbag.py:588} INFO - Filling up the DagBag from /home/airflow/.local/lib/python3.12/site-packages/airflow/example_dags/example_branch_operator.py
[2025-04-06T07:29:00.404+0000] {processor.py:925} INFO - DAG(s) 'example_branch_operator' retrieved from /home/airflow/.local/lib/python3.12/site-packages/airflow/example_dags/example_branch_operator.py
[2025-04-06T07:29:00.420+0000] {logging_mixin.py:190} INFO - [2025-04-06T07:29:00.419+0000] {dag.py:3239} INFO - Sync 1 DAGs
[2025-04-06T07:29:00.432+0000] {logging_mixin.py:190} INFO - [2025-04-06T07:29:00.432+0000] {dag.py:4180} INFO - Setting next_dagrun for example_branch_operator to 2025-04-05 00:00:00+00:00, run_after=2025-04-06 00:00:00+00:00
[2025-04-06T07:29:00.443+0000] {processor.py:208} INFO - Processing /home/airflow/.local/lib/python3.12/site-packages/airflow/example_dags/example_branch_operator.py took 0.053 seconds
[2025-04-06T07:29:31.739+0000] {processor.py:186} INFO - Started process (PID=302) to work on /home/airflow/.local/lib/python3.12/site-packages/airflow/example_dags/example_branch_operator.py
[2025-04-06T07:29:31.739+0000] {processor.py:914} INFO - Processing file /home/airflow/.local/lib/python3.12/site-packages/airflow/example_dags/example_branch_operator.py for tasks to queue
[2025-04-06T07:29:31.740+0000] {logging_mixin.py:190} INFO - [2025-04-06T07:29:31.740+0000] {dagbag.py:588} INFO - Filling up the DagBag from /home/airflow/.local/lib/python3.12/site-packages/airflow/example_dags/example_branch_operator.py
[2025-04-06T07:29:31.749+0000] {processor.py:925} INFO - DAG(s) 'example_branch_operator' retrieved from /home/airflow/.local/lib/python3.12/site-packages/airflow/example_dags/example_branch_operator.py
[2025-04-06T07:29:31.765+0000] {logging_mixin.py:190} INFO - [2025-04-06T07:29:31.764+0000] {dag.py:3239} INFO - Sync 1 DAGs
[2025-04-06T07:29:31.776+0000] {logging_mixin.py:190} INFO - [2025-04-06T07:29:31.776+0000] {dag.py:4180} INFO - Setting next_dagrun for example_branch_operator to 2025-04-05 00:00:00+00:00, run_after=2025-04-06 00:00:00+00:00
[2025-04-06T07:29:31.786+0000] {processor.py:208} INFO - Processing /home/airflow/.local/lib/python3.12/site-packages/airflow/example_dags/example_branch_operator.py took 0.051 seconds
[2025-04-06T07:30:02.543+0000] {processor.py:186} INFO - Started process (PID=365) to work on /home/airflow/.local/lib/python3.12/site-packages/airflow/example_dags/example_branch_operator.py
[2025-04-06T07:30:02.543+0000] {processor.py:914} INFO - Processing file /home/airflow/.local/lib/python3.12/site-packages/airflow/example_dags/example_branch_operator.py for tasks to queue
[2025-04-06T07:30:02.545+0000] {logging_mixin.py:190} INFO - [2025-04-06T07:30:02.545+0000] {dagbag.py:588} INFO - Filling up the DagBag from /home/airflow/.local/lib/python3.12/site-packages/airflow/example_dags/example_branch_operator.py
[2025-04-06T07:30:02.554+0000] {processor.py:925} INFO - DAG(s) 'example_branch_operator' retrieved from /home/airflow/.local/lib/python3.12/site-packages/airflow/example_dags/example_branch_operator.py
[2025-04-06T07:30:02.569+0000] {logging_mixin.py:190} INFO - [2025-04-06T07:30:02.569+0000] {dag.py:3239} INFO - Sync 1 DAGs
[2025-04-06T07:30:02.581+0000] {logging_mixin.py:190} INFO - [2025-04-06T07:30:02.581+0000] {dag.py:4180} INFO - Setting next_dagrun for example_branch_operator to 2025-04-05 00:00:00+00:00, run_after=2025-04-06 00:00:00+00:00
[2025-04-06T07:30:02.591+0000] {processor.py:208} INFO - Processing /home/airflow/.local/lib/python3.12/site-packages/airflow/example_dags/example_branch_operator.py took 0.051 seconds
[2025-04-06T07:30:33.441+0000] {processor.py:186} INFO - Started process (PID=428) to work on /home/airflow/.local/lib/python3.12/site-packages/airflow/example_dags/example_branch_operator.py
[2025-04-06T07:30:33.441+0000] {processor.py:914} INFO - Processing file /home/airflow/.local/lib/python3.12/site-packages/airflow/example_dags/example_branch_operator.py for tasks to queue
[2025-04-06T07:30:33.442+0000] {logging_mixin.py:190} INFO - [2025-04-06T07:30:33.442+0000] {dagbag.py:588} INFO - Filling up the DagBag from /home/airflow/.local/lib/python3.12/site-packages/airflow/example_dags/example_branch_operator.py
[2025-04-06T07:30:33.452+0000] {processor.py:925} INFO - DAG(s) 'example_branch_operator' retrieved from /home/airflow/.local/lib/python3.12/site-packages/airflow/example_dags/example_branch_operator.py
[2025-04-06T07:30:33.467+0000] {logging_mixin.py:190} INFO - [2025-04-06T07:30:33.467+0000] {dag.py:3239} INFO - Sync 1 DAGs
[2025-04-06T07:30:33.480+0000] {logging_mixin.py:190} INFO - [2025-04-06T07:30:33.480+0000] {dag.py:4180} INFO - Setting next_dagrun for example_branch_operator to 2025-04-05 00:00:00+00:00, run_after=2025-04-06 00:00:00+00:00
[2025-04-06T07:30:33.489+0000] {processor.py:208} INFO - Processing /home/airflow/.local/lib/python3.12/site-packages/airflow/example_dags/example_branch_operator.py took 0.052 seconds
[2025-04-06T07:31:03.976+0000] {processor.py:186} INFO - Started process (PID=491) to work on /home/airflow/.local/lib/python3.12/site-packages/airflow/example_dags/example_branch_operator.py
[2025-04-06T07:31:03.976+0000] {processor.py:914} INFO - Processing file /home/airflow/.local/lib/python3.12/site-packages/airflow/example_dags/example_branch_operator.py for tasks to queue
[2025-04-06T07:31:03.977+0000] {logging_mixin.py:190} INFO - [2025-04-06T07:31:03.977+0000] {dagbag.py:588} INFO - Filling up the DagBag from /home/airflow/.local/lib/python3.12/site-packages/airflow/example_dags/example_branch_operator.py
[2025-04-06T07:31:03.986+0000] {processor.py:925} INFO - DAG(s) 'example_branch_operator' retrieved from /home/airflow/.local/lib/python3.12/site-packages/airflow/example_dags/example_branch_operator.py
[2025-04-06T07:31:04.001+0000] {logging_mixin.py:190} INFO - [2025-04-06T07:31:04.000+0000] {dag.py:3239} INFO - Sync 1 DAGs
[2025-04-06T07:31:04.013+0000] {logging_mixin.py:190} INFO - [2025-04-06T07:31:04.013+0000] {dag.py:4180} INFO - Setting next_dagrun for example_branch_operator to 2025-04-05 00:00:00+00:00, run_after=2025-04-06 00:00:00+00:00
[2025-04-06T07:31:04.023+0000] {processor.py:208} INFO - Processing /home/airflow/.local/lib/python3.12/site-packages/airflow/example_dags/example_branch_operator.py took 0.050 seconds
[2025-04-06T07:31:34.867+0000] {processor.py:186} INFO - Started process (PID=554) to work on /home/airflow/.local/lib/python3.12/site-packages/airflow/example_dags/example_branch_operator.py
[2025-04-06T07:31:34.867+0000] {processor.py:914} INFO - Processing file /home/airflow/.local/lib/python3.12/site-packages/airflow/example_dags/example_branch_operator.py for tasks to queue
[2025-04-06T07:31:34.869+0000] {logging_mixin.py:190} INFO - [2025-04-06T07:31:34.868+0000] {dagbag.py:588} INFO - Filling up the DagBag from /home/airflow/.local/lib/python3.12/site-packages/airflow/example_dags/example_branch_operator.py
[2025-04-06T07:31:34.877+0000] {processor.py:925} INFO - DAG(s) 'example_branch_operator' retrieved from /home/airflow/.local/lib/python3.12/site-packages/airflow/example_dags/example_branch_operator.py
[2025-04-06T07:31:34.891+0000] {logging_mixin.py:190} INFO - [2025-04-06T07:31:34.891+0000] {dag.py:3239} INFO - Sync 1 DAGs
[2025-04-06T07:31:34.904+0000] {logging_mixin.py:190} INFO - [2025-04-06T07:31:34.904+0000] {dag.py:4180} INFO - Setting next_dagrun for example_branch_operator to 2025-04-05 00:00:00+00:00, run_after=2025-04-06 00:00:00+00:00
[2025-04-06T07:31:34.913+0000] {processor.py:208} INFO - Processing /home/airflow/.local/lib/python3.12/site-packages/airflow/example_dags/example_branch_operator.py took 0.049 seconds
[2025-04-06T07:32:05.459+0000] {processor.py:186} INFO - Started process (PID=617) to work on /home/airflow/.local/lib/python3.12/site-packages/airflow/example_dags/example_branch_operator.py
[2025-04-06T07:32:05.460+0000] {processor.py:914} INFO - Processing file /home/airflow/.local/lib/python3.12/site-packages/airflow/example_dags/example_branch_operator.py for tasks to queue
[2025-04-06T07:32:05.461+0000] {logging_mixin.py:190} INFO - [2025-04-06T07:32:05.461+0000] {dagbag.py:588} INFO - Filling up the DagBag from /home/airflow/.local/lib/python3.12/site-packages/airflow/example_dags/example_branch_operator.py
[2025-04-06T07:32:05.470+0000] {processor.py:925} INFO - DAG(s) 'example_branch_operator' retrieved from /home/airflow/.local/lib/python3.12/site-packages/airflow/example_dags/example_branch_operator.py
[2025-04-06T07:32:05.483+0000] {logging_mixin.py:190} INFO - [2025-04-06T07:32:05.483+0000] {dag.py:3239} INFO - Sync 1 DAGs
[2025-04-06T07:32:05.497+0000] {logging_mixin.py:190} INFO - [2025-04-06T07:32:05.497+0000] {dag.py:4180} INFO - Setting next_dagrun for example_branch_operator to 2025-04-05 00:00:00+00:00, run_after=2025-04-06 00:00:00+00:00
[2025-04-06T07:32:05.508+0000] {processor.py:208} INFO - Processing /home/airflow/.local/lib/python3.12/site-packages/airflow/example_dags/example_branch_operator.py took 0.052 seconds
[2025-04-06T07:32:36.082+0000] {processor.py:186} INFO - Started process (PID=679) to work on /home/airflow/.local/lib/python3.12/site-packages/airflow/example_dags/example_branch_operator.py
[2025-04-06T07:32:36.083+0000] {processor.py:914} INFO - Processing file /home/airflow/.local/lib/python3.12/site-packages/airflow/example_dags/example_branch_operator.py for tasks to queue
[2025-04-06T07:32:36.084+0000] {logging_mixin.py:190} INFO - [2025-04-06T07:32:36.084+0000] {dagbag.py:588} INFO - Filling up the DagBag from /home/airflow/.local/lib/python3.12/site-packages/airflow/example_dags/example_branch_operator.py
[2025-04-06T07:32:36.093+0000] {processor.py:925} INFO - DAG(s) 'example_branch_operator' retrieved from /home/airflow/.local/lib/python3.12/site-packages/airflow/example_dags/example_branch_operator.py
[2025-04-06T07:32:36.106+0000] {logging_mixin.py:190} INFO - [2025-04-06T07:32:36.106+0000] {dag.py:3239} INFO - Sync 1 DAGs
[2025-04-06T07:32:36.119+0000] {logging_mixin.py:190} INFO - [2025-04-06T07:32:36.119+0000] {dag.py:4180} INFO - Setting next_dagrun for example_branch_operator to 2025-04-05 00:00:00+00:00, run_after=2025-04-06 00:00:00+00:00
[2025-04-06T07:32:36.129+0000] {processor.py:208} INFO - Processing /home/airflow/.local/lib/python3.12/site-packages/airflow/example_dags/example_branch_operator.py took 0.050 seconds
[2025-04-06T07:33:06.572+0000] {processor.py:186} INFO - Started process (PID=743) to work on /home/airflow/.local/lib/python3.12/site-packages/airflow/example_dags/example_branch_operator.py
[2025-04-06T07:33:06.573+0000] {processor.py:914} INFO - Processing file /home/airflow/.local/lib/python3.12/site-packages/airflow/example_dags/example_branch_operator.py for tasks to queue
[2025-04-06T07:33:06.574+0000] {logging_mixin.py:190} INFO - [2025-04-06T07:33:06.574+0000] {dagbag.py:588} INFO - Filling up the DagBag from /home/airflow/.local/lib/python3.12/site-packages/airflow/example_dags/example_branch_operator.py
[2025-04-06T07:33:06.582+0000] {processor.py:925} INFO - DAG(s) 'example_branch_operator' retrieved from /home/airflow/.local/lib/python3.12/site-packages/airflow/example_dags/example_branch_operator.py
[2025-04-06T07:33:06.596+0000] {logging_mixin.py:190} INFO - [2025-04-06T07:33:06.596+0000] {dag.py:3239} INFO - Sync 1 DAGs
[2025-04-06T07:33:06.609+0000] {logging_mixin.py:190} INFO - [2025-04-06T07:33:06.609+0000] {dag.py:4180} INFO - Setting next_dagrun for example_branch_operator to 2025-04-05 00:00:00+00:00, run_after=2025-04-06 00:00:00+00:00
[2025-04-06T07:33:06.618+0000] {processor.py:208} INFO - Processing /home/airflow/.local/lib/python3.12/site-packages/airflow/example_dags/example_branch_operator.py took 0.049 seconds
[2025-04-06T07:33:37.234+0000] {processor.py:186} INFO - Started process (PID=812) to work on /home/airflow/.local/lib/python3.12/site-packages/airflow/example_dags/example_branch_operator.py
[2025-04-06T07:33:37.235+0000] {processor.py:914} INFO - Processing file /home/airflow/.local/lib/python3.12/site-packages/airflow/example_dags/example_branch_operator.py for tasks to queue
[2025-04-06T07:33:37.236+0000] {logging_mixin.py:190} INFO - [2025-04-06T07:33:37.236+0000] {dagbag.py:588} INFO - Filling up the DagBag from /home/airflow/.local/lib/python3.12/site-packages/airflow/example_dags/example_branch_operator.py
[2025-04-06T07:33:37.245+0000] {processor.py:925} INFO - DAG(s) 'example_branch_operator' retrieved from /home/airflow/.local/lib/python3.12/site-packages/airflow/example_dags/example_branch_operator.py
[2025-04-06T07:33:37.259+0000] {logging_mixin.py:190} INFO - [2025-04-06T07:33:37.259+0000] {dag.py:3239} INFO - Sync 1 DAGs
[2025-04-06T07:33:37.272+0000] {logging_mixin.py:190} INFO - [2025-04-06T07:33:37.272+0000] {dag.py:4180} INFO - Setting next_dagrun for example_branch_operator to 2025-04-05 00:00:00+00:00, run_after=2025-04-06 00:00:00+00:00
[2025-04-06T07:33:37.282+0000] {processor.py:208} INFO - Processing /home/airflow/.local/lib/python3.12/site-packages/airflow/example_dags/example_branch_operator.py took 0.050 seconds
[2025-04-06T07:34:07.880+0000] {processor.py:186} INFO - Started process (PID=875) to work on /home/airflow/.local/lib/python3.12/site-packages/airflow/example_dags/example_branch_operator.py
[2025-04-06T07:34:07.880+0000] {processor.py:914} INFO - Processing file /home/airflow/.local/lib/python3.12/site-packages/airflow/example_dags/example_branch_operator.py for tasks to queue
[2025-04-06T07:34:07.882+0000] {logging_mixin.py:190} INFO - [2025-04-06T07:34:07.881+0000] {dagbag.py:588} INFO - Filling up the DagBag from /home/airflow/.local/lib/python3.12/site-packages/airflow/example_dags/example_branch_operator.py
[2025-04-06T07:34:07.892+0000] {processor.py:925} INFO - DAG(s) 'example_branch_operator' retrieved from /home/airflow/.local/lib/python3.12/site-packages/airflow/example_dags/example_branch_operator.py
[2025-04-06T07:34:07.906+0000] {logging_mixin.py:190} INFO - [2025-04-06T07:34:07.906+0000] {dag.py:3239} INFO - Sync 1 DAGs
[2025-04-06T07:34:07.919+0000] {logging_mixin.py:190} INFO - [2025-04-06T07:34:07.919+0000] {dag.py:4180} INFO - Setting next_dagrun for example_branch_operator to 2025-04-05 00:00:00+00:00, run_after=2025-04-06 00:00:00+00:00
[2025-04-06T07:34:07.929+0000] {processor.py:208} INFO - Processing /home/airflow/.local/lib/python3.12/site-packages/airflow/example_dags/example_branch_operator.py took 0.052 seconds
[2025-04-06T07:34:38.439+0000] {processor.py:186} INFO - Started process (PID=937) to work on /home/airflow/.local/lib/python3.12/site-packages/airflow/example_dags/example_branch_operator.py
[2025-04-06T07:34:38.440+0000] {processor.py:914} INFO - Processing file /home/airflow/.local/lib/python3.12/site-packages/airflow/example_dags/example_branch_operator.py for tasks to queue
[2025-04-06T07:34:38.441+0000] {logging_mixin.py:190} INFO - [2025-04-06T07:34:38.441+0000] {dagbag.py:588} INFO - Filling up the DagBag from /home/airflow/.local/lib/python3.12/site-packages/airflow/example_dags/example_branch_operator.py
[2025-04-06T07:34:38.450+0000] {processor.py:925} INFO - DAG(s) 'example_branch_operator' retrieved from /home/airflow/.local/lib/python3.12/site-packages/airflow/example_dags/example_branch_operator.py
[2025-04-06T07:34:38.469+0000] {logging_mixin.py:190} INFO - [2025-04-06T07:34:38.469+0000] {dag.py:3239} INFO - Sync 1 DAGs
[2025-04-06T07:34:38.482+0000] {logging_mixin.py:190} INFO - [2025-04-06T07:34:38.482+0000] {dag.py:4180} INFO - Setting next_dagrun for example_branch_operator to 2025-04-05 00:00:00+00:00, run_after=2025-04-06 00:00:00+00:00
[2025-04-06T07:34:38.495+0000] {processor.py:208} INFO - Processing /home/airflow/.local/lib/python3.12/site-packages/airflow/example_dags/example_branch_operator.py took 0.059 seconds
[2025-04-06T07:35:08.998+0000] {processor.py:186} INFO - Started process (PID=1000) to work on /home/airflow/.local/lib/python3.12/site-packages/airflow/example_dags/example_branch_operator.py
[2025-04-06T07:35:08.998+0000] {processor.py:914} INFO - Processing file /home/airflow/.local/lib/python3.12/site-packages/airflow/example_dags/example_branch_operator.py for tasks to queue
[2025-04-06T07:35:09.000+0000] {logging_mixin.py:190} INFO - [2025-04-06T07:35:08.999+0000] {dagbag.py:588} INFO - Filling up the DagBag from /home/airflow/.local/lib/python3.12/site-packages/airflow/example_dags/example_branch_operator.py
[2025-04-06T07:35:09.009+0000] {processor.py:925} INFO - DAG(s) 'example_branch_operator' retrieved from /home/airflow/.local/lib/python3.12/site-packages/airflow/example_dags/example_branch_operator.py
[2025-04-06T07:35:09.023+0000] {logging_mixin.py:190} INFO - [2025-04-06T07:35:09.023+0000] {dag.py:3239} INFO - Sync 1 DAGs
[2025-04-06T07:35:09.035+0000] {logging_mixin.py:190} INFO - [2025-04-06T07:35:09.035+0000] {dag.py:4180} INFO - Setting next_dagrun for example_branch_operator to 2025-04-05 00:00:00+00:00, run_after=2025-04-06 00:00:00+00:00
[2025-04-06T07:35:09.044+0000] {processor.py:208} INFO - Processing /home/airflow/.local/lib/python3.12/site-packages/airflow/example_dags/example_branch_operator.py took 0.049 seconds
[2025-04-06T07:35:39.457+0000] {processor.py:186} INFO - Started process (PID=1063) to work on /home/airflow/.local/lib/python3.12/site-packages/airflow/example_dags/example_branch_operator.py
[2025-04-06T07:35:39.457+0000] {processor.py:914} INFO - Processing file /home/airflow/.local/lib/python3.12/site-packages/airflow/example_dags/example_branch_operator.py for tasks to queue
[2025-04-06T07:35:39.459+0000] {logging_mixin.py:190} INFO - [2025-04-06T07:35:39.458+0000] {dagbag.py:588} INFO - Filling up the DagBag from /home/airflow/.local/lib/python3.12/site-packages/airflow/example_dags/example_branch_operator.py
[2025-04-06T07:35:39.468+0000] {processor.py:925} INFO - DAG(s) 'example_branch_operator' retrieved from /home/airflow/.local/lib/python3.12/site-packages/airflow/example_dags/example_branch_operator.py
[2025-04-06T07:35:39.483+0000] {logging_mixin.py:190} INFO - [2025-04-06T07:35:39.483+0000] {dag.py:3239} INFO - Sync 1 DAGs
[2025-04-06T07:35:39.496+0000] {logging_mixin.py:190} INFO - [2025-04-06T07:35:39.496+0000] {dag.py:4180} INFO - Setting next_dagrun for example_branch_operator to 2025-04-05 00:00:00+00:00, run_after=2025-04-06 00:00:00+00:00
[2025-04-06T07:35:39.505+0000] {processor.py:208} INFO - Processing /home/airflow/.local/lib/python3.12/site-packages/airflow/example_dags/example_branch_operator.py took 0.052 seconds
[2025-04-06T07:36:10.062+0000] {processor.py:186} INFO - Started process (PID=1126) to work on /home/airflow/.local/lib/python3.12/site-packages/airflow/example_dags/example_branch_operator.py
[2025-04-06T07:36:10.063+0000] {processor.py:914} INFO - Processing file /home/airflow/.local/lib/python3.12/site-packages/airflow/example_dags/example_branch_operator.py for tasks to queue
[2025-04-06T07:36:10.064+0000] {logging_mixin.py:190} INFO - [2025-04-06T07:36:10.064+0000] {dagbag.py:588} INFO - Filling up the DagBag from /home/airflow/.local/lib/python3.12/site-packages/airflow/example_dags/example_branch_operator.py
[2025-04-06T07:36:10.073+0000] {processor.py:925} INFO - DAG(s) 'example_branch_operator' retrieved from /home/airflow/.local/lib/python3.12/site-packages/airflow/example_dags/example_branch_operator.py
[2025-04-06T07:36:10.087+0000] {logging_mixin.py:190} INFO - [2025-04-06T07:36:10.087+0000] {dag.py:3239} INFO - Sync 1 DAGs
[2025-04-06T07:36:10.099+0000] {logging_mixin.py:190} INFO - [2025-04-06T07:36:10.099+0000] {dag.py:4180} INFO - Setting next_dagrun for example_branch_operator to 2025-04-05 00:00:00+00:00, run_after=2025-04-06 00:00:00+00:00
[2025-04-06T07:36:10.109+0000] {processor.py:208} INFO - Processing /home/airflow/.local/lib/python3.12/site-packages/airflow/example_dags/example_branch_operator.py took 0.049 seconds
[2025-04-06T07:36:40.702+0000] {processor.py:186} INFO - Started process (PID=1190) to work on /home/airflow/.local/lib/python3.12/site-packages/airflow/example_dags/example_branch_operator.py
[2025-04-06T07:36:40.703+0000] {processor.py:914} INFO - Processing file /home/airflow/.local/lib/python3.12/site-packages/airflow/example_dags/example_branch_operator.py for tasks to queue
[2025-04-06T07:36:40.704+0000] {logging_mixin.py:190} INFO - [2025-04-06T07:36:40.704+0000] {dagbag.py:588} INFO - Filling up the DagBag from /home/airflow/.local/lib/python3.12/site-packages/airflow/example_dags/example_branch_operator.py
[2025-04-06T07:36:40.713+0000] {processor.py:925} INFO - DAG(s) 'example_branch_operator' retrieved from /home/airflow/.local/lib/python3.12/site-packages/airflow/example_dags/example_branch_operator.py
[2025-04-06T07:36:40.728+0000] {logging_mixin.py:190} INFO - [2025-04-06T07:36:40.728+0000] {dag.py:3239} INFO - Sync 1 DAGs
[2025-04-06T07:36:40.741+0000] {logging_mixin.py:190} INFO - [2025-04-06T07:36:40.741+0000] {dag.py:4180} INFO - Setting next_dagrun for example_branch_operator to 2025-04-05 00:00:00+00:00, run_after=2025-04-06 00:00:00+00:00
[2025-04-06T07:36:40.751+0000] {processor.py:208} INFO - Processing /home/airflow/.local/lib/python3.12/site-packages/airflow/example_dags/example_branch_operator.py took 0.052 seconds
[2025-04-06T07:37:11.765+0000] {processor.py:186} INFO - Started process (PID=1253) to work on /home/airflow/.local/lib/python3.12/site-packages/airflow/example_dags/example_branch_operator.py
[2025-04-06T07:37:11.765+0000] {processor.py:914} INFO - Processing file /home/airflow/.local/lib/python3.12/site-packages/airflow/example_dags/example_branch_operator.py for tasks to queue
[2025-04-06T07:37:11.766+0000] {logging_mixin.py:190} INFO - [2025-04-06T07:37:11.766+0000] {dagbag.py:588} INFO - Filling up the DagBag from /home/airflow/.local/lib/python3.12/site-packages/airflow/example_dags/example_branch_operator.py
[2025-04-06T07:37:11.775+0000] {processor.py:925} INFO - DAG(s) 'example_branch_operator' retrieved from /home/airflow/.local/lib/python3.12/site-packages/airflow/example_dags/example_branch_operator.py
[2025-04-06T07:37:11.789+0000] {logging_mixin.py:190} INFO - [2025-04-06T07:37:11.789+0000] {dag.py:3239} INFO - Sync 1 DAGs
[2025-04-06T07:37:11.801+0000] {logging_mixin.py:190} INFO - [2025-04-06T07:37:11.801+0000] {dag.py:4180} INFO - Setting next_dagrun for example_branch_operator to 2025-04-05 00:00:00+00:00, run_after=2025-04-06 00:00:00+00:00
[2025-04-06T07:37:11.811+0000] {processor.py:208} INFO - Processing /home/airflow/.local/lib/python3.12/site-packages/airflow/example_dags/example_branch_operator.py took 0.049 seconds
[2025-04-06T07:37:42.737+0000] {processor.py:186} INFO - Started process (PID=1316) to work on /home/airflow/.local/lib/python3.12/site-packages/airflow/example_dags/example_branch_operator.py
[2025-04-06T07:37:42.738+0000] {processor.py:914} INFO - Processing file /home/airflow/.local/lib/python3.12/site-packages/airflow/example_dags/example_branch_operator.py for tasks to queue
[2025-04-06T07:37:42.739+0000] {logging_mixin.py:190} INFO - [2025-04-06T07:37:42.738+0000] {dagbag.py:588} INFO - Filling up the DagBag from /home/airflow/.local/lib/python3.12/site-packages/airflow/example_dags/example_branch_operator.py
[2025-04-06T07:37:42.748+0000] {processor.py:925} INFO - DAG(s) 'example_branch_operator' retrieved from /home/airflow/.local/lib/python3.12/site-packages/airflow/example_dags/example_branch_operator.py
[2025-04-06T07:37:42.762+0000] {logging_mixin.py:190} INFO - [2025-04-06T07:37:42.762+0000] {dag.py:3239} INFO - Sync 1 DAGs
[2025-04-06T07:37:42.775+0000] {logging_mixin.py:190} INFO - [2025-04-06T07:37:42.775+0000] {dag.py:4180} INFO - Setting next_dagrun for example_branch_operator to 2025-04-05 00:00:00+00:00, run_after=2025-04-06 00:00:00+00:00
[2025-04-06T07:37:42.784+0000] {processor.py:208} INFO - Processing /home/airflow/.local/lib/python3.12/site-packages/airflow/example_dags/example_branch_operator.py took 0.050 seconds
[2025-04-06T07:38:13.382+0000] {processor.py:186} INFO - Started process (PID=1379) to work on /home/airflow/.local/lib/python3.12/site-packages/airflow/example_dags/example_branch_operator.py
[2025-04-06T07:38:13.383+0000] {processor.py:914} INFO - Processing file /home/airflow/.local/lib/python3.12/site-packages/airflow/example_dags/example_branch_operator.py for tasks to queue
[2025-04-06T07:38:13.384+0000] {logging_mixin.py:190} INFO - [2025-04-06T07:38:13.383+0000] {dagbag.py:588} INFO - Filling up the DagBag from /home/airflow/.local/lib/python3.12/site-packages/airflow/example_dags/example_branch_operator.py
[2025-04-06T07:38:13.392+0000] {processor.py:925} INFO - DAG(s) 'example_branch_operator' retrieved from /home/airflow/.local/lib/python3.12/site-packages/airflow/example_dags/example_branch_operator.py
[2025-04-06T07:38:13.407+0000] {logging_mixin.py:190} INFO - [2025-04-06T07:38:13.406+0000] {dag.py:3239} INFO - Sync 1 DAGs
[2025-04-06T07:38:13.418+0000] {logging_mixin.py:190} INFO - [2025-04-06T07:38:13.418+0000] {dag.py:4180} INFO - Setting next_dagrun for example_branch_operator to 2025-04-05 00:00:00+00:00, run_after=2025-04-06 00:00:00+00:00
[2025-04-06T07:38:13.428+0000] {processor.py:208} INFO - Processing /home/airflow/.local/lib/python3.12/site-packages/airflow/example_dags/example_branch_operator.py took 0.049 seconds
[2025-04-06T07:38:44.365+0000] {processor.py:186} INFO - Started process (PID=1442) to work on /home/airflow/.local/lib/python3.12/site-packages/airflow/example_dags/example_branch_operator.py
[2025-04-06T07:38:44.365+0000] {processor.py:914} INFO - Processing file /home/airflow/.local/lib/python3.12/site-packages/airflow/example_dags/example_branch_operator.py for tasks to queue
[2025-04-06T07:38:44.366+0000] {logging_mixin.py:190} INFO - [2025-04-06T07:38:44.366+0000] {dagbag.py:588} INFO - Filling up the DagBag from /home/airflow/.local/lib/python3.12/site-packages/airflow/example_dags/example_branch_operator.py
[2025-04-06T07:38:44.375+0000] {processor.py:925} INFO - DAG(s) 'example_branch_operator' retrieved from /home/airflow/.local/lib/python3.12/site-packages/airflow/example_dags/example_branch_operator.py
[2025-04-06T07:38:44.394+0000] {logging_mixin.py:190} INFO - [2025-04-06T07:38:44.394+0000] {dag.py:3239} INFO - Sync 1 DAGs
[2025-04-06T07:38:44.409+0000] {logging_mixin.py:190} INFO - [2025-04-06T07:38:44.409+0000] {dag.py:4180} INFO - Setting next_dagrun for example_branch_operator to 2025-04-05 00:00:00+00:00, run_after=2025-04-06 00:00:00+00:00
[2025-04-06T07:38:44.420+0000] {processor.py:208} INFO - Processing /home/airflow/.local/lib/python3.12/site-packages/airflow/example_dags/example_branch_operator.py took 0.058 seconds
[2025-04-06T07:39:15.498+0000] {processor.py:186} INFO - Started process (PID=1511) to work on /home/airflow/.local/lib/python3.12/site-packages/airflow/example_dags/example_branch_operator.py
[2025-04-06T07:39:15.498+0000] {processor.py:914} INFO - Processing file /home/airflow/.local/lib/python3.12/site-packages/airflow/example_dags/example_branch_operator.py for tasks to queue
[2025-04-06T07:39:15.499+0000] {logging_mixin.py:190} INFO - [2025-04-06T07:39:15.499+0000] {dagbag.py:588} INFO - Filling up the DagBag from /home/airflow/.local/lib/python3.12/site-packages/airflow/example_dags/example_branch_operator.py
[2025-04-06T07:39:15.508+0000] {processor.py:925} INFO - DAG(s) 'example_branch_operator' retrieved from /home/airflow/.local/lib/python3.12/site-packages/airflow/example_dags/example_branch_operator.py
[2025-04-06T07:39:15.523+0000] {logging_mixin.py:190} INFO - [2025-04-06T07:39:15.522+0000] {dag.py:3239} INFO - Sync 1 DAGs
[2025-04-06T07:39:15.535+0000] {logging_mixin.py:190} INFO - [2025-04-06T07:39:15.535+0000] {dag.py:4180} INFO - Setting next_dagrun for example_branch_operator to 2025-04-05 00:00:00+00:00, run_after=2025-04-06 00:00:00+00:00
[2025-04-06T07:39:15.545+0000] {processor.py:208} INFO - Processing /home/airflow/.local/lib/python3.12/site-packages/airflow/example_dags/example_branch_operator.py took 0.050 seconds
[2025-04-06T07:39:46.224+0000] {processor.py:186} INFO - Started process (PID=1574) to work on /home/airflow/.local/lib/python3.12/site-packages/airflow/example_dags/example_branch_operator.py
[2025-04-06T07:39:46.225+0000] {processor.py:914} INFO - Processing file /home/airflow/.local/lib/python3.12/site-packages/airflow/example_dags/example_branch_operator.py for tasks to queue
[2025-04-06T07:39:46.226+0000] {logging_mixin.py:190} INFO - [2025-04-06T07:39:46.226+0000] {dagbag.py:588} INFO - Filling up the DagBag from /home/airflow/.local/lib/python3.12/site-packages/airflow/example_dags/example_branch_operator.py
[2025-04-06T07:39:46.235+0000] {processor.py:925} INFO - DAG(s) 'example_branch_operator' retrieved from /home/airflow/.local/lib/python3.12/site-packages/airflow/example_dags/example_branch_operator.py
[2025-04-06T07:39:46.249+0000] {logging_mixin.py:190} INFO - [2025-04-06T07:39:46.248+0000] {dag.py:3239} INFO - Sync 1 DAGs
[2025-04-06T07:39:46.260+0000] {logging_mixin.py:190} INFO - [2025-04-06T07:39:46.260+0000] {dag.py:4180} INFO - Setting next_dagrun for example_branch_operator to 2025-04-05 00:00:00+00:00, run_after=2025-04-06 00:00:00+00:00
[2025-04-06T07:39:46.270+0000] {processor.py:208} INFO - Processing /home/airflow/.local/lib/python3.12/site-packages/airflow/example_dags/example_branch_operator.py took 0.048 seconds
[2025-04-06T07:40:16.786+0000] {processor.py:186} INFO - Started process (PID=1637) to work on /home/airflow/.local/lib/python3.12/site-packages/airflow/example_dags/example_branch_operator.py
[2025-04-06T07:40:16.786+0000] {processor.py:914} INFO - Processing file /home/airflow/.local/lib/python3.12/site-packages/airflow/example_dags/example_branch_operator.py for tasks to queue
[2025-04-06T07:40:16.788+0000] {logging_mixin.py:190} INFO - [2025-04-06T07:40:16.787+0000] {dagbag.py:588} INFO - Filling up the DagBag from /home/airflow/.local/lib/python3.12/site-packages/airflow/example_dags/example_branch_operator.py
[2025-04-06T07:40:16.797+0000] {processor.py:925} INFO - DAG(s) 'example_branch_operator' retrieved from /home/airflow/.local/lib/python3.12/site-packages/airflow/example_dags/example_branch_operator.py
[2025-04-06T07:40:16.812+0000] {logging_mixin.py:190} INFO - [2025-04-06T07:40:16.811+0000] {dag.py:3239} INFO - Sync 1 DAGs
[2025-04-06T07:40:16.825+0000] {logging_mixin.py:190} INFO - [2025-04-06T07:40:16.824+0000] {dag.py:4180} INFO - Setting next_dagrun for example_branch_operator to 2025-04-05 00:00:00+00:00, run_after=2025-04-06 00:00:00+00:00
[2025-04-06T07:40:16.834+0000] {processor.py:208} INFO - Processing /home/airflow/.local/lib/python3.12/site-packages/airflow/example_dags/example_branch_operator.py took 0.052 seconds
[2025-04-06T07:40:48.100+0000] {processor.py:186} INFO - Started process (PID=1700) to work on /home/airflow/.local/lib/python3.12/site-packages/airflow/example_dags/example_branch_operator.py
[2025-04-06T07:40:48.100+0000] {processor.py:914} INFO - Processing file /home/airflow/.local/lib/python3.12/site-packages/airflow/example_dags/example_branch_operator.py for tasks to queue
[2025-04-06T07:40:48.101+0000] {logging_mixin.py:190} INFO - [2025-04-06T07:40:48.101+0000] {dagbag.py:588} INFO - Filling up the DagBag from /home/airflow/.local/lib/python3.12/site-packages/airflow/example_dags/example_branch_operator.py
[2025-04-06T07:40:48.110+0000] {processor.py:925} INFO - DAG(s) 'example_branch_operator' retrieved from /home/airflow/.local/lib/python3.12/site-packages/airflow/example_dags/example_branch_operator.py
[2025-04-06T07:40:48.124+0000] {logging_mixin.py:190} INFO - [2025-04-06T07:40:48.124+0000] {dag.py:3239} INFO - Sync 1 DAGs
[2025-04-06T07:40:48.137+0000] {logging_mixin.py:190} INFO - [2025-04-06T07:40:48.137+0000] {dag.py:4180} INFO - Setting next_dagrun for example_branch_operator to 2025-04-05 00:00:00+00:00, run_after=2025-04-06 00:00:00+00:00
[2025-04-06T07:40:48.146+0000] {processor.py:208} INFO - Processing /home/airflow/.local/lib/python3.12/site-packages/airflow/example_dags/example_branch_operator.py took 0.049 seconds
[2025-04-06T07:41:19.428+0000] {processor.py:186} INFO - Started process (PID=1763) to work on /home/airflow/.local/lib/python3.12/site-packages/airflow/example_dags/example_branch_operator.py
[2025-04-06T07:41:19.428+0000] {processor.py:914} INFO - Processing file /home/airflow/.local/lib/python3.12/site-packages/airflow/example_dags/example_branch_operator.py for tasks to queue
[2025-04-06T07:41:19.429+0000] {logging_mixin.py:190} INFO - [2025-04-06T07:41:19.429+0000] {dagbag.py:588} INFO - Filling up the DagBag from /home/airflow/.local/lib/python3.12/site-packages/airflow/example_dags/example_branch_operator.py
[2025-04-06T07:41:19.439+0000] {processor.py:925} INFO - DAG(s) 'example_branch_operator' retrieved from /home/airflow/.local/lib/python3.12/site-packages/airflow/example_dags/example_branch_operator.py
[2025-04-06T07:41:19.453+0000] {logging_mixin.py:190} INFO - [2025-04-06T07:41:19.453+0000] {dag.py:3239} INFO - Sync 1 DAGs
[2025-04-06T07:41:19.465+0000] {logging_mixin.py:190} INFO - [2025-04-06T07:41:19.465+0000] {dag.py:4180} INFO - Setting next_dagrun for example_branch_operator to 2025-04-05 00:00:00+00:00, run_after=2025-04-06 00:00:00+00:00
[2025-04-06T07:41:19.474+0000] {processor.py:208} INFO - Processing /home/airflow/.local/lib/python3.12/site-packages/airflow/example_dags/example_branch_operator.py took 0.050 seconds
[2025-04-06T07:41:50.101+0000] {processor.py:186} INFO - Started process (PID=1826) to work on /home/airflow/.local/lib/python3.12/site-packages/airflow/example_dags/example_branch_operator.py
[2025-04-06T07:41:50.101+0000] {processor.py:914} INFO - Processing file /home/airflow/.local/lib/python3.12/site-packages/airflow/example_dags/example_branch_operator.py for tasks to queue
[2025-04-06T07:41:50.102+0000] {logging_mixin.py:190} INFO - [2025-04-06T07:41:50.102+0000] {dagbag.py:588} INFO - Filling up the DagBag from /home/airflow/.local/lib/python3.12/site-packages/airflow/example_dags/example_branch_operator.py
[2025-04-06T07:41:50.111+0000] {processor.py:925} INFO - DAG(s) 'example_branch_operator' retrieved from /home/airflow/.local/lib/python3.12/site-packages/airflow/example_dags/example_branch_operator.py
[2025-04-06T07:41:50.125+0000] {logging_mixin.py:190} INFO - [2025-04-06T07:41:50.125+0000] {dag.py:3239} INFO - Sync 1 DAGs
[2025-04-06T07:41:50.137+0000] {logging_mixin.py:190} INFO - [2025-04-06T07:41:50.137+0000] {dag.py:4180} INFO - Setting next_dagrun for example_branch_operator to 2025-04-05 00:00:00+00:00, run_after=2025-04-06 00:00:00+00:00
[2025-04-06T07:41:50.146+0000] {processor.py:208} INFO - Processing /home/airflow/.local/lib/python3.12/site-packages/airflow/example_dags/example_branch_operator.py took 0.048 seconds
[2025-04-06T07:42:21.054+0000] {processor.py:186} INFO - Started process (PID=1889) to work on /home/airflow/.local/lib/python3.12/site-packages/airflow/example_dags/example_branch_operator.py
[2025-04-06T07:42:21.055+0000] {processor.py:914} INFO - Processing file /home/airflow/.local/lib/python3.12/site-packages/airflow/example_dags/example_branch_operator.py for tasks to queue
[2025-04-06T07:42:21.056+0000] {logging_mixin.py:190} INFO - [2025-04-06T07:42:21.056+0000] {dagbag.py:588} INFO - Filling up the DagBag from /home/airflow/.local/lib/python3.12/site-packages/airflow/example_dags/example_branch_operator.py
[2025-04-06T07:42:21.065+0000] {processor.py:925} INFO - DAG(s) 'example_branch_operator' retrieved from /home/airflow/.local/lib/python3.12/site-packages/airflow/example_dags/example_branch_operator.py
[2025-04-06T07:42:21.079+0000] {logging_mixin.py:190} INFO - [2025-04-06T07:42:21.079+0000] {dag.py:3239} INFO - Sync 1 DAGs
[2025-04-06T07:42:21.091+0000] {logging_mixin.py:190} INFO - [2025-04-06T07:42:21.091+0000] {dag.py:4180} INFO - Setting next_dagrun for example_branch_operator to 2025-04-05 00:00:00+00:00, run_after=2025-04-06 00:00:00+00:00
[2025-04-06T07:42:21.100+0000] {processor.py:208} INFO - Processing /home/airflow/.local/lib/python3.12/site-packages/airflow/example_dags/example_branch_operator.py took 0.049 seconds
[2025-04-06T07:42:52.487+0000] {processor.py:186} INFO - Started process (PID=1952) to work on /home/airflow/.local/lib/python3.12/site-packages/airflow/example_dags/example_branch_operator.py
[2025-04-06T07:42:52.487+0000] {processor.py:914} INFO - Processing file /home/airflow/.local/lib/python3.12/site-packages/airflow/example_dags/example_branch_operator.py for tasks to queue
[2025-04-06T07:42:52.488+0000] {logging_mixin.py:190} INFO - [2025-04-06T07:42:52.488+0000] {dagbag.py:588} INFO - Filling up the DagBag from /home/airflow/.local/lib/python3.12/site-packages/airflow/example_dags/example_branch_operator.py
[2025-04-06T07:42:52.497+0000] {processor.py:925} INFO - DAG(s) 'example_branch_operator' retrieved from /home/airflow/.local/lib/python3.12/site-packages/airflow/example_dags/example_branch_operator.py
[2025-04-06T07:42:52.511+0000] {logging_mixin.py:190} INFO - [2025-04-06T07:42:52.511+0000] {dag.py:3239} INFO - Sync 1 DAGs
[2025-04-06T07:42:52.524+0000] {logging_mixin.py:190} INFO - [2025-04-06T07:42:52.524+0000] {dag.py:4180} INFO - Setting next_dagrun for example_branch_operator to 2025-04-05 00:00:00+00:00, run_after=2025-04-06 00:00:00+00:00
[2025-04-06T07:42:52.533+0000] {processor.py:208} INFO - Processing /home/airflow/.local/lib/python3.12/site-packages/airflow/example_dags/example_branch_operator.py took 0.049 seconds
[2025-04-06T07:43:23.391+0000] {processor.py:186} INFO - Started process (PID=2015) to work on /home/airflow/.local/lib/python3.12/site-packages/airflow/example_dags/example_branch_operator.py
[2025-04-06T07:43:23.392+0000] {processor.py:914} INFO - Processing file /home/airflow/.local/lib/python3.12/site-packages/airflow/example_dags/example_branch_operator.py for tasks to queue
[2025-04-06T07:43:23.393+0000] {logging_mixin.py:190} INFO - [2025-04-06T07:43:23.393+0000] {dagbag.py:588} INFO - Filling up the DagBag from /home/airflow/.local/lib/python3.12/site-packages/airflow/example_dags/example_branch_operator.py
[2025-04-06T07:43:23.401+0000] {processor.py:925} INFO - DAG(s) 'example_branch_operator' retrieved from /home/airflow/.local/lib/python3.12/site-packages/airflow/example_dags/example_branch_operator.py
[2025-04-06T07:43:23.416+0000] {logging_mixin.py:190} INFO - [2025-04-06T07:43:23.416+0000] {dag.py:3239} INFO - Sync 1 DAGs
[2025-04-06T07:43:23.429+0000] {logging_mixin.py:190} INFO - [2025-04-06T07:43:23.429+0000] {dag.py:4180} INFO - Setting next_dagrun for example_branch_operator to 2025-04-05 00:00:00+00:00, run_after=2025-04-06 00:00:00+00:00
[2025-04-06T07:43:23.438+0000] {processor.py:208} INFO - Processing /home/airflow/.local/lib/python3.12/site-packages/airflow/example_dags/example_branch_operator.py took 0.049 seconds
[2025-04-06T07:43:52.685+0000] {processor.py:186} INFO - Started process (PID=2078) to work on /home/airflow/.local/lib/python3.12/site-packages/airflow/example_dags/example_branch_operator.py
[2025-04-06T07:43:52.686+0000] {processor.py:914} INFO - Processing file /home/airflow/.local/lib/python3.12/site-packages/airflow/example_dags/example_branch_operator.py for tasks to queue
[2025-04-06T07:43:52.687+0000] {logging_mixin.py:190} INFO - [2025-04-06T07:43:52.687+0000] {dagbag.py:588} INFO - Filling up the DagBag from /home/airflow/.local/lib/python3.12/site-packages/airflow/example_dags/example_branch_operator.py
[2025-04-06T07:43:52.696+0000] {processor.py:925} INFO - DAG(s) 'example_branch_operator' retrieved from /home/airflow/.local/lib/python3.12/site-packages/airflow/example_dags/example_branch_operator.py
[2025-04-06T07:43:52.710+0000] {logging_mixin.py:190} INFO - [2025-04-06T07:43:52.710+0000] {dag.py:3239} INFO - Sync 1 DAGs
[2025-04-06T07:43:52.723+0000] {logging_mixin.py:190} INFO - [2025-04-06T07:43:52.722+0000] {dag.py:4180} INFO - Setting next_dagrun for example_branch_operator to 2025-04-05 00:00:00+00:00, run_after=2025-04-06 00:00:00+00:00
[2025-04-06T07:43:52.732+0000] {processor.py:208} INFO - Processing /home/airflow/.local/lib/python3.12/site-packages/airflow/example_dags/example_branch_operator.py took 0.050 seconds
