[2025-04-06T07:27:58.934+0000] {processor.py:186} INFO - Started process (PID=103) to work on /home/airflow/.local/lib/python3.12/site-packages/airflow/example_dags/example_python_operator.py
[2025-04-06T07:27:58.934+0000] {processor.py:914} INFO - Processing file /home/airflow/.local/lib/python3.12/site-packages/airflow/example_dags/example_python_operator.py for tasks to queue
[2025-04-06T07:27:58.935+0000] {logging_mixin.py:190} INFO - [2025-04-06T07:27:58.935+0000] {dagbag.py:588} INFO - Filling up the DagBag from /home/airflow/.local/lib/python3.12/site-packages/airflow/example_dags/example_python_operator.py
[2025-04-06T07:27:58.942+0000] {processor.py:925} INFO - DAG(s) 'example_python_operator' retrieved from /home/airflow/.local/lib/python3.12/site-packages/airflow/example_dags/example_python_operator.py
[2025-04-06T07:27:58.998+0000] {logging_mixin.py:190} INFO - [2025-04-06T07:27:58.997+0000] {override.py:1912} INFO - Created Permission View: can delete on DAG:example_python_operator
[2025-04-06T07:27:59.003+0000] {logging_mixin.py:190} INFO - [2025-04-06T07:27:59.003+0000] {override.py:1912} INFO - Created Permission View: can read on DAG:example_python_operator
[2025-04-06T07:27:59.006+0000] {logging_mixin.py:190} INFO - [2025-04-06T07:27:59.006+0000] {override.py:1912} INFO - Created Permission View: can edit on DAG:example_python_operator
[2025-04-06T07:27:59.011+0000] {logging_mixin.py:190} INFO - [2025-04-06T07:27:59.011+0000] {override.py:1912} INFO - Created Permission View: can delete on DAG Run:example_python_operator
[2025-04-06T07:27:59.015+0000] {logging_mixin.py:190} INFO - [2025-04-06T07:27:59.014+0000] {override.py:1912} INFO - Created Permission View: can read on DAG Run:example_python_operator
[2025-04-06T07:27:59.019+0000] {logging_mixin.py:190} INFO - [2025-04-06T07:27:59.019+0000] {override.py:1912} INFO - Created Permission View: can create on DAG Run:example_python_operator
[2025-04-06T07:27:59.023+0000] {logging_mixin.py:190} INFO - [2025-04-06T07:27:59.022+0000] {override.py:1912} INFO - Created Permission View: menu access on DAG Run:example_python_operator
[2025-04-06T07:27:59.023+0000] {logging_mixin.py:190} INFO - [2025-04-06T07:27:59.023+0000] {dag.py:3239} INFO - Sync 1 DAGs
[2025-04-06T07:27:59.028+0000] {logging_mixin.py:190} INFO - [2025-04-06T07:27:59.028+0000] {dag.py:3262} INFO - Creating ORM DAG for example_python_operator
[2025-04-06T07:27:59.029+0000] {logging_mixin.py:190} INFO - [2025-04-06T07:27:59.029+0000] {dag.py:4180} INFO - Setting next_dagrun for example_python_operator to None, run_after=None
[2025-04-06T07:27:59.037+0000] {processor.py:208} INFO - Processing /home/airflow/.local/lib/python3.12/site-packages/airflow/example_dags/example_python_operator.py took 0.106 seconds
[2025-04-06T07:28:29.599+0000] {processor.py:186} INFO - Started process (PID=166) to work on /home/airflow/.local/lib/python3.12/site-packages/airflow/example_dags/example_python_operator.py
[2025-04-06T07:28:29.600+0000] {processor.py:914} INFO - Processing file /home/airflow/.local/lib/python3.12/site-packages/airflow/example_dags/example_python_operator.py for tasks to queue
[2025-04-06T07:28:29.601+0000] {logging_mixin.py:190} INFO - [2025-04-06T07:28:29.601+0000] {dagbag.py:588} INFO - Filling up the DagBag from /home/airflow/.local/lib/python3.12/site-packages/airflow/example_dags/example_python_operator.py
[2025-04-06T07:28:29.607+0000] {processor.py:925} INFO - DAG(s) 'example_python_operator' retrieved from /home/airflow/.local/lib/python3.12/site-packages/airflow/example_dags/example_python_operator.py
[2025-04-06T07:28:29.618+0000] {logging_mixin.py:190} INFO - [2025-04-06T07:28:29.618+0000] {dag.py:3239} INFO - Sync 1 DAGs
[2025-04-06T07:28:29.624+0000] {logging_mixin.py:190} INFO - [2025-04-06T07:28:29.624+0000] {dag.py:4180} INFO - Setting next_dagrun for example_python_operator to None, run_after=None
[2025-04-06T07:28:29.634+0000] {processor.py:208} INFO - Processing /home/airflow/.local/lib/python3.12/site-packages/airflow/example_dags/example_python_operator.py took 0.037 seconds
[2025-04-06T07:28:59.978+0000] {processor.py:186} INFO - Started process (PID=229) to work on /home/airflow/.local/lib/python3.12/site-packages/airflow/example_dags/example_python_operator.py
[2025-04-06T07:28:59.979+0000] {processor.py:914} INFO - Processing file /home/airflow/.local/lib/python3.12/site-packages/airflow/example_dags/example_python_operator.py for tasks to queue
[2025-04-06T07:28:59.980+0000] {logging_mixin.py:190} INFO - [2025-04-06T07:28:59.980+0000] {dagbag.py:588} INFO - Filling up the DagBag from /home/airflow/.local/lib/python3.12/site-packages/airflow/example_dags/example_python_operator.py
[2025-04-06T07:28:59.987+0000] {processor.py:925} INFO - DAG(s) 'example_python_operator' retrieved from /home/airflow/.local/lib/python3.12/site-packages/airflow/example_dags/example_python_operator.py
[2025-04-06T07:28:59.998+0000] {logging_mixin.py:190} INFO - [2025-04-06T07:28:59.998+0000] {dag.py:3239} INFO - Sync 1 DAGs
[2025-04-06T07:29:00.005+0000] {logging_mixin.py:190} INFO - [2025-04-06T07:29:00.005+0000] {dag.py:4180} INFO - Setting next_dagrun for example_python_operator to None, run_after=None
[2025-04-06T07:29:00.015+0000] {processor.py:208} INFO - Processing /home/airflow/.local/lib/python3.12/site-packages/airflow/example_dags/example_python_operator.py took 0.040 seconds
[2025-04-06T07:29:31.338+0000] {processor.py:186} INFO - Started process (PID=292) to work on /home/airflow/.local/lib/python3.12/site-packages/airflow/example_dags/example_python_operator.py
[2025-04-06T07:29:31.338+0000] {processor.py:914} INFO - Processing file /home/airflow/.local/lib/python3.12/site-packages/airflow/example_dags/example_python_operator.py for tasks to queue
[2025-04-06T07:29:31.340+0000] {logging_mixin.py:190} INFO - [2025-04-06T07:29:31.339+0000] {dagbag.py:588} INFO - Filling up the DagBag from /home/airflow/.local/lib/python3.12/site-packages/airflow/example_dags/example_python_operator.py
[2025-04-06T07:29:31.346+0000] {processor.py:925} INFO - DAG(s) 'example_python_operator' retrieved from /home/airflow/.local/lib/python3.12/site-packages/airflow/example_dags/example_python_operator.py
[2025-04-06T07:29:31.358+0000] {logging_mixin.py:190} INFO - [2025-04-06T07:29:31.358+0000] {dag.py:3239} INFO - Sync 1 DAGs
[2025-04-06T07:29:31.367+0000] {logging_mixin.py:190} INFO - [2025-04-06T07:29:31.366+0000] {dag.py:4180} INFO - Setting next_dagrun for example_python_operator to None, run_after=None
[2025-04-06T07:29:31.377+0000] {processor.py:208} INFO - Processing /home/airflow/.local/lib/python3.12/site-packages/airflow/example_dags/example_python_operator.py took 0.042 seconds
[2025-04-06T07:30:01.937+0000] {processor.py:186} INFO - Started process (PID=355) to work on /home/airflow/.local/lib/python3.12/site-packages/airflow/example_dags/example_python_operator.py
[2025-04-06T07:30:01.938+0000] {processor.py:914} INFO - Processing file /home/airflow/.local/lib/python3.12/site-packages/airflow/example_dags/example_python_operator.py for tasks to queue
[2025-04-06T07:30:01.939+0000] {logging_mixin.py:190} INFO - [2025-04-06T07:30:01.939+0000] {dagbag.py:588} INFO - Filling up the DagBag from /home/airflow/.local/lib/python3.12/site-packages/airflow/example_dags/example_python_operator.py
[2025-04-06T07:30:01.945+0000] {processor.py:925} INFO - DAG(s) 'example_python_operator' retrieved from /home/airflow/.local/lib/python3.12/site-packages/airflow/example_dags/example_python_operator.py
[2025-04-06T07:30:01.956+0000] {logging_mixin.py:190} INFO - [2025-04-06T07:30:01.955+0000] {dag.py:3239} INFO - Sync 1 DAGs
[2025-04-06T07:30:01.962+0000] {logging_mixin.py:190} INFO - [2025-04-06T07:30:01.962+0000] {dag.py:4180} INFO - Setting next_dagrun for example_python_operator to None, run_after=None
[2025-04-06T07:30:01.972+0000] {processor.py:208} INFO - Processing /home/airflow/.local/lib/python3.12/site-packages/airflow/example_dags/example_python_operator.py took 0.038 seconds
[2025-04-06T07:30:32.932+0000] {processor.py:186} INFO - Started process (PID=418) to work on /home/airflow/.local/lib/python3.12/site-packages/airflow/example_dags/example_python_operator.py
[2025-04-06T07:30:32.933+0000] {processor.py:914} INFO - Processing file /home/airflow/.local/lib/python3.12/site-packages/airflow/example_dags/example_python_operator.py for tasks to queue
[2025-04-06T07:30:32.934+0000] {logging_mixin.py:190} INFO - [2025-04-06T07:30:32.934+0000] {dagbag.py:588} INFO - Filling up the DagBag from /home/airflow/.local/lib/python3.12/site-packages/airflow/example_dags/example_python_operator.py
[2025-04-06T07:30:32.944+0000] {processor.py:925} INFO - DAG(s) 'example_python_operator' retrieved from /home/airflow/.local/lib/python3.12/site-packages/airflow/example_dags/example_python_operator.py
[2025-04-06T07:30:32.959+0000] {logging_mixin.py:190} INFO - [2025-04-06T07:30:32.959+0000] {dag.py:3239} INFO - Sync 1 DAGs
[2025-04-06T07:30:32.968+0000] {logging_mixin.py:190} INFO - [2025-04-06T07:30:32.968+0000] {dag.py:4180} INFO - Setting next_dagrun for example_python_operator to None, run_after=None
[2025-04-06T07:30:32.980+0000] {processor.py:208} INFO - Processing /home/airflow/.local/lib/python3.12/site-packages/airflow/example_dags/example_python_operator.py took 0.052 seconds
[2025-04-06T07:31:03.531+0000] {processor.py:186} INFO - Started process (PID=481) to work on /home/airflow/.local/lib/python3.12/site-packages/airflow/example_dags/example_python_operator.py
[2025-04-06T07:31:03.532+0000] {processor.py:914} INFO - Processing file /home/airflow/.local/lib/python3.12/site-packages/airflow/example_dags/example_python_operator.py for tasks to queue
[2025-04-06T07:31:03.533+0000] {logging_mixin.py:190} INFO - [2025-04-06T07:31:03.533+0000] {dagbag.py:588} INFO - Filling up the DagBag from /home/airflow/.local/lib/python3.12/site-packages/airflow/example_dags/example_python_operator.py
[2025-04-06T07:31:03.539+0000] {processor.py:925} INFO - DAG(s) 'example_python_operator' retrieved from /home/airflow/.local/lib/python3.12/site-packages/airflow/example_dags/example_python_operator.py
[2025-04-06T07:31:03.551+0000] {logging_mixin.py:190} INFO - [2025-04-06T07:31:03.551+0000] {dag.py:3239} INFO - Sync 1 DAGs
[2025-04-06T07:31:03.558+0000] {logging_mixin.py:190} INFO - [2025-04-06T07:31:03.558+0000] {dag.py:4180} INFO - Setting next_dagrun for example_python_operator to None, run_after=None
[2025-04-06T07:31:03.568+0000] {processor.py:208} INFO - Processing /home/airflow/.local/lib/python3.12/site-packages/airflow/example_dags/example_python_operator.py took 0.040 seconds
[2025-04-06T07:31:34.252+0000] {processor.py:186} INFO - Started process (PID=544) to work on /home/airflow/.local/lib/python3.12/site-packages/airflow/example_dags/example_python_operator.py
[2025-04-06T07:31:34.252+0000] {processor.py:914} INFO - Processing file /home/airflow/.local/lib/python3.12/site-packages/airflow/example_dags/example_python_operator.py for tasks to queue
[2025-04-06T07:31:34.253+0000] {logging_mixin.py:190} INFO - [2025-04-06T07:31:34.253+0000] {dagbag.py:588} INFO - Filling up the DagBag from /home/airflow/.local/lib/python3.12/site-packages/airflow/example_dags/example_python_operator.py
[2025-04-06T07:31:34.260+0000] {processor.py:925} INFO - DAG(s) 'example_python_operator' retrieved from /home/airflow/.local/lib/python3.12/site-packages/airflow/example_dags/example_python_operator.py
[2025-04-06T07:31:34.272+0000] {logging_mixin.py:190} INFO - [2025-04-06T07:31:34.272+0000] {dag.py:3239} INFO - Sync 1 DAGs
[2025-04-06T07:31:34.281+0000] {logging_mixin.py:190} INFO - [2025-04-06T07:31:34.281+0000] {dag.py:4180} INFO - Setting next_dagrun for example_python_operator to None, run_after=None
[2025-04-06T07:31:34.291+0000] {processor.py:208} INFO - Processing /home/airflow/.local/lib/python3.12/site-packages/airflow/example_dags/example_python_operator.py took 0.043 seconds
[2025-04-06T07:32:05.021+0000] {processor.py:186} INFO - Started process (PID=607) to work on /home/airflow/.local/lib/python3.12/site-packages/airflow/example_dags/example_python_operator.py
[2025-04-06T07:32:05.021+0000] {processor.py:914} INFO - Processing file /home/airflow/.local/lib/python3.12/site-packages/airflow/example_dags/example_python_operator.py for tasks to queue
[2025-04-06T07:32:05.023+0000] {logging_mixin.py:190} INFO - [2025-04-06T07:32:05.022+0000] {dagbag.py:588} INFO - Filling up the DagBag from /home/airflow/.local/lib/python3.12/site-packages/airflow/example_dags/example_python_operator.py
[2025-04-06T07:32:05.029+0000] {processor.py:925} INFO - DAG(s) 'example_python_operator' retrieved from /home/airflow/.local/lib/python3.12/site-packages/airflow/example_dags/example_python_operator.py
[2025-04-06T07:32:05.041+0000] {logging_mixin.py:190} INFO - [2025-04-06T07:32:05.041+0000] {dag.py:3239} INFO - Sync 1 DAGs
[2025-04-06T07:32:05.049+0000] {logging_mixin.py:190} INFO - [2025-04-06T07:32:05.049+0000] {dag.py:4180} INFO - Setting next_dagrun for example_python_operator to None, run_after=None
[2025-04-06T07:32:05.058+0000] {processor.py:208} INFO - Processing /home/airflow/.local/lib/python3.12/site-packages/airflow/example_dags/example_python_operator.py took 0.041 seconds
[2025-04-06T07:32:35.690+0000] {processor.py:186} INFO - Started process (PID=670) to work on /home/airflow/.local/lib/python3.12/site-packages/airflow/example_dags/example_python_operator.py
[2025-04-06T07:32:35.690+0000] {processor.py:914} INFO - Processing file /home/airflow/.local/lib/python3.12/site-packages/airflow/example_dags/example_python_operator.py for tasks to queue
[2025-04-06T07:32:35.691+0000] {logging_mixin.py:190} INFO - [2025-04-06T07:32:35.691+0000] {dagbag.py:588} INFO - Filling up the DagBag from /home/airflow/.local/lib/python3.12/site-packages/airflow/example_dags/example_python_operator.py
[2025-04-06T07:32:35.697+0000] {processor.py:925} INFO - DAG(s) 'example_python_operator' retrieved from /home/airflow/.local/lib/python3.12/site-packages/airflow/example_dags/example_python_operator.py
[2025-04-06T07:32:35.708+0000] {logging_mixin.py:190} INFO - [2025-04-06T07:32:35.708+0000] {dag.py:3239} INFO - Sync 1 DAGs
[2025-04-06T07:32:35.715+0000] {logging_mixin.py:190} INFO - [2025-04-06T07:32:35.715+0000] {dag.py:4180} INFO - Setting next_dagrun for example_python_operator to None, run_after=None
[2025-04-06T07:32:35.725+0000] {processor.py:208} INFO - Processing /home/airflow/.local/lib/python3.12/site-packages/airflow/example_dags/example_python_operator.py took 0.038 seconds
[2025-04-06T07:33:06.181+0000] {processor.py:186} INFO - Started process (PID=733) to work on /home/airflow/.local/lib/python3.12/site-packages/airflow/example_dags/example_python_operator.py
[2025-04-06T07:33:06.182+0000] {processor.py:914} INFO - Processing file /home/airflow/.local/lib/python3.12/site-packages/airflow/example_dags/example_python_operator.py for tasks to queue
[2025-04-06T07:33:06.183+0000] {logging_mixin.py:190} INFO - [2025-04-06T07:33:06.183+0000] {dagbag.py:588} INFO - Filling up the DagBag from /home/airflow/.local/lib/python3.12/site-packages/airflow/example_dags/example_python_operator.py
[2025-04-06T07:33:06.189+0000] {processor.py:925} INFO - DAG(s) 'example_python_operator' retrieved from /home/airflow/.local/lib/python3.12/site-packages/airflow/example_dags/example_python_operator.py
[2025-04-06T07:33:06.200+0000] {logging_mixin.py:190} INFO - [2025-04-06T07:33:06.200+0000] {dag.py:3239} INFO - Sync 1 DAGs
[2025-04-06T07:33:06.207+0000] {logging_mixin.py:190} INFO - [2025-04-06T07:33:06.207+0000] {dag.py:4180} INFO - Setting next_dagrun for example_python_operator to None, run_after=None
[2025-04-06T07:33:06.217+0000] {processor.py:208} INFO - Processing /home/airflow/.local/lib/python3.12/site-packages/airflow/example_dags/example_python_operator.py took 0.039 seconds
[2025-04-06T07:33:36.938+0000] {processor.py:186} INFO - Started process (PID=802) to work on /home/airflow/.local/lib/python3.12/site-packages/airflow/example_dags/example_python_operator.py
[2025-04-06T07:33:36.939+0000] {processor.py:914} INFO - Processing file /home/airflow/.local/lib/python3.12/site-packages/airflow/example_dags/example_python_operator.py for tasks to queue
[2025-04-06T07:33:36.940+0000] {logging_mixin.py:190} INFO - [2025-04-06T07:33:36.940+0000] {dagbag.py:588} INFO - Filling up the DagBag from /home/airflow/.local/lib/python3.12/site-packages/airflow/example_dags/example_python_operator.py
[2025-04-06T07:33:36.946+0000] {processor.py:925} INFO - DAG(s) 'example_python_operator' retrieved from /home/airflow/.local/lib/python3.12/site-packages/airflow/example_dags/example_python_operator.py
[2025-04-06T07:33:36.957+0000] {logging_mixin.py:190} INFO - [2025-04-06T07:33:36.957+0000] {dag.py:3239} INFO - Sync 1 DAGs
[2025-04-06T07:33:36.963+0000] {logging_mixin.py:190} INFO - [2025-04-06T07:33:36.963+0000] {dag.py:4180} INFO - Setting next_dagrun for example_python_operator to None, run_after=None
[2025-04-06T07:33:36.974+0000] {processor.py:208} INFO - Processing /home/airflow/.local/lib/python3.12/site-packages/airflow/example_dags/example_python_operator.py took 0.038 seconds
[2025-04-06T07:34:07.615+0000] {processor.py:186} INFO - Started process (PID=865) to work on /home/airflow/.local/lib/python3.12/site-packages/airflow/example_dags/example_python_operator.py
[2025-04-06T07:34:07.616+0000] {processor.py:914} INFO - Processing file /home/airflow/.local/lib/python3.12/site-packages/airflow/example_dags/example_python_operator.py for tasks to queue
[2025-04-06T07:34:07.617+0000] {logging_mixin.py:190} INFO - [2025-04-06T07:34:07.617+0000] {dagbag.py:588} INFO - Filling up the DagBag from /home/airflow/.local/lib/python3.12/site-packages/airflow/example_dags/example_python_operator.py
[2025-04-06T07:34:07.623+0000] {processor.py:925} INFO - DAG(s) 'example_python_operator' retrieved from /home/airflow/.local/lib/python3.12/site-packages/airflow/example_dags/example_python_operator.py
[2025-04-06T07:34:07.634+0000] {logging_mixin.py:190} INFO - [2025-04-06T07:34:07.634+0000] {dag.py:3239} INFO - Sync 1 DAGs
[2025-04-06T07:34:07.641+0000] {logging_mixin.py:190} INFO - [2025-04-06T07:34:07.641+0000] {dag.py:4180} INFO - Setting next_dagrun for example_python_operator to None, run_after=None
[2025-04-06T07:34:07.651+0000] {processor.py:208} INFO - Processing /home/airflow/.local/lib/python3.12/site-packages/airflow/example_dags/example_python_operator.py took 0.039 seconds
[2025-04-06T07:34:38.204+0000] {processor.py:186} INFO - Started process (PID=928) to work on /home/airflow/.local/lib/python3.12/site-packages/airflow/example_dags/example_python_operator.py
[2025-04-06T07:34:38.204+0000] {processor.py:914} INFO - Processing file /home/airflow/.local/lib/python3.12/site-packages/airflow/example_dags/example_python_operator.py for tasks to queue
[2025-04-06T07:34:38.205+0000] {logging_mixin.py:190} INFO - [2025-04-06T07:34:38.205+0000] {dagbag.py:588} INFO - Filling up the DagBag from /home/airflow/.local/lib/python3.12/site-packages/airflow/example_dags/example_python_operator.py
[2025-04-06T07:34:38.212+0000] {processor.py:925} INFO - DAG(s) 'example_python_operator' retrieved from /home/airflow/.local/lib/python3.12/site-packages/airflow/example_dags/example_python_operator.py
[2025-04-06T07:34:38.223+0000] {logging_mixin.py:190} INFO - [2025-04-06T07:34:38.223+0000] {dag.py:3239} INFO - Sync 1 DAGs
[2025-04-06T07:34:38.230+0000] {logging_mixin.py:190} INFO - [2025-04-06T07:34:38.229+0000] {dag.py:4180} INFO - Setting next_dagrun for example_python_operator to None, run_after=None
[2025-04-06T07:34:38.239+0000] {processor.py:208} INFO - Processing /home/airflow/.local/lib/python3.12/site-packages/airflow/example_dags/example_python_operator.py took 0.038 seconds
[2025-04-06T07:35:08.762+0000] {processor.py:186} INFO - Started process (PID=991) to work on /home/airflow/.local/lib/python3.12/site-packages/airflow/example_dags/example_python_operator.py
[2025-04-06T07:35:08.762+0000] {processor.py:914} INFO - Processing file /home/airflow/.local/lib/python3.12/site-packages/airflow/example_dags/example_python_operator.py for tasks to queue
[2025-04-06T07:35:08.763+0000] {logging_mixin.py:190} INFO - [2025-04-06T07:35:08.763+0000] {dagbag.py:588} INFO - Filling up the DagBag from /home/airflow/.local/lib/python3.12/site-packages/airflow/example_dags/example_python_operator.py
[2025-04-06T07:35:08.769+0000] {processor.py:925} INFO - DAG(s) 'example_python_operator' retrieved from /home/airflow/.local/lib/python3.12/site-packages/airflow/example_dags/example_python_operator.py
[2025-04-06T07:35:08.780+0000] {logging_mixin.py:190} INFO - [2025-04-06T07:35:08.780+0000] {dag.py:3239} INFO - Sync 1 DAGs
[2025-04-06T07:35:08.787+0000] {logging_mixin.py:190} INFO - [2025-04-06T07:35:08.787+0000] {dag.py:4180} INFO - Setting next_dagrun for example_python_operator to None, run_after=None
[2025-04-06T07:35:08.797+0000] {processor.py:208} INFO - Processing /home/airflow/.local/lib/python3.12/site-packages/airflow/example_dags/example_python_operator.py took 0.038 seconds
[2025-04-06T07:35:39.205+0000] {processor.py:186} INFO - Started process (PID=1054) to work on /home/airflow/.local/lib/python3.12/site-packages/airflow/example_dags/example_python_operator.py
[2025-04-06T07:35:39.206+0000] {processor.py:914} INFO - Processing file /home/airflow/.local/lib/python3.12/site-packages/airflow/example_dags/example_python_operator.py for tasks to queue
[2025-04-06T07:35:39.207+0000] {logging_mixin.py:190} INFO - [2025-04-06T07:35:39.207+0000] {dagbag.py:588} INFO - Filling up the DagBag from /home/airflow/.local/lib/python3.12/site-packages/airflow/example_dags/example_python_operator.py
[2025-04-06T07:35:39.215+0000] {processor.py:925} INFO - DAG(s) 'example_python_operator' retrieved from /home/airflow/.local/lib/python3.12/site-packages/airflow/example_dags/example_python_operator.py
[2025-04-06T07:35:39.228+0000] {logging_mixin.py:190} INFO - [2025-04-06T07:35:39.228+0000] {dag.py:3239} INFO - Sync 1 DAGs
[2025-04-06T07:35:39.236+0000] {logging_mixin.py:190} INFO - [2025-04-06T07:35:39.236+0000] {dag.py:4180} INFO - Setting next_dagrun for example_python_operator to None, run_after=None
[2025-04-06T07:35:39.249+0000] {processor.py:208} INFO - Processing /home/airflow/.local/lib/python3.12/site-packages/airflow/example_dags/example_python_operator.py took 0.046 seconds
[2025-04-06T07:36:09.761+0000] {processor.py:186} INFO - Started process (PID=1117) to work on /home/airflow/.local/lib/python3.12/site-packages/airflow/example_dags/example_python_operator.py
[2025-04-06T07:36:09.762+0000] {processor.py:914} INFO - Processing file /home/airflow/.local/lib/python3.12/site-packages/airflow/example_dags/example_python_operator.py for tasks to queue
[2025-04-06T07:36:09.763+0000] {logging_mixin.py:190} INFO - [2025-04-06T07:36:09.763+0000] {dagbag.py:588} INFO - Filling up the DagBag from /home/airflow/.local/lib/python3.12/site-packages/airflow/example_dags/example_python_operator.py
[2025-04-06T07:36:09.769+0000] {processor.py:925} INFO - DAG(s) 'example_python_operator' retrieved from /home/airflow/.local/lib/python3.12/site-packages/airflow/example_dags/example_python_operator.py
[2025-04-06T07:36:09.780+0000] {logging_mixin.py:190} INFO - [2025-04-06T07:36:09.780+0000] {dag.py:3239} INFO - Sync 1 DAGs
[2025-04-06T07:36:09.787+0000] {logging_mixin.py:190} INFO - [2025-04-06T07:36:09.787+0000] {dag.py:4180} INFO - Setting next_dagrun for example_python_operator to None, run_after=None
[2025-04-06T07:36:09.796+0000] {processor.py:208} INFO - Processing /home/airflow/.local/lib/python3.12/site-packages/airflow/example_dags/example_python_operator.py took 0.038 seconds
[2025-04-06T07:36:40.361+0000] {processor.py:186} INFO - Started process (PID=1180) to work on /home/airflow/.local/lib/python3.12/site-packages/airflow/example_dags/example_python_operator.py
[2025-04-06T07:36:40.361+0000] {processor.py:914} INFO - Processing file /home/airflow/.local/lib/python3.12/site-packages/airflow/example_dags/example_python_operator.py for tasks to queue
[2025-04-06T07:36:40.362+0000] {logging_mixin.py:190} INFO - [2025-04-06T07:36:40.362+0000] {dagbag.py:588} INFO - Filling up the DagBag from /home/airflow/.local/lib/python3.12/site-packages/airflow/example_dags/example_python_operator.py
[2025-04-06T07:36:40.369+0000] {processor.py:925} INFO - DAG(s) 'example_python_operator' retrieved from /home/airflow/.local/lib/python3.12/site-packages/airflow/example_dags/example_python_operator.py
[2025-04-06T07:36:40.380+0000] {logging_mixin.py:190} INFO - [2025-04-06T07:36:40.380+0000] {dag.py:3239} INFO - Sync 1 DAGs
[2025-04-06T07:36:40.387+0000] {logging_mixin.py:190} INFO - [2025-04-06T07:36:40.387+0000] {dag.py:4180} INFO - Setting next_dagrun for example_python_operator to None, run_after=None
[2025-04-06T07:36:40.397+0000] {processor.py:208} INFO - Processing /home/airflow/.local/lib/python3.12/site-packages/airflow/example_dags/example_python_operator.py took 0.039 seconds
[2025-04-06T07:37:11.343+0000] {processor.py:186} INFO - Started process (PID=1243) to work on /home/airflow/.local/lib/python3.12/site-packages/airflow/example_dags/example_python_operator.py
[2025-04-06T07:37:11.344+0000] {processor.py:914} INFO - Processing file /home/airflow/.local/lib/python3.12/site-packages/airflow/example_dags/example_python_operator.py for tasks to queue
[2025-04-06T07:37:11.345+0000] {logging_mixin.py:190} INFO - [2025-04-06T07:37:11.345+0000] {dagbag.py:588} INFO - Filling up the DagBag from /home/airflow/.local/lib/python3.12/site-packages/airflow/example_dags/example_python_operator.py
[2025-04-06T07:37:11.351+0000] {processor.py:925} INFO - DAG(s) 'example_python_operator' retrieved from /home/airflow/.local/lib/python3.12/site-packages/airflow/example_dags/example_python_operator.py
[2025-04-06T07:37:11.363+0000] {logging_mixin.py:190} INFO - [2025-04-06T07:37:11.363+0000] {dag.py:3239} INFO - Sync 1 DAGs
[2025-04-06T07:37:11.370+0000] {logging_mixin.py:190} INFO - [2025-04-06T07:37:11.370+0000] {dag.py:4180} INFO - Setting next_dagrun for example_python_operator to None, run_after=None
[2025-04-06T07:37:11.380+0000] {processor.py:208} INFO - Processing /home/airflow/.local/lib/python3.12/site-packages/airflow/example_dags/example_python_operator.py took 0.040 seconds
[2025-04-06T07:37:42.077+0000] {processor.py:186} INFO - Started process (PID=1306) to work on /home/airflow/.local/lib/python3.12/site-packages/airflow/example_dags/example_python_operator.py
[2025-04-06T07:37:42.077+0000] {processor.py:914} INFO - Processing file /home/airflow/.local/lib/python3.12/site-packages/airflow/example_dags/example_python_operator.py for tasks to queue
[2025-04-06T07:37:42.078+0000] {logging_mixin.py:190} INFO - [2025-04-06T07:37:42.078+0000] {dagbag.py:588} INFO - Filling up the DagBag from /home/airflow/.local/lib/python3.12/site-packages/airflow/example_dags/example_python_operator.py
[2025-04-06T07:37:42.085+0000] {processor.py:925} INFO - DAG(s) 'example_python_operator' retrieved from /home/airflow/.local/lib/python3.12/site-packages/airflow/example_dags/example_python_operator.py
[2025-04-06T07:37:42.096+0000] {logging_mixin.py:190} INFO - [2025-04-06T07:37:42.096+0000] {dag.py:3239} INFO - Sync 1 DAGs
[2025-04-06T07:37:42.102+0000] {logging_mixin.py:190} INFO - [2025-04-06T07:37:42.102+0000] {dag.py:4180} INFO - Setting next_dagrun for example_python_operator to None, run_after=None
[2025-04-06T07:37:42.112+0000] {processor.py:208} INFO - Processing /home/airflow/.local/lib/python3.12/site-packages/airflow/example_dags/example_python_operator.py took 0.038 seconds
[2025-04-06T07:38:12.987+0000] {processor.py:186} INFO - Started process (PID=1369) to work on /home/airflow/.local/lib/python3.12/site-packages/airflow/example_dags/example_python_operator.py
[2025-04-06T07:38:12.988+0000] {processor.py:914} INFO - Processing file /home/airflow/.local/lib/python3.12/site-packages/airflow/example_dags/example_python_operator.py for tasks to queue
[2025-04-06T07:38:12.989+0000] {logging_mixin.py:190} INFO - [2025-04-06T07:38:12.989+0000] {dagbag.py:588} INFO - Filling up the DagBag from /home/airflow/.local/lib/python3.12/site-packages/airflow/example_dags/example_python_operator.py
[2025-04-06T07:38:12.995+0000] {processor.py:925} INFO - DAG(s) 'example_python_operator' retrieved from /home/airflow/.local/lib/python3.12/site-packages/airflow/example_dags/example_python_operator.py
[2025-04-06T07:38:13.007+0000] {logging_mixin.py:190} INFO - [2025-04-06T07:38:13.007+0000] {dag.py:3239} INFO - Sync 1 DAGs
[2025-04-06T07:38:13.015+0000] {logging_mixin.py:190} INFO - [2025-04-06T07:38:13.015+0000] {dag.py:4180} INFO - Setting next_dagrun for example_python_operator to None, run_after=None
[2025-04-06T07:38:13.025+0000] {processor.py:208} INFO - Processing /home/airflow/.local/lib/python3.12/site-packages/airflow/example_dags/example_python_operator.py took 0.040 seconds
[2025-04-06T07:38:43.989+0000] {processor.py:186} INFO - Started process (PID=1432) to work on /home/airflow/.local/lib/python3.12/site-packages/airflow/example_dags/example_python_operator.py
[2025-04-06T07:38:43.990+0000] {processor.py:914} INFO - Processing file /home/airflow/.local/lib/python3.12/site-packages/airflow/example_dags/example_python_operator.py for tasks to queue
[2025-04-06T07:38:43.991+0000] {logging_mixin.py:190} INFO - [2025-04-06T07:38:43.991+0000] {dagbag.py:588} INFO - Filling up the DagBag from /home/airflow/.local/lib/python3.12/site-packages/airflow/example_dags/example_python_operator.py
[2025-04-06T07:38:43.999+0000] {processor.py:925} INFO - DAG(s) 'example_python_operator' retrieved from /home/airflow/.local/lib/python3.12/site-packages/airflow/example_dags/example_python_operator.py
[2025-04-06T07:38:44.011+0000] {logging_mixin.py:190} INFO - [2025-04-06T07:38:44.010+0000] {dag.py:3239} INFO - Sync 1 DAGs
[2025-04-06T07:38:44.018+0000] {logging_mixin.py:190} INFO - [2025-04-06T07:38:44.018+0000] {dag.py:4180} INFO - Setting next_dagrun for example_python_operator to None, run_after=None
[2025-04-06T07:38:44.028+0000] {processor.py:208} INFO - Processing /home/airflow/.local/lib/python3.12/site-packages/airflow/example_dags/example_python_operator.py took 0.042 seconds
[2025-04-06T07:39:14.885+0000] {processor.py:186} INFO - Started process (PID=1495) to work on /home/airflow/.local/lib/python3.12/site-packages/airflow/example_dags/example_python_operator.py
[2025-04-06T07:39:14.886+0000] {processor.py:914} INFO - Processing file /home/airflow/.local/lib/python3.12/site-packages/airflow/example_dags/example_python_operator.py for tasks to queue
[2025-04-06T07:39:14.887+0000] {logging_mixin.py:190} INFO - [2025-04-06T07:39:14.887+0000] {dagbag.py:588} INFO - Filling up the DagBag from /home/airflow/.local/lib/python3.12/site-packages/airflow/example_dags/example_python_operator.py
[2025-04-06T07:39:14.893+0000] {processor.py:925} INFO - DAG(s) 'example_python_operator' retrieved from /home/airflow/.local/lib/python3.12/site-packages/airflow/example_dags/example_python_operator.py
[2025-04-06T07:39:14.904+0000] {logging_mixin.py:190} INFO - [2025-04-06T07:39:14.904+0000] {dag.py:3239} INFO - Sync 1 DAGs
[2025-04-06T07:39:14.911+0000] {logging_mixin.py:190} INFO - [2025-04-06T07:39:14.911+0000] {dag.py:4180} INFO - Setting next_dagrun for example_python_operator to None, run_after=None
[2025-04-06T07:39:14.921+0000] {processor.py:208} INFO - Processing /home/airflow/.local/lib/python3.12/site-packages/airflow/example_dags/example_python_operator.py took 0.039 seconds
[2025-04-06T07:39:45.844+0000] {processor.py:186} INFO - Started process (PID=1564) to work on /home/airflow/.local/lib/python3.12/site-packages/airflow/example_dags/example_python_operator.py
[2025-04-06T07:39:45.844+0000] {processor.py:914} INFO - Processing file /home/airflow/.local/lib/python3.12/site-packages/airflow/example_dags/example_python_operator.py for tasks to queue
[2025-04-06T07:39:45.845+0000] {logging_mixin.py:190} INFO - [2025-04-06T07:39:45.845+0000] {dagbag.py:588} INFO - Filling up the DagBag from /home/airflow/.local/lib/python3.12/site-packages/airflow/example_dags/example_python_operator.py
[2025-04-06T07:39:45.852+0000] {processor.py:925} INFO - DAG(s) 'example_python_operator' retrieved from /home/airflow/.local/lib/python3.12/site-packages/airflow/example_dags/example_python_operator.py
[2025-04-06T07:39:45.863+0000] {logging_mixin.py:190} INFO - [2025-04-06T07:39:45.863+0000] {dag.py:3239} INFO - Sync 1 DAGs
[2025-04-06T07:39:45.870+0000] {logging_mixin.py:190} INFO - [2025-04-06T07:39:45.870+0000] {dag.py:4180} INFO - Setting next_dagrun for example_python_operator to None, run_after=None
[2025-04-06T07:39:45.880+0000] {processor.py:208} INFO - Processing /home/airflow/.local/lib/python3.12/site-packages/airflow/example_dags/example_python_operator.py took 0.039 seconds
[2025-04-06T07:40:16.471+0000] {processor.py:186} INFO - Started process (PID=1627) to work on /home/airflow/.local/lib/python3.12/site-packages/airflow/example_dags/example_python_operator.py
[2025-04-06T07:40:16.472+0000] {processor.py:914} INFO - Processing file /home/airflow/.local/lib/python3.12/site-packages/airflow/example_dags/example_python_operator.py for tasks to queue
[2025-04-06T07:40:16.473+0000] {logging_mixin.py:190} INFO - [2025-04-06T07:40:16.473+0000] {dagbag.py:588} INFO - Filling up the DagBag from /home/airflow/.local/lib/python3.12/site-packages/airflow/example_dags/example_python_operator.py
[2025-04-06T07:40:16.479+0000] {processor.py:925} INFO - DAG(s) 'example_python_operator' retrieved from /home/airflow/.local/lib/python3.12/site-packages/airflow/example_dags/example_python_operator.py
[2025-04-06T07:40:16.490+0000] {logging_mixin.py:190} INFO - [2025-04-06T07:40:16.490+0000] {dag.py:3239} INFO - Sync 1 DAGs
[2025-04-06T07:40:16.497+0000] {logging_mixin.py:190} INFO - [2025-04-06T07:40:16.497+0000] {dag.py:4180} INFO - Setting next_dagrun for example_python_operator to None, run_after=None
[2025-04-06T07:40:16.506+0000] {processor.py:208} INFO - Processing /home/airflow/.local/lib/python3.12/site-packages/airflow/example_dags/example_python_operator.py took 0.038 seconds
[2025-04-06T07:40:47.393+0000] {processor.py:186} INFO - Started process (PID=1690) to work on /home/airflow/.local/lib/python3.12/site-packages/airflow/example_dags/example_python_operator.py
[2025-04-06T07:40:47.394+0000] {processor.py:914} INFO - Processing file /home/airflow/.local/lib/python3.12/site-packages/airflow/example_dags/example_python_operator.py for tasks to queue
[2025-04-06T07:40:47.395+0000] {logging_mixin.py:190} INFO - [2025-04-06T07:40:47.395+0000] {dagbag.py:588} INFO - Filling up the DagBag from /home/airflow/.local/lib/python3.12/site-packages/airflow/example_dags/example_python_operator.py
[2025-04-06T07:40:47.401+0000] {processor.py:925} INFO - DAG(s) 'example_python_operator' retrieved from /home/airflow/.local/lib/python3.12/site-packages/airflow/example_dags/example_python_operator.py
[2025-04-06T07:40:47.412+0000] {logging_mixin.py:190} INFO - [2025-04-06T07:40:47.412+0000] {dag.py:3239} INFO - Sync 1 DAGs
[2025-04-06T07:40:47.419+0000] {logging_mixin.py:190} INFO - [2025-04-06T07:40:47.419+0000] {dag.py:4180} INFO - Setting next_dagrun for example_python_operator to None, run_after=None
[2025-04-06T07:40:47.429+0000] {processor.py:208} INFO - Processing /home/airflow/.local/lib/python3.12/site-packages/airflow/example_dags/example_python_operator.py took 0.039 seconds
[2025-04-06T07:41:18.763+0000] {processor.py:186} INFO - Started process (PID=1753) to work on /home/airflow/.local/lib/python3.12/site-packages/airflow/example_dags/example_python_operator.py
[2025-04-06T07:41:18.764+0000] {processor.py:914} INFO - Processing file /home/airflow/.local/lib/python3.12/site-packages/airflow/example_dags/example_python_operator.py for tasks to queue
[2025-04-06T07:41:18.765+0000] {logging_mixin.py:190} INFO - [2025-04-06T07:41:18.765+0000] {dagbag.py:588} INFO - Filling up the DagBag from /home/airflow/.local/lib/python3.12/site-packages/airflow/example_dags/example_python_operator.py
[2025-04-06T07:41:18.772+0000] {processor.py:925} INFO - DAG(s) 'example_python_operator' retrieved from /home/airflow/.local/lib/python3.12/site-packages/airflow/example_dags/example_python_operator.py
[2025-04-06T07:41:18.784+0000] {logging_mixin.py:190} INFO - [2025-04-06T07:41:18.784+0000] {dag.py:3239} INFO - Sync 1 DAGs
[2025-04-06T07:41:18.791+0000] {logging_mixin.py:190} INFO - [2025-04-06T07:41:18.791+0000] {dag.py:4180} INFO - Setting next_dagrun for example_python_operator to None, run_after=None
[2025-04-06T07:41:18.801+0000] {processor.py:208} INFO - Processing /home/airflow/.local/lib/python3.12/site-packages/airflow/example_dags/example_python_operator.py took 0.041 seconds
[2025-04-06T07:41:49.723+0000] {processor.py:186} INFO - Started process (PID=1816) to work on /home/airflow/.local/lib/python3.12/site-packages/airflow/example_dags/example_python_operator.py
[2025-04-06T07:41:49.723+0000] {processor.py:914} INFO - Processing file /home/airflow/.local/lib/python3.12/site-packages/airflow/example_dags/example_python_operator.py for tasks to queue
[2025-04-06T07:41:49.724+0000] {logging_mixin.py:190} INFO - [2025-04-06T07:41:49.724+0000] {dagbag.py:588} INFO - Filling up the DagBag from /home/airflow/.local/lib/python3.12/site-packages/airflow/example_dags/example_python_operator.py
[2025-04-06T07:41:49.730+0000] {processor.py:925} INFO - DAG(s) 'example_python_operator' retrieved from /home/airflow/.local/lib/python3.12/site-packages/airflow/example_dags/example_python_operator.py
[2025-04-06T07:41:49.742+0000] {logging_mixin.py:190} INFO - [2025-04-06T07:41:49.741+0000] {dag.py:3239} INFO - Sync 1 DAGs
[2025-04-06T07:41:49.748+0000] {logging_mixin.py:190} INFO - [2025-04-06T07:41:49.748+0000] {dag.py:4180} INFO - Setting next_dagrun for example_python_operator to None, run_after=None
[2025-04-06T07:41:49.758+0000] {processor.py:208} INFO - Processing /home/airflow/.local/lib/python3.12/site-packages/airflow/example_dags/example_python_operator.py took 0.038 seconds
[2025-04-06T07:42:20.642+0000] {processor.py:186} INFO - Started process (PID=1879) to work on /home/airflow/.local/lib/python3.12/site-packages/airflow/example_dags/example_python_operator.py
[2025-04-06T07:42:20.643+0000] {processor.py:914} INFO - Processing file /home/airflow/.local/lib/python3.12/site-packages/airflow/example_dags/example_python_operator.py for tasks to queue
[2025-04-06T07:42:20.644+0000] {logging_mixin.py:190} INFO - [2025-04-06T07:42:20.644+0000] {dagbag.py:588} INFO - Filling up the DagBag from /home/airflow/.local/lib/python3.12/site-packages/airflow/example_dags/example_python_operator.py
[2025-04-06T07:42:20.650+0000] {processor.py:925} INFO - DAG(s) 'example_python_operator' retrieved from /home/airflow/.local/lib/python3.12/site-packages/airflow/example_dags/example_python_operator.py
[2025-04-06T07:42:20.661+0000] {logging_mixin.py:190} INFO - [2025-04-06T07:42:20.661+0000] {dag.py:3239} INFO - Sync 1 DAGs
[2025-04-06T07:42:20.668+0000] {logging_mixin.py:190} INFO - [2025-04-06T07:42:20.668+0000] {dag.py:4180} INFO - Setting next_dagrun for example_python_operator to None, run_after=None
[2025-04-06T07:42:20.677+0000] {processor.py:208} INFO - Processing /home/airflow/.local/lib/python3.12/site-packages/airflow/example_dags/example_python_operator.py took 0.038 seconds
[2025-04-06T07:42:52.079+0000] {processor.py:186} INFO - Started process (PID=1942) to work on /home/airflow/.local/lib/python3.12/site-packages/airflow/example_dags/example_python_operator.py
[2025-04-06T07:42:52.079+0000] {processor.py:914} INFO - Processing file /home/airflow/.local/lib/python3.12/site-packages/airflow/example_dags/example_python_operator.py for tasks to queue
[2025-04-06T07:42:52.081+0000] {logging_mixin.py:190} INFO - [2025-04-06T07:42:52.080+0000] {dagbag.py:588} INFO - Filling up the DagBag from /home/airflow/.local/lib/python3.12/site-packages/airflow/example_dags/example_python_operator.py
[2025-04-06T07:42:52.087+0000] {processor.py:925} INFO - DAG(s) 'example_python_operator' retrieved from /home/airflow/.local/lib/python3.12/site-packages/airflow/example_dags/example_python_operator.py
[2025-04-06T07:42:52.099+0000] {logging_mixin.py:190} INFO - [2025-04-06T07:42:52.099+0000] {dag.py:3239} INFO - Sync 1 DAGs
[2025-04-06T07:42:52.107+0000] {logging_mixin.py:190} INFO - [2025-04-06T07:42:52.107+0000] {dag.py:4180} INFO - Setting next_dagrun for example_python_operator to None, run_after=None
[2025-04-06T07:42:52.117+0000] {processor.py:208} INFO - Processing /home/airflow/.local/lib/python3.12/site-packages/airflow/example_dags/example_python_operator.py took 0.041 seconds
[2025-04-06T07:43:22.985+0000] {processor.py:186} INFO - Started process (PID=2005) to work on /home/airflow/.local/lib/python3.12/site-packages/airflow/example_dags/example_python_operator.py
[2025-04-06T07:43:22.985+0000] {processor.py:914} INFO - Processing file /home/airflow/.local/lib/python3.12/site-packages/airflow/example_dags/example_python_operator.py for tasks to queue
[2025-04-06T07:43:22.986+0000] {logging_mixin.py:190} INFO - [2025-04-06T07:43:22.986+0000] {dagbag.py:588} INFO - Filling up the DagBag from /home/airflow/.local/lib/python3.12/site-packages/airflow/example_dags/example_python_operator.py
[2025-04-06T07:43:22.992+0000] {processor.py:925} INFO - DAG(s) 'example_python_operator' retrieved from /home/airflow/.local/lib/python3.12/site-packages/airflow/example_dags/example_python_operator.py
[2025-04-06T07:43:23.004+0000] {logging_mixin.py:190} INFO - [2025-04-06T07:43:23.004+0000] {dag.py:3239} INFO - Sync 1 DAGs
[2025-04-06T07:43:23.010+0000] {logging_mixin.py:190} INFO - [2025-04-06T07:43:23.010+0000] {dag.py:4180} INFO - Setting next_dagrun for example_python_operator to None, run_after=None
[2025-04-06T07:43:23.020+0000] {processor.py:208} INFO - Processing /home/airflow/.local/lib/python3.12/site-packages/airflow/example_dags/example_python_operator.py took 0.038 seconds
[2025-04-06T07:43:53.971+0000] {processor.py:186} INFO - Started process (PID=2068) to work on /home/airflow/.local/lib/python3.12/site-packages/airflow/example_dags/example_python_operator.py
[2025-04-06T07:43:53.972+0000] {processor.py:914} INFO - Processing file /home/airflow/.local/lib/python3.12/site-packages/airflow/example_dags/example_python_operator.py for tasks to queue
[2025-04-06T07:43:53.973+0000] {logging_mixin.py:190} INFO - [2025-04-06T07:43:53.973+0000] {dagbag.py:588} INFO - Filling up the DagBag from /home/airflow/.local/lib/python3.12/site-packages/airflow/example_dags/example_python_operator.py
[2025-04-06T07:43:53.979+0000] {processor.py:925} INFO - DAG(s) 'example_python_operator' retrieved from /home/airflow/.local/lib/python3.12/site-packages/airflow/example_dags/example_python_operator.py
[2025-04-06T07:43:53.990+0000] {logging_mixin.py:190} INFO - [2025-04-06T07:43:53.990+0000] {dag.py:3239} INFO - Sync 1 DAGs
[2025-04-06T07:43:53.996+0000] {logging_mixin.py:190} INFO - [2025-04-06T07:43:53.996+0000] {dag.py:4180} INFO - Setting next_dagrun for example_python_operator to None, run_after=None
[2025-04-06T07:43:54.006+0000] {processor.py:208} INFO - Processing /home/airflow/.local/lib/python3.12/site-packages/airflow/example_dags/example_python_operator.py took 0.037 seconds
