[2025-04-06T07:27:55.332+0000] {processor.py:186} INFO - Started process (PID=64) to work on /home/airflow/.local/lib/python3.12/site-packages/airflow/example_dags/tutorial_dag.py
[2025-04-06T07:27:55.333+0000] {processor.py:914} INFO - Processing file /home/airflow/.local/lib/python3.12/site-packages/airflow/example_dags/tutorial_dag.py for tasks to queue
[2025-04-06T07:27:55.334+0000] {logging_mixin.py:190} INFO - [2025-04-06T07:27:55.333+0000] {dagbag.py:588} INFO - Filling up the DagBag from /home/airflow/.local/lib/python3.12/site-packages/airflow/example_dags/tutorial_dag.py
[2025-04-06T07:27:55.338+0000] {processor.py:925} INFO - DAG(s) 'tutorial_dag' retrieved from /home/airflow/.local/lib/python3.12/site-packages/airflow/example_dags/tutorial_dag.py
[2025-04-06T07:27:55.409+0000] {logging_mixin.py:190} INFO - [2025-04-06T07:27:55.408+0000] {override.py:1912} INFO - Created Permission View: can delete on DAG:tutorial_dag
[2025-04-06T07:27:55.414+0000] {logging_mixin.py:190} INFO - [2025-04-06T07:27:55.414+0000] {override.py:1912} INFO - Created Permission View: can read on DAG:tutorial_dag
[2025-04-06T07:27:55.418+0000] {logging_mixin.py:190} INFO - [2025-04-06T07:27:55.418+0000] {override.py:1912} INFO - Created Permission View: can edit on DAG:tutorial_dag
[2025-04-06T07:27:55.423+0000] {logging_mixin.py:190} INFO - [2025-04-06T07:27:55.422+0000] {override.py:1912} INFO - Created Permission View: can delete on DAG Run:tutorial_dag
[2025-04-06T07:27:55.426+0000] {logging_mixin.py:190} INFO - [2025-04-06T07:27:55.426+0000] {override.py:1912} INFO - Created Permission View: can read on DAG Run:tutorial_dag
[2025-04-06T07:27:55.430+0000] {logging_mixin.py:190} INFO - [2025-04-06T07:27:55.430+0000] {override.py:1912} INFO - Created Permission View: can create on DAG Run:tutorial_dag
[2025-04-06T07:27:55.433+0000] {logging_mixin.py:190} INFO - [2025-04-06T07:27:55.433+0000] {override.py:1912} INFO - Created Permission View: menu access on DAG Run:tutorial_dag
[2025-04-06T07:27:55.433+0000] {logging_mixin.py:190} INFO - [2025-04-06T07:27:55.433+0000] {dag.py:3239} INFO - Sync 1 DAGs
[2025-04-06T07:27:55.440+0000] {logging_mixin.py:190} INFO - [2025-04-06T07:27:55.440+0000] {dag.py:3262} INFO - Creating ORM DAG for tutorial_dag
[2025-04-06T07:27:55.440+0000] {logging_mixin.py:190} INFO - [2025-04-06T07:27:55.440+0000] {dag.py:4180} INFO - Setting next_dagrun for tutorial_dag to None, run_after=None
[2025-04-06T07:27:55.449+0000] {processor.py:208} INFO - Processing /home/airflow/.local/lib/python3.12/site-packages/airflow/example_dags/tutorial_dag.py took 0.120 seconds
[2025-04-06T07:28:25.688+0000] {processor.py:186} INFO - Started process (PID=127) to work on /home/airflow/.local/lib/python3.12/site-packages/airflow/example_dags/tutorial_dag.py
[2025-04-06T07:28:25.688+0000] {processor.py:914} INFO - Processing file /home/airflow/.local/lib/python3.12/site-packages/airflow/example_dags/tutorial_dag.py for tasks to queue
[2025-04-06T07:28:25.689+0000] {logging_mixin.py:190} INFO - [2025-04-06T07:28:25.689+0000] {dagbag.py:588} INFO - Filling up the DagBag from /home/airflow/.local/lib/python3.12/site-packages/airflow/example_dags/tutorial_dag.py
[2025-04-06T07:28:25.693+0000] {processor.py:925} INFO - DAG(s) 'tutorial_dag' retrieved from /home/airflow/.local/lib/python3.12/site-packages/airflow/example_dags/tutorial_dag.py
[2025-04-06T07:28:25.705+0000] {logging_mixin.py:190} INFO - [2025-04-06T07:28:25.705+0000] {dag.py:3239} INFO - Sync 1 DAGs
[2025-04-06T07:28:25.713+0000] {logging_mixin.py:190} INFO - [2025-04-06T07:28:25.713+0000] {dag.py:4180} INFO - Setting next_dagrun for tutorial_dag to None, run_after=None
[2025-04-06T07:28:25.727+0000] {processor.py:208} INFO - Processing /home/airflow/.local/lib/python3.12/site-packages/airflow/example_dags/tutorial_dag.py took 0.043 seconds
[2025-04-06T07:28:56.111+0000] {processor.py:186} INFO - Started process (PID=196) to work on /home/airflow/.local/lib/python3.12/site-packages/airflow/example_dags/tutorial_dag.py
[2025-04-06T07:28:56.112+0000] {processor.py:914} INFO - Processing file /home/airflow/.local/lib/python3.12/site-packages/airflow/example_dags/tutorial_dag.py for tasks to queue
[2025-04-06T07:28:56.113+0000] {logging_mixin.py:190} INFO - [2025-04-06T07:28:56.113+0000] {dagbag.py:588} INFO - Filling up the DagBag from /home/airflow/.local/lib/python3.12/site-packages/airflow/example_dags/tutorial_dag.py
[2025-04-06T07:28:56.117+0000] {processor.py:925} INFO - DAG(s) 'tutorial_dag' retrieved from /home/airflow/.local/lib/python3.12/site-packages/airflow/example_dags/tutorial_dag.py
[2025-04-06T07:28:56.127+0000] {logging_mixin.py:190} INFO - [2025-04-06T07:28:56.126+0000] {dag.py:3239} INFO - Sync 1 DAGs
[2025-04-06T07:28:56.133+0000] {logging_mixin.py:190} INFO - [2025-04-06T07:28:56.133+0000] {dag.py:4180} INFO - Setting next_dagrun for tutorial_dag to None, run_after=None
[2025-04-06T07:28:56.142+0000] {processor.py:208} INFO - Processing /home/airflow/.local/lib/python3.12/site-packages/airflow/example_dags/tutorial_dag.py took 0.033 seconds
[2025-04-06T07:29:26.555+0000] {processor.py:186} INFO - Started process (PID=259) to work on /home/airflow/.local/lib/python3.12/site-packages/airflow/example_dags/tutorial_dag.py
[2025-04-06T07:29:26.556+0000] {processor.py:914} INFO - Processing file /home/airflow/.local/lib/python3.12/site-packages/airflow/example_dags/tutorial_dag.py for tasks to queue
[2025-04-06T07:29:26.557+0000] {logging_mixin.py:190} INFO - [2025-04-06T07:29:26.557+0000] {dagbag.py:588} INFO - Filling up the DagBag from /home/airflow/.local/lib/python3.12/site-packages/airflow/example_dags/tutorial_dag.py
[2025-04-06T07:29:26.561+0000] {processor.py:925} INFO - DAG(s) 'tutorial_dag' retrieved from /home/airflow/.local/lib/python3.12/site-packages/airflow/example_dags/tutorial_dag.py
[2025-04-06T07:29:26.572+0000] {logging_mixin.py:190} INFO - [2025-04-06T07:29:26.572+0000] {dag.py:3239} INFO - Sync 1 DAGs
[2025-04-06T07:29:26.579+0000] {logging_mixin.py:190} INFO - [2025-04-06T07:29:26.579+0000] {dag.py:4180} INFO - Setting next_dagrun for tutorial_dag to None, run_after=None
[2025-04-06T07:29:26.589+0000] {processor.py:208} INFO - Processing /home/airflow/.local/lib/python3.12/site-packages/airflow/example_dags/tutorial_dag.py took 0.037 seconds
[2025-04-06T07:29:57.475+0000] {processor.py:186} INFO - Started process (PID=322) to work on /home/airflow/.local/lib/python3.12/site-packages/airflow/example_dags/tutorial_dag.py
[2025-04-06T07:29:57.475+0000] {processor.py:914} INFO - Processing file /home/airflow/.local/lib/python3.12/site-packages/airflow/example_dags/tutorial_dag.py for tasks to queue
[2025-04-06T07:29:57.476+0000] {logging_mixin.py:190} INFO - [2025-04-06T07:29:57.476+0000] {dagbag.py:588} INFO - Filling up the DagBag from /home/airflow/.local/lib/python3.12/site-packages/airflow/example_dags/tutorial_dag.py
[2025-04-06T07:29:57.480+0000] {processor.py:925} INFO - DAG(s) 'tutorial_dag' retrieved from /home/airflow/.local/lib/python3.12/site-packages/airflow/example_dags/tutorial_dag.py
[2025-04-06T07:29:57.490+0000] {logging_mixin.py:190} INFO - [2025-04-06T07:29:57.490+0000] {dag.py:3239} INFO - Sync 1 DAGs
[2025-04-06T07:29:57.497+0000] {logging_mixin.py:190} INFO - [2025-04-06T07:29:57.496+0000] {dag.py:4180} INFO - Setting next_dagrun for tutorial_dag to None, run_after=None
[2025-04-06T07:29:57.506+0000] {processor.py:208} INFO - Processing /home/airflow/.local/lib/python3.12/site-packages/airflow/example_dags/tutorial_dag.py took 0.034 seconds
[2025-04-06T07:30:28.105+0000] {processor.py:186} INFO - Started process (PID=385) to work on /home/airflow/.local/lib/python3.12/site-packages/airflow/example_dags/tutorial_dag.py
[2025-04-06T07:30:28.106+0000] {processor.py:914} INFO - Processing file /home/airflow/.local/lib/python3.12/site-packages/airflow/example_dags/tutorial_dag.py for tasks to queue
[2025-04-06T07:30:28.107+0000] {logging_mixin.py:190} INFO - [2025-04-06T07:30:28.107+0000] {dagbag.py:588} INFO - Filling up the DagBag from /home/airflow/.local/lib/python3.12/site-packages/airflow/example_dags/tutorial_dag.py
[2025-04-06T07:30:28.110+0000] {processor.py:925} INFO - DAG(s) 'tutorial_dag' retrieved from /home/airflow/.local/lib/python3.12/site-packages/airflow/example_dags/tutorial_dag.py
[2025-04-06T07:30:28.120+0000] {logging_mixin.py:190} INFO - [2025-04-06T07:30:28.120+0000] {dag.py:3239} INFO - Sync 1 DAGs
[2025-04-06T07:30:28.127+0000] {logging_mixin.py:190} INFO - [2025-04-06T07:30:28.127+0000] {dag.py:4180} INFO - Setting next_dagrun for tutorial_dag to None, run_after=None
[2025-04-06T07:30:28.136+0000] {processor.py:208} INFO - Processing /home/airflow/.local/lib/python3.12/site-packages/airflow/example_dags/tutorial_dag.py took 0.033 seconds
[2025-04-06T07:30:58.969+0000] {processor.py:186} INFO - Started process (PID=448) to work on /home/airflow/.local/lib/python3.12/site-packages/airflow/example_dags/tutorial_dag.py
[2025-04-06T07:30:58.970+0000] {processor.py:914} INFO - Processing file /home/airflow/.local/lib/python3.12/site-packages/airflow/example_dags/tutorial_dag.py for tasks to queue
[2025-04-06T07:30:58.971+0000] {logging_mixin.py:190} INFO - [2025-04-06T07:30:58.970+0000] {dagbag.py:588} INFO - Filling up the DagBag from /home/airflow/.local/lib/python3.12/site-packages/airflow/example_dags/tutorial_dag.py
[2025-04-06T07:30:58.974+0000] {processor.py:925} INFO - DAG(s) 'tutorial_dag' retrieved from /home/airflow/.local/lib/python3.12/site-packages/airflow/example_dags/tutorial_dag.py
[2025-04-06T07:30:58.984+0000] {logging_mixin.py:190} INFO - [2025-04-06T07:30:58.984+0000] {dag.py:3239} INFO - Sync 1 DAGs
[2025-04-06T07:30:58.990+0000] {logging_mixin.py:190} INFO - [2025-04-06T07:30:58.990+0000] {dag.py:4180} INFO - Setting next_dagrun for tutorial_dag to None, run_after=None
[2025-04-06T07:30:59.000+0000] {processor.py:208} INFO - Processing /home/airflow/.local/lib/python3.12/site-packages/airflow/example_dags/tutorial_dag.py took 0.034 seconds
[2025-04-06T07:31:29.747+0000] {processor.py:186} INFO - Started process (PID=511) to work on /home/airflow/.local/lib/python3.12/site-packages/airflow/example_dags/tutorial_dag.py
[2025-04-06T07:31:29.747+0000] {processor.py:914} INFO - Processing file /home/airflow/.local/lib/python3.12/site-packages/airflow/example_dags/tutorial_dag.py for tasks to queue
[2025-04-06T07:31:29.749+0000] {logging_mixin.py:190} INFO - [2025-04-06T07:31:29.748+0000] {dagbag.py:588} INFO - Filling up the DagBag from /home/airflow/.local/lib/python3.12/site-packages/airflow/example_dags/tutorial_dag.py
[2025-04-06T07:31:29.752+0000] {processor.py:925} INFO - DAG(s) 'tutorial_dag' retrieved from /home/airflow/.local/lib/python3.12/site-packages/airflow/example_dags/tutorial_dag.py
[2025-04-06T07:31:29.762+0000] {logging_mixin.py:190} INFO - [2025-04-06T07:31:29.762+0000] {dag.py:3239} INFO - Sync 1 DAGs
[2025-04-06T07:31:29.769+0000] {logging_mixin.py:190} INFO - [2025-04-06T07:31:29.769+0000] {dag.py:4180} INFO - Setting next_dagrun for tutorial_dag to None, run_after=None
[2025-04-06T07:31:29.779+0000] {processor.py:208} INFO - Processing /home/airflow/.local/lib/python3.12/site-packages/airflow/example_dags/tutorial_dag.py took 0.035 seconds
[2025-04-06T07:32:00.368+0000] {processor.py:186} INFO - Started process (PID=574) to work on /home/airflow/.local/lib/python3.12/site-packages/airflow/example_dags/tutorial_dag.py
[2025-04-06T07:32:00.369+0000] {processor.py:914} INFO - Processing file /home/airflow/.local/lib/python3.12/site-packages/airflow/example_dags/tutorial_dag.py for tasks to queue
[2025-04-06T07:32:00.370+0000] {logging_mixin.py:190} INFO - [2025-04-06T07:32:00.369+0000] {dagbag.py:588} INFO - Filling up the DagBag from /home/airflow/.local/lib/python3.12/site-packages/airflow/example_dags/tutorial_dag.py
[2025-04-06T07:32:00.373+0000] {processor.py:925} INFO - DAG(s) 'tutorial_dag' retrieved from /home/airflow/.local/lib/python3.12/site-packages/airflow/example_dags/tutorial_dag.py
[2025-04-06T07:32:00.382+0000] {logging_mixin.py:190} INFO - [2025-04-06T07:32:00.382+0000] {dag.py:3239} INFO - Sync 1 DAGs
[2025-04-06T07:32:00.389+0000] {logging_mixin.py:190} INFO - [2025-04-06T07:32:00.388+0000] {dag.py:4180} INFO - Setting next_dagrun for tutorial_dag to None, run_after=None
[2025-04-06T07:32:00.397+0000] {processor.py:208} INFO - Processing /home/airflow/.local/lib/python3.12/site-packages/airflow/example_dags/tutorial_dag.py took 0.032 seconds
[2025-04-06T07:32:31.108+0000] {processor.py:186} INFO - Started process (PID=637) to work on /home/airflow/.local/lib/python3.12/site-packages/airflow/example_dags/tutorial_dag.py
[2025-04-06T07:32:31.108+0000] {processor.py:914} INFO - Processing file /home/airflow/.local/lib/python3.12/site-packages/airflow/example_dags/tutorial_dag.py for tasks to queue
[2025-04-06T07:32:31.109+0000] {logging_mixin.py:190} INFO - [2025-04-06T07:32:31.109+0000] {dagbag.py:588} INFO - Filling up the DagBag from /home/airflow/.local/lib/python3.12/site-packages/airflow/example_dags/tutorial_dag.py
[2025-04-06T07:32:31.114+0000] {processor.py:925} INFO - DAG(s) 'tutorial_dag' retrieved from /home/airflow/.local/lib/python3.12/site-packages/airflow/example_dags/tutorial_dag.py
[2025-04-06T07:32:31.123+0000] {logging_mixin.py:190} INFO - [2025-04-06T07:32:31.123+0000] {dag.py:3239} INFO - Sync 1 DAGs
[2025-04-06T07:32:31.130+0000] {logging_mixin.py:190} INFO - [2025-04-06T07:32:31.130+0000] {dag.py:4180} INFO - Setting next_dagrun for tutorial_dag to None, run_after=None
[2025-04-06T07:32:31.140+0000] {processor.py:208} INFO - Processing /home/airflow/.local/lib/python3.12/site-packages/airflow/example_dags/tutorial_dag.py took 0.035 seconds
[2025-04-06T07:33:01.659+0000] {processor.py:186} INFO - Started process (PID=700) to work on /home/airflow/.local/lib/python3.12/site-packages/airflow/example_dags/tutorial_dag.py
[2025-04-06T07:33:01.659+0000] {processor.py:914} INFO - Processing file /home/airflow/.local/lib/python3.12/site-packages/airflow/example_dags/tutorial_dag.py for tasks to queue
[2025-04-06T07:33:01.660+0000] {logging_mixin.py:190} INFO - [2025-04-06T07:33:01.660+0000] {dagbag.py:588} INFO - Filling up the DagBag from /home/airflow/.local/lib/python3.12/site-packages/airflow/example_dags/tutorial_dag.py
[2025-04-06T07:33:01.664+0000] {processor.py:925} INFO - DAG(s) 'tutorial_dag' retrieved from /home/airflow/.local/lib/python3.12/site-packages/airflow/example_dags/tutorial_dag.py
[2025-04-06T07:33:01.673+0000] {logging_mixin.py:190} INFO - [2025-04-06T07:33:01.673+0000] {dag.py:3239} INFO - Sync 1 DAGs
[2025-04-06T07:33:01.680+0000] {logging_mixin.py:190} INFO - [2025-04-06T07:33:01.680+0000] {dag.py:4180} INFO - Setting next_dagrun for tutorial_dag to None, run_after=None
[2025-04-06T07:33:01.689+0000] {processor.py:208} INFO - Processing /home/airflow/.local/lib/python3.12/site-packages/airflow/example_dags/tutorial_dag.py took 0.032 seconds
[2025-04-06T07:33:32.316+0000] {processor.py:186} INFO - Started process (PID=763) to work on /home/airflow/.local/lib/python3.12/site-packages/airflow/example_dags/tutorial_dag.py
[2025-04-06T07:33:32.317+0000] {processor.py:914} INFO - Processing file /home/airflow/.local/lib/python3.12/site-packages/airflow/example_dags/tutorial_dag.py for tasks to queue
[2025-04-06T07:33:32.318+0000] {logging_mixin.py:190} INFO - [2025-04-06T07:33:32.318+0000] {dagbag.py:588} INFO - Filling up the DagBag from /home/airflow/.local/lib/python3.12/site-packages/airflow/example_dags/tutorial_dag.py
[2025-04-06T07:33:32.321+0000] {processor.py:925} INFO - DAG(s) 'tutorial_dag' retrieved from /home/airflow/.local/lib/python3.12/site-packages/airflow/example_dags/tutorial_dag.py
[2025-04-06T07:33:32.332+0000] {logging_mixin.py:190} INFO - [2025-04-06T07:33:32.331+0000] {dag.py:3239} INFO - Sync 1 DAGs
[2025-04-06T07:33:32.340+0000] {logging_mixin.py:190} INFO - [2025-04-06T07:33:32.339+0000] {dag.py:4180} INFO - Setting next_dagrun for tutorial_dag to None, run_after=None
[2025-04-06T07:33:32.350+0000] {processor.py:208} INFO - Processing /home/airflow/.local/lib/python3.12/site-packages/airflow/example_dags/tutorial_dag.py took 0.036 seconds
[2025-04-06T07:34:02.880+0000] {processor.py:186} INFO - Started process (PID=826) to work on /home/airflow/.local/lib/python3.12/site-packages/airflow/example_dags/tutorial_dag.py
[2025-04-06T07:34:02.880+0000] {processor.py:914} INFO - Processing file /home/airflow/.local/lib/python3.12/site-packages/airflow/example_dags/tutorial_dag.py for tasks to queue
[2025-04-06T07:34:02.881+0000] {logging_mixin.py:190} INFO - [2025-04-06T07:34:02.881+0000] {dagbag.py:588} INFO - Filling up the DagBag from /home/airflow/.local/lib/python3.12/site-packages/airflow/example_dags/tutorial_dag.py
[2025-04-06T07:34:02.885+0000] {processor.py:925} INFO - DAG(s) 'tutorial_dag' retrieved from /home/airflow/.local/lib/python3.12/site-packages/airflow/example_dags/tutorial_dag.py
[2025-04-06T07:34:02.895+0000] {logging_mixin.py:190} INFO - [2025-04-06T07:34:02.895+0000] {dag.py:3239} INFO - Sync 1 DAGs
[2025-04-06T07:34:02.902+0000] {logging_mixin.py:190} INFO - [2025-04-06T07:34:02.902+0000] {dag.py:4180} INFO - Setting next_dagrun for tutorial_dag to None, run_after=None
[2025-04-06T07:34:02.913+0000] {processor.py:208} INFO - Processing /home/airflow/.local/lib/python3.12/site-packages/airflow/example_dags/tutorial_dag.py took 0.036 seconds
[2025-04-06T07:34:33.486+0000] {processor.py:186} INFO - Started process (PID=895) to work on /home/airflow/.local/lib/python3.12/site-packages/airflow/example_dags/tutorial_dag.py
[2025-04-06T07:34:33.487+0000] {processor.py:914} INFO - Processing file /home/airflow/.local/lib/python3.12/site-packages/airflow/example_dags/tutorial_dag.py for tasks to queue
[2025-04-06T07:34:33.488+0000] {logging_mixin.py:190} INFO - [2025-04-06T07:34:33.488+0000] {dagbag.py:588} INFO - Filling up the DagBag from /home/airflow/.local/lib/python3.12/site-packages/airflow/example_dags/tutorial_dag.py
[2025-04-06T07:34:33.491+0000] {processor.py:925} INFO - DAG(s) 'tutorial_dag' retrieved from /home/airflow/.local/lib/python3.12/site-packages/airflow/example_dags/tutorial_dag.py
[2025-04-06T07:34:33.501+0000] {logging_mixin.py:190} INFO - [2025-04-06T07:34:33.501+0000] {dag.py:3239} INFO - Sync 1 DAGs
[2025-04-06T07:34:33.509+0000] {logging_mixin.py:190} INFO - [2025-04-06T07:34:33.509+0000] {dag.py:4180} INFO - Setting next_dagrun for tutorial_dag to None, run_after=None
[2025-04-06T07:34:33.519+0000] {processor.py:208} INFO - Processing /home/airflow/.local/lib/python3.12/site-packages/airflow/example_dags/tutorial_dag.py took 0.035 seconds
[2025-04-06T07:35:04.078+0000] {processor.py:186} INFO - Started process (PID=958) to work on /home/airflow/.local/lib/python3.12/site-packages/airflow/example_dags/tutorial_dag.py
[2025-04-06T07:35:04.079+0000] {processor.py:914} INFO - Processing file /home/airflow/.local/lib/python3.12/site-packages/airflow/example_dags/tutorial_dag.py for tasks to queue
[2025-04-06T07:35:04.080+0000] {logging_mixin.py:190} INFO - [2025-04-06T07:35:04.080+0000] {dagbag.py:588} INFO - Filling up the DagBag from /home/airflow/.local/lib/python3.12/site-packages/airflow/example_dags/tutorial_dag.py
[2025-04-06T07:35:04.083+0000] {processor.py:925} INFO - DAG(s) 'tutorial_dag' retrieved from /home/airflow/.local/lib/python3.12/site-packages/airflow/example_dags/tutorial_dag.py
[2025-04-06T07:35:04.093+0000] {logging_mixin.py:190} INFO - [2025-04-06T07:35:04.093+0000] {dag.py:3239} INFO - Sync 1 DAGs
[2025-04-06T07:35:04.100+0000] {logging_mixin.py:190} INFO - [2025-04-06T07:35:04.100+0000] {dag.py:4180} INFO - Setting next_dagrun for tutorial_dag to None, run_after=None
[2025-04-06T07:35:04.110+0000] {processor.py:208} INFO - Processing /home/airflow/.local/lib/python3.12/site-packages/airflow/example_dags/tutorial_dag.py took 0.035 seconds
[2025-04-06T07:35:34.526+0000] {processor.py:186} INFO - Started process (PID=1021) to work on /home/airflow/.local/lib/python3.12/site-packages/airflow/example_dags/tutorial_dag.py
[2025-04-06T07:35:34.526+0000] {processor.py:914} INFO - Processing file /home/airflow/.local/lib/python3.12/site-packages/airflow/example_dags/tutorial_dag.py for tasks to queue
[2025-04-06T07:35:34.527+0000] {logging_mixin.py:190} INFO - [2025-04-06T07:35:34.527+0000] {dagbag.py:588} INFO - Filling up the DagBag from /home/airflow/.local/lib/python3.12/site-packages/airflow/example_dags/tutorial_dag.py
[2025-04-06T07:35:34.531+0000] {processor.py:925} INFO - DAG(s) 'tutorial_dag' retrieved from /home/airflow/.local/lib/python3.12/site-packages/airflow/example_dags/tutorial_dag.py
[2025-04-06T07:35:34.541+0000] {logging_mixin.py:190} INFO - [2025-04-06T07:35:34.541+0000] {dag.py:3239} INFO - Sync 1 DAGs
[2025-04-06T07:35:34.548+0000] {logging_mixin.py:190} INFO - [2025-04-06T07:35:34.548+0000] {dag.py:4180} INFO - Setting next_dagrun for tutorial_dag to None, run_after=None
[2025-04-06T07:35:34.558+0000] {processor.py:208} INFO - Processing /home/airflow/.local/lib/python3.12/site-packages/airflow/example_dags/tutorial_dag.py took 0.035 seconds
[2025-04-06T07:36:04.965+0000] {processor.py:186} INFO - Started process (PID=1084) to work on /home/airflow/.local/lib/python3.12/site-packages/airflow/example_dags/tutorial_dag.py
[2025-04-06T07:36:04.966+0000] {processor.py:914} INFO - Processing file /home/airflow/.local/lib/python3.12/site-packages/airflow/example_dags/tutorial_dag.py for tasks to queue
[2025-04-06T07:36:04.967+0000] {logging_mixin.py:190} INFO - [2025-04-06T07:36:04.967+0000] {dagbag.py:588} INFO - Filling up the DagBag from /home/airflow/.local/lib/python3.12/site-packages/airflow/example_dags/tutorial_dag.py
[2025-04-06T07:36:04.971+0000] {processor.py:925} INFO - DAG(s) 'tutorial_dag' retrieved from /home/airflow/.local/lib/python3.12/site-packages/airflow/example_dags/tutorial_dag.py
[2025-04-06T07:36:04.981+0000] {logging_mixin.py:190} INFO - [2025-04-06T07:36:04.980+0000] {dag.py:3239} INFO - Sync 1 DAGs
[2025-04-06T07:36:04.988+0000] {logging_mixin.py:190} INFO - [2025-04-06T07:36:04.987+0000] {dag.py:4180} INFO - Setting next_dagrun for tutorial_dag to None, run_after=None
[2025-04-06T07:36:04.998+0000] {processor.py:208} INFO - Processing /home/airflow/.local/lib/python3.12/site-packages/airflow/example_dags/tutorial_dag.py took 0.036 seconds
[2025-04-06T07:36:35.668+0000] {processor.py:186} INFO - Started process (PID=1147) to work on /home/airflow/.local/lib/python3.12/site-packages/airflow/example_dags/tutorial_dag.py
[2025-04-06T07:36:35.669+0000] {processor.py:914} INFO - Processing file /home/airflow/.local/lib/python3.12/site-packages/airflow/example_dags/tutorial_dag.py for tasks to queue
[2025-04-06T07:36:35.670+0000] {logging_mixin.py:190} INFO - [2025-04-06T07:36:35.670+0000] {dagbag.py:588} INFO - Filling up the DagBag from /home/airflow/.local/lib/python3.12/site-packages/airflow/example_dags/tutorial_dag.py
[2025-04-06T07:36:35.674+0000] {processor.py:925} INFO - DAG(s) 'tutorial_dag' retrieved from /home/airflow/.local/lib/python3.12/site-packages/airflow/example_dags/tutorial_dag.py
[2025-04-06T07:36:35.683+0000] {logging_mixin.py:190} INFO - [2025-04-06T07:36:35.683+0000] {dag.py:3239} INFO - Sync 1 DAGs
[2025-04-06T07:36:35.690+0000] {logging_mixin.py:190} INFO - [2025-04-06T07:36:35.689+0000] {dag.py:4180} INFO - Setting next_dagrun for tutorial_dag to None, run_after=None
[2025-04-06T07:36:35.699+0000] {processor.py:208} INFO - Processing /home/airflow/.local/lib/python3.12/site-packages/airflow/example_dags/tutorial_dag.py took 0.034 seconds
[2025-04-06T07:37:06.591+0000] {processor.py:186} INFO - Started process (PID=1210) to work on /home/airflow/.local/lib/python3.12/site-packages/airflow/example_dags/tutorial_dag.py
[2025-04-06T07:37:06.591+0000] {processor.py:914} INFO - Processing file /home/airflow/.local/lib/python3.12/site-packages/airflow/example_dags/tutorial_dag.py for tasks to queue
[2025-04-06T07:37:06.592+0000] {logging_mixin.py:190} INFO - [2025-04-06T07:37:06.592+0000] {dagbag.py:588} INFO - Filling up the DagBag from /home/airflow/.local/lib/python3.12/site-packages/airflow/example_dags/tutorial_dag.py
[2025-04-06T07:37:06.596+0000] {processor.py:925} INFO - DAG(s) 'tutorial_dag' retrieved from /home/airflow/.local/lib/python3.12/site-packages/airflow/example_dags/tutorial_dag.py
[2025-04-06T07:37:06.606+0000] {logging_mixin.py:190} INFO - [2025-04-06T07:37:06.606+0000] {dag.py:3239} INFO - Sync 1 DAGs
[2025-04-06T07:37:06.613+0000] {logging_mixin.py:190} INFO - [2025-04-06T07:37:06.613+0000] {dag.py:4180} INFO - Setting next_dagrun for tutorial_dag to None, run_after=None
[2025-04-06T07:37:06.622+0000] {processor.py:208} INFO - Processing /home/airflow/.local/lib/python3.12/site-packages/airflow/example_dags/tutorial_dag.py took 0.035 seconds
[2025-04-06T07:37:37.302+0000] {processor.py:186} INFO - Started process (PID=1273) to work on /home/airflow/.local/lib/python3.12/site-packages/airflow/example_dags/tutorial_dag.py
[2025-04-06T07:37:37.302+0000] {processor.py:914} INFO - Processing file /home/airflow/.local/lib/python3.12/site-packages/airflow/example_dags/tutorial_dag.py for tasks to queue
[2025-04-06T07:37:37.303+0000] {logging_mixin.py:190} INFO - [2025-04-06T07:37:37.303+0000] {dagbag.py:588} INFO - Filling up the DagBag from /home/airflow/.local/lib/python3.12/site-packages/airflow/example_dags/tutorial_dag.py
[2025-04-06T07:37:37.307+0000] {processor.py:925} INFO - DAG(s) 'tutorial_dag' retrieved from /home/airflow/.local/lib/python3.12/site-packages/airflow/example_dags/tutorial_dag.py
[2025-04-06T07:37:37.317+0000] {logging_mixin.py:190} INFO - [2025-04-06T07:37:37.317+0000] {dag.py:3239} INFO - Sync 1 DAGs
[2025-04-06T07:37:37.324+0000] {logging_mixin.py:190} INFO - [2025-04-06T07:37:37.324+0000] {dag.py:4180} INFO - Setting next_dagrun for tutorial_dag to None, run_after=None
[2025-04-06T07:37:37.333+0000] {processor.py:208} INFO - Processing /home/airflow/.local/lib/python3.12/site-packages/airflow/example_dags/tutorial_dag.py took 0.034 seconds
[2025-04-06T07:38:08.344+0000] {processor.py:186} INFO - Started process (PID=1336) to work on /home/airflow/.local/lib/python3.12/site-packages/airflow/example_dags/tutorial_dag.py
[2025-04-06T07:38:08.344+0000] {processor.py:914} INFO - Processing file /home/airflow/.local/lib/python3.12/site-packages/airflow/example_dags/tutorial_dag.py for tasks to queue
[2025-04-06T07:38:08.345+0000] {logging_mixin.py:190} INFO - [2025-04-06T07:38:08.345+0000] {dagbag.py:588} INFO - Filling up the DagBag from /home/airflow/.local/lib/python3.12/site-packages/airflow/example_dags/tutorial_dag.py
[2025-04-06T07:38:08.350+0000] {processor.py:925} INFO - DAG(s) 'tutorial_dag' retrieved from /home/airflow/.local/lib/python3.12/site-packages/airflow/example_dags/tutorial_dag.py
[2025-04-06T07:38:08.361+0000] {logging_mixin.py:190} INFO - [2025-04-06T07:38:08.361+0000] {dag.py:3239} INFO - Sync 1 DAGs
[2025-04-06T07:38:08.368+0000] {logging_mixin.py:190} INFO - [2025-04-06T07:38:08.368+0000] {dag.py:4180} INFO - Setting next_dagrun for tutorial_dag to None, run_after=None
[2025-04-06T07:38:08.378+0000] {processor.py:208} INFO - Processing /home/airflow/.local/lib/python3.12/site-packages/airflow/example_dags/tutorial_dag.py took 0.038 seconds
[2025-04-06T07:38:39.051+0000] {processor.py:186} INFO - Started process (PID=1399) to work on /home/airflow/.local/lib/python3.12/site-packages/airflow/example_dags/tutorial_dag.py
[2025-04-06T07:38:39.051+0000] {processor.py:914} INFO - Processing file /home/airflow/.local/lib/python3.12/site-packages/airflow/example_dags/tutorial_dag.py for tasks to queue
[2025-04-06T07:38:39.052+0000] {logging_mixin.py:190} INFO - [2025-04-06T07:38:39.052+0000] {dagbag.py:588} INFO - Filling up the DagBag from /home/airflow/.local/lib/python3.12/site-packages/airflow/example_dags/tutorial_dag.py
[2025-04-06T07:38:39.056+0000] {processor.py:925} INFO - DAG(s) 'tutorial_dag' retrieved from /home/airflow/.local/lib/python3.12/site-packages/airflow/example_dags/tutorial_dag.py
[2025-04-06T07:38:39.066+0000] {logging_mixin.py:190} INFO - [2025-04-06T07:38:39.066+0000] {dag.py:3239} INFO - Sync 1 DAGs
[2025-04-06T07:38:39.073+0000] {logging_mixin.py:190} INFO - [2025-04-06T07:38:39.073+0000] {dag.py:4180} INFO - Setting next_dagrun for tutorial_dag to None, run_after=None
[2025-04-06T07:38:39.083+0000] {processor.py:208} INFO - Processing /home/airflow/.local/lib/python3.12/site-packages/airflow/example_dags/tutorial_dag.py took 0.035 seconds
[2025-04-06T07:39:09.969+0000] {processor.py:186} INFO - Started process (PID=1462) to work on /home/airflow/.local/lib/python3.12/site-packages/airflow/example_dags/tutorial_dag.py
[2025-04-06T07:39:09.969+0000] {processor.py:914} INFO - Processing file /home/airflow/.local/lib/python3.12/site-packages/airflow/example_dags/tutorial_dag.py for tasks to queue
[2025-04-06T07:39:09.970+0000] {logging_mixin.py:190} INFO - [2025-04-06T07:39:09.970+0000] {dagbag.py:588} INFO - Filling up the DagBag from /home/airflow/.local/lib/python3.12/site-packages/airflow/example_dags/tutorial_dag.py
[2025-04-06T07:39:09.974+0000] {processor.py:925} INFO - DAG(s) 'tutorial_dag' retrieved from /home/airflow/.local/lib/python3.12/site-packages/airflow/example_dags/tutorial_dag.py
[2025-04-06T07:39:09.986+0000] {logging_mixin.py:190} INFO - [2025-04-06T07:39:09.986+0000] {dag.py:3239} INFO - Sync 1 DAGs
[2025-04-06T07:39:09.993+0000] {logging_mixin.py:190} INFO - [2025-04-06T07:39:09.992+0000] {dag.py:4180} INFO - Setting next_dagrun for tutorial_dag to None, run_after=None
[2025-04-06T07:39:10.002+0000] {processor.py:208} INFO - Processing /home/airflow/.local/lib/python3.12/site-packages/airflow/example_dags/tutorial_dag.py took 0.036 seconds
[2025-04-06T07:39:40.136+0000] {processor.py:186} INFO - Started process (PID=1525) to work on /home/airflow/.local/lib/python3.12/site-packages/airflow/example_dags/tutorial_dag.py
[2025-04-06T07:39:40.136+0000] {processor.py:914} INFO - Processing file /home/airflow/.local/lib/python3.12/site-packages/airflow/example_dags/tutorial_dag.py for tasks to queue
[2025-04-06T07:39:40.138+0000] {logging_mixin.py:190} INFO - [2025-04-06T07:39:40.138+0000] {dagbag.py:588} INFO - Filling up the DagBag from /home/airflow/.local/lib/python3.12/site-packages/airflow/example_dags/tutorial_dag.py
[2025-04-06T07:39:40.142+0000] {processor.py:925} INFO - DAG(s) 'tutorial_dag' retrieved from /home/airflow/.local/lib/python3.12/site-packages/airflow/example_dags/tutorial_dag.py
[2025-04-06T07:39:40.152+0000] {logging_mixin.py:190} INFO - [2025-04-06T07:39:40.152+0000] {dag.py:3239} INFO - Sync 1 DAGs
[2025-04-06T07:39:40.159+0000] {logging_mixin.py:190} INFO - [2025-04-06T07:39:40.159+0000] {dag.py:4180} INFO - Setting next_dagrun for tutorial_dag to None, run_after=None
[2025-04-06T07:39:40.169+0000] {processor.py:208} INFO - Processing /home/airflow/.local/lib/python3.12/site-packages/airflow/example_dags/tutorial_dag.py took 0.036 seconds
[2025-04-06T07:40:10.757+0000] {processor.py:186} INFO - Started process (PID=1588) to work on /home/airflow/.local/lib/python3.12/site-packages/airflow/example_dags/tutorial_dag.py
[2025-04-06T07:40:10.757+0000] {processor.py:914} INFO - Processing file /home/airflow/.local/lib/python3.12/site-packages/airflow/example_dags/tutorial_dag.py for tasks to queue
[2025-04-06T07:40:10.758+0000] {logging_mixin.py:190} INFO - [2025-04-06T07:40:10.758+0000] {dagbag.py:588} INFO - Filling up the DagBag from /home/airflow/.local/lib/python3.12/site-packages/airflow/example_dags/tutorial_dag.py
[2025-04-06T07:40:10.762+0000] {processor.py:925} INFO - DAG(s) 'tutorial_dag' retrieved from /home/airflow/.local/lib/python3.12/site-packages/airflow/example_dags/tutorial_dag.py
[2025-04-06T07:40:10.772+0000] {logging_mixin.py:190} INFO - [2025-04-06T07:40:10.772+0000] {dag.py:3239} INFO - Sync 1 DAGs
[2025-04-06T07:40:10.779+0000] {logging_mixin.py:190} INFO - [2025-04-06T07:40:10.779+0000] {dag.py:4180} INFO - Setting next_dagrun for tutorial_dag to None, run_after=None
[2025-04-06T07:40:10.789+0000] {processor.py:208} INFO - Processing /home/airflow/.local/lib/python3.12/site-packages/airflow/example_dags/tutorial_dag.py took 0.035 seconds
[2025-04-06T07:40:41.520+0000] {processor.py:186} INFO - Started process (PID=1657) to work on /home/airflow/.local/lib/python3.12/site-packages/airflow/example_dags/tutorial_dag.py
[2025-04-06T07:40:41.520+0000] {processor.py:914} INFO - Processing file /home/airflow/.local/lib/python3.12/site-packages/airflow/example_dags/tutorial_dag.py for tasks to queue
[2025-04-06T07:40:41.521+0000] {logging_mixin.py:190} INFO - [2025-04-06T07:40:41.521+0000] {dagbag.py:588} INFO - Filling up the DagBag from /home/airflow/.local/lib/python3.12/site-packages/airflow/example_dags/tutorial_dag.py
[2025-04-06T07:40:41.525+0000] {processor.py:925} INFO - DAG(s) 'tutorial_dag' retrieved from /home/airflow/.local/lib/python3.12/site-packages/airflow/example_dags/tutorial_dag.py
[2025-04-06T07:40:41.535+0000] {logging_mixin.py:190} INFO - [2025-04-06T07:40:41.535+0000] {dag.py:3239} INFO - Sync 1 DAGs
[2025-04-06T07:40:41.542+0000] {logging_mixin.py:190} INFO - [2025-04-06T07:40:41.542+0000] {dag.py:4180} INFO - Setting next_dagrun for tutorial_dag to None, run_after=None
[2025-04-06T07:40:41.551+0000] {processor.py:208} INFO - Processing /home/airflow/.local/lib/python3.12/site-packages/airflow/example_dags/tutorial_dag.py took 0.034 seconds
[2025-04-06T07:41:11.824+0000] {processor.py:186} INFO - Started process (PID=1720) to work on /home/airflow/.local/lib/python3.12/site-packages/airflow/example_dags/tutorial_dag.py
[2025-04-06T07:41:11.825+0000] {processor.py:914} INFO - Processing file /home/airflow/.local/lib/python3.12/site-packages/airflow/example_dags/tutorial_dag.py for tasks to queue
[2025-04-06T07:41:11.826+0000] {logging_mixin.py:190} INFO - [2025-04-06T07:41:11.826+0000] {dagbag.py:588} INFO - Filling up the DagBag from /home/airflow/.local/lib/python3.12/site-packages/airflow/example_dags/tutorial_dag.py
[2025-04-06T07:41:11.830+0000] {processor.py:925} INFO - DAG(s) 'tutorial_dag' retrieved from /home/airflow/.local/lib/python3.12/site-packages/airflow/example_dags/tutorial_dag.py
[2025-04-06T07:41:11.840+0000] {logging_mixin.py:190} INFO - [2025-04-06T07:41:11.840+0000] {dag.py:3239} INFO - Sync 1 DAGs
[2025-04-06T07:41:11.848+0000] {logging_mixin.py:190} INFO - [2025-04-06T07:41:11.848+0000] {dag.py:4180} INFO - Setting next_dagrun for tutorial_dag to None, run_after=None
[2025-04-06T07:41:11.858+0000] {processor.py:208} INFO - Processing /home/airflow/.local/lib/python3.12/site-packages/airflow/example_dags/tutorial_dag.py took 0.037 seconds
[2025-04-06T07:41:41.904+0000] {processor.py:186} INFO - Started process (PID=1783) to work on /home/airflow/.local/lib/python3.12/site-packages/airflow/example_dags/tutorial_dag.py
[2025-04-06T07:41:41.904+0000] {processor.py:914} INFO - Processing file /home/airflow/.local/lib/python3.12/site-packages/airflow/example_dags/tutorial_dag.py for tasks to queue
[2025-04-06T07:41:41.905+0000] {logging_mixin.py:190} INFO - [2025-04-06T07:41:41.905+0000] {dagbag.py:588} INFO - Filling up the DagBag from /home/airflow/.local/lib/python3.12/site-packages/airflow/example_dags/tutorial_dag.py
[2025-04-06T07:41:41.909+0000] {processor.py:925} INFO - DAG(s) 'tutorial_dag' retrieved from /home/airflow/.local/lib/python3.12/site-packages/airflow/example_dags/tutorial_dag.py
[2025-04-06T07:41:41.919+0000] {logging_mixin.py:190} INFO - [2025-04-06T07:41:41.919+0000] {dag.py:3239} INFO - Sync 1 DAGs
[2025-04-06T07:41:41.926+0000] {logging_mixin.py:190} INFO - [2025-04-06T07:41:41.926+0000] {dag.py:4180} INFO - Setting next_dagrun for tutorial_dag to None, run_after=None
[2025-04-06T07:41:41.936+0000] {processor.py:208} INFO - Processing /home/airflow/.local/lib/python3.12/site-packages/airflow/example_dags/tutorial_dag.py took 0.035 seconds
[2025-04-06T07:42:12.899+0000] {processor.py:186} INFO - Started process (PID=1846) to work on /home/airflow/.local/lib/python3.12/site-packages/airflow/example_dags/tutorial_dag.py
[2025-04-06T07:42:12.900+0000] {processor.py:914} INFO - Processing file /home/airflow/.local/lib/python3.12/site-packages/airflow/example_dags/tutorial_dag.py for tasks to queue
[2025-04-06T07:42:12.901+0000] {logging_mixin.py:190} INFO - [2025-04-06T07:42:12.901+0000] {dagbag.py:588} INFO - Filling up the DagBag from /home/airflow/.local/lib/python3.12/site-packages/airflow/example_dags/tutorial_dag.py
[2025-04-06T07:42:12.906+0000] {processor.py:925} INFO - DAG(s) 'tutorial_dag' retrieved from /home/airflow/.local/lib/python3.12/site-packages/airflow/example_dags/tutorial_dag.py
[2025-04-06T07:42:12.915+0000] {logging_mixin.py:190} INFO - [2025-04-06T07:42:12.915+0000] {dag.py:3239} INFO - Sync 1 DAGs
[2025-04-06T07:42:12.921+0000] {logging_mixin.py:190} INFO - [2025-04-06T07:42:12.921+0000] {dag.py:4180} INFO - Setting next_dagrun for tutorial_dag to None, run_after=None
[2025-04-06T07:42:12.931+0000] {processor.py:208} INFO - Processing /home/airflow/.local/lib/python3.12/site-packages/airflow/example_dags/tutorial_dag.py took 0.034 seconds
[2025-04-06T07:42:43.179+0000] {processor.py:186} INFO - Started process (PID=1909) to work on /home/airflow/.local/lib/python3.12/site-packages/airflow/example_dags/tutorial_dag.py
[2025-04-06T07:42:43.179+0000] {processor.py:914} INFO - Processing file /home/airflow/.local/lib/python3.12/site-packages/airflow/example_dags/tutorial_dag.py for tasks to queue
[2025-04-06T07:42:43.180+0000] {logging_mixin.py:190} INFO - [2025-04-06T07:42:43.180+0000] {dagbag.py:588} INFO - Filling up the DagBag from /home/airflow/.local/lib/python3.12/site-packages/airflow/example_dags/tutorial_dag.py
[2025-04-06T07:42:43.184+0000] {processor.py:925} INFO - DAG(s) 'tutorial_dag' retrieved from /home/airflow/.local/lib/python3.12/site-packages/airflow/example_dags/tutorial_dag.py
[2025-04-06T07:42:43.193+0000] {logging_mixin.py:190} INFO - [2025-04-06T07:42:43.193+0000] {dag.py:3239} INFO - Sync 1 DAGs
[2025-04-06T07:42:43.201+0000] {logging_mixin.py:190} INFO - [2025-04-06T07:42:43.200+0000] {dag.py:4180} INFO - Setting next_dagrun for tutorial_dag to None, run_after=None
[2025-04-06T07:42:43.211+0000] {processor.py:208} INFO - Processing /home/airflow/.local/lib/python3.12/site-packages/airflow/example_dags/tutorial_dag.py took 0.035 seconds
[2025-04-06T07:43:14.048+0000] {processor.py:186} INFO - Started process (PID=1972) to work on /home/airflow/.local/lib/python3.12/site-packages/airflow/example_dags/tutorial_dag.py
[2025-04-06T07:43:14.049+0000] {processor.py:914} INFO - Processing file /home/airflow/.local/lib/python3.12/site-packages/airflow/example_dags/tutorial_dag.py for tasks to queue
[2025-04-06T07:43:14.050+0000] {logging_mixin.py:190} INFO - [2025-04-06T07:43:14.050+0000] {dagbag.py:588} INFO - Filling up the DagBag from /home/airflow/.local/lib/python3.12/site-packages/airflow/example_dags/tutorial_dag.py
[2025-04-06T07:43:14.053+0000] {processor.py:925} INFO - DAG(s) 'tutorial_dag' retrieved from /home/airflow/.local/lib/python3.12/site-packages/airflow/example_dags/tutorial_dag.py
[2025-04-06T07:43:14.063+0000] {logging_mixin.py:190} INFO - [2025-04-06T07:43:14.063+0000] {dag.py:3239} INFO - Sync 1 DAGs
[2025-04-06T07:43:14.071+0000] {logging_mixin.py:190} INFO - [2025-04-06T07:43:14.071+0000] {dag.py:4180} INFO - Setting next_dagrun for tutorial_dag to None, run_after=None
[2025-04-06T07:43:14.080+0000] {processor.py:208} INFO - Processing /home/airflow/.local/lib/python3.12/site-packages/airflow/example_dags/tutorial_dag.py took 0.035 seconds
[2025-04-06T07:43:44.989+0000] {processor.py:186} INFO - Started process (PID=2035) to work on /home/airflow/.local/lib/python3.12/site-packages/airflow/example_dags/tutorial_dag.py
[2025-04-06T07:43:44.990+0000] {processor.py:914} INFO - Processing file /home/airflow/.local/lib/python3.12/site-packages/airflow/example_dags/tutorial_dag.py for tasks to queue
[2025-04-06T07:43:44.991+0000] {logging_mixin.py:190} INFO - [2025-04-06T07:43:44.990+0000] {dagbag.py:588} INFO - Filling up the DagBag from /home/airflow/.local/lib/python3.12/site-packages/airflow/example_dags/tutorial_dag.py
[2025-04-06T07:43:44.994+0000] {processor.py:925} INFO - DAG(s) 'tutorial_dag' retrieved from /home/airflow/.local/lib/python3.12/site-packages/airflow/example_dags/tutorial_dag.py
[2025-04-06T07:43:45.004+0000] {logging_mixin.py:190} INFO - [2025-04-06T07:43:45.004+0000] {dag.py:3239} INFO - Sync 1 DAGs
[2025-04-06T07:43:45.012+0000] {logging_mixin.py:190} INFO - [2025-04-06T07:43:45.012+0000] {dag.py:4180} INFO - Setting next_dagrun for tutorial_dag to None, run_after=None
[2025-04-06T07:43:45.022+0000] {processor.py:208} INFO - Processing /home/airflow/.local/lib/python3.12/site-packages/airflow/example_dags/tutorial_dag.py took 0.036 seconds
[2025-04-06T07:44:15.550+0000] {processor.py:186} INFO - Started process (PID=2098) to work on /home/airflow/.local/lib/python3.12/site-packages/airflow/example_dags/tutorial_dag.py
[2025-04-06T07:44:15.551+0000] {processor.py:914} INFO - Processing file /home/airflow/.local/lib/python3.12/site-packages/airflow/example_dags/tutorial_dag.py for tasks to queue
[2025-04-06T07:44:15.552+0000] {logging_mixin.py:190} INFO - [2025-04-06T07:44:15.552+0000] {dagbag.py:588} INFO - Filling up the DagBag from /home/airflow/.local/lib/python3.12/site-packages/airflow/example_dags/tutorial_dag.py
[2025-04-06T07:44:15.557+0000] {processor.py:925} INFO - DAG(s) 'tutorial_dag' retrieved from /home/airflow/.local/lib/python3.12/site-packages/airflow/example_dags/tutorial_dag.py
[2025-04-06T07:44:15.567+0000] {logging_mixin.py:190} INFO - [2025-04-06T07:44:15.567+0000] {dag.py:3239} INFO - Sync 1 DAGs
[2025-04-06T07:44:15.574+0000] {logging_mixin.py:190} INFO - [2025-04-06T07:44:15.574+0000] {dag.py:4180} INFO - Setting next_dagrun for tutorial_dag to None, run_after=None
[2025-04-06T07:44:15.583+0000] {processor.py:208} INFO - Processing /home/airflow/.local/lib/python3.12/site-packages/airflow/example_dags/tutorial_dag.py took 0.036 seconds
