[2025-04-06T07:27:58.834+0000] {processor.py:186} INFO - Started process (PID=102) to work on /home/airflow/.local/lib/python3.12/site-packages/airflow/example_dags/tutorial.py
[2025-04-06T07:27:58.834+0000] {processor.py:914} INFO - Processing file /home/airflow/.local/lib/python3.12/site-packages/airflow/example_dags/tutorial.py for tasks to queue
[2025-04-06T07:27:58.835+0000] {logging_mixin.py:190} INFO - [2025-04-06T07:27:58.835+0000] {dagbag.py:588} INFO - Filling up the DagBag from /home/airflow/.local/lib/python3.12/site-packages/airflow/example_dags/tutorial.py
[2025-04-06T07:27:58.840+0000] {processor.py:925} INFO - DAG(s) 'tutorial' retrieved from /home/airflow/.local/lib/python3.12/site-packages/airflow/example_dags/tutorial.py
[2025-04-06T07:27:58.891+0000] {logging_mixin.py:190} INFO - [2025-04-06T07:27:58.891+0000] {override.py:1912} INFO - Created Permission View: can delete on DAG:tutorial
[2025-04-06T07:27:58.896+0000] {logging_mixin.py:190} INFO - [2025-04-06T07:27:58.896+0000] {override.py:1912} INFO - Created Permission View: can read on DAG:tutorial
[2025-04-06T07:27:58.900+0000] {logging_mixin.py:190} INFO - [2025-04-06T07:27:58.900+0000] {override.py:1912} INFO - Created Permission View: can edit on DAG:tutorial
[2025-04-06T07:27:58.907+0000] {logging_mixin.py:190} INFO - [2025-04-06T07:27:58.907+0000] {override.py:1912} INFO - Created Permission View: can delete on DAG Run:tutorial
[2025-04-06T07:27:58.911+0000] {logging_mixin.py:190} INFO - [2025-04-06T07:27:58.911+0000] {override.py:1912} INFO - Created Permission View: can read on DAG Run:tutorial
[2025-04-06T07:27:58.916+0000] {logging_mixin.py:190} INFO - [2025-04-06T07:27:58.915+0000] {override.py:1912} INFO - Created Permission View: can create on DAG Run:tutorial
[2025-04-06T07:27:58.919+0000] {logging_mixin.py:190} INFO - [2025-04-06T07:27:58.919+0000] {override.py:1912} INFO - Created Permission View: menu access on DAG Run:tutorial
[2025-04-06T07:27:58.919+0000] {logging_mixin.py:190} INFO - [2025-04-06T07:27:58.919+0000] {dag.py:3239} INFO - Sync 1 DAGs
[2025-04-06T07:27:58.925+0000] {logging_mixin.py:190} INFO - [2025-04-06T07:27:58.925+0000] {dag.py:3262} INFO - Creating ORM DAG for tutorial
[2025-04-06T07:27:58.930+0000] {logging_mixin.py:190} INFO - [2025-04-06T07:27:58.930+0000] {dag.py:4180} INFO - Setting next_dagrun for tutorial to 2025-04-05 00:00:00+00:00, run_after=2025-04-06 00:00:00+00:00
[2025-04-06T07:27:58.938+0000] {processor.py:208} INFO - Processing /home/airflow/.local/lib/python3.12/site-packages/airflow/example_dags/tutorial.py took 0.107 seconds
[2025-04-06T07:28:29.574+0000] {processor.py:186} INFO - Started process (PID=165) to work on /home/airflow/.local/lib/python3.12/site-packages/airflow/example_dags/tutorial.py
[2025-04-06T07:28:29.575+0000] {processor.py:914} INFO - Processing file /home/airflow/.local/lib/python3.12/site-packages/airflow/example_dags/tutorial.py for tasks to queue
[2025-04-06T07:28:29.576+0000] {logging_mixin.py:190} INFO - [2025-04-06T07:28:29.576+0000] {dagbag.py:588} INFO - Filling up the DagBag from /home/airflow/.local/lib/python3.12/site-packages/airflow/example_dags/tutorial.py
[2025-04-06T07:28:29.580+0000] {processor.py:925} INFO - DAG(s) 'tutorial' retrieved from /home/airflow/.local/lib/python3.12/site-packages/airflow/example_dags/tutorial.py
[2025-04-06T07:28:29.590+0000] {logging_mixin.py:190} INFO - [2025-04-06T07:28:29.589+0000] {dag.py:3239} INFO - Sync 1 DAGs
[2025-04-06T07:28:29.601+0000] {logging_mixin.py:190} INFO - [2025-04-06T07:28:29.601+0000] {dag.py:4180} INFO - Setting next_dagrun for tutorial to 2025-04-05 00:00:00+00:00, run_after=2025-04-06 00:00:00+00:00
[2025-04-06T07:28:29.610+0000] {processor.py:208} INFO - Processing /home/airflow/.local/lib/python3.12/site-packages/airflow/example_dags/tutorial.py took 0.039 seconds
[2025-04-06T07:28:59.967+0000] {processor.py:186} INFO - Started process (PID=228) to work on /home/airflow/.local/lib/python3.12/site-packages/airflow/example_dags/tutorial.py
[2025-04-06T07:28:59.967+0000] {processor.py:914} INFO - Processing file /home/airflow/.local/lib/python3.12/site-packages/airflow/example_dags/tutorial.py for tasks to queue
[2025-04-06T07:28:59.968+0000] {logging_mixin.py:190} INFO - [2025-04-06T07:28:59.968+0000] {dagbag.py:588} INFO - Filling up the DagBag from /home/airflow/.local/lib/python3.12/site-packages/airflow/example_dags/tutorial.py
[2025-04-06T07:28:59.972+0000] {processor.py:925} INFO - DAG(s) 'tutorial' retrieved from /home/airflow/.local/lib/python3.12/site-packages/airflow/example_dags/tutorial.py
[2025-04-06T07:28:59.983+0000] {logging_mixin.py:190} INFO - [2025-04-06T07:28:59.982+0000] {dag.py:3239} INFO - Sync 1 DAGs
[2025-04-06T07:28:59.994+0000] {logging_mixin.py:190} INFO - [2025-04-06T07:28:59.994+0000] {dag.py:4180} INFO - Setting next_dagrun for tutorial to 2025-04-05 00:00:00+00:00, run_after=2025-04-06 00:00:00+00:00
[2025-04-06T07:29:00.005+0000] {processor.py:208} INFO - Processing /home/airflow/.local/lib/python3.12/site-packages/airflow/example_dags/tutorial.py took 0.041 seconds
[2025-04-06T07:29:31.288+0000] {processor.py:186} INFO - Started process (PID=291) to work on /home/airflow/.local/lib/python3.12/site-packages/airflow/example_dags/tutorial.py
[2025-04-06T07:29:31.289+0000] {processor.py:914} INFO - Processing file /home/airflow/.local/lib/python3.12/site-packages/airflow/example_dags/tutorial.py for tasks to queue
[2025-04-06T07:29:31.290+0000] {logging_mixin.py:190} INFO - [2025-04-06T07:29:31.290+0000] {dagbag.py:588} INFO - Filling up the DagBag from /home/airflow/.local/lib/python3.12/site-packages/airflow/example_dags/tutorial.py
[2025-04-06T07:29:31.294+0000] {processor.py:925} INFO - DAG(s) 'tutorial' retrieved from /home/airflow/.local/lib/python3.12/site-packages/airflow/example_dags/tutorial.py
[2025-04-06T07:29:31.303+0000] {logging_mixin.py:190} INFO - [2025-04-06T07:29:31.303+0000] {dag.py:3239} INFO - Sync 1 DAGs
[2025-04-06T07:29:31.315+0000] {logging_mixin.py:190} INFO - [2025-04-06T07:29:31.314+0000] {dag.py:4180} INFO - Setting next_dagrun for tutorial to 2025-04-05 00:00:00+00:00, run_after=2025-04-06 00:00:00+00:00
[2025-04-06T07:29:31.324+0000] {processor.py:208} INFO - Processing /home/airflow/.local/lib/python3.12/site-packages/airflow/example_dags/tutorial.py took 0.038 seconds
[2025-04-06T07:30:01.887+0000] {processor.py:186} INFO - Started process (PID=354) to work on /home/airflow/.local/lib/python3.12/site-packages/airflow/example_dags/tutorial.py
[2025-04-06T07:30:01.887+0000] {processor.py:914} INFO - Processing file /home/airflow/.local/lib/python3.12/site-packages/airflow/example_dags/tutorial.py for tasks to queue
[2025-04-06T07:30:01.888+0000] {logging_mixin.py:190} INFO - [2025-04-06T07:30:01.888+0000] {dagbag.py:588} INFO - Filling up the DagBag from /home/airflow/.local/lib/python3.12/site-packages/airflow/example_dags/tutorial.py
[2025-04-06T07:30:01.892+0000] {processor.py:925} INFO - DAG(s) 'tutorial' retrieved from /home/airflow/.local/lib/python3.12/site-packages/airflow/example_dags/tutorial.py
[2025-04-06T07:30:01.903+0000] {logging_mixin.py:190} INFO - [2025-04-06T07:30:01.902+0000] {dag.py:3239} INFO - Sync 1 DAGs
[2025-04-06T07:30:01.914+0000] {logging_mixin.py:190} INFO - [2025-04-06T07:30:01.914+0000] {dag.py:4180} INFO - Setting next_dagrun for tutorial to 2025-04-05 00:00:00+00:00, run_after=2025-04-06 00:00:00+00:00
[2025-04-06T07:30:01.924+0000] {processor.py:208} INFO - Processing /home/airflow/.local/lib/python3.12/site-packages/airflow/example_dags/tutorial.py took 0.040 seconds
[2025-04-06T07:30:32.862+0000] {processor.py:186} INFO - Started process (PID=417) to work on /home/airflow/.local/lib/python3.12/site-packages/airflow/example_dags/tutorial.py
[2025-04-06T07:30:32.863+0000] {processor.py:914} INFO - Processing file /home/airflow/.local/lib/python3.12/site-packages/airflow/example_dags/tutorial.py for tasks to queue
[2025-04-06T07:30:32.864+0000] {logging_mixin.py:190} INFO - [2025-04-06T07:30:32.864+0000] {dagbag.py:588} INFO - Filling up the DagBag from /home/airflow/.local/lib/python3.12/site-packages/airflow/example_dags/tutorial.py
[2025-04-06T07:30:32.869+0000] {processor.py:925} INFO - DAG(s) 'tutorial' retrieved from /home/airflow/.local/lib/python3.12/site-packages/airflow/example_dags/tutorial.py
[2025-04-06T07:30:32.883+0000] {logging_mixin.py:190} INFO - [2025-04-06T07:30:32.883+0000] {dag.py:3239} INFO - Sync 1 DAGs
[2025-04-06T07:30:32.901+0000] {logging_mixin.py:190} INFO - [2025-04-06T07:30:32.900+0000] {dag.py:4180} INFO - Setting next_dagrun for tutorial to 2025-04-05 00:00:00+00:00, run_after=2025-04-06 00:00:00+00:00
[2025-04-06T07:30:32.912+0000] {processor.py:208} INFO - Processing /home/airflow/.local/lib/python3.12/site-packages/airflow/example_dags/tutorial.py took 0.055 seconds
[2025-04-06T07:31:03.480+0000] {processor.py:186} INFO - Started process (PID=480) to work on /home/airflow/.local/lib/python3.12/site-packages/airflow/example_dags/tutorial.py
[2025-04-06T07:31:03.480+0000] {processor.py:914} INFO - Processing file /home/airflow/.local/lib/python3.12/site-packages/airflow/example_dags/tutorial.py for tasks to queue
[2025-04-06T07:31:03.481+0000] {logging_mixin.py:190} INFO - [2025-04-06T07:31:03.481+0000] {dagbag.py:588} INFO - Filling up the DagBag from /home/airflow/.local/lib/python3.12/site-packages/airflow/example_dags/tutorial.py
[2025-04-06T07:31:03.485+0000] {processor.py:925} INFO - DAG(s) 'tutorial' retrieved from /home/airflow/.local/lib/python3.12/site-packages/airflow/example_dags/tutorial.py
[2025-04-06T07:31:03.496+0000] {logging_mixin.py:190} INFO - [2025-04-06T07:31:03.496+0000] {dag.py:3239} INFO - Sync 1 DAGs
[2025-04-06T07:31:03.508+0000] {logging_mixin.py:190} INFO - [2025-04-06T07:31:03.508+0000] {dag.py:4180} INFO - Setting next_dagrun for tutorial to 2025-04-05 00:00:00+00:00, run_after=2025-04-06 00:00:00+00:00
[2025-04-06T07:31:03.517+0000] {processor.py:208} INFO - Processing /home/airflow/.local/lib/python3.12/site-packages/airflow/example_dags/tutorial.py took 0.040 seconds
[2025-04-06T07:31:34.199+0000] {processor.py:186} INFO - Started process (PID=542) to work on /home/airflow/.local/lib/python3.12/site-packages/airflow/example_dags/tutorial.py
[2025-04-06T07:31:34.200+0000] {processor.py:914} INFO - Processing file /home/airflow/.local/lib/python3.12/site-packages/airflow/example_dags/tutorial.py for tasks to queue
[2025-04-06T07:31:34.201+0000] {logging_mixin.py:190} INFO - [2025-04-06T07:31:34.201+0000] {dagbag.py:588} INFO - Filling up the DagBag from /home/airflow/.local/lib/python3.12/site-packages/airflow/example_dags/tutorial.py
[2025-04-06T07:31:34.205+0000] {processor.py:925} INFO - DAG(s) 'tutorial' retrieved from /home/airflow/.local/lib/python3.12/site-packages/airflow/example_dags/tutorial.py
[2025-04-06T07:31:34.215+0000] {logging_mixin.py:190} INFO - [2025-04-06T07:31:34.215+0000] {dag.py:3239} INFO - Sync 1 DAGs
[2025-04-06T07:31:34.226+0000] {logging_mixin.py:190} INFO - [2025-04-06T07:31:34.226+0000] {dag.py:4180} INFO - Setting next_dagrun for tutorial to 2025-04-05 00:00:00+00:00, run_after=2025-04-06 00:00:00+00:00
[2025-04-06T07:31:34.236+0000] {processor.py:208} INFO - Processing /home/airflow/.local/lib/python3.12/site-packages/airflow/example_dags/tutorial.py took 0.039 seconds
[2025-04-06T07:32:04.968+0000] {processor.py:186} INFO - Started process (PID=606) to work on /home/airflow/.local/lib/python3.12/site-packages/airflow/example_dags/tutorial.py
[2025-04-06T07:32:04.968+0000] {processor.py:914} INFO - Processing file /home/airflow/.local/lib/python3.12/site-packages/airflow/example_dags/tutorial.py for tasks to queue
[2025-04-06T07:32:04.969+0000] {logging_mixin.py:190} INFO - [2025-04-06T07:32:04.969+0000] {dagbag.py:588} INFO - Filling up the DagBag from /home/airflow/.local/lib/python3.12/site-packages/airflow/example_dags/tutorial.py
[2025-04-06T07:32:04.973+0000] {processor.py:925} INFO - DAG(s) 'tutorial' retrieved from /home/airflow/.local/lib/python3.12/site-packages/airflow/example_dags/tutorial.py
[2025-04-06T07:32:04.984+0000] {logging_mixin.py:190} INFO - [2025-04-06T07:32:04.983+0000] {dag.py:3239} INFO - Sync 1 DAGs
[2025-04-06T07:32:04.995+0000] {logging_mixin.py:190} INFO - [2025-04-06T07:32:04.995+0000] {dag.py:4180} INFO - Setting next_dagrun for tutorial to 2025-04-05 00:00:00+00:00, run_after=2025-04-06 00:00:00+00:00
[2025-04-06T07:32:05.005+0000] {processor.py:208} INFO - Processing /home/airflow/.local/lib/python3.12/site-packages/airflow/example_dags/tutorial.py took 0.040 seconds
[2025-04-06T07:32:35.639+0000] {processor.py:186} INFO - Started process (PID=669) to work on /home/airflow/.local/lib/python3.12/site-packages/airflow/example_dags/tutorial.py
[2025-04-06T07:32:35.640+0000] {processor.py:914} INFO - Processing file /home/airflow/.local/lib/python3.12/site-packages/airflow/example_dags/tutorial.py for tasks to queue
[2025-04-06T07:32:35.641+0000] {logging_mixin.py:190} INFO - [2025-04-06T07:32:35.641+0000] {dagbag.py:588} INFO - Filling up the DagBag from /home/airflow/.local/lib/python3.12/site-packages/airflow/example_dags/tutorial.py
[2025-04-06T07:32:35.645+0000] {processor.py:925} INFO - DAG(s) 'tutorial' retrieved from /home/airflow/.local/lib/python3.12/site-packages/airflow/example_dags/tutorial.py
[2025-04-06T07:32:35.654+0000] {logging_mixin.py:190} INFO - [2025-04-06T07:32:35.654+0000] {dag.py:3239} INFO - Sync 1 DAGs
[2025-04-06T07:32:35.666+0000] {logging_mixin.py:190} INFO - [2025-04-06T07:32:35.666+0000] {dag.py:4180} INFO - Setting next_dagrun for tutorial to 2025-04-05 00:00:00+00:00, run_after=2025-04-06 00:00:00+00:00
[2025-04-06T07:32:35.676+0000] {processor.py:208} INFO - Processing /home/airflow/.local/lib/python3.12/site-packages/airflow/example_dags/tutorial.py took 0.040 seconds
[2025-04-06T07:33:06.130+0000] {processor.py:186} INFO - Started process (PID=732) to work on /home/airflow/.local/lib/python3.12/site-packages/airflow/example_dags/tutorial.py
[2025-04-06T07:33:06.130+0000] {processor.py:914} INFO - Processing file /home/airflow/.local/lib/python3.12/site-packages/airflow/example_dags/tutorial.py for tasks to queue
[2025-04-06T07:33:06.131+0000] {logging_mixin.py:190} INFO - [2025-04-06T07:33:06.131+0000] {dagbag.py:588} INFO - Filling up the DagBag from /home/airflow/.local/lib/python3.12/site-packages/airflow/example_dags/tutorial.py
[2025-04-06T07:33:06.135+0000] {processor.py:925} INFO - DAG(s) 'tutorial' retrieved from /home/airflow/.local/lib/python3.12/site-packages/airflow/example_dags/tutorial.py
[2025-04-06T07:33:06.145+0000] {logging_mixin.py:190} INFO - [2025-04-06T07:33:06.145+0000] {dag.py:3239} INFO - Sync 1 DAGs
[2025-04-06T07:33:06.157+0000] {logging_mixin.py:190} INFO - [2025-04-06T07:33:06.157+0000] {dag.py:4180} INFO - Setting next_dagrun for tutorial to 2025-04-05 00:00:00+00:00, run_after=2025-04-06 00:00:00+00:00
[2025-04-06T07:33:06.167+0000] {processor.py:208} INFO - Processing /home/airflow/.local/lib/python3.12/site-packages/airflow/example_dags/tutorial.py took 0.040 seconds
[2025-04-06T07:33:36.883+0000] {processor.py:186} INFO - Started process (PID=801) to work on /home/airflow/.local/lib/python3.12/site-packages/airflow/example_dags/tutorial.py
[2025-04-06T07:33:36.884+0000] {processor.py:914} INFO - Processing file /home/airflow/.local/lib/python3.12/site-packages/airflow/example_dags/tutorial.py for tasks to queue
[2025-04-06T07:33:36.885+0000] {logging_mixin.py:190} INFO - [2025-04-06T07:33:36.885+0000] {dagbag.py:588} INFO - Filling up the DagBag from /home/airflow/.local/lib/python3.12/site-packages/airflow/example_dags/tutorial.py
[2025-04-06T07:33:36.890+0000] {processor.py:925} INFO - DAG(s) 'tutorial' retrieved from /home/airflow/.local/lib/python3.12/site-packages/airflow/example_dags/tutorial.py
[2025-04-06T07:33:36.901+0000] {logging_mixin.py:190} INFO - [2025-04-06T07:33:36.901+0000] {dag.py:3239} INFO - Sync 1 DAGs
[2025-04-06T07:33:36.913+0000] {logging_mixin.py:190} INFO - [2025-04-06T07:33:36.913+0000] {dag.py:4180} INFO - Setting next_dagrun for tutorial to 2025-04-05 00:00:00+00:00, run_after=2025-04-06 00:00:00+00:00
[2025-04-06T07:33:36.924+0000] {processor.py:208} INFO - Processing /home/airflow/.local/lib/python3.12/site-packages/airflow/example_dags/tutorial.py took 0.044 seconds
[2025-04-06T07:34:07.563+0000] {processor.py:186} INFO - Started process (PID=864) to work on /home/airflow/.local/lib/python3.12/site-packages/airflow/example_dags/tutorial.py
[2025-04-06T07:34:07.563+0000] {processor.py:914} INFO - Processing file /home/airflow/.local/lib/python3.12/site-packages/airflow/example_dags/tutorial.py for tasks to queue
[2025-04-06T07:34:07.565+0000] {logging_mixin.py:190} INFO - [2025-04-06T07:34:07.564+0000] {dagbag.py:588} INFO - Filling up the DagBag from /home/airflow/.local/lib/python3.12/site-packages/airflow/example_dags/tutorial.py
[2025-04-06T07:34:07.569+0000] {processor.py:925} INFO - DAG(s) 'tutorial' retrieved from /home/airflow/.local/lib/python3.12/site-packages/airflow/example_dags/tutorial.py
[2025-04-06T07:34:07.579+0000] {logging_mixin.py:190} INFO - [2025-04-06T07:34:07.579+0000] {dag.py:3239} INFO - Sync 1 DAGs
[2025-04-06T07:34:07.591+0000] {logging_mixin.py:190} INFO - [2025-04-06T07:34:07.591+0000] {dag.py:4180} INFO - Setting next_dagrun for tutorial to 2025-04-05 00:00:00+00:00, run_after=2025-04-06 00:00:00+00:00
[2025-04-06T07:34:07.601+0000] {processor.py:208} INFO - Processing /home/airflow/.local/lib/python3.12/site-packages/airflow/example_dags/tutorial.py took 0.041 seconds
[2025-04-06T07:34:38.183+0000] {processor.py:186} INFO - Started process (PID=927) to work on /home/airflow/.local/lib/python3.12/site-packages/airflow/example_dags/tutorial.py
[2025-04-06T07:34:38.183+0000] {processor.py:914} INFO - Processing file /home/airflow/.local/lib/python3.12/site-packages/airflow/example_dags/tutorial.py for tasks to queue
[2025-04-06T07:34:38.184+0000] {logging_mixin.py:190} INFO - [2025-04-06T07:34:38.184+0000] {dagbag.py:588} INFO - Filling up the DagBag from /home/airflow/.local/lib/python3.12/site-packages/airflow/example_dags/tutorial.py
[2025-04-06T07:34:38.188+0000] {processor.py:925} INFO - DAG(s) 'tutorial' retrieved from /home/airflow/.local/lib/python3.12/site-packages/airflow/example_dags/tutorial.py
[2025-04-06T07:34:38.199+0000] {logging_mixin.py:190} INFO - [2025-04-06T07:34:38.199+0000] {dag.py:3239} INFO - Sync 1 DAGs
[2025-04-06T07:34:38.211+0000] {logging_mixin.py:190} INFO - [2025-04-06T07:34:38.211+0000] {dag.py:4180} INFO - Setting next_dagrun for tutorial to 2025-04-05 00:00:00+00:00, run_after=2025-04-06 00:00:00+00:00
[2025-04-06T07:34:38.221+0000] {processor.py:208} INFO - Processing /home/airflow/.local/lib/python3.12/site-packages/airflow/example_dags/tutorial.py took 0.041 seconds
[2025-04-06T07:35:08.718+0000] {processor.py:186} INFO - Started process (PID=990) to work on /home/airflow/.local/lib/python3.12/site-packages/airflow/example_dags/tutorial.py
[2025-04-06T07:35:08.718+0000] {processor.py:914} INFO - Processing file /home/airflow/.local/lib/python3.12/site-packages/airflow/example_dags/tutorial.py for tasks to queue
[2025-04-06T07:35:08.720+0000] {logging_mixin.py:190} INFO - [2025-04-06T07:35:08.719+0000] {dagbag.py:588} INFO - Filling up the DagBag from /home/airflow/.local/lib/python3.12/site-packages/airflow/example_dags/tutorial.py
[2025-04-06T07:35:08.724+0000] {processor.py:925} INFO - DAG(s) 'tutorial' retrieved from /home/airflow/.local/lib/python3.12/site-packages/airflow/example_dags/tutorial.py
[2025-04-06T07:35:08.734+0000] {logging_mixin.py:190} INFO - [2025-04-06T07:35:08.734+0000] {dag.py:3239} INFO - Sync 1 DAGs
[2025-04-06T07:35:08.745+0000] {logging_mixin.py:190} INFO - [2025-04-06T07:35:08.745+0000] {dag.py:4180} INFO - Setting next_dagrun for tutorial to 2025-04-05 00:00:00+00:00, run_after=2025-04-06 00:00:00+00:00
[2025-04-06T07:35:08.755+0000] {processor.py:208} INFO - Processing /home/airflow/.local/lib/python3.12/site-packages/airflow/example_dags/tutorial.py took 0.040 seconds
[2025-04-06T07:35:39.198+0000] {processor.py:186} INFO - Started process (PID=1053) to work on /home/airflow/.local/lib/python3.12/site-packages/airflow/example_dags/tutorial.py
[2025-04-06T07:35:39.199+0000] {processor.py:914} INFO - Processing file /home/airflow/.local/lib/python3.12/site-packages/airflow/example_dags/tutorial.py for tasks to queue
[2025-04-06T07:35:39.200+0000] {logging_mixin.py:190} INFO - [2025-04-06T07:35:39.200+0000] {dagbag.py:588} INFO - Filling up the DagBag from /home/airflow/.local/lib/python3.12/site-packages/airflow/example_dags/tutorial.py
[2025-04-06T07:35:39.204+0000] {processor.py:925} INFO - DAG(s) 'tutorial' retrieved from /home/airflow/.local/lib/python3.12/site-packages/airflow/example_dags/tutorial.py
[2025-04-06T07:35:39.215+0000] {logging_mixin.py:190} INFO - [2025-04-06T07:35:39.215+0000] {dag.py:3239} INFO - Sync 1 DAGs
[2025-04-06T07:35:39.229+0000] {logging_mixin.py:190} INFO - [2025-04-06T07:35:39.229+0000] {dag.py:4180} INFO - Setting next_dagrun for tutorial to 2025-04-05 00:00:00+00:00, run_after=2025-04-06 00:00:00+00:00
[2025-04-06T07:35:39.240+0000] {processor.py:208} INFO - Processing /home/airflow/.local/lib/python3.12/site-packages/airflow/example_dags/tutorial.py took 0.044 seconds
[2025-04-06T07:36:09.709+0000] {processor.py:186} INFO - Started process (PID=1116) to work on /home/airflow/.local/lib/python3.12/site-packages/airflow/example_dags/tutorial.py
[2025-04-06T07:36:09.710+0000] {processor.py:914} INFO - Processing file /home/airflow/.local/lib/python3.12/site-packages/airflow/example_dags/tutorial.py for tasks to queue
[2025-04-06T07:36:09.711+0000] {logging_mixin.py:190} INFO - [2025-04-06T07:36:09.711+0000] {dagbag.py:588} INFO - Filling up the DagBag from /home/airflow/.local/lib/python3.12/site-packages/airflow/example_dags/tutorial.py
[2025-04-06T07:36:09.715+0000] {processor.py:925} INFO - DAG(s) 'tutorial' retrieved from /home/airflow/.local/lib/python3.12/site-packages/airflow/example_dags/tutorial.py
[2025-04-06T07:36:09.726+0000] {logging_mixin.py:190} INFO - [2025-04-06T07:36:09.725+0000] {dag.py:3239} INFO - Sync 1 DAGs
[2025-04-06T07:36:09.737+0000] {logging_mixin.py:190} INFO - [2025-04-06T07:36:09.737+0000] {dag.py:4180} INFO - Setting next_dagrun for tutorial to 2025-04-05 00:00:00+00:00, run_after=2025-04-06 00:00:00+00:00
[2025-04-06T07:36:09.747+0000] {processor.py:208} INFO - Processing /home/airflow/.local/lib/python3.12/site-packages/airflow/example_dags/tutorial.py took 0.041 seconds
[2025-04-06T07:36:40.310+0000] {processor.py:186} INFO - Started process (PID=1179) to work on /home/airflow/.local/lib/python3.12/site-packages/airflow/example_dags/tutorial.py
[2025-04-06T07:36:40.310+0000] {processor.py:914} INFO - Processing file /home/airflow/.local/lib/python3.12/site-packages/airflow/example_dags/tutorial.py for tasks to queue
[2025-04-06T07:36:40.311+0000] {logging_mixin.py:190} INFO - [2025-04-06T07:36:40.311+0000] {dagbag.py:588} INFO - Filling up the DagBag from /home/airflow/.local/lib/python3.12/site-packages/airflow/example_dags/tutorial.py
[2025-04-06T07:36:40.315+0000] {processor.py:925} INFO - DAG(s) 'tutorial' retrieved from /home/airflow/.local/lib/python3.12/site-packages/airflow/example_dags/tutorial.py
[2025-04-06T07:36:40.326+0000] {logging_mixin.py:190} INFO - [2025-04-06T07:36:40.326+0000] {dag.py:3239} INFO - Sync 1 DAGs
[2025-04-06T07:36:40.337+0000] {logging_mixin.py:190} INFO - [2025-04-06T07:36:40.337+0000] {dag.py:4180} INFO - Setting next_dagrun for tutorial to 2025-04-05 00:00:00+00:00, run_after=2025-04-06 00:00:00+00:00
[2025-04-06T07:36:40.346+0000] {processor.py:208} INFO - Processing /home/airflow/.local/lib/python3.12/site-packages/airflow/example_dags/tutorial.py took 0.040 seconds
[2025-04-06T07:37:11.292+0000] {processor.py:186} INFO - Started process (PID=1242) to work on /home/airflow/.local/lib/python3.12/site-packages/airflow/example_dags/tutorial.py
[2025-04-06T07:37:11.293+0000] {processor.py:914} INFO - Processing file /home/airflow/.local/lib/python3.12/site-packages/airflow/example_dags/tutorial.py for tasks to queue
[2025-04-06T07:37:11.294+0000] {logging_mixin.py:190} INFO - [2025-04-06T07:37:11.294+0000] {dagbag.py:588} INFO - Filling up the DagBag from /home/airflow/.local/lib/python3.12/site-packages/airflow/example_dags/tutorial.py
[2025-04-06T07:37:11.298+0000] {processor.py:925} INFO - DAG(s) 'tutorial' retrieved from /home/airflow/.local/lib/python3.12/site-packages/airflow/example_dags/tutorial.py
[2025-04-06T07:37:11.308+0000] {logging_mixin.py:190} INFO - [2025-04-06T07:37:11.308+0000] {dag.py:3239} INFO - Sync 1 DAGs
[2025-04-06T07:37:11.319+0000] {logging_mixin.py:190} INFO - [2025-04-06T07:37:11.319+0000] {dag.py:4180} INFO - Setting next_dagrun for tutorial to 2025-04-05 00:00:00+00:00, run_after=2025-04-06 00:00:00+00:00
[2025-04-06T07:37:11.329+0000] {processor.py:208} INFO - Processing /home/airflow/.local/lib/python3.12/site-packages/airflow/example_dags/tutorial.py took 0.040 seconds
[2025-04-06T07:37:42.074+0000] {processor.py:186} INFO - Started process (PID=1305) to work on /home/airflow/.local/lib/python3.12/site-packages/airflow/example_dags/tutorial.py
[2025-04-06T07:37:42.074+0000] {processor.py:914} INFO - Processing file /home/airflow/.local/lib/python3.12/site-packages/airflow/example_dags/tutorial.py for tasks to queue
[2025-04-06T07:37:42.075+0000] {logging_mixin.py:190} INFO - [2025-04-06T07:37:42.075+0000] {dagbag.py:588} INFO - Filling up the DagBag from /home/airflow/.local/lib/python3.12/site-packages/airflow/example_dags/tutorial.py
[2025-04-06T07:37:42.079+0000] {processor.py:925} INFO - DAG(s) 'tutorial' retrieved from /home/airflow/.local/lib/python3.12/site-packages/airflow/example_dags/tutorial.py
[2025-04-06T07:37:42.089+0000] {logging_mixin.py:190} INFO - [2025-04-06T07:37:42.089+0000] {dag.py:3239} INFO - Sync 1 DAGs
[2025-04-06T07:37:42.101+0000] {logging_mixin.py:190} INFO - [2025-04-06T07:37:42.100+0000] {dag.py:4180} INFO - Setting next_dagrun for tutorial to 2025-04-05 00:00:00+00:00, run_after=2025-04-06 00:00:00+00:00
[2025-04-06T07:37:42.110+0000] {processor.py:208} INFO - Processing /home/airflow/.local/lib/python3.12/site-packages/airflow/example_dags/tutorial.py took 0.040 seconds
[2025-04-06T07:38:12.973+0000] {processor.py:186} INFO - Started process (PID=1368) to work on /home/airflow/.local/lib/python3.12/site-packages/airflow/example_dags/tutorial.py
[2025-04-06T07:38:12.974+0000] {processor.py:914} INFO - Processing file /home/airflow/.local/lib/python3.12/site-packages/airflow/example_dags/tutorial.py for tasks to queue
[2025-04-06T07:38:12.975+0000] {logging_mixin.py:190} INFO - [2025-04-06T07:38:12.975+0000] {dagbag.py:588} INFO - Filling up the DagBag from /home/airflow/.local/lib/python3.12/site-packages/airflow/example_dags/tutorial.py
[2025-04-06T07:38:12.979+0000] {processor.py:925} INFO - DAG(s) 'tutorial' retrieved from /home/airflow/.local/lib/python3.12/site-packages/airflow/example_dags/tutorial.py
[2025-04-06T07:38:12.988+0000] {logging_mixin.py:190} INFO - [2025-04-06T07:38:12.988+0000] {dag.py:3239} INFO - Sync 1 DAGs
[2025-04-06T07:38:13.000+0000] {logging_mixin.py:190} INFO - [2025-04-06T07:38:12.999+0000] {dag.py:4180} INFO - Setting next_dagrun for tutorial to 2025-04-05 00:00:00+00:00, run_after=2025-04-06 00:00:00+00:00
[2025-04-06T07:38:13.009+0000] {processor.py:208} INFO - Processing /home/airflow/.local/lib/python3.12/site-packages/airflow/example_dags/tutorial.py took 0.039 seconds
[2025-04-06T07:38:43.953+0000] {processor.py:186} INFO - Started process (PID=1431) to work on /home/airflow/.local/lib/python3.12/site-packages/airflow/example_dags/tutorial.py
[2025-04-06T07:38:43.954+0000] {processor.py:914} INFO - Processing file /home/airflow/.local/lib/python3.12/site-packages/airflow/example_dags/tutorial.py for tasks to queue
[2025-04-06T07:38:43.955+0000] {logging_mixin.py:190} INFO - [2025-04-06T07:38:43.955+0000] {dagbag.py:588} INFO - Filling up the DagBag from /home/airflow/.local/lib/python3.12/site-packages/airflow/example_dags/tutorial.py
[2025-04-06T07:38:43.959+0000] {processor.py:925} INFO - DAG(s) 'tutorial' retrieved from /home/airflow/.local/lib/python3.12/site-packages/airflow/example_dags/tutorial.py
[2025-04-06T07:38:43.969+0000] {logging_mixin.py:190} INFO - [2025-04-06T07:38:43.969+0000] {dag.py:3239} INFO - Sync 1 DAGs
[2025-04-06T07:38:43.981+0000] {logging_mixin.py:190} INFO - [2025-04-06T07:38:43.981+0000] {dag.py:4180} INFO - Setting next_dagrun for tutorial to 2025-04-05 00:00:00+00:00, run_after=2025-04-06 00:00:00+00:00
[2025-04-06T07:38:43.991+0000] {processor.py:208} INFO - Processing /home/airflow/.local/lib/python3.12/site-packages/airflow/example_dags/tutorial.py took 0.041 seconds
[2025-04-06T07:39:14.847+0000] {processor.py:186} INFO - Started process (PID=1494) to work on /home/airflow/.local/lib/python3.12/site-packages/airflow/example_dags/tutorial.py
[2025-04-06T07:39:14.847+0000] {processor.py:914} INFO - Processing file /home/airflow/.local/lib/python3.12/site-packages/airflow/example_dags/tutorial.py for tasks to queue
[2025-04-06T07:39:14.848+0000] {logging_mixin.py:190} INFO - [2025-04-06T07:39:14.848+0000] {dagbag.py:588} INFO - Filling up the DagBag from /home/airflow/.local/lib/python3.12/site-packages/airflow/example_dags/tutorial.py
[2025-04-06T07:39:14.852+0000] {processor.py:925} INFO - DAG(s) 'tutorial' retrieved from /home/airflow/.local/lib/python3.12/site-packages/airflow/example_dags/tutorial.py
[2025-04-06T07:39:14.862+0000] {logging_mixin.py:190} INFO - [2025-04-06T07:39:14.862+0000] {dag.py:3239} INFO - Sync 1 DAGs
[2025-04-06T07:39:14.873+0000] {logging_mixin.py:190} INFO - [2025-04-06T07:39:14.873+0000] {dag.py:4180} INFO - Setting next_dagrun for tutorial to 2025-04-05 00:00:00+00:00, run_after=2025-04-06 00:00:00+00:00
[2025-04-06T07:39:14.882+0000] {processor.py:208} INFO - Processing /home/airflow/.local/lib/python3.12/site-packages/airflow/example_dags/tutorial.py took 0.038 seconds
[2025-04-06T07:39:45.815+0000] {processor.py:186} INFO - Started process (PID=1563) to work on /home/airflow/.local/lib/python3.12/site-packages/airflow/example_dags/tutorial.py
[2025-04-06T07:39:45.816+0000] {processor.py:914} INFO - Processing file /home/airflow/.local/lib/python3.12/site-packages/airflow/example_dags/tutorial.py for tasks to queue
[2025-04-06T07:39:45.817+0000] {logging_mixin.py:190} INFO - [2025-04-06T07:39:45.817+0000] {dagbag.py:588} INFO - Filling up the DagBag from /home/airflow/.local/lib/python3.12/site-packages/airflow/example_dags/tutorial.py
[2025-04-06T07:39:45.823+0000] {processor.py:925} INFO - DAG(s) 'tutorial' retrieved from /home/airflow/.local/lib/python3.12/site-packages/airflow/example_dags/tutorial.py
[2025-04-06T07:39:45.834+0000] {logging_mixin.py:190} INFO - [2025-04-06T07:39:45.834+0000] {dag.py:3239} INFO - Sync 1 DAGs
[2025-04-06T07:39:45.845+0000] {logging_mixin.py:190} INFO - [2025-04-06T07:39:45.845+0000] {dag.py:4180} INFO - Setting next_dagrun for tutorial to 2025-04-05 00:00:00+00:00, run_after=2025-04-06 00:00:00+00:00
[2025-04-06T07:39:45.855+0000] {processor.py:208} INFO - Processing /home/airflow/.local/lib/python3.12/site-packages/airflow/example_dags/tutorial.py took 0.043 seconds
[2025-04-06T07:40:16.454+0000] {processor.py:186} INFO - Started process (PID=1626) to work on /home/airflow/.local/lib/python3.12/site-packages/airflow/example_dags/tutorial.py
[2025-04-06T07:40:16.454+0000] {processor.py:914} INFO - Processing file /home/airflow/.local/lib/python3.12/site-packages/airflow/example_dags/tutorial.py for tasks to queue
[2025-04-06T07:40:16.455+0000] {logging_mixin.py:190} INFO - [2025-04-06T07:40:16.455+0000] {dagbag.py:588} INFO - Filling up the DagBag from /home/airflow/.local/lib/python3.12/site-packages/airflow/example_dags/tutorial.py
[2025-04-06T07:40:16.459+0000] {processor.py:925} INFO - DAG(s) 'tutorial' retrieved from /home/airflow/.local/lib/python3.12/site-packages/airflow/example_dags/tutorial.py
[2025-04-06T07:40:16.469+0000] {logging_mixin.py:190} INFO - [2025-04-06T07:40:16.469+0000] {dag.py:3239} INFO - Sync 1 DAGs
[2025-04-06T07:40:16.481+0000] {logging_mixin.py:190} INFO - [2025-04-06T07:40:16.480+0000] {dag.py:4180} INFO - Setting next_dagrun for tutorial to 2025-04-05 00:00:00+00:00, run_after=2025-04-06 00:00:00+00:00
[2025-04-06T07:40:16.490+0000] {processor.py:208} INFO - Processing /home/airflow/.local/lib/python3.12/site-packages/airflow/example_dags/tutorial.py took 0.039 seconds
[2025-04-06T07:40:47.390+0000] {processor.py:186} INFO - Started process (PID=1689) to work on /home/airflow/.local/lib/python3.12/site-packages/airflow/example_dags/tutorial.py
[2025-04-06T07:40:47.391+0000] {processor.py:914} INFO - Processing file /home/airflow/.local/lib/python3.12/site-packages/airflow/example_dags/tutorial.py for tasks to queue
[2025-04-06T07:40:47.392+0000] {logging_mixin.py:190} INFO - [2025-04-06T07:40:47.392+0000] {dagbag.py:588} INFO - Filling up the DagBag from /home/airflow/.local/lib/python3.12/site-packages/airflow/example_dags/tutorial.py
[2025-04-06T07:40:47.396+0000] {processor.py:925} INFO - DAG(s) 'tutorial' retrieved from /home/airflow/.local/lib/python3.12/site-packages/airflow/example_dags/tutorial.py
[2025-04-06T07:40:47.408+0000] {logging_mixin.py:190} INFO - [2025-04-06T07:40:47.407+0000] {dag.py:3239} INFO - Sync 1 DAGs
[2025-04-06T07:40:47.419+0000] {logging_mixin.py:190} INFO - [2025-04-06T07:40:47.419+0000] {dag.py:4180} INFO - Setting next_dagrun for tutorial to 2025-04-05 00:00:00+00:00, run_after=2025-04-06 00:00:00+00:00
[2025-04-06T07:40:47.429+0000] {processor.py:208} INFO - Processing /home/airflow/.local/lib/python3.12/site-packages/airflow/example_dags/tutorial.py took 0.041 seconds
[2025-04-06T07:41:18.710+0000] {processor.py:186} INFO - Started process (PID=1752) to work on /home/airflow/.local/lib/python3.12/site-packages/airflow/example_dags/tutorial.py
[2025-04-06T07:41:18.710+0000] {processor.py:914} INFO - Processing file /home/airflow/.local/lib/python3.12/site-packages/airflow/example_dags/tutorial.py for tasks to queue
[2025-04-06T07:41:18.712+0000] {logging_mixin.py:190} INFO - [2025-04-06T07:41:18.711+0000] {dagbag.py:588} INFO - Filling up the DagBag from /home/airflow/.local/lib/python3.12/site-packages/airflow/example_dags/tutorial.py
[2025-04-06T07:41:18.716+0000] {processor.py:925} INFO - DAG(s) 'tutorial' retrieved from /home/airflow/.local/lib/python3.12/site-packages/airflow/example_dags/tutorial.py
[2025-04-06T07:41:18.726+0000] {logging_mixin.py:190} INFO - [2025-04-06T07:41:18.726+0000] {dag.py:3239} INFO - Sync 1 DAGs
[2025-04-06T07:41:18.738+0000] {logging_mixin.py:190} INFO - [2025-04-06T07:41:18.738+0000] {dag.py:4180} INFO - Setting next_dagrun for tutorial to 2025-04-05 00:00:00+00:00, run_after=2025-04-06 00:00:00+00:00
[2025-04-06T07:41:18.749+0000] {processor.py:208} INFO - Processing /home/airflow/.local/lib/python3.12/site-packages/airflow/example_dags/tutorial.py took 0.042 seconds
[2025-04-06T07:41:49.690+0000] {processor.py:186} INFO - Started process (PID=1815) to work on /home/airflow/.local/lib/python3.12/site-packages/airflow/example_dags/tutorial.py
[2025-04-06T07:41:49.691+0000] {processor.py:914} INFO - Processing file /home/airflow/.local/lib/python3.12/site-packages/airflow/example_dags/tutorial.py for tasks to queue
[2025-04-06T07:41:49.692+0000] {logging_mixin.py:190} INFO - [2025-04-06T07:41:49.692+0000] {dagbag.py:588} INFO - Filling up the DagBag from /home/airflow/.local/lib/python3.12/site-packages/airflow/example_dags/tutorial.py
[2025-04-06T07:41:49.696+0000] {processor.py:925} INFO - DAG(s) 'tutorial' retrieved from /home/airflow/.local/lib/python3.12/site-packages/airflow/example_dags/tutorial.py
[2025-04-06T07:41:49.706+0000] {logging_mixin.py:190} INFO - [2025-04-06T07:41:49.706+0000] {dag.py:3239} INFO - Sync 1 DAGs
[2025-04-06T07:41:49.717+0000] {logging_mixin.py:190} INFO - [2025-04-06T07:41:49.717+0000] {dag.py:4180} INFO - Setting next_dagrun for tutorial to 2025-04-05 00:00:00+00:00, run_after=2025-04-06 00:00:00+00:00
[2025-04-06T07:41:49.727+0000] {processor.py:208} INFO - Processing /home/airflow/.local/lib/python3.12/site-packages/airflow/example_dags/tutorial.py took 0.039 seconds
[2025-04-06T07:42:20.598+0000] {processor.py:186} INFO - Started process (PID=1878) to work on /home/airflow/.local/lib/python3.12/site-packages/airflow/example_dags/tutorial.py
[2025-04-06T07:42:20.599+0000] {processor.py:914} INFO - Processing file /home/airflow/.local/lib/python3.12/site-packages/airflow/example_dags/tutorial.py for tasks to queue
[2025-04-06T07:42:20.600+0000] {logging_mixin.py:190} INFO - [2025-04-06T07:42:20.600+0000] {dagbag.py:588} INFO - Filling up the DagBag from /home/airflow/.local/lib/python3.12/site-packages/airflow/example_dags/tutorial.py
[2025-04-06T07:42:20.604+0000] {processor.py:925} INFO - DAG(s) 'tutorial' retrieved from /home/airflow/.local/lib/python3.12/site-packages/airflow/example_dags/tutorial.py
[2025-04-06T07:42:20.614+0000] {logging_mixin.py:190} INFO - [2025-04-06T07:42:20.614+0000] {dag.py:3239} INFO - Sync 1 DAGs
[2025-04-06T07:42:20.625+0000] {logging_mixin.py:190} INFO - [2025-04-06T07:42:20.625+0000] {dag.py:4180} INFO - Setting next_dagrun for tutorial to 2025-04-05 00:00:00+00:00, run_after=2025-04-06 00:00:00+00:00
[2025-04-06T07:42:20.634+0000] {processor.py:208} INFO - Processing /home/airflow/.local/lib/python3.12/site-packages/airflow/example_dags/tutorial.py took 0.039 seconds
[2025-04-06T07:42:52.029+0000] {processor.py:186} INFO - Started process (PID=1941) to work on /home/airflow/.local/lib/python3.12/site-packages/airflow/example_dags/tutorial.py
[2025-04-06T07:42:52.029+0000] {processor.py:914} INFO - Processing file /home/airflow/.local/lib/python3.12/site-packages/airflow/example_dags/tutorial.py for tasks to queue
[2025-04-06T07:42:52.030+0000] {logging_mixin.py:190} INFO - [2025-04-06T07:42:52.030+0000] {dagbag.py:588} INFO - Filling up the DagBag from /home/airflow/.local/lib/python3.12/site-packages/airflow/example_dags/tutorial.py
[2025-04-06T07:42:52.035+0000] {processor.py:925} INFO - DAG(s) 'tutorial' retrieved from /home/airflow/.local/lib/python3.12/site-packages/airflow/example_dags/tutorial.py
[2025-04-06T07:42:52.045+0000] {logging_mixin.py:190} INFO - [2025-04-06T07:42:52.045+0000] {dag.py:3239} INFO - Sync 1 DAGs
[2025-04-06T07:42:52.057+0000] {logging_mixin.py:190} INFO - [2025-04-06T07:42:52.057+0000] {dag.py:4180} INFO - Setting next_dagrun for tutorial to 2025-04-05 00:00:00+00:00, run_after=2025-04-06 00:00:00+00:00
[2025-04-06T07:42:52.066+0000] {processor.py:208} INFO - Processing /home/airflow/.local/lib/python3.12/site-packages/airflow/example_dags/tutorial.py took 0.041 seconds
[2025-04-06T07:43:22.981+0000] {processor.py:186} INFO - Started process (PID=2004) to work on /home/airflow/.local/lib/python3.12/site-packages/airflow/example_dags/tutorial.py
[2025-04-06T07:43:22.982+0000] {processor.py:914} INFO - Processing file /home/airflow/.local/lib/python3.12/site-packages/airflow/example_dags/tutorial.py for tasks to queue
[2025-04-06T07:43:22.983+0000] {logging_mixin.py:190} INFO - [2025-04-06T07:43:22.983+0000] {dagbag.py:588} INFO - Filling up the DagBag from /home/airflow/.local/lib/python3.12/site-packages/airflow/example_dags/tutorial.py
[2025-04-06T07:43:22.987+0000] {processor.py:925} INFO - DAG(s) 'tutorial' retrieved from /home/airflow/.local/lib/python3.12/site-packages/airflow/example_dags/tutorial.py
[2025-04-06T07:43:22.997+0000] {logging_mixin.py:190} INFO - [2025-04-06T07:43:22.997+0000] {dag.py:3239} INFO - Sync 1 DAGs
[2025-04-06T07:43:23.009+0000] {logging_mixin.py:190} INFO - [2025-04-06T07:43:23.009+0000] {dag.py:4180} INFO - Setting next_dagrun for tutorial to 2025-04-05 00:00:00+00:00, run_after=2025-04-06 00:00:00+00:00
[2025-04-06T07:43:23.019+0000] {processor.py:208} INFO - Processing /home/airflow/.local/lib/python3.12/site-packages/airflow/example_dags/tutorial.py took 0.040 seconds
[2025-04-06T07:43:53.968+0000] {processor.py:186} INFO - Started process (PID=2067) to work on /home/airflow/.local/lib/python3.12/site-packages/airflow/example_dags/tutorial.py
[2025-04-06T07:43:53.969+0000] {processor.py:914} INFO - Processing file /home/airflow/.local/lib/python3.12/site-packages/airflow/example_dags/tutorial.py for tasks to queue
[2025-04-06T07:43:53.970+0000] {logging_mixin.py:190} INFO - [2025-04-06T07:43:53.970+0000] {dagbag.py:588} INFO - Filling up the DagBag from /home/airflow/.local/lib/python3.12/site-packages/airflow/example_dags/tutorial.py
[2025-04-06T07:43:53.974+0000] {processor.py:925} INFO - DAG(s) 'tutorial' retrieved from /home/airflow/.local/lib/python3.12/site-packages/airflow/example_dags/tutorial.py
[2025-04-06T07:43:53.985+0000] {logging_mixin.py:190} INFO - [2025-04-06T07:43:53.985+0000] {dag.py:3239} INFO - Sync 1 DAGs
[2025-04-06T07:43:53.997+0000] {logging_mixin.py:190} INFO - [2025-04-06T07:43:53.997+0000] {dag.py:4180} INFO - Setting next_dagrun for tutorial to 2025-04-05 00:00:00+00:00, run_after=2025-04-06 00:00:00+00:00
[2025-04-06T07:43:54.007+0000] {processor.py:208} INFO - Processing /home/airflow/.local/lib/python3.12/site-packages/airflow/example_dags/tutorial.py took 0.042 seconds
